2022-04-07 15:16:07,005 INFO    MainThread:29484 [internal.py:wandb_internal():92] W&B internal server running at pid: 29484, started at: 2022-04-07 15:16:07.004606
2022-04-07 15:16:07,008 INFO    WriterThread:29484 [datastore.py:open_for_write():77] open: C:\Users\gizem\Documents\GitHub\noisy_fair\wandb\run-20220407_151605-3empmg5l\run-3empmg5l.wandb
2022-04-07 15:16:07,012 DEBUG   SenderThread:29484 [sender.py:send():235] send: header
2022-04-07 15:16:07,012 DEBUG   SenderThread:29484 [sender.py:send():235] send: run
2022-04-07 15:16:08,527 DEBUG   HandlerThread:29484 [handler.py:handle_request():141] handle_request: check_version
2022-04-07 15:16:08,527 INFO    SenderThread:29484 [dir_watcher.py:__init__():169] watching files in: C:\Users\gizem\Documents\GitHub\noisy_fair\wandb\run-20220407_151605-3empmg5l\files
2022-04-07 15:16:08,527 INFO    SenderThread:29484 [sender.py:_start_run_threads():812] run started: 3empmg5l with start time 1649337365
2022-04-07 15:16:08,527 DEBUG   SenderThread:29484 [sender.py:send():235] send: summary
2022-04-07 15:16:08,527 INFO    SenderThread:29484 [sender.py:_save_file():947] saving file wandb-summary.json with policy end
2022-04-07 15:16:08,527 DEBUG   SenderThread:29484 [sender.py:send_request():249] send_request: check_version
2022-04-07 15:16:09,205 DEBUG   HandlerThread:29484 [handler.py:handle_request():141] handle_request: run_start
2022-04-07 15:16:09,549 INFO    Thread-11 :29484 [dir_watcher.py:_on_file_created():217] file/dir created: C:\Users\gizem\Documents\GitHub\noisy_fair\wandb\run-20220407_151605-3empmg5l\files\wandb-summary.json
2022-04-07 15:16:10,320 DEBUG   HandlerThread:29484 [meta.py:__init__():37] meta init
2022-04-07 15:16:10,321 DEBUG   HandlerThread:29484 [meta.py:__init__():51] meta init done
2022-04-07 15:16:10,321 DEBUG   HandlerThread:29484 [meta.py:probe():211] probe
2022-04-07 15:16:10,388 DEBUG   HandlerThread:29484 [meta.py:_setup_git():201] setup git
2022-04-07 15:16:10,553 DEBUG   HandlerThread:29484 [meta.py:_setup_git():208] setup git done
2022-04-07 15:16:10,553 DEBUG   HandlerThread:29484 [meta.py:_save_pip():55] save pip
2022-04-07 15:16:10,554 DEBUG   HandlerThread:29484 [meta.py:_save_pip():69] save pip done
2022-04-07 15:16:10,554 DEBUG   HandlerThread:29484 [meta.py:_save_conda():76] save conda
2022-04-07 15:16:10,557 ERROR   HandlerThread:29484 [meta.py:_save_conda():85] Error saving conda packages
Traceback (most recent call last):
  File "C:\Users\gizem\anaconda3\envs\iw\lib\site-packages\wandb\sdk\internal\meta.py", line 81, in _save_conda
    subprocess.call(
  File "C:\Users\gizem\anaconda3\envs\iw\lib\subprocess.py", line 345, in call
    with Popen(*popenargs, **kwargs) as p:
  File "C:\Users\gizem\anaconda3\envs\iw\lib\subprocess.py", line 966, in __init__
    self._execute_child(args, executable, preexec_fn, close_fds,
  File "C:\Users\gizem\anaconda3\envs\iw\lib\subprocess.py", line 1435, in _execute_child
    hp, ht, pid, tid = _winapi.CreateProcess(executable, args,
FileNotFoundError: [WinError 2] The system cannot find the file specified
2022-04-07 15:16:10,560 DEBUG   HandlerThread:29484 [meta.py:_save_conda():86] save conda done
2022-04-07 15:16:10,560 DEBUG   HandlerThread:29484 [meta.py:probe():249] probe done
2022-04-07 15:16:10,767 DEBUG   SenderThread:29484 [sender.py:send():235] send: files
2022-04-07 15:16:10,767 DEBUG   HandlerThread:29484 [handler.py:handle_request():141] handle_request: stop_status
2022-04-07 15:16:10,768 INFO    SenderThread:29484 [sender.py:_save_file():947] saving file wandb-metadata.json with policy now
2022-04-07 15:16:10,769 DEBUG   SenderThread:29484 [sender.py:send_request():249] send_request: stop_status
2022-04-07 15:16:11,557 INFO    Thread-11 :29484 [dir_watcher.py:_on_file_created():217] file/dir created: C:\Users\gizem\Documents\GitHub\noisy_fair\wandb\run-20220407_151605-3empmg5l\files\requirements.txt
2022-04-07 15:16:11,557 INFO    Thread-11 :29484 [dir_watcher.py:_on_file_created():217] file/dir created: C:\Users\gizem\Documents\GitHub\noisy_fair\wandb\run-20220407_151605-3empmg5l\files\conda-environment.yaml
2022-04-07 15:16:11,558 INFO    Thread-11 :29484 [dir_watcher.py:_on_file_created():217] file/dir created: C:\Users\gizem\Documents\GitHub\noisy_fair\wandb\run-20220407_151605-3empmg5l\files\wandb-metadata.json
2022-04-07 15:16:11,558 INFO    Thread-11 :29484 [dir_watcher.py:_on_file_created():217] file/dir created: C:\Users\gizem\Documents\GitHub\noisy_fair\wandb\run-20220407_151605-3empmg5l\files\output.log
2022-04-07 15:16:13,581 INFO    Thread-11 :29484 [dir_watcher.py:_on_file_modified():230] file/dir modified: C:\Users\gizem\Documents\GitHub\noisy_fair\wandb\run-20220407_151605-3empmg5l\files\output.log
2022-04-07 15:16:15,139 INFO    Thread-17 :29484 [upload_job.py:push():137] Uploaded file C:\Users\gizem\AppData\Local\Temp\tmpw2jbe16_wandb\570n9lo3-wandb-metadata.json
2022-04-07 15:16:15,606 INFO    Thread-11 :29484 [dir_watcher.py:_on_file_modified():230] file/dir modified: C:\Users\gizem\Documents\GitHub\noisy_fair\wandb\run-20220407_151605-3empmg5l\files\output.log
2022-04-07 15:16:18,720 DEBUG   SenderThread:29484 [sender.py:send():235] send: telemetry
2022-04-07 15:16:30,747 DEBUG   HandlerThread:29484 [handler.py:handle_request():141] handle_request: stop_status
2022-04-07 15:16:30,747 DEBUG   SenderThread:29484 [sender.py:send_request():249] send_request: stop_status
2022-04-07 15:16:38,834 INFO    Thread-11 :29484 [dir_watcher.py:_on_file_modified():230] file/dir modified: C:\Users\gizem\Documents\GitHub\noisy_fair\wandb\run-20220407_151605-3empmg5l\files\config.yaml
2022-04-07 15:16:46,417 DEBUG   HandlerThread:29484 [handler.py:handle_request():141] handle_request: stop_status
2022-04-07 15:16:46,418 DEBUG   SenderThread:29484 [sender.py:send_request():249] send_request: stop_status
2022-04-07 15:16:47,080 DEBUG   SenderThread:29484 [sender.py:send():235] send: stats
2022-04-07 15:17:02,097 DEBUG   HandlerThread:29484 [handler.py:handle_request():141] handle_request: stop_status
2022-04-07 15:17:02,098 DEBUG   SenderThread:29484 [sender.py:send_request():249] send_request: stop_status
2022-04-07 15:17:17,821 DEBUG   HandlerThread:29484 [handler.py:handle_request():141] handle_request: stop_status
2022-04-07 15:17:17,821 DEBUG   SenderThread:29484 [sender.py:send_request():249] send_request: stop_status
2022-04-07 15:17:25,169 DEBUG   SenderThread:29484 [sender.py:send():235] send: stats
2022-04-07 15:17:33,442 DEBUG   HandlerThread:29484 [handler.py:handle_request():141] handle_request: stop_status
2022-04-07 15:17:33,442 DEBUG   SenderThread:29484 [sender.py:send_request():249] send_request: stop_status
2022-04-07 15:17:52,330 DEBUG   HandlerThread:29484 [handler.py:handle_request():141] handle_request: stop_status
2022-04-07 15:17:52,330 DEBUG   SenderThread:29484 [sender.py:send_request():249] send_request: stop_status
2022-04-07 15:18:03,911 DEBUG   SenderThread:29484 [sender.py:send():235] send: stats
2022-04-07 15:18:08,190 DEBUG   HandlerThread:29484 [handler.py:handle_request():141] handle_request: stop_status
2022-04-07 15:18:08,191 DEBUG   SenderThread:29484 [sender.py:send_request():249] send_request: stop_status
2022-04-07 15:18:25,342 DEBUG   HandlerThread:29484 [handler.py:handle_request():141] handle_request: stop_status
2022-04-07 15:18:25,343 DEBUG   SenderThread:29484 [sender.py:send_request():249] send_request: stop_status
2022-04-07 15:18:41,149 DEBUG   HandlerThread:29484 [handler.py:handle_request():141] handle_request: stop_status
2022-04-07 15:18:41,149 DEBUG   SenderThread:29484 [sender.py:send_request():249] send_request: stop_status
2022-04-07 15:18:42,969 DEBUG   SenderThread:29484 [sender.py:send():235] send: stats
2022-04-07 15:18:57,309 DEBUG   HandlerThread:29484 [handler.py:handle_request():141] handle_request: stop_status
2022-04-07 15:18:57,309 DEBUG   SenderThread:29484 [sender.py:send_request():249] send_request: stop_status
2022-04-07 15:19:13,264 DEBUG   HandlerThread:29484 [handler.py:handle_request():141] handle_request: stop_status
2022-04-07 15:19:13,264 DEBUG   SenderThread:29484 [sender.py:send_request():249] send_request: stop_status
2022-04-07 15:19:22,176 DEBUG   SenderThread:29484 [sender.py:send():235] send: stats
2022-04-07 15:19:29,032 DEBUG   HandlerThread:29484 [handler.py:handle_request():141] handle_request: stop_status
2022-04-07 15:19:29,032 DEBUG   SenderThread:29484 [sender.py:send_request():249] send_request: stop_status
2022-04-07 15:19:45,867 DEBUG   HandlerThread:29484 [handler.py:handle_request():141] handle_request: stop_status
2022-04-07 15:19:45,867 DEBUG   SenderThread:29484 [sender.py:send_request():249] send_request: stop_status
2022-04-07 15:20:01,155 DEBUG   SenderThread:29484 [sender.py:send():235] send: stats
2022-04-07 15:20:01,507 DEBUG   HandlerThread:29484 [handler.py:handle_request():141] handle_request: stop_status
2022-04-07 15:20:01,507 DEBUG   SenderThread:29484 [sender.py:send_request():249] send_request: stop_status
2022-04-07 15:20:17,318 DEBUG   HandlerThread:29484 [handler.py:handle_request():141] handle_request: stop_status
2022-04-07 15:20:17,318 DEBUG   SenderThread:29484 [sender.py:send_request():249] send_request: stop_status
2022-04-07 15:20:33,289 DEBUG   HandlerThread:29484 [handler.py:handle_request():141] handle_request: stop_status
2022-04-07 15:20:33,290 DEBUG   SenderThread:29484 [sender.py:send_request():249] send_request: stop_status
2022-04-07 15:20:39,952 DEBUG   SenderThread:29484 [sender.py:send():235] send: stats
2022-04-07 15:20:49,222 DEBUG   HandlerThread:29484 [handler.py:handle_request():141] handle_request: stop_status
2022-04-07 15:20:49,222 DEBUG   SenderThread:29484 [sender.py:send_request():249] send_request: stop_status
2022-04-07 15:21:05,367 DEBUG   HandlerThread:29484 [handler.py:handle_request():141] handle_request: stop_status
2022-04-07 15:21:05,367 DEBUG   SenderThread:29484 [sender.py:send_request():249] send_request: stop_status
2022-04-07 15:21:18,389 DEBUG   SenderThread:29484 [sender.py:send():235] send: stats
2022-04-07 15:21:21,147 DEBUG   HandlerThread:29484 [handler.py:handle_request():141] handle_request: stop_status
2022-04-07 15:21:21,147 DEBUG   SenderThread:29484 [sender.py:send_request():249] send_request: stop_status
2022-04-07 15:21:36,911 DEBUG   HandlerThread:29484 [handler.py:handle_request():141] handle_request: stop_status
2022-04-07 15:21:36,911 DEBUG   SenderThread:29484 [sender.py:send_request():249] send_request: stop_status
2022-04-07 15:21:53,209 DEBUG   HandlerThread:29484 [handler.py:handle_request():141] handle_request: stop_status
2022-04-07 15:21:53,209 DEBUG   SenderThread:29484 [sender.py:send_request():249] send_request: stop_status
2022-04-07 15:21:57,264 DEBUG   SenderThread:29484 [sender.py:send():235] send: stats
2022-04-07 15:22:12,278 DEBUG   HandlerThread:29484 [handler.py:handle_request():141] handle_request: stop_status
2022-04-07 15:22:12,278 DEBUG   SenderThread:29484 [sender.py:send_request():249] send_request: stop_status
2022-04-07 15:22:28,207 DEBUG   HandlerThread:29484 [handler.py:handle_request():141] handle_request: stop_status
2022-04-07 15:22:28,207 DEBUG   SenderThread:29484 [sender.py:send_request():249] send_request: stop_status
2022-04-07 15:22:35,060 DEBUG   SenderThread:29484 [sender.py:send():235] send: stats
2022-04-07 15:22:43,911 DEBUG   HandlerThread:29484 [handler.py:handle_request():141] handle_request: stop_status
2022-04-07 15:22:43,911 DEBUG   SenderThread:29484 [sender.py:send_request():249] send_request: stop_status
2022-04-07 15:22:59,776 DEBUG   HandlerThread:29484 [handler.py:handle_request():141] handle_request: stop_status
2022-04-07 15:22:59,776 DEBUG   SenderThread:29484 [sender.py:send_request():249] send_request: stop_status
2022-04-07 15:23:13,474 DEBUG   SenderThread:29484 [sender.py:send():235] send: stats
2022-04-07 15:23:15,440 DEBUG   HandlerThread:29484 [handler.py:handle_request():141] handle_request: stop_status
2022-04-07 15:23:15,440 DEBUG   SenderThread:29484 [sender.py:send_request():249] send_request: stop_status
2022-04-07 15:23:31,320 DEBUG   HandlerThread:29484 [handler.py:handle_request():141] handle_request: stop_status
2022-04-07 15:23:31,321 DEBUG   SenderThread:29484 [sender.py:send_request():249] send_request: stop_status
2022-04-07 15:23:47,115 DEBUG   HandlerThread:29484 [handler.py:handle_request():141] handle_request: stop_status
2022-04-07 15:23:47,115 DEBUG   SenderThread:29484 [sender.py:send_request():249] send_request: stop_status
2022-04-07 15:23:52,130 DEBUG   SenderThread:29484 [sender.py:send():235] send: stats
2022-04-07 15:24:02,730 DEBUG   HandlerThread:29484 [handler.py:handle_request():141] handle_request: stop_status
2022-04-07 15:24:02,730 DEBUG   SenderThread:29484 [sender.py:send_request():249] send_request: stop_status
2022-04-07 15:24:22,745 DEBUG   HandlerThread:29484 [handler.py:handle_request():141] handle_request: stop_status
2022-04-07 15:24:22,746 DEBUG   SenderThread:29484 [sender.py:send_request():249] send_request: stop_status
2022-04-07 15:24:30,669 DEBUG   SenderThread:29484 [sender.py:send():235] send: stats
2022-04-07 15:24:38,409 DEBUG   HandlerThread:29484 [handler.py:handle_request():141] handle_request: stop_status
2022-04-07 15:24:38,409 DEBUG   SenderThread:29484 [sender.py:send_request():249] send_request: stop_status
2022-04-07 15:24:54,023 DEBUG   HandlerThread:29484 [handler.py:handle_request():141] handle_request: stop_status
2022-04-07 15:24:54,023 DEBUG   SenderThread:29484 [sender.py:send_request():249] send_request: stop_status
2022-04-07 15:25:08,949 DEBUG   SenderThread:29484 [sender.py:send():235] send: stats
2022-04-07 15:25:09,803 DEBUG   HandlerThread:29484 [handler.py:handle_request():141] handle_request: stop_status
2022-04-07 15:25:09,804 DEBUG   SenderThread:29484 [sender.py:send_request():249] send_request: stop_status
2022-04-07 15:25:25,404 DEBUG   HandlerThread:29484 [handler.py:handle_request():141] handle_request: stop_status
2022-04-07 15:25:25,404 DEBUG   SenderThread:29484 [sender.py:send_request():249] send_request: stop_status
2022-04-07 15:25:41,001 DEBUG   HandlerThread:29484 [handler.py:handle_request():141] handle_request: stop_status
2022-04-07 15:25:41,001 DEBUG   SenderThread:29484 [sender.py:send_request():249] send_request: stop_status
2022-04-07 15:25:47,360 DEBUG   SenderThread:29484 [sender.py:send():235] send: stats
2022-04-07 15:25:57,165 DEBUG   HandlerThread:29484 [handler.py:handle_request():141] handle_request: stop_status
2022-04-07 15:25:57,165 DEBUG   SenderThread:29484 [sender.py:send_request():249] send_request: stop_status
2022-04-07 15:26:12,797 DEBUG   HandlerThread:29484 [handler.py:handle_request():141] handle_request: stop_status
2022-04-07 15:26:12,797 DEBUG   SenderThread:29484 [sender.py:send_request():249] send_request: stop_status
2022-04-07 15:26:25,951 DEBUG   SenderThread:29484 [sender.py:send():235] send: stats
2022-04-07 15:26:28,578 DEBUG   HandlerThread:29484 [handler.py:handle_request():141] handle_request: stop_status
2022-04-07 15:26:28,578 DEBUG   SenderThread:29484 [sender.py:send_request():249] send_request: stop_status
2022-04-07 15:26:44,209 DEBUG   HandlerThread:29484 [handler.py:handle_request():141] handle_request: stop_status
2022-04-07 15:26:44,209 DEBUG   SenderThread:29484 [sender.py:send_request():249] send_request: stop_status
2022-04-07 15:27:00,406 DEBUG   HandlerThread:29484 [handler.py:handle_request():141] handle_request: stop_status
2022-04-07 15:27:00,407 DEBUG   SenderThread:29484 [sender.py:send_request():249] send_request: stop_status
2022-04-07 15:27:04,291 DEBUG   SenderThread:29484 [sender.py:send():235] send: stats
2022-04-07 15:27:16,297 DEBUG   HandlerThread:29484 [handler.py:handle_request():141] handle_request: stop_status
2022-04-07 15:27:16,298 DEBUG   SenderThread:29484 [sender.py:send_request():249] send_request: stop_status
2022-04-07 15:27:32,096 DEBUG   HandlerThread:29484 [handler.py:handle_request():141] handle_request: stop_status
2022-04-07 15:27:32,096 DEBUG   SenderThread:29484 [sender.py:send_request():249] send_request: stop_status
2022-04-07 15:27:42,733 DEBUG   SenderThread:29484 [sender.py:send():235] send: stats
2022-04-07 15:27:47,768 DEBUG   HandlerThread:29484 [handler.py:handle_request():141] handle_request: stop_status
2022-04-07 15:27:47,769 DEBUG   SenderThread:29484 [sender.py:send_request():249] send_request: stop_status
2022-04-07 15:28:04,113 DEBUG   HandlerThread:29484 [handler.py:handle_request():141] handle_request: stop_status
2022-04-07 15:28:04,114 DEBUG   SenderThread:29484 [sender.py:send_request():249] send_request: stop_status
2022-04-07 15:28:19,930 DEBUG   HandlerThread:29484 [handler.py:handle_request():141] handle_request: stop_status
2022-04-07 15:28:19,930 DEBUG   SenderThread:29484 [sender.py:send_request():249] send_request: stop_status
2022-04-07 15:28:21,212 DEBUG   SenderThread:29484 [sender.py:send():235] send: stats
2022-04-07 15:28:35,644 DEBUG   HandlerThread:29484 [handler.py:handle_request():141] handle_request: stop_status
2022-04-07 15:28:35,644 DEBUG   SenderThread:29484 [sender.py:send_request():249] send_request: stop_status
2022-04-07 15:28:51,193 DEBUG   HandlerThread:29484 [handler.py:handle_request():141] handle_request: stop_status
2022-04-07 15:28:51,193 DEBUG   SenderThread:29484 [sender.py:send_request():249] send_request: stop_status
2022-04-07 15:29:02,931 DEBUG   SenderThread:29484 [sender.py:send():235] send: stats
2022-04-07 15:29:11,212 DEBUG   HandlerThread:29484 [handler.py:handle_request():141] handle_request: stop_status
2022-04-07 15:29:11,212 DEBUG   SenderThread:29484 [sender.py:send_request():249] send_request: stop_status
2022-04-07 15:29:27,134 DEBUG   HandlerThread:29484 [handler.py:handle_request():141] handle_request: stop_status
2022-04-07 15:29:27,135 DEBUG   SenderThread:29484 [sender.py:send_request():249] send_request: stop_status
2022-04-07 15:29:39,554 DEBUG   SenderThread:29484 [sender.py:send():235] send: stats
2022-04-07 15:29:44,311 DEBUG   HandlerThread:29484 [handler.py:handle_request():141] handle_request: stop_status
2022-04-07 15:29:44,312 DEBUG   SenderThread:29484 [sender.py:send_request():249] send_request: stop_status
2022-04-07 15:30:01,392 DEBUG   HandlerThread:29484 [handler.py:handle_request():141] handle_request: stop_status
2022-04-07 15:30:01,393 DEBUG   SenderThread:29484 [sender.py:send_request():249] send_request: stop_status
2022-04-07 15:30:17,478 DEBUG   HandlerThread:29484 [handler.py:handle_request():141] handle_request: stop_status
2022-04-07 15:30:17,478 DEBUG   SenderThread:29484 [sender.py:send_request():249] send_request: stop_status
2022-04-07 15:30:19,694 DEBUG   SenderThread:29484 [sender.py:send():235] send: stats
2022-04-07 15:30:34,711 DEBUG   HandlerThread:29484 [handler.py:handle_request():141] handle_request: stop_status
2022-04-07 15:30:34,711 DEBUG   SenderThread:29484 [sender.py:send_request():249] send_request: stop_status
2022-04-07 15:30:54,732 DEBUG   HandlerThread:29484 [handler.py:handle_request():141] handle_request: stop_status
2022-04-07 15:30:54,732 DEBUG   SenderThread:29484 [sender.py:send_request():249] send_request: stop_status
2022-04-07 15:30:58,470 DEBUG   SenderThread:29484 [sender.py:send():235] send: stats
2022-04-07 15:31:13,480 DEBUG   HandlerThread:29484 [handler.py:handle_request():141] handle_request: stop_status
2022-04-07 15:31:13,480 DEBUG   SenderThread:29484 [sender.py:send_request():249] send_request: stop_status
2022-04-07 15:31:30,229 DEBUG   HandlerThread:29484 [handler.py:handle_request():141] handle_request: stop_status
2022-04-07 15:31:30,230 DEBUG   SenderThread:29484 [sender.py:send_request():249] send_request: stop_status
2022-04-07 15:31:38,443 DEBUG   SenderThread:29484 [sender.py:send():235] send: stats
2022-04-07 15:31:46,886 DEBUG   HandlerThread:29484 [handler.py:handle_request():141] handle_request: stop_status
2022-04-07 15:31:46,888 DEBUG   SenderThread:29484 [sender.py:send_request():249] send_request: stop_status
2022-04-07 15:32:03,426 DEBUG   HandlerThread:29484 [handler.py:handle_request():141] handle_request: stop_status
2022-04-07 15:32:03,427 DEBUG   SenderThread:29484 [sender.py:send_request():249] send_request: stop_status
2022-04-07 15:32:18,606 DEBUG   SenderThread:29484 [sender.py:send():235] send: stats
2022-04-07 15:32:19,994 DEBUG   HandlerThread:29484 [handler.py:handle_request():141] handle_request: stop_status
2022-04-07 15:32:19,994 DEBUG   SenderThread:29484 [sender.py:send_request():249] send_request: stop_status
2022-04-07 15:32:36,579 DEBUG   HandlerThread:29484 [handler.py:handle_request():141] handle_request: stop_status
2022-04-07 15:32:36,580 DEBUG   SenderThread:29484 [sender.py:send_request():249] send_request: stop_status
2022-04-07 15:32:52,954 DEBUG   HandlerThread:29484 [handler.py:handle_request():141] handle_request: stop_status
2022-04-07 15:32:52,954 DEBUG   SenderThread:29484 [sender.py:send_request():249] send_request: stop_status
2022-04-07 15:32:59,108 DEBUG   SenderThread:29484 [sender.py:send():235] send: stats
2022-04-07 15:33:09,137 DEBUG   HandlerThread:29484 [handler.py:handle_request():141] handle_request: stop_status
2022-04-07 15:33:09,138 DEBUG   SenderThread:29484 [sender.py:send_request():249] send_request: stop_status
2022-04-07 15:33:25,495 DEBUG   HandlerThread:29484 [handler.py:handle_request():141] handle_request: stop_status
2022-04-07 15:33:25,495 DEBUG   SenderThread:29484 [sender.py:send_request():249] send_request: stop_status
2022-04-07 15:33:39,509 DEBUG   SenderThread:29484 [sender.py:send():235] send: stats
2022-04-07 15:33:41,479 DEBUG   HandlerThread:29484 [handler.py:handle_request():141] handle_request: stop_status
2022-04-07 15:33:41,480 DEBUG   SenderThread:29484 [sender.py:send_request():249] send_request: stop_status
2022-04-07 15:33:57,773 DEBUG   HandlerThread:29484 [handler.py:handle_request():141] handle_request: stop_status
2022-04-07 15:33:57,775 DEBUG   SenderThread:29484 [sender.py:send_request():249] send_request: stop_status
2022-04-07 15:34:14,454 DEBUG   HandlerThread:29484 [handler.py:handle_request():141] handle_request: stop_status
2022-04-07 15:34:14,454 DEBUG   SenderThread:29484 [sender.py:send_request():249] send_request: stop_status
2022-04-07 15:34:20,340 DEBUG   SenderThread:29484 [sender.py:send():235] send: stats
2022-04-07 15:34:30,933 DEBUG   HandlerThread:29484 [handler.py:handle_request():141] handle_request: stop_status
2022-04-07 15:34:30,934 DEBUG   SenderThread:29484 [sender.py:send_request():249] send_request: stop_status
2022-04-07 15:34:47,412 DEBUG   HandlerThread:29484 [handler.py:handle_request():141] handle_request: stop_status
2022-04-07 15:34:47,412 DEBUG   SenderThread:29484 [sender.py:send_request():249] send_request: stop_status
2022-04-07 15:35:00,928 DEBUG   SenderThread:29484 [sender.py:send():235] send: stats
2022-04-07 15:35:03,656 DEBUG   HandlerThread:29484 [handler.py:handle_request():141] handle_request: stop_status
2022-04-07 15:35:03,657 DEBUG   SenderThread:29484 [sender.py:send_request():249] send_request: stop_status
2022-04-07 15:35:20,085 DEBUG   HandlerThread:29484 [handler.py:handle_request():141] handle_request: stop_status
2022-04-07 15:35:20,085 DEBUG   SenderThread:29484 [sender.py:send_request():249] send_request: stop_status
2022-04-07 15:35:36,344 DEBUG   HandlerThread:29484 [handler.py:handle_request():141] handle_request: stop_status
2022-04-07 15:35:36,344 DEBUG   SenderThread:29484 [sender.py:send_request():249] send_request: stop_status
2022-04-07 15:35:41,639 DEBUG   SenderThread:29484 [sender.py:send():235] send: stats
2022-04-07 15:35:52,585 DEBUG   HandlerThread:29484 [handler.py:handle_request():141] handle_request: stop_status
2022-04-07 15:35:52,585 DEBUG   SenderThread:29484 [sender.py:send_request():249] send_request: stop_status
2022-04-07 15:36:08,736 DEBUG   HandlerThread:29484 [handler.py:handle_request():141] handle_request: stop_status
2022-04-07 15:36:08,736 DEBUG   SenderThread:29484 [sender.py:send_request():249] send_request: stop_status
2022-04-07 15:36:22,141 DEBUG   SenderThread:29484 [sender.py:send():235] send: stats
2022-04-07 15:36:24,886 DEBUG   HandlerThread:29484 [handler.py:handle_request():141] handle_request: stop_status
2022-04-07 15:36:24,886 DEBUG   SenderThread:29484 [sender.py:send_request():249] send_request: stop_status
2022-04-07 15:36:41,095 DEBUG   HandlerThread:29484 [handler.py:handle_request():141] handle_request: stop_status
2022-04-07 15:36:41,095 DEBUG   SenderThread:29484 [sender.py:send_request():249] send_request: stop_status
2022-04-07 15:36:57,423 DEBUG   HandlerThread:29484 [handler.py:handle_request():141] handle_request: stop_status
2022-04-07 15:36:57,423 DEBUG   SenderThread:29484 [sender.py:send_request():249] send_request: stop_status
2022-04-07 15:37:02,828 DEBUG   SenderThread:29484 [sender.py:send():235] send: stats
2022-04-07 15:37:13,757 DEBUG   HandlerThread:29484 [handler.py:handle_request():141] handle_request: stop_status
2022-04-07 15:37:13,757 DEBUG   SenderThread:29484 [sender.py:send_request():249] send_request: stop_status
2022-04-07 15:37:33,772 DEBUG   HandlerThread:29484 [handler.py:handle_request():141] handle_request: stop_status
2022-04-07 15:37:52,243 WARNING FileStreamThread:29484 [file_stream.py:request_with_retry():594] requests_with_retry encountered retryable exception: ('Connection aborted.', RemoteDisconnected('Remote end closed connection without response')). func: <bound method Session.post of <requests.sessions.Session object at 0x00000290C8573010>>, args: ('https://api.wandb.ai/files/sml-eth/noisy-fair/3empmg5l/file_stream',), kwargs: {'json': {'complete': False, 'failed': False, 'dropped': 0, 'uploaded': []}}
2022-04-07 15:37:53,789 DEBUG   HandlerThread:29484 [handler.py:handle_request():141] handle_request: stop_status
2022-04-07 15:37:55,172 ERROR   SenderThread:29484 [retry.py:__call__():126] Retry attempt failed:
Traceback (most recent call last):
  File "C:\Users\gizem\anaconda3\envs\iw\lib\site-packages\urllib3\connection.py", line 174, in _new_conn
    conn = connection.create_connection(
  File "C:\Users\gizem\anaconda3\envs\iw\lib\site-packages\urllib3\util\connection.py", line 95, in create_connection
    raise err
  File "C:\Users\gizem\anaconda3\envs\iw\lib\site-packages\urllib3\util\connection.py", line 85, in create_connection
    sock.connect(sa)
TimeoutError: timed out

During handling of the above exception, another exception occurred:

Traceback (most recent call last):
  File "C:\Users\gizem\anaconda3\envs\iw\lib\site-packages\urllib3\connectionpool.py", line 703, in urlopen
    httplib_response = self._make_request(
  File "C:\Users\gizem\anaconda3\envs\iw\lib\site-packages\urllib3\connectionpool.py", line 386, in _make_request
    self._validate_conn(conn)
  File "C:\Users\gizem\anaconda3\envs\iw\lib\site-packages\urllib3\connectionpool.py", line 1040, in _validate_conn
    conn.connect()
  File "C:\Users\gizem\anaconda3\envs\iw\lib\site-packages\urllib3\connection.py", line 358, in connect
    self.sock = conn = self._new_conn()
  File "C:\Users\gizem\anaconda3\envs\iw\lib\site-packages\urllib3\connection.py", line 179, in _new_conn
    raise ConnectTimeoutError(
urllib3.exceptions.ConnectTimeoutError: (<urllib3.connection.HTTPSConnection object at 0x00000290C9839BA0>, 'Connection to api.wandb.ai timed out. (connect timeout=10)')

During handling of the above exception, another exception occurred:

Traceback (most recent call last):
  File "C:\Users\gizem\anaconda3\envs\iw\lib\site-packages\requests\adapters.py", line 440, in send
    resp = conn.urlopen(
  File "C:\Users\gizem\anaconda3\envs\iw\lib\site-packages\urllib3\connectionpool.py", line 785, in urlopen
    retries = retries.increment(
  File "C:\Users\gizem\anaconda3\envs\iw\lib\site-packages\urllib3\util\retry.py", line 592, in increment
    raise MaxRetryError(_pool, url, error or ResponseError(cause))
urllib3.exceptions.MaxRetryError: HTTPSConnectionPool(host='api.wandb.ai', port=443): Max retries exceeded with url: /graphql (Caused by ConnectTimeoutError(<urllib3.connection.HTTPSConnection object at 0x00000290C9839BA0>, 'Connection to api.wandb.ai timed out. (connect timeout=10)'))

During handling of the above exception, another exception occurred:

Traceback (most recent call last):
  File "C:\Users\gizem\anaconda3\envs\iw\lib\site-packages\wandb\sdk\lib\retry.py", line 102, in __call__
    result = self._call_fn(*args, **kwargs)
  File "C:\Users\gizem\anaconda3\envs\iw\lib\site-packages\wandb\sdk\internal\internal_api.py", line 141, in execute
    return self.client.execute(*args, **kwargs)
  File "C:\Users\gizem\anaconda3\envs\iw\lib\site-packages\wandb\vendor\gql-0.2.0\wandb_gql\client.py", line 52, in execute
    result = self._get_result(document, *args, **kwargs)
  File "C:\Users\gizem\anaconda3\envs\iw\lib\site-packages\wandb\vendor\gql-0.2.0\wandb_gql\client.py", line 60, in _get_result
    return self.transport.execute(document, *args, **kwargs)
  File "C:\Users\gizem\anaconda3\envs\iw\lib\site-packages\wandb\vendor\gql-0.2.0\wandb_gql\transport\requests.py", line 38, in execute
    request = requests.post(self.url, **post_args)
  File "C:\Users\gizem\anaconda3\envs\iw\lib\site-packages\requests\api.py", line 117, in post
    return request('post', url, data=data, json=json, **kwargs)
  File "C:\Users\gizem\anaconda3\envs\iw\lib\site-packages\requests\api.py", line 61, in request
    return session.request(method=method, url=url, **kwargs)
  File "C:\Users\gizem\anaconda3\envs\iw\lib\site-packages\requests\sessions.py", line 529, in request
    resp = self.send(prep, **send_kwargs)
  File "C:\Users\gizem\anaconda3\envs\iw\lib\site-packages\requests\sessions.py", line 645, in send
    r = adapter.send(request, **kwargs)
  File "C:\Users\gizem\anaconda3\envs\iw\lib\site-packages\requests\adapters.py", line 507, in send
    raise ConnectTimeout(e, request=request)
requests.exceptions.ConnectTimeout: HTTPSConnectionPool(host='api.wandb.ai', port=443): Max retries exceeded with url: /graphql (Caused by ConnectTimeoutError(<urllib3.connection.HTTPSConnection object at 0x00000290C9839BA0>, 'Connection to api.wandb.ai timed out. (connect timeout=10)'))
2022-04-07 15:38:13,809 DEBUG   HandlerThread:29484 [handler.py:handle_request():141] handle_request: stop_status
2022-04-07 15:38:20,536 DEBUG   SenderThread:29484 [sender.py:send_request():249] send_request: stop_status
2022-04-07 15:38:21,917 DEBUG   SenderThread:29484 [sender.py:send():235] send: stats
2022-04-07 15:38:21,919 DEBUG   SenderThread:29484 [sender.py:send_request():249] send_request: stop_status
2022-04-07 15:38:23,241 DEBUG   SenderThread:29484 [sender.py:send_request():249] send_request: stop_status
2022-04-07 15:38:24,648 DEBUG   SenderThread:29484 [sender.py:send():235] send: stats
2022-04-07 15:38:33,819 DEBUG   HandlerThread:29484 [handler.py:handle_request():141] handle_request: stop_status
2022-04-07 15:38:33,819 DEBUG   SenderThread:29484 [sender.py:send_request():249] send_request: stop_status
2022-04-07 15:38:49,783 DEBUG   HandlerThread:29484 [handler.py:handle_request():141] handle_request: stop_status
2022-04-07 15:38:49,784 DEBUG   SenderThread:29484 [sender.py:send_request():249] send_request: stop_status
2022-04-07 15:39:03,592 DEBUG   SenderThread:29484 [sender.py:send():235] send: stats
2022-04-07 15:39:05,492 DEBUG   HandlerThread:29484 [handler.py:handle_request():141] handle_request: stop_status
2022-04-07 15:39:05,492 DEBUG   SenderThread:29484 [sender.py:send_request():249] send_request: stop_status
2022-04-07 15:39:22,088 DEBUG   HandlerThread:29484 [handler.py:handle_request():141] handle_request: stop_status
2022-04-07 15:39:22,089 DEBUG   SenderThread:29484 [sender.py:send_request():249] send_request: stop_status
2022-04-07 15:39:42,094 DEBUG   HandlerThread:29484 [handler.py:handle_request():141] handle_request: stop_status
2022-04-07 15:39:42,095 DEBUG   SenderThread:29484 [sender.py:send_request():249] send_request: stop_status
2022-04-07 15:39:44,896 DEBUG   SenderThread:29484 [sender.py:send():235] send: stats
2022-04-07 15:39:59,904 DEBUG   HandlerThread:29484 [handler.py:handle_request():141] handle_request: stop_status
2022-04-07 15:39:59,905 DEBUG   SenderThread:29484 [sender.py:send_request():249] send_request: stop_status
2022-04-07 15:40:19,927 DEBUG   HandlerThread:29484 [handler.py:handle_request():141] handle_request: stop_status
2022-04-07 15:40:19,928 DEBUG   SenderThread:29484 [sender.py:send_request():249] send_request: stop_status
2022-04-07 15:40:22,189 DEBUG   SenderThread:29484 [sender.py:send():235] send: stats
2022-04-07 15:40:36,548 DEBUG   HandlerThread:29484 [handler.py:handle_request():141] handle_request: stop_status
2022-04-07 15:40:36,549 DEBUG   SenderThread:29484 [sender.py:send_request():249] send_request: stop_status
2022-04-07 15:40:54,037 DEBUG   HandlerThread:29484 [handler.py:handle_request():141] handle_request: stop_status
2022-04-07 15:40:54,039 DEBUG   SenderThread:29484 [sender.py:send_request():249] send_request: stop_status
2022-04-07 15:41:01,808 DEBUG   SenderThread:29484 [sender.py:send():235] send: stats
2022-04-07 15:41:10,513 DEBUG   HandlerThread:29484 [handler.py:handle_request():141] handle_request: stop_status
2022-04-07 15:41:10,513 DEBUG   SenderThread:29484 [sender.py:send_request():249] send_request: stop_status
2022-04-07 15:41:29,163 DEBUG   HandlerThread:29484 [handler.py:handle_request():141] handle_request: stop_status
2022-04-07 15:41:29,164 DEBUG   SenderThread:29484 [sender.py:send_request():249] send_request: stop_status
2022-04-07 15:41:42,203 DEBUG   SenderThread:29484 [sender.py:send():235] send: stats
2022-04-07 15:41:46,265 DEBUG   HandlerThread:29484 [handler.py:handle_request():141] handle_request: stop_status
2022-04-07 15:41:46,265 DEBUG   SenderThread:29484 [sender.py:send_request():249] send_request: stop_status
2022-04-07 15:42:03,710 DEBUG   HandlerThread:29484 [handler.py:handle_request():141] handle_request: stop_status
2022-04-07 15:42:03,711 DEBUG   SenderThread:29484 [sender.py:send_request():249] send_request: stop_status
2022-04-07 15:42:22,620 DEBUG   SenderThread:29484 [sender.py:send():235] send: stats
2022-04-07 15:42:23,730 DEBUG   HandlerThread:29484 [handler.py:handle_request():141] handle_request: stop_status
2022-04-07 15:42:23,731 DEBUG   SenderThread:29484 [sender.py:send_request():249] send_request: stop_status
2022-04-07 15:42:42,160 DEBUG   HandlerThread:29484 [handler.py:handle_request():141] handle_request: stop_status
2022-04-07 15:42:42,161 DEBUG   SenderThread:29484 [sender.py:send_request():249] send_request: stop_status
2022-04-07 15:42:45,608 ERROR   SenderThread:29484 [retry.py:__call__():126] Retry attempt failed:
Traceback (most recent call last):
  File "C:\Users\gizem\anaconda3\envs\iw\lib\site-packages\urllib3\connection.py", line 174, in _new_conn
    conn = connection.create_connection(
  File "C:\Users\gizem\anaconda3\envs\iw\lib\site-packages\urllib3\util\connection.py", line 72, in create_connection
    for res in socket.getaddrinfo(host, port, family, socket.SOCK_STREAM):
  File "C:\Users\gizem\anaconda3\envs\iw\lib\socket.py", line 955, in getaddrinfo
    for res in _socket.getaddrinfo(host, port, family, type, proto, flags):
socket.gaierror: [Errno 11001] getaddrinfo failed

During handling of the above exception, another exception occurred:

Traceback (most recent call last):
  File "C:\Users\gizem\anaconda3\envs\iw\lib\site-packages\urllib3\connectionpool.py", line 703, in urlopen
    httplib_response = self._make_request(
  File "C:\Users\gizem\anaconda3\envs\iw\lib\site-packages\urllib3\connectionpool.py", line 386, in _make_request
    self._validate_conn(conn)
  File "C:\Users\gizem\anaconda3\envs\iw\lib\site-packages\urllib3\connectionpool.py", line 1040, in _validate_conn
    conn.connect()
  File "C:\Users\gizem\anaconda3\envs\iw\lib\site-packages\urllib3\connection.py", line 358, in connect
    self.sock = conn = self._new_conn()
  File "C:\Users\gizem\anaconda3\envs\iw\lib\site-packages\urllib3\connection.py", line 186, in _new_conn
    raise NewConnectionError(
urllib3.exceptions.NewConnectionError: <urllib3.connection.HTTPSConnection object at 0x00000290C98573A0>: Failed to establish a new connection: [Errno 11001] getaddrinfo failed

During handling of the above exception, another exception occurred:

Traceback (most recent call last):
  File "C:\Users\gizem\anaconda3\envs\iw\lib\site-packages\requests\adapters.py", line 440, in send
    resp = conn.urlopen(
  File "C:\Users\gizem\anaconda3\envs\iw\lib\site-packages\urllib3\connectionpool.py", line 785, in urlopen
    retries = retries.increment(
  File "C:\Users\gizem\anaconda3\envs\iw\lib\site-packages\urllib3\util\retry.py", line 592, in increment
    raise MaxRetryError(_pool, url, error or ResponseError(cause))
urllib3.exceptions.MaxRetryError: HTTPSConnectionPool(host='api.wandb.ai', port=443): Max retries exceeded with url: /graphql (Caused by NewConnectionError('<urllib3.connection.HTTPSConnection object at 0x00000290C98573A0>: Failed to establish a new connection: [Errno 11001] getaddrinfo failed'))

During handling of the above exception, another exception occurred:

Traceback (most recent call last):
  File "C:\Users\gizem\anaconda3\envs\iw\lib\site-packages\wandb\sdk\lib\retry.py", line 102, in __call__
    result = self._call_fn(*args, **kwargs)
  File "C:\Users\gizem\anaconda3\envs\iw\lib\site-packages\wandb\sdk\internal\internal_api.py", line 141, in execute
    return self.client.execute(*args, **kwargs)
  File "C:\Users\gizem\anaconda3\envs\iw\lib\site-packages\wandb\vendor\gql-0.2.0\wandb_gql\client.py", line 52, in execute
    result = self._get_result(document, *args, **kwargs)
  File "C:\Users\gizem\anaconda3\envs\iw\lib\site-packages\wandb\vendor\gql-0.2.0\wandb_gql\client.py", line 60, in _get_result
    return self.transport.execute(document, *args, **kwargs)
  File "C:\Users\gizem\anaconda3\envs\iw\lib\site-packages\wandb\vendor\gql-0.2.0\wandb_gql\transport\requests.py", line 38, in execute
    request = requests.post(self.url, **post_args)
  File "C:\Users\gizem\anaconda3\envs\iw\lib\site-packages\requests\api.py", line 117, in post
    return request('post', url, data=data, json=json, **kwargs)
  File "C:\Users\gizem\anaconda3\envs\iw\lib\site-packages\requests\api.py", line 61, in request
    return session.request(method=method, url=url, **kwargs)
  File "C:\Users\gizem\anaconda3\envs\iw\lib\site-packages\requests\sessions.py", line 529, in request
    resp = self.send(prep, **send_kwargs)
  File "C:\Users\gizem\anaconda3\envs\iw\lib\site-packages\requests\sessions.py", line 645, in send
    r = adapter.send(request, **kwargs)
  File "C:\Users\gizem\anaconda3\envs\iw\lib\site-packages\requests\adapters.py", line 519, in send
    raise ConnectionError(e, request=request)
requests.exceptions.ConnectionError: HTTPSConnectionPool(host='api.wandb.ai', port=443): Max retries exceeded with url: /graphql (Caused by NewConnectionError('<urllib3.connection.HTTPSConnection object at 0x00000290C98573A0>: Failed to establish a new connection: [Errno 11001] getaddrinfo failed'))
2022-04-07 15:43:02,175 DEBUG   HandlerThread:29484 [handler.py:handle_request():141] handle_request: stop_status
2022-04-07 15:43:11,824 WARNING FileStreamThread:29484 [file_stream.py:request_with_retry():594] requests_with_retry encountered retryable exception: ('Connection aborted.', RemoteDisconnected('Remote end closed connection without response')). func: <bound method Session.post of <requests.sessions.Session object at 0x00000290C8573010>>, args: ('https://api.wandb.ai/files/sml-eth/noisy-fair/3empmg5l/file_stream',), kwargs: {'json': {'files': {'wandb-events.jsonl': {'offset': 39, 'content': ['{"system.gpu.0.gpu": 0.0, "system.gpu.0.memory": 0.0, "system.gpu.0.memoryAllocated": 3.22, "system.gpu.0.temp": 69.0, "system.cpu": 71.0, "system.memory": 94.76, "system.disk": 80.4, "system.proc.memory.availableMB": 850.57, "system.proc.memory.rssMB": 32.51, "system.proc.memory.percent": 0.2, "system.proc.cpu.threads": 26.0, "system.network.sent": 115859991, "system.network.recv": 2260829110, "_wandb": true, "_timestamp": 1649338942, "_runtime": 1577}']}}, 'dropped': 0}}
2022-04-07 15:43:14,130 WARNING FileStreamThread:29484 [file_stream.py:request_with_retry():594] requests_with_retry encountered retryable exception: HTTPSConnectionPool(host='api.wandb.ai', port=443): Max retries exceeded with url: /files/sml-eth/noisy-fair/3empmg5l/file_stream (Caused by NewConnectionError('<urllib3.connection.HTTPSConnection object at 0x00000290C983BBE0>: Failed to establish a new connection: [Errno 11001] getaddrinfo failed')). func: <bound method Session.post of <requests.sessions.Session object at 0x00000290C8573010>>, args: ('https://api.wandb.ai/files/sml-eth/noisy-fair/3empmg5l/file_stream',), kwargs: {'json': {'files': {'wandb-events.jsonl': {'offset': 39, 'content': ['{"system.gpu.0.gpu": 0.0, "system.gpu.0.memory": 0.0, "system.gpu.0.memoryAllocated": 3.22, "system.gpu.0.temp": 69.0, "system.cpu": 71.0, "system.memory": 94.76, "system.disk": 80.4, "system.proc.memory.availableMB": 850.57, "system.proc.memory.rssMB": 32.51, "system.proc.memory.percent": 0.2, "system.proc.cpu.threads": 26.0, "system.network.sent": 115859991, "system.network.recv": 2260829110, "_wandb": true, "_timestamp": 1649338942, "_runtime": 1577}']}}, 'dropped': 0}}
2022-04-07 15:43:19,008 WARNING FileStreamThread:29484 [file_stream.py:request_with_retry():594] requests_with_retry encountered retryable exception: HTTPSConnectionPool(host='api.wandb.ai', port=443): Max retries exceeded with url: /files/sml-eth/noisy-fair/3empmg5l/file_stream (Caused by NewConnectionError('<urllib3.connection.HTTPSConnection object at 0x00000290C983A500>: Failed to establish a new connection: [Errno 11001] getaddrinfo failed')). func: <bound method Session.post of <requests.sessions.Session object at 0x00000290C8573010>>, args: ('https://api.wandb.ai/files/sml-eth/noisy-fair/3empmg5l/file_stream',), kwargs: {'json': {'files': {'wandb-events.jsonl': {'offset': 39, 'content': ['{"system.gpu.0.gpu": 0.0, "system.gpu.0.memory": 0.0, "system.gpu.0.memoryAllocated": 3.22, "system.gpu.0.temp": 69.0, "system.cpu": 71.0, "system.memory": 94.76, "system.disk": 80.4, "system.proc.memory.availableMB": 850.57, "system.proc.memory.rssMB": 32.51, "system.proc.memory.percent": 0.2, "system.proc.cpu.threads": 26.0, "system.network.sent": 115859991, "system.network.recv": 2260829110, "_wandb": true, "_timestamp": 1649338942, "_runtime": 1577}']}}, 'dropped': 0}}
2022-04-07 15:43:22,186 DEBUG   HandlerThread:29484 [handler.py:handle_request():141] handle_request: stop_status
2022-04-07 15:43:28,069 WARNING FileStreamThread:29484 [file_stream.py:request_with_retry():594] requests_with_retry encountered retryable exception: HTTPSConnectionPool(host='api.wandb.ai', port=443): Max retries exceeded with url: /files/sml-eth/noisy-fair/3empmg5l/file_stream (Caused by NewConnectionError('<urllib3.connection.HTTPSConnection object at 0x00000290C983B640>: Failed to establish a new connection: [Errno 11001] getaddrinfo failed')). func: <bound method Session.post of <requests.sessions.Session object at 0x00000290C8573010>>, args: ('https://api.wandb.ai/files/sml-eth/noisy-fair/3empmg5l/file_stream',), kwargs: {'json': {'files': {'wandb-events.jsonl': {'offset': 39, 'content': ['{"system.gpu.0.gpu": 0.0, "system.gpu.0.memory": 0.0, "system.gpu.0.memoryAllocated": 3.22, "system.gpu.0.temp": 69.0, "system.cpu": 71.0, "system.memory": 94.76, "system.disk": 80.4, "system.proc.memory.availableMB": 850.57, "system.proc.memory.rssMB": 32.51, "system.proc.memory.percent": 0.2, "system.proc.cpu.threads": 26.0, "system.network.sent": 115859991, "system.network.recv": 2260829110, "_wandb": true, "_timestamp": 1649338942, "_runtime": 1577}']}}, 'dropped': 0}}
2022-04-07 15:43:42,188 DEBUG   HandlerThread:29484 [handler.py:handle_request():141] handle_request: stop_status
2022-04-07 15:43:44,709 WARNING FileStreamThread:29484 [file_stream.py:request_with_retry():594] requests_with_retry encountered retryable exception: HTTPSConnectionPool(host='api.wandb.ai', port=443): Max retries exceeded with url: /files/sml-eth/noisy-fair/3empmg5l/file_stream (Caused by NewConnectionError('<urllib3.connection.HTTPSConnection object at 0x00000290C983A0E0>: Failed to establish a new connection: [Errno 11001] getaddrinfo failed')). func: <bound method Session.post of <requests.sessions.Session object at 0x00000290C8573010>>, args: ('https://api.wandb.ai/files/sml-eth/noisy-fair/3empmg5l/file_stream',), kwargs: {'json': {'files': {'wandb-events.jsonl': {'offset': 39, 'content': ['{"system.gpu.0.gpu": 0.0, "system.gpu.0.memory": 0.0, "system.gpu.0.memoryAllocated": 3.22, "system.gpu.0.temp": 69.0, "system.cpu": 71.0, "system.memory": 94.76, "system.disk": 80.4, "system.proc.memory.availableMB": 850.57, "system.proc.memory.rssMB": 32.51, "system.proc.memory.percent": 0.2, "system.proc.cpu.threads": 26.0, "system.network.sent": 115859991, "system.network.recv": 2260829110, "_wandb": true, "_timestamp": 1649338942, "_runtime": 1577}']}}, 'dropped': 0}}
2022-04-07 15:44:02,201 DEBUG   HandlerThread:29484 [handler.py:handle_request():141] handle_request: stop_status
2022-04-07 15:44:21,640 WARNING FileStreamThread:29484 [file_stream.py:request_with_retry():594] requests_with_retry encountered retryable exception: HTTPSConnectionPool(host='api.wandb.ai', port=443): Max retries exceeded with url: /files/sml-eth/noisy-fair/3empmg5l/file_stream (Caused by NewConnectionError('<urllib3.connection.HTTPSConnection object at 0x00000290C983BBE0>: Failed to establish a new connection: [Errno 11001] getaddrinfo failed')). func: <bound method Session.post of <requests.sessions.Session object at 0x00000290C8573010>>, args: ('https://api.wandb.ai/files/sml-eth/noisy-fair/3empmg5l/file_stream',), kwargs: {'json': {'files': {'wandb-events.jsonl': {'offset': 39, 'content': ['{"system.gpu.0.gpu": 0.0, "system.gpu.0.memory": 0.0, "system.gpu.0.memoryAllocated": 3.22, "system.gpu.0.temp": 69.0, "system.cpu": 71.0, "system.memory": 94.76, "system.disk": 80.4, "system.proc.memory.availableMB": 850.57, "system.proc.memory.rssMB": 32.51, "system.proc.memory.percent": 0.2, "system.proc.cpu.threads": 26.0, "system.network.sent": 115859991, "system.network.recv": 2260829110, "_wandb": true, "_timestamp": 1649338942, "_runtime": 1577}']}}, 'dropped': 0}}
2022-04-07 15:44:22,225 DEBUG   HandlerThread:29484 [handler.py:handle_request():141] handle_request: stop_status
2022-04-07 15:44:42,243 DEBUG   HandlerThread:29484 [handler.py:handle_request():141] handle_request: stop_status
2022-04-07 15:45:02,292 DEBUG   HandlerThread:29484 [handler.py:handle_request():141] handle_request: stop_status
2022-04-07 15:45:06,153 DEBUG   SenderThread:29484 [sender.py:send_request():249] send_request: stop_status
2022-04-07 15:45:07,794 DEBUG   SenderThread:29484 [sender.py:send():235] send: stats
2022-04-07 15:45:07,795 DEBUG   SenderThread:29484 [sender.py:send_request():249] send_request: stop_status
2022-04-07 15:45:09,538 DEBUG   SenderThread:29484 [sender.py:send_request():249] send_request: stop_status
2022-04-07 15:45:11,390 DEBUG   SenderThread:29484 [sender.py:send():235] send: stats
2022-04-07 15:45:11,391 DEBUG   SenderThread:29484 [sender.py:send_request():249] send_request: stop_status
2022-04-07 15:45:12,793 DEBUG   SenderThread:29484 [sender.py:send_request():249] send_request: stop_status
2022-04-07 15:45:14,149 DEBUG   SenderThread:29484 [sender.py:send():235] send: stats
2022-04-07 15:45:14,150 DEBUG   SenderThread:29484 [sender.py:send_request():249] send_request: stop_status
2022-04-07 15:45:16,162 DEBUG   SenderThread:29484 [sender.py:send():235] send: stats
2022-04-07 15:45:16,163 DEBUG   SenderThread:29484 [sender.py:send_request():249] send_request: stop_status
2022-04-07 15:45:22,309 DEBUG   HandlerThread:29484 [handler.py:handle_request():141] handle_request: stop_status
2022-04-07 15:45:22,310 DEBUG   SenderThread:29484 [sender.py:send_request():249] send_request: stop_status
2022-04-07 15:45:38,908 DEBUG   HandlerThread:29484 [handler.py:handle_request():141] handle_request: stop_status
2022-04-07 15:45:38,909 DEBUG   SenderThread:29484 [sender.py:send_request():249] send_request: stop_status
2022-04-07 15:45:40,935 DEBUG   SenderThread:29484 [sender.py:send():235] send: stats
2022-04-07 15:45:55,211 DEBUG   HandlerThread:29484 [handler.py:handle_request():141] handle_request: stop_status
2022-04-07 15:45:55,213 DEBUG   SenderThread:29484 [sender.py:send_request():249] send_request: stop_status
2022-04-07 15:46:12,249 DEBUG   HandlerThread:29484 [handler.py:handle_request():141] handle_request: stop_status
2022-04-07 15:46:12,250 DEBUG   SenderThread:29484 [sender.py:send_request():249] send_request: stop_status
2022-04-07 15:46:20,689 DEBUG   SenderThread:29484 [sender.py:send():235] send: stats
2022-04-07 15:46:29,652 DEBUG   HandlerThread:29484 [handler.py:handle_request():141] handle_request: stop_status
2022-04-07 15:46:29,653 DEBUG   SenderThread:29484 [sender.py:send_request():249] send_request: stop_status
2022-04-07 15:46:46,379 DEBUG   HandlerThread:29484 [handler.py:handle_request():141] handle_request: stop_status
2022-04-07 15:46:46,380 DEBUG   SenderThread:29484 [sender.py:send_request():249] send_request: stop_status
2022-04-07 15:46:59,550 DEBUG   SenderThread:29484 [sender.py:send():235] send: stats
2022-04-07 15:47:02,520 DEBUG   HandlerThread:29484 [handler.py:handle_request():141] handle_request: stop_status
2022-04-07 15:47:02,521 DEBUG   SenderThread:29484 [sender.py:send_request():249] send_request: stop_status
2022-04-07 15:47:18,325 DEBUG   HandlerThread:29484 [handler.py:handle_request():141] handle_request: stop_status
2022-04-07 15:47:18,325 DEBUG   SenderThread:29484 [sender.py:send_request():249] send_request: stop_status
2022-04-07 15:47:34,366 DEBUG   HandlerThread:29484 [handler.py:handle_request():141] handle_request: stop_status
2022-04-07 15:47:34,366 DEBUG   SenderThread:29484 [sender.py:send_request():249] send_request: stop_status
2022-04-07 15:47:38,235 DEBUG   SenderThread:29484 [sender.py:send():235] send: stats
2022-04-07 15:47:51,457 DEBUG   HandlerThread:29484 [handler.py:handle_request():141] handle_request: stop_status
2022-04-07 15:47:51,457 DEBUG   SenderThread:29484 [sender.py:send_request():249] send_request: stop_status
2022-04-07 15:48:08,092 DEBUG   HandlerThread:29484 [handler.py:handle_request():141] handle_request: stop_status
2022-04-07 15:48:08,093 DEBUG   SenderThread:29484 [sender.py:send_request():249] send_request: stop_status
2022-04-07 15:48:16,721 DEBUG   SenderThread:29484 [sender.py:send():235] send: stats
2022-04-07 15:48:24,085 DEBUG   HandlerThread:29484 [handler.py:handle_request():141] handle_request: stop_status
2022-04-07 15:48:24,085 DEBUG   SenderThread:29484 [sender.py:send_request():249] send_request: stop_status
2022-04-07 15:48:39,954 DEBUG   HandlerThread:29484 [handler.py:handle_request():141] handle_request: stop_status
2022-04-07 15:48:39,955 DEBUG   SenderThread:29484 [sender.py:send_request():249] send_request: stop_status
2022-04-07 15:48:55,165 DEBUG   SenderThread:29484 [sender.py:send():235] send: stats
2022-04-07 15:48:55,855 DEBUG   HandlerThread:29484 [handler.py:handle_request():141] handle_request: stop_status
2022-04-07 15:48:55,855 DEBUG   SenderThread:29484 [sender.py:send_request():249] send_request: stop_status
2022-04-07 15:49:11,525 DEBUG   HandlerThread:29484 [handler.py:handle_request():141] handle_request: stop_status
2022-04-07 15:49:11,525 DEBUG   SenderThread:29484 [sender.py:send_request():249] send_request: stop_status
2022-04-07 15:49:27,173 DEBUG   HandlerThread:29484 [handler.py:handle_request():141] handle_request: stop_status
2022-04-07 15:49:27,174 DEBUG   SenderThread:29484 [sender.py:send_request():249] send_request: stop_status
2022-04-07 15:49:33,743 DEBUG   SenderThread:29484 [sender.py:send():235] send: stats
2022-04-07 15:49:42,793 DEBUG   HandlerThread:29484 [handler.py:handle_request():141] handle_request: stop_status
2022-04-07 15:49:42,793 DEBUG   SenderThread:29484 [sender.py:send_request():249] send_request: stop_status
2022-04-07 15:49:59,424 DEBUG   HandlerThread:29484 [handler.py:handle_request():141] handle_request: stop_status
2022-04-07 15:49:59,425 DEBUG   SenderThread:29484 [sender.py:send_request():249] send_request: stop_status
2022-04-07 15:50:12,321 DEBUG   SenderThread:29484 [sender.py:send():235] send: stats
2022-04-07 15:50:15,459 DEBUG   HandlerThread:29484 [handler.py:handle_request():141] handle_request: stop_status
2022-04-07 15:50:15,460 DEBUG   SenderThread:29484 [sender.py:send_request():249] send_request: stop_status
2022-04-07 15:50:31,122 DEBUG   HandlerThread:29484 [handler.py:handle_request():141] handle_request: stop_status
2022-04-07 15:50:31,122 DEBUG   SenderThread:29484 [sender.py:send_request():249] send_request: stop_status
2022-04-07 15:50:47,528 DEBUG   HandlerThread:29484 [handler.py:handle_request():141] handle_request: stop_status
2022-04-07 15:50:47,528 DEBUG   SenderThread:29484 [sender.py:send_request():249] send_request: stop_status
2022-04-07 15:50:50,881 DEBUG   SenderThread:29484 [sender.py:send():235] send: stats
2022-04-07 15:51:03,282 DEBUG   HandlerThread:29484 [handler.py:handle_request():141] handle_request: stop_status
2022-04-07 15:51:03,283 DEBUG   SenderThread:29484 [sender.py:send_request():249] send_request: stop_status
2022-04-07 15:51:18,915 DEBUG   HandlerThread:29484 [handler.py:handle_request():141] handle_request: stop_status
2022-04-07 15:51:18,916 DEBUG   SenderThread:29484 [sender.py:send_request():249] send_request: stop_status
2022-04-07 15:51:29,423 DEBUG   SenderThread:29484 [sender.py:send():235] send: stats
2022-04-07 15:51:34,535 DEBUG   HandlerThread:29484 [handler.py:handle_request():141] handle_request: stop_status
2022-04-07 15:51:34,542 DEBUG   SenderThread:29484 [sender.py:send_request():249] send_request: stop_status
2022-04-07 15:51:50,415 DEBUG   HandlerThread:29484 [handler.py:handle_request():141] handle_request: stop_status
2022-04-07 15:51:50,415 DEBUG   SenderThread:29484 [sender.py:send_request():249] send_request: stop_status
2022-04-07 15:52:06,030 DEBUG   HandlerThread:29484 [handler.py:handle_request():141] handle_request: stop_status
2022-04-07 15:52:06,031 DEBUG   SenderThread:29484 [sender.py:send_request():249] send_request: stop_status
2022-04-07 15:52:08,089 DEBUG   SenderThread:29484 [sender.py:send():235] send: stats
2022-04-07 15:52:21,660 DEBUG   HandlerThread:29484 [handler.py:handle_request():141] handle_request: stop_status
2022-04-07 15:52:21,661 DEBUG   SenderThread:29484 [sender.py:send_request():249] send_request: stop_status
2022-04-07 15:52:37,391 DEBUG   HandlerThread:29484 [handler.py:handle_request():141] handle_request: stop_status
2022-04-07 15:52:37,392 DEBUG   SenderThread:29484 [sender.py:send_request():249] send_request: stop_status
2022-04-07 15:52:46,350 DEBUG   SenderThread:29484 [sender.py:send():235] send: stats
2022-04-07 15:52:53,116 DEBUG   HandlerThread:29484 [handler.py:handle_request():141] handle_request: stop_status
2022-04-07 15:52:53,116 DEBUG   SenderThread:29484 [sender.py:send_request():249] send_request: stop_status
2022-04-07 15:53:08,927 DEBUG   HandlerThread:29484 [handler.py:handle_request():141] handle_request: stop_status
2022-04-07 15:53:08,927 DEBUG   SenderThread:29484 [sender.py:send_request():249] send_request: stop_status
2022-04-07 15:53:24,686 DEBUG   HandlerThread:29484 [handler.py:handle_request():141] handle_request: stop_status
2022-04-07 15:53:24,686 DEBUG   SenderThread:29484 [sender.py:send_request():249] send_request: stop_status
2022-04-07 15:53:25,324 DEBUG   SenderThread:29484 [sender.py:send():235] send: stats
2022-04-07 15:53:40,334 DEBUG   HandlerThread:29484 [handler.py:handle_request():141] handle_request: stop_status
2022-04-07 15:53:40,335 DEBUG   SenderThread:29484 [sender.py:send_request():249] send_request: stop_status
2022-04-07 15:53:55,961 DEBUG   HandlerThread:29484 [handler.py:handle_request():141] handle_request: stop_status
2022-04-07 15:53:55,962 DEBUG   SenderThread:29484 [sender.py:send_request():249] send_request: stop_status
2022-04-07 15:54:03,165 DEBUG   SenderThread:29484 [sender.py:send():235] send: stats
2022-04-07 15:54:11,755 DEBUG   HandlerThread:29484 [handler.py:handle_request():141] handle_request: stop_status
2022-04-07 15:54:11,755 DEBUG   SenderThread:29484 [sender.py:send_request():249] send_request: stop_status
2022-04-07 15:54:27,583 DEBUG   HandlerThread:29484 [handler.py:handle_request():141] handle_request: stop_status
2022-04-07 15:54:27,584 DEBUG   SenderThread:29484 [sender.py:send_request():249] send_request: stop_status
2022-04-07 15:54:41,595 DEBUG   SenderThread:29484 [sender.py:send():235] send: stats
2022-04-07 15:54:43,241 DEBUG   HandlerThread:29484 [handler.py:handle_request():141] handle_request: stop_status
2022-04-07 15:54:43,241 DEBUG   SenderThread:29484 [sender.py:send_request():249] send_request: stop_status
2022-04-07 15:54:58,899 DEBUG   HandlerThread:29484 [handler.py:handle_request():141] handle_request: stop_status
2022-04-07 15:54:58,900 DEBUG   SenderThread:29484 [sender.py:send_request():249] send_request: stop_status
2022-04-07 15:55:14,792 DEBUG   HandlerThread:29484 [handler.py:handle_request():141] handle_request: stop_status
2022-04-07 15:55:14,792 DEBUG   SenderThread:29484 [sender.py:send_request():249] send_request: stop_status
2022-04-07 15:55:20,132 DEBUG   SenderThread:29484 [sender.py:send():235] send: stats
2022-04-07 15:55:30,520 DEBUG   HandlerThread:29484 [handler.py:handle_request():141] handle_request: stop_status
2022-04-07 15:55:30,521 DEBUG   SenderThread:29484 [sender.py:send_request():249] send_request: stop_status
2022-04-07 15:55:46,253 DEBUG   HandlerThread:29484 [handler.py:handle_request():141] handle_request: stop_status
2022-04-07 15:55:46,254 DEBUG   SenderThread:29484 [sender.py:send_request():249] send_request: stop_status
2022-04-07 15:55:58,425 DEBUG   SenderThread:29484 [sender.py:send():235] send: stats
2022-04-07 15:56:02,032 DEBUG   HandlerThread:29484 [handler.py:handle_request():141] handle_request: stop_status
2022-04-07 15:56:02,033 DEBUG   SenderThread:29484 [sender.py:send_request():249] send_request: stop_status
2022-04-07 15:56:17,730 DEBUG   HandlerThread:29484 [handler.py:handle_request():141] handle_request: stop_status
2022-04-07 15:56:17,730 DEBUG   SenderThread:29484 [sender.py:send_request():249] send_request: stop_status
2022-04-07 15:56:33,337 DEBUG   HandlerThread:29484 [handler.py:handle_request():141] handle_request: stop_status
2022-04-07 15:56:33,338 DEBUG   SenderThread:29484 [sender.py:send_request():249] send_request: stop_status
2022-04-07 15:56:36,836 DEBUG   SenderThread:29484 [sender.py:send():235] send: stats
2022-04-07 15:56:49,166 DEBUG   HandlerThread:29484 [handler.py:handle_request():141] handle_request: stop_status
2022-04-07 15:56:49,167 DEBUG   SenderThread:29484 [sender.py:send_request():249] send_request: stop_status
2022-04-07 15:57:04,924 DEBUG   HandlerThread:29484 [handler.py:handle_request():141] handle_request: stop_status
2022-04-07 15:57:04,925 DEBUG   SenderThread:29484 [sender.py:send_request():249] send_request: stop_status
2022-04-07 15:57:15,762 DEBUG   SenderThread:29484 [sender.py:send():235] send: stats
2022-04-07 15:57:21,933 DEBUG   HandlerThread:29484 [handler.py:handle_request():141] handle_request: stop_status
2022-04-07 15:57:21,933 DEBUG   SenderThread:29484 [sender.py:send_request():249] send_request: stop_status
2022-04-07 15:57:39,194 DEBUG   HandlerThread:29484 [handler.py:handle_request():141] handle_request: stop_status
2022-04-07 15:57:39,195 DEBUG   SenderThread:29484 [sender.py:send_request():249] send_request: stop_status
2022-04-07 15:57:55,006 DEBUG   SenderThread:29484 [sender.py:send():235] send: stats
2022-04-07 15:57:55,966 DEBUG   HandlerThread:29484 [handler.py:handle_request():141] handle_request: stop_status
2022-04-07 15:57:55,967 DEBUG   SenderThread:29484 [sender.py:send_request():249] send_request: stop_status
2022-04-07 15:58:12,807 DEBUG   HandlerThread:29484 [handler.py:handle_request():141] handle_request: stop_status
2022-04-07 15:58:12,807 DEBUG   SenderThread:29484 [sender.py:send_request():249] send_request: stop_status
2022-04-07 15:58:29,565 DEBUG   HandlerThread:29484 [handler.py:handle_request():141] handle_request: stop_status
2022-04-07 15:58:29,570 DEBUG   SenderThread:29484 [sender.py:send_request():249] send_request: stop_status
2022-04-07 15:58:34,969 DEBUG   SenderThread:29484 [sender.py:send():235] send: stats
2022-04-07 15:58:46,037 DEBUG   HandlerThread:29484 [handler.py:handle_request():141] handle_request: stop_status
2022-04-07 15:58:46,038 DEBUG   SenderThread:29484 [sender.py:send_request():249] send_request: stop_status
2022-04-07 15:59:01,997 DEBUG   HandlerThread:29484 [handler.py:handle_request():141] handle_request: stop_status
2022-04-07 15:59:01,997 DEBUG   SenderThread:29484 [sender.py:send_request():249] send_request: stop_status
2022-04-07 15:59:14,421 DEBUG   SenderThread:29484 [sender.py:send():235] send: stats
2022-04-07 15:59:18,692 DEBUG   HandlerThread:29484 [handler.py:handle_request():141] handle_request: stop_status
2022-04-07 15:59:18,693 DEBUG   SenderThread:29484 [sender.py:send_request():249] send_request: stop_status
2022-04-07 15:59:35,623 DEBUG   HandlerThread:29484 [handler.py:handle_request():141] handle_request: stop_status
2022-04-07 15:59:35,624 DEBUG   SenderThread:29484 [sender.py:send_request():249] send_request: stop_status
2022-04-07 15:59:52,249 DEBUG   HandlerThread:29484 [handler.py:handle_request():141] handle_request: stop_status
2022-04-07 15:59:52,249 DEBUG   SenderThread:29484 [sender.py:send_request():249] send_request: stop_status
2022-04-07 15:59:53,785 DEBUG   SenderThread:29484 [sender.py:send():235] send: stats
2022-04-07 16:00:08,045 DEBUG   HandlerThread:29484 [handler.py:handle_request():141] handle_request: stop_status
2022-04-07 16:00:08,046 DEBUG   SenderThread:29484 [sender.py:send_request():249] send_request: stop_status
2022-04-07 16:00:24,609 DEBUG   HandlerThread:29484 [handler.py:handle_request():141] handle_request: stop_status
2022-04-07 16:00:24,609 DEBUG   SenderThread:29484 [sender.py:send_request():249] send_request: stop_status
2022-04-07 16:00:33,417 DEBUG   SenderThread:29484 [sender.py:send():235] send: stats
2022-04-07 16:00:41,758 DEBUG   HandlerThread:29484 [handler.py:handle_request():141] handle_request: stop_status
2022-04-07 16:00:41,759 DEBUG   SenderThread:29484 [sender.py:send_request():249] send_request: stop_status
2022-04-07 16:00:58,250 DEBUG   HandlerThread:29484 [handler.py:handle_request():141] handle_request: stop_status
2022-04-07 16:00:58,251 DEBUG   SenderThread:29484 [sender.py:send_request():249] send_request: stop_status
2022-04-07 16:01:13,173 DEBUG   SenderThread:29484 [sender.py:send():235] send: stats
2022-04-07 16:01:14,837 DEBUG   HandlerThread:29484 [handler.py:handle_request():141] handle_request: stop_status
2022-04-07 16:01:14,837 DEBUG   SenderThread:29484 [sender.py:send_request():249] send_request: stop_status
2022-04-07 16:01:31,520 DEBUG   HandlerThread:29484 [handler.py:handle_request():141] handle_request: stop_status
2022-04-07 16:01:31,521 DEBUG   SenderThread:29484 [sender.py:send_request():249] send_request: stop_status
2022-04-07 16:01:48,168 DEBUG   HandlerThread:29484 [handler.py:handle_request():141] handle_request: stop_status
2022-04-07 16:01:48,168 DEBUG   SenderThread:29484 [sender.py:send_request():249] send_request: stop_status
2022-04-07 16:01:52,879 DEBUG   SenderThread:29484 [sender.py:send():235] send: stats
2022-04-07 16:02:04,707 DEBUG   HandlerThread:29484 [handler.py:handle_request():141] handle_request: stop_status
2022-04-07 16:02:04,707 DEBUG   SenderThread:29484 [sender.py:send_request():249] send_request: stop_status
2022-04-07 16:02:21,136 DEBUG   HandlerThread:29484 [handler.py:handle_request():141] handle_request: stop_status
2022-04-07 16:02:21,136 DEBUG   SenderThread:29484 [sender.py:send_request():249] send_request: stop_status
2022-04-07 16:02:31,965 DEBUG   SenderThread:29484 [sender.py:send():235] send: stats
2022-04-07 16:02:36,831 DEBUG   HandlerThread:29484 [handler.py:handle_request():141] handle_request: stop_status
2022-04-07 16:02:36,832 DEBUG   SenderThread:29484 [sender.py:send_request():249] send_request: stop_status
2022-04-07 16:02:52,537 DEBUG   HandlerThread:29484 [handler.py:handle_request():141] handle_request: stop_status
2022-04-07 16:02:52,538 DEBUG   SenderThread:29484 [sender.py:send_request():249] send_request: stop_status
2022-04-07 16:03:09,229 DEBUG   HandlerThread:29484 [handler.py:handle_request():141] handle_request: stop_status
2022-04-07 16:03:09,230 DEBUG   SenderThread:29484 [sender.py:send_request():249] send_request: stop_status
2022-04-07 16:03:11,628 DEBUG   SenderThread:29484 [sender.py:send():235] send: stats
2022-04-07 16:03:25,767 DEBUG   HandlerThread:29484 [handler.py:handle_request():141] handle_request: stop_status
2022-04-07 16:03:25,767 DEBUG   SenderThread:29484 [sender.py:send_request():249] send_request: stop_status
2022-04-07 16:03:42,228 DEBUG   HandlerThread:29484 [handler.py:handle_request():141] handle_request: stop_status
2022-04-07 16:03:42,229 DEBUG   SenderThread:29484 [sender.py:send_request():249] send_request: stop_status
2022-04-07 16:03:51,440 DEBUG   SenderThread:29484 [sender.py:send():235] send: stats
2022-04-07 16:03:59,281 DEBUG   HandlerThread:29484 [handler.py:handle_request():141] handle_request: stop_status
2022-04-07 16:03:59,283 DEBUG   SenderThread:29484 [sender.py:send_request():249] send_request: stop_status
2022-04-07 16:04:16,269 DEBUG   HandlerThread:29484 [handler.py:handle_request():141] handle_request: stop_status
2022-04-07 16:04:16,270 DEBUG   SenderThread:29484 [sender.py:send_request():249] send_request: stop_status
2022-04-07 16:04:31,257 DEBUG   SenderThread:29484 [sender.py:send():235] send: stats
2022-04-07 16:04:32,848 DEBUG   HandlerThread:29484 [handler.py:handle_request():141] handle_request: stop_status
2022-04-07 16:04:32,849 DEBUG   SenderThread:29484 [sender.py:send_request():249] send_request: stop_status
2022-04-07 16:04:49,424 DEBUG   HandlerThread:29484 [handler.py:handle_request():141] handle_request: stop_status
2022-04-07 16:04:49,425 DEBUG   SenderThread:29484 [sender.py:send_request():249] send_request: stop_status
2022-04-07 16:05:05,278 DEBUG   HandlerThread:29484 [handler.py:handle_request():141] handle_request: stop_status
2022-04-07 16:05:05,278 DEBUG   SenderThread:29484 [sender.py:send_request():249] send_request: stop_status
2022-04-07 16:05:10,384 DEBUG   SenderThread:29484 [sender.py:send():235] send: stats
2022-04-07 16:05:21,003 DEBUG   HandlerThread:29484 [handler.py:handle_request():141] handle_request: stop_status
2022-04-07 16:05:21,003 DEBUG   SenderThread:29484 [sender.py:send_request():249] send_request: stop_status
2022-04-07 16:05:36,714 DEBUG   HandlerThread:29484 [handler.py:handle_request():141] handle_request: stop_status
2022-04-07 16:05:36,714 DEBUG   SenderThread:29484 [sender.py:send_request():249] send_request: stop_status
2022-04-07 16:05:49,605 DEBUG   SenderThread:29484 [sender.py:send():235] send: stats
2022-04-07 16:05:54,272 DEBUG   HandlerThread:29484 [handler.py:handle_request():141] handle_request: stop_status
2022-04-07 16:05:54,272 DEBUG   SenderThread:29484 [sender.py:send_request():249] send_request: stop_status
2022-04-07 16:06:11,270 DEBUG   HandlerThread:29484 [handler.py:handle_request():141] handle_request: stop_status
2022-04-07 16:06:11,271 DEBUG   SenderThread:29484 [sender.py:send_request():249] send_request: stop_status
2022-04-07 16:06:27,861 DEBUG   HandlerThread:29484 [handler.py:handle_request():141] handle_request: stop_status
2022-04-07 16:06:27,861 DEBUG   SenderThread:29484 [sender.py:send_request():249] send_request: stop_status
2022-04-07 16:06:29,475 DEBUG   SenderThread:29484 [sender.py:send():235] send: stats
2022-04-07 16:06:44,492 DEBUG   HandlerThread:29484 [handler.py:handle_request():141] handle_request: stop_status
2022-04-07 16:06:44,492 DEBUG   SenderThread:29484 [sender.py:send_request():249] send_request: stop_status
2022-04-07 16:07:01,156 DEBUG   HandlerThread:29484 [handler.py:handle_request():141] handle_request: stop_status
2022-04-07 16:07:01,158 DEBUG   SenderThread:29484 [sender.py:send_request():249] send_request: stop_status
2022-04-07 16:07:09,160 DEBUG   SenderThread:29484 [sender.py:send():235] send: stats
2022-04-07 16:07:17,826 DEBUG   HandlerThread:29484 [handler.py:handle_request():141] handle_request: stop_status
2022-04-07 16:07:17,826 DEBUG   SenderThread:29484 [sender.py:send_request():249] send_request: stop_status
2022-04-07 16:07:34,228 DEBUG   HandlerThread:29484 [handler.py:handle_request():141] handle_request: stop_status
2022-04-07 16:07:34,228 DEBUG   SenderThread:29484 [sender.py:send_request():249] send_request: stop_status
2022-04-07 16:07:48,798 DEBUG   SenderThread:29484 [sender.py:send():235] send: stats
2022-04-07 16:07:50,963 DEBUG   HandlerThread:29484 [handler.py:handle_request():141] handle_request: stop_status
2022-04-07 16:07:50,963 DEBUG   SenderThread:29484 [sender.py:send_request():249] send_request: stop_status
2022-04-07 16:08:06,771 DEBUG   HandlerThread:29484 [handler.py:handle_request():141] handle_request: stop_status
2022-04-07 16:08:06,771 DEBUG   SenderThread:29484 [sender.py:send_request():249] send_request: stop_status
2022-04-07 16:08:22,836 DEBUG   HandlerThread:29484 [handler.py:handle_request():141] handle_request: stop_status
2022-04-07 16:08:22,836 DEBUG   SenderThread:29484 [sender.py:send_request():249] send_request: stop_status
2022-04-07 16:08:27,539 DEBUG   SenderThread:29484 [sender.py:send():235] send: stats
2022-04-07 16:08:40,259 DEBUG   HandlerThread:29484 [handler.py:handle_request():141] handle_request: stop_status
2022-04-07 16:08:40,260 DEBUG   SenderThread:29484 [sender.py:send_request():249] send_request: stop_status
2022-04-07 16:08:57,315 DEBUG   HandlerThread:29484 [handler.py:handle_request():141] handle_request: stop_status
2022-04-07 16:08:57,316 DEBUG   SenderThread:29484 [sender.py:send_request():249] send_request: stop_status
2022-04-07 16:09:06,964 DEBUG   SenderThread:29484 [sender.py:send():235] send: stats
2022-04-07 16:09:13,927 DEBUG   HandlerThread:29484 [handler.py:handle_request():141] handle_request: stop_status
2022-04-07 16:09:13,928 DEBUG   SenderThread:29484 [sender.py:send_request():249] send_request: stop_status
2022-04-07 16:09:30,968 DEBUG   HandlerThread:29484 [handler.py:handle_request():141] handle_request: stop_status
2022-04-07 16:09:30,969 DEBUG   SenderThread:29484 [sender.py:send_request():249] send_request: stop_status
2022-04-07 16:09:47,223 DEBUG   SenderThread:29484 [sender.py:send():235] send: stats
2022-04-07 16:09:48,434 DEBUG   HandlerThread:29484 [handler.py:handle_request():141] handle_request: stop_status
2022-04-07 16:09:48,434 DEBUG   SenderThread:29484 [sender.py:send_request():249] send_request: stop_status
2022-04-07 16:10:05,114 DEBUG   HandlerThread:29484 [handler.py:handle_request():141] handle_request: stop_status
2022-04-07 16:10:05,115 DEBUG   SenderThread:29484 [sender.py:send_request():249] send_request: stop_status
2022-04-07 16:10:21,767 DEBUG   HandlerThread:29484 [handler.py:handle_request():141] handle_request: stop_status
2022-04-07 16:10:21,768 DEBUG   SenderThread:29484 [sender.py:send_request():249] send_request: stop_status
2022-04-07 16:10:27,232 DEBUG   SenderThread:29484 [sender.py:send():235] send: stats
2022-04-07 16:10:38,409 DEBUG   HandlerThread:29484 [handler.py:handle_request():141] handle_request: stop_status
2022-04-07 16:10:38,409 DEBUG   SenderThread:29484 [sender.py:send_request():249] send_request: stop_status
2022-04-07 16:10:54,922 DEBUG   HandlerThread:29484 [handler.py:handle_request():141] handle_request: stop_status
2022-04-07 16:10:54,922 DEBUG   SenderThread:29484 [sender.py:send_request():249] send_request: stop_status
2022-04-07 16:11:06,640 DEBUG   SenderThread:29484 [sender.py:send():235] send: stats
2022-04-07 16:11:10,603 DEBUG   HandlerThread:29484 [handler.py:handle_request():141] handle_request: stop_status
2022-04-07 16:11:10,603 DEBUG   SenderThread:29484 [sender.py:send_request():249] send_request: stop_status
2022-04-07 16:11:26,561 DEBUG   HandlerThread:29484 [handler.py:handle_request():141] handle_request: stop_status
2022-04-07 16:11:26,561 DEBUG   SenderThread:29484 [sender.py:send_request():249] send_request: stop_status
2022-04-07 16:11:42,235 DEBUG   HandlerThread:29484 [handler.py:handle_request():141] handle_request: stop_status
2022-04-07 16:11:42,235 DEBUG   SenderThread:29484 [sender.py:send_request():249] send_request: stop_status
2022-04-07 16:11:45,444 DEBUG   SenderThread:29484 [sender.py:send():235] send: stats
2022-04-07 16:11:58,937 DEBUG   HandlerThread:29484 [handler.py:handle_request():141] handle_request: stop_status
2022-04-07 16:11:58,937 DEBUG   SenderThread:29484 [sender.py:send_request():249] send_request: stop_status
2022-04-07 16:12:15,675 DEBUG   HandlerThread:29484 [handler.py:handle_request():141] handle_request: stop_status
2022-04-07 16:12:15,676 DEBUG   SenderThread:29484 [sender.py:send_request():249] send_request: stop_status
2022-04-07 16:12:25,177 DEBUG   SenderThread:29484 [sender.py:send():235] send: stats
2022-04-07 16:12:32,303 DEBUG   HandlerThread:29484 [handler.py:handle_request():141] handle_request: stop_status
2022-04-07 16:12:32,303 DEBUG   SenderThread:29484 [sender.py:send_request():249] send_request: stop_status
2022-04-07 16:12:48,952 DEBUG   HandlerThread:29484 [handler.py:handle_request():141] handle_request: stop_status
2022-04-07 16:12:48,952 DEBUG   SenderThread:29484 [sender.py:send_request():249] send_request: stop_status
2022-04-07 16:13:04,969 DEBUG   SenderThread:29484 [sender.py:send():235] send: stats
2022-04-07 16:13:05,537 DEBUG   HandlerThread:29484 [handler.py:handle_request():141] handle_request: stop_status
2022-04-07 16:13:05,537 DEBUG   SenderThread:29484 [sender.py:send_request():249] send_request: stop_status
2022-04-07 16:13:22,144 DEBUG   HandlerThread:29484 [handler.py:handle_request():141] handle_request: stop_status
2022-04-07 16:13:22,145 DEBUG   SenderThread:29484 [sender.py:send_request():249] send_request: stop_status
2022-04-07 16:13:38,744 DEBUG   HandlerThread:29484 [handler.py:handle_request():141] handle_request: stop_status
2022-04-07 16:13:38,745 DEBUG   SenderThread:29484 [sender.py:send_request():249] send_request: stop_status
2022-04-07 16:13:44,869 DEBUG   SenderThread:29484 [sender.py:send():235] send: stats
2022-04-07 16:13:55,935 DEBUG   HandlerThread:29484 [handler.py:handle_request():141] handle_request: stop_status
2022-04-07 16:13:55,935 DEBUG   SenderThread:29484 [sender.py:send_request():249] send_request: stop_status
2022-04-07 16:14:12,356 DEBUG   HandlerThread:29484 [handler.py:handle_request():141] handle_request: stop_status
2022-04-07 16:14:12,357 DEBUG   SenderThread:29484 [sender.py:send_request():249] send_request: stop_status
2022-04-07 16:14:24,951 DEBUG   SenderThread:29484 [sender.py:send():235] send: stats
2022-04-07 16:14:28,454 DEBUG   HandlerThread:29484 [handler.py:handle_request():141] handle_request: stop_status
2022-04-07 16:14:28,455 DEBUG   SenderThread:29484 [sender.py:send_request():249] send_request: stop_status
2022-04-07 16:14:44,990 DEBUG   HandlerThread:29484 [handler.py:handle_request():141] handle_request: stop_status
2022-04-07 16:14:44,992 DEBUG   SenderThread:29484 [sender.py:send_request():249] send_request: stop_status
2022-04-07 16:15:01,381 DEBUG   HandlerThread:29484 [handler.py:handle_request():141] handle_request: stop_status
2022-04-07 16:15:01,383 DEBUG   SenderThread:29484 [sender.py:send_request():249] send_request: stop_status
2022-04-07 16:15:04,955 DEBUG   SenderThread:29484 [sender.py:send():235] send: stats
2022-04-07 16:15:17,933 DEBUG   HandlerThread:29484 [handler.py:handle_request():141] handle_request: stop_status
2022-04-07 16:15:17,933 DEBUG   SenderThread:29484 [sender.py:send_request():249] send_request: stop_status
2022-04-07 16:15:34,232 DEBUG   HandlerThread:29484 [handler.py:handle_request():141] handle_request: stop_status
2022-04-07 16:15:34,233 DEBUG   SenderThread:29484 [sender.py:send_request():249] send_request: stop_status
2022-04-07 16:15:44,751 DEBUG   SenderThread:29484 [sender.py:send():235] send: stats
2022-04-07 16:15:50,252 DEBUG   HandlerThread:29484 [handler.py:handle_request():141] handle_request: stop_status
2022-04-07 16:15:50,253 DEBUG   SenderThread:29484 [sender.py:send_request():249] send_request: stop_status
2022-04-07 16:16:06,242 DEBUG   HandlerThread:29484 [handler.py:handle_request():141] handle_request: stop_status
2022-04-07 16:16:06,242 DEBUG   SenderThread:29484 [sender.py:send_request():249] send_request: stop_status
2022-04-07 16:16:22,405 DEBUG   HandlerThread:29484 [handler.py:handle_request():141] handle_request: stop_status
2022-04-07 16:16:22,406 DEBUG   SenderThread:29484 [sender.py:send_request():249] send_request: stop_status
2022-04-07 16:16:24,059 DEBUG   SenderThread:29484 [sender.py:send():235] send: stats
2022-04-07 16:16:38,654 DEBUG   HandlerThread:29484 [handler.py:handle_request():141] handle_request: stop_status
2022-04-07 16:16:38,655 DEBUG   SenderThread:29484 [sender.py:send_request():249] send_request: stop_status
2022-04-07 16:16:54,868 DEBUG   HandlerThread:29484 [handler.py:handle_request():141] handle_request: stop_status
2022-04-07 16:16:54,868 DEBUG   SenderThread:29484 [sender.py:send_request():249] send_request: stop_status
2022-04-07 16:17:03,847 DEBUG   SenderThread:29484 [sender.py:send():235] send: stats
2022-04-07 16:17:11,263 DEBUG   HandlerThread:29484 [handler.py:handle_request():141] handle_request: stop_status
2022-04-07 16:17:11,264 DEBUG   SenderThread:29484 [sender.py:send_request():249] send_request: stop_status
2022-04-07 16:17:27,609 DEBUG   HandlerThread:29484 [handler.py:handle_request():141] handle_request: stop_status
2022-04-07 16:17:27,610 DEBUG   SenderThread:29484 [sender.py:send_request():249] send_request: stop_status
2022-04-07 16:17:43,637 DEBUG   SenderThread:29484 [sender.py:send():235] send: stats
2022-04-07 16:17:45,361 DEBUG   HandlerThread:29484 [handler.py:handle_request():141] handle_request: stop_status
2022-04-07 16:17:45,361 DEBUG   SenderThread:29484 [sender.py:send_request():249] send_request: stop_status
2022-04-07 16:18:04,342 DEBUG   HandlerThread:29484 [handler.py:handle_request():141] handle_request: stop_status
2022-04-07 16:18:04,342 DEBUG   SenderThread:29484 [sender.py:send_request():249] send_request: stop_status
2022-04-07 16:18:20,272 DEBUG   HandlerThread:29484 [handler.py:handle_request():141] handle_request: stop_status
2022-04-07 16:18:20,273 DEBUG   SenderThread:29484 [sender.py:send_request():249] send_request: stop_status
2022-04-07 16:18:23,257 DEBUG   SenderThread:29484 [sender.py:send():235] send: stats
2022-04-07 16:18:36,601 DEBUG   HandlerThread:29484 [handler.py:handle_request():141] handle_request: stop_status
2022-04-07 16:18:36,601 DEBUG   SenderThread:29484 [sender.py:send_request():249] send_request: stop_status
2022-04-07 16:18:52,613 DEBUG   HandlerThread:29484 [handler.py:handle_request():141] handle_request: stop_status
2022-04-07 16:18:52,615 DEBUG   SenderThread:29484 [sender.py:send_request():249] send_request: stop_status
2022-04-07 16:19:03,024 DEBUG   SenderThread:29484 [sender.py:send():235] send: stats
2022-04-07 16:19:09,222 DEBUG   HandlerThread:29484 [handler.py:handle_request():141] handle_request: stop_status
2022-04-07 16:19:09,222 DEBUG   SenderThread:29484 [sender.py:send_request():249] send_request: stop_status
2022-04-07 16:19:25,223 DEBUG   HandlerThread:29484 [handler.py:handle_request():141] handle_request: stop_status
2022-04-07 16:19:25,223 DEBUG   SenderThread:29484 [sender.py:send_request():249] send_request: stop_status
2022-04-07 16:19:41,404 DEBUG   HandlerThread:29484 [handler.py:handle_request():141] handle_request: stop_status
2022-04-07 16:19:41,404 DEBUG   SenderThread:29484 [sender.py:send_request():249] send_request: stop_status
2022-04-07 16:19:42,881 DEBUG   SenderThread:29484 [sender.py:send():235] send: stats
2022-04-07 16:19:57,307 DEBUG   HandlerThread:29484 [handler.py:handle_request():141] handle_request: stop_status
2022-04-07 16:19:57,308 DEBUG   SenderThread:29484 [sender.py:send_request():249] send_request: stop_status
2022-04-07 16:20:13,326 DEBUG   HandlerThread:29484 [handler.py:handle_request():141] handle_request: stop_status
2022-04-07 16:20:13,326 DEBUG   SenderThread:29484 [sender.py:send_request():249] send_request: stop_status
2022-04-07 16:20:22,923 DEBUG   SenderThread:29484 [sender.py:send():235] send: stats
2022-04-07 16:20:29,658 DEBUG   HandlerThread:29484 [handler.py:handle_request():141] handle_request: stop_status
2022-04-07 16:20:29,658 DEBUG   SenderThread:29484 [sender.py:send_request():249] send_request: stop_status
2022-04-07 16:20:45,727 DEBUG   HandlerThread:29484 [handler.py:handle_request():141] handle_request: stop_status
2022-04-07 16:20:45,728 DEBUG   SenderThread:29484 [sender.py:send_request():249] send_request: stop_status
2022-04-07 16:21:01,730 DEBUG   HandlerThread:29484 [handler.py:handle_request():141] handle_request: stop_status
2022-04-07 16:21:01,730 DEBUG   SenderThread:29484 [sender.py:send_request():249] send_request: stop_status
2022-04-07 16:21:03,124 DEBUG   SenderThread:29484 [sender.py:send():235] send: stats
2022-04-07 16:21:18,139 DEBUG   HandlerThread:29484 [handler.py:handle_request():141] handle_request: stop_status
2022-04-07 16:21:18,139 DEBUG   SenderThread:29484 [sender.py:send_request():249] send_request: stop_status
2022-04-07 16:21:34,372 DEBUG   HandlerThread:29484 [handler.py:handle_request():141] handle_request: stop_status
2022-04-07 16:21:34,374 DEBUG   SenderThread:29484 [sender.py:send_request():249] send_request: stop_status
2022-04-07 16:21:43,022 DEBUG   SenderThread:29484 [sender.py:send():235] send: stats
2022-04-07 16:21:50,848 DEBUG   HandlerThread:29484 [handler.py:handle_request():141] handle_request: stop_status
2022-04-07 16:21:50,851 DEBUG   SenderThread:29484 [sender.py:send_request():249] send_request: stop_status
2022-04-07 16:22:08,237 DEBUG   HandlerThread:29484 [handler.py:handle_request():141] handle_request: stop_status
2022-04-07 16:22:08,238 DEBUG   SenderThread:29484 [sender.py:send_request():249] send_request: stop_status
2022-04-07 16:22:22,883 DEBUG   SenderThread:29484 [sender.py:send():235] send: stats
2022-04-07 16:22:24,953 DEBUG   HandlerThread:29484 [handler.py:handle_request():141] handle_request: stop_status
2022-04-07 16:22:24,953 DEBUG   SenderThread:29484 [sender.py:send_request():249] send_request: stop_status
2022-04-07 16:22:41,105 DEBUG   HandlerThread:29484 [handler.py:handle_request():141] handle_request: stop_status
2022-04-07 16:22:41,105 DEBUG   SenderThread:29484 [sender.py:send_request():249] send_request: stop_status
2022-04-07 16:22:57,540 DEBUG   HandlerThread:29484 [handler.py:handle_request():141] handle_request: stop_status
2022-04-07 16:22:57,541 DEBUG   SenderThread:29484 [sender.py:send_request():249] send_request: stop_status
2022-04-07 16:23:03,239 DEBUG   SenderThread:29484 [sender.py:send():235] send: stats
2022-04-07 16:23:14,101 DEBUG   HandlerThread:29484 [handler.py:handle_request():141] handle_request: stop_status
2022-04-07 16:23:14,101 DEBUG   SenderThread:29484 [sender.py:send_request():249] send_request: stop_status
2022-04-07 16:23:30,230 DEBUG   HandlerThread:29484 [handler.py:handle_request():141] handle_request: stop_status
2022-04-07 16:23:30,230 DEBUG   SenderThread:29484 [sender.py:send_request():249] send_request: stop_status
2022-04-07 16:23:42,513 DEBUG   SenderThread:29484 [sender.py:send():235] send: stats
2022-04-07 16:23:46,329 DEBUG   HandlerThread:29484 [handler.py:handle_request():141] handle_request: stop_status
2022-04-07 16:23:46,330 DEBUG   SenderThread:29484 [sender.py:send_request():249] send_request: stop_status
2022-04-07 16:24:03,105 DEBUG   HandlerThread:29484 [handler.py:handle_request():141] handle_request: stop_status
2022-04-07 16:24:03,106 DEBUG   SenderThread:29484 [sender.py:send_request():249] send_request: stop_status
2022-04-07 16:24:19,074 DEBUG   HandlerThread:29484 [handler.py:handle_request():141] handle_request: stop_status
2022-04-07 16:24:19,075 DEBUG   SenderThread:29484 [sender.py:send_request():249] send_request: stop_status
2022-04-07 16:24:21,995 DEBUG   SenderThread:29484 [sender.py:send():235] send: stats
2022-04-07 16:24:35,432 DEBUG   HandlerThread:29484 [handler.py:handle_request():141] handle_request: stop_status
2022-04-07 16:24:35,432 DEBUG   SenderThread:29484 [sender.py:send_request():249] send_request: stop_status
2022-04-07 16:24:51,569 DEBUG   HandlerThread:29484 [handler.py:handle_request():141] handle_request: stop_status
2022-04-07 16:24:51,569 DEBUG   SenderThread:29484 [sender.py:send_request():249] send_request: stop_status
2022-04-07 16:25:00,471 DEBUG   SenderThread:29484 [sender.py:send():235] send: stats
2022-04-07 16:25:07,902 DEBUG   HandlerThread:29484 [handler.py:handle_request():141] handle_request: stop_status
2022-04-07 16:25:07,902 DEBUG   SenderThread:29484 [sender.py:send_request():249] send_request: stop_status
2022-04-07 16:25:24,474 DEBUG   HandlerThread:29484 [handler.py:handle_request():141] handle_request: stop_status
2022-04-07 16:25:24,475 DEBUG   SenderThread:29484 [sender.py:send_request():249] send_request: stop_status
2022-04-07 16:25:39,681 DEBUG   SenderThread:29484 [sender.py:send():235] send: stats
2022-04-07 16:25:40,720 DEBUG   HandlerThread:29484 [handler.py:handle_request():141] handle_request: stop_status
2022-04-07 16:25:40,721 DEBUG   SenderThread:29484 [sender.py:send_request():249] send_request: stop_status
2022-04-07 16:25:57,408 DEBUG   HandlerThread:29484 [handler.py:handle_request():141] handle_request: stop_status
2022-04-07 16:25:57,409 DEBUG   SenderThread:29484 [sender.py:send_request():249] send_request: stop_status
2022-04-07 16:26:13,449 DEBUG   HandlerThread:29484 [handler.py:handle_request():141] handle_request: stop_status
2022-04-07 16:26:13,450 DEBUG   SenderThread:29484 [sender.py:send_request():249] send_request: stop_status
2022-04-07 16:26:19,040 DEBUG   SenderThread:29484 [sender.py:send():235] send: stats
2022-04-07 16:26:29,743 DEBUG   HandlerThread:29484 [handler.py:handle_request():141] handle_request: stop_status
2022-04-07 16:26:29,743 DEBUG   SenderThread:29484 [sender.py:send_request():249] send_request: stop_status
2022-04-07 16:26:45,968 DEBUG   HandlerThread:29484 [handler.py:handle_request():141] handle_request: stop_status
2022-04-07 16:26:45,969 DEBUG   SenderThread:29484 [sender.py:send_request():249] send_request: stop_status
2022-04-07 16:26:58,196 DEBUG   SenderThread:29484 [sender.py:send():235] send: stats
2022-04-07 16:27:02,184 DEBUG   HandlerThread:29484 [handler.py:handle_request():141] handle_request: stop_status
2022-04-07 16:27:02,185 DEBUG   SenderThread:29484 [sender.py:send_request():249] send_request: stop_status
2022-04-07 16:27:18,388 DEBUG   HandlerThread:29484 [handler.py:handle_request():141] handle_request: stop_status
2022-04-07 16:27:18,389 DEBUG   SenderThread:29484 [sender.py:send_request():249] send_request: stop_status
2022-04-07 16:27:34,955 DEBUG   HandlerThread:29484 [handler.py:handle_request():141] handle_request: stop_status
2022-04-07 16:27:34,955 DEBUG   SenderThread:29484 [sender.py:send_request():249] send_request: stop_status
2022-04-07 16:27:37,902 DEBUG   SenderThread:29484 [sender.py:send():235] send: stats
2022-04-07 16:27:51,487 DEBUG   HandlerThread:29484 [handler.py:handle_request():141] handle_request: stop_status
2022-04-07 16:27:51,487 DEBUG   SenderThread:29484 [sender.py:send_request():249] send_request: stop_status
2022-04-07 16:28:07,998 DEBUG   HandlerThread:29484 [handler.py:handle_request():141] handle_request: stop_status
2022-04-07 16:28:07,998 DEBUG   SenderThread:29484 [sender.py:send_request():249] send_request: stop_status
2022-04-07 16:28:17,678 DEBUG   SenderThread:29484 [sender.py:send():235] send: stats
2022-04-07 16:28:24,289 DEBUG   HandlerThread:29484 [handler.py:handle_request():141] handle_request: stop_status
2022-04-07 16:28:24,290 DEBUG   SenderThread:29484 [sender.py:send_request():249] send_request: stop_status
2022-04-07 16:28:40,672 DEBUG   HandlerThread:29484 [handler.py:handle_request():141] handle_request: stop_status
2022-04-07 16:28:40,672 DEBUG   SenderThread:29484 [sender.py:send_request():249] send_request: stop_status
2022-04-07 16:28:57,428 DEBUG   SenderThread:29484 [sender.py:send():235] send: stats
2022-04-07 16:28:59,850 DEBUG   HandlerThread:29484 [handler.py:handle_request():141] handle_request: stop_status
2022-04-07 16:28:59,850 DEBUG   SenderThread:29484 [sender.py:send_request():249] send_request: stop_status
2022-04-07 16:29:16,219 DEBUG   HandlerThread:29484 [handler.py:handle_request():141] handle_request: stop_status
2022-04-07 16:29:16,220 DEBUG   SenderThread:29484 [sender.py:send_request():249] send_request: stop_status
2022-04-07 16:29:32,284 DEBUG   HandlerThread:29484 [handler.py:handle_request():141] handle_request: stop_status
2022-04-07 16:29:32,284 DEBUG   SenderThread:29484 [sender.py:send_request():249] send_request: stop_status
2022-04-07 16:29:37,221 DEBUG   SenderThread:29484 [sender.py:send():235] send: stats
2022-04-07 16:29:48,494 DEBUG   HandlerThread:29484 [handler.py:handle_request():141] handle_request: stop_status
2022-04-07 16:29:48,494 DEBUG   SenderThread:29484 [sender.py:send_request():249] send_request: stop_status
2022-04-07 16:30:04,667 DEBUG   HandlerThread:29484 [handler.py:handle_request():141] handle_request: stop_status
2022-04-07 16:30:04,667 DEBUG   SenderThread:29484 [sender.py:send_request():249] send_request: stop_status
2022-04-07 16:30:16,916 DEBUG   SenderThread:29484 [sender.py:send():235] send: stats
2022-04-07 16:30:20,752 DEBUG   HandlerThread:29484 [handler.py:handle_request():141] handle_request: stop_status
2022-04-07 16:30:20,752 DEBUG   SenderThread:29484 [sender.py:send_request():249] send_request: stop_status
2022-04-07 16:30:36,996 DEBUG   HandlerThread:29484 [handler.py:handle_request():141] handle_request: stop_status
2022-04-07 16:30:36,996 DEBUG   SenderThread:29484 [sender.py:send_request():249] send_request: stop_status
2022-04-07 16:30:53,265 DEBUG   HandlerThread:29484 [handler.py:handle_request():141] handle_request: stop_status
2022-04-07 16:30:53,265 DEBUG   SenderThread:29484 [sender.py:send_request():249] send_request: stop_status
2022-04-07 16:30:56,641 DEBUG   SenderThread:29484 [sender.py:send():235] send: stats
2022-04-07 16:31:09,210 DEBUG   HandlerThread:29484 [handler.py:handle_request():141] handle_request: stop_status
2022-04-07 16:31:09,210 DEBUG   SenderThread:29484 [sender.py:send_request():249] send_request: stop_status
2022-04-07 16:31:25,565 DEBUG   HandlerThread:29484 [handler.py:handle_request():141] handle_request: stop_status
2022-04-07 16:31:25,565 DEBUG   SenderThread:29484 [sender.py:send_request():249] send_request: stop_status
2022-04-07 16:31:36,338 DEBUG   SenderThread:29484 [sender.py:send():235] send: stats
2022-04-07 16:31:41,779 DEBUG   HandlerThread:29484 [handler.py:handle_request():141] handle_request: stop_status
2022-04-07 16:31:41,780 DEBUG   SenderThread:29484 [sender.py:send_request():249] send_request: stop_status
2022-04-07 16:31:57,963 DEBUG   HandlerThread:29484 [handler.py:handle_request():141] handle_request: stop_status
2022-04-07 16:31:57,963 DEBUG   SenderThread:29484 [sender.py:send_request():249] send_request: stop_status
2022-04-07 16:32:13,888 DEBUG   HandlerThread:29484 [handler.py:handle_request():141] handle_request: stop_status
2022-04-07 16:32:13,888 DEBUG   SenderThread:29484 [sender.py:send_request():249] send_request: stop_status
2022-04-07 16:32:16,102 DEBUG   SenderThread:29484 [sender.py:send():235] send: stats
2022-04-07 16:32:30,085 DEBUG   HandlerThread:29484 [handler.py:handle_request():141] handle_request: stop_status
2022-04-07 16:32:30,085 DEBUG   SenderThread:29484 [sender.py:send_request():249] send_request: stop_status
2022-04-07 16:32:45,952 DEBUG   HandlerThread:29484 [handler.py:handle_request():141] handle_request: stop_status
2022-04-07 16:32:45,952 DEBUG   SenderThread:29484 [sender.py:send_request():249] send_request: stop_status
2022-04-07 16:32:55,472 DEBUG   SenderThread:29484 [sender.py:send():235] send: stats
2022-04-07 16:33:02,204 DEBUG   HandlerThread:29484 [handler.py:handle_request():141] handle_request: stop_status
2022-04-07 16:33:02,205 DEBUG   SenderThread:29484 [sender.py:send_request():249] send_request: stop_status
2022-04-07 16:33:18,782 DEBUG   HandlerThread:29484 [handler.py:handle_request():141] handle_request: stop_status
2022-04-07 16:33:18,783 DEBUG   SenderThread:29484 [sender.py:send_request():249] send_request: stop_status
2022-04-07 16:33:35,301 DEBUG   SenderThread:29484 [sender.py:send():235] send: stats
2022-04-07 16:33:35,428 DEBUG   HandlerThread:29484 [handler.py:handle_request():141] handle_request: stop_status
2022-04-07 16:33:35,429 DEBUG   SenderThread:29484 [sender.py:send_request():249] send_request: stop_status
2022-04-07 16:33:52,033 DEBUG   HandlerThread:29484 [handler.py:handle_request():141] handle_request: stop_status
2022-04-07 16:33:52,035 DEBUG   SenderThread:29484 [sender.py:send_request():249] send_request: stop_status
2022-04-07 16:34:09,148 DEBUG   HandlerThread:29484 [handler.py:handle_request():141] handle_request: stop_status
2022-04-07 16:34:09,149 DEBUG   SenderThread:29484 [sender.py:send_request():249] send_request: stop_status
2022-04-07 16:34:15,486 DEBUG   SenderThread:29484 [sender.py:send():235] send: stats
2022-04-07 16:34:26,170 DEBUG   HandlerThread:29484 [handler.py:handle_request():141] handle_request: stop_status
2022-04-07 16:34:26,171 DEBUG   SenderThread:29484 [sender.py:send_request():249] send_request: stop_status
2022-04-07 16:34:42,757 DEBUG   HandlerThread:29484 [handler.py:handle_request():141] handle_request: stop_status
2022-04-07 16:34:42,758 DEBUG   SenderThread:29484 [sender.py:send_request():249] send_request: stop_status
2022-04-07 16:34:55,342 DEBUG   SenderThread:29484 [sender.py:send():235] send: stats
2022-04-07 16:34:59,249 DEBUG   HandlerThread:29484 [handler.py:handle_request():141] handle_request: stop_status
2022-04-07 16:34:59,250 DEBUG   SenderThread:29484 [sender.py:send_request():249] send_request: stop_status
2022-04-07 16:35:15,906 DEBUG   HandlerThread:29484 [handler.py:handle_request():141] handle_request: stop_status
2022-04-07 16:35:15,907 DEBUG   SenderThread:29484 [sender.py:send_request():249] send_request: stop_status
2022-04-07 16:35:31,578 DEBUG   HandlerThread:29484 [handler.py:handle_request():141] handle_request: stop_status
2022-04-07 16:35:31,578 DEBUG   SenderThread:29484 [sender.py:send_request():249] send_request: stop_status
2022-04-07 16:35:34,664 DEBUG   SenderThread:29484 [sender.py:send():235] send: stats
2022-04-07 16:35:48,310 DEBUG   HandlerThread:29484 [handler.py:handle_request():141] handle_request: stop_status
2022-04-07 16:35:48,310 DEBUG   SenderThread:29484 [sender.py:send_request():249] send_request: stop_status
2022-04-07 16:36:04,926 DEBUG   HandlerThread:29484 [handler.py:handle_request():141] handle_request: stop_status
2022-04-07 16:36:04,927 DEBUG   SenderThread:29484 [sender.py:send_request():249] send_request: stop_status
2022-04-07 16:36:14,629 DEBUG   SenderThread:29484 [sender.py:send():235] send: stats
2022-04-07 16:36:21,754 DEBUG   HandlerThread:29484 [handler.py:handle_request():141] handle_request: stop_status
2022-04-07 16:36:21,755 DEBUG   SenderThread:29484 [sender.py:send_request():249] send_request: stop_status
2022-04-07 16:36:38,654 DEBUG   HandlerThread:29484 [handler.py:handle_request():141] handle_request: stop_status
2022-04-07 16:36:38,655 DEBUG   SenderThread:29484 [sender.py:send_request():249] send_request: stop_status
2022-04-07 16:36:54,499 DEBUG   SenderThread:29484 [sender.py:send():235] send: stats
2022-04-07 16:36:55,240 DEBUG   HandlerThread:29484 [handler.py:handle_request():141] handle_request: stop_status
2022-04-07 16:36:55,241 DEBUG   SenderThread:29484 [sender.py:send_request():249] send_request: stop_status
2022-04-07 16:37:11,759 DEBUG   HandlerThread:29484 [handler.py:handle_request():141] handle_request: stop_status
2022-04-07 16:37:11,760 DEBUG   SenderThread:29484 [sender.py:send_request():249] send_request: stop_status
2022-04-07 16:37:28,335 DEBUG   HandlerThread:29484 [handler.py:handle_request():141] handle_request: stop_status
2022-04-07 16:37:28,336 DEBUG   SenderThread:29484 [sender.py:send_request():249] send_request: stop_status
2022-04-07 16:37:34,256 DEBUG   SenderThread:29484 [sender.py:send():235] send: stats
2022-04-07 16:37:45,154 DEBUG   HandlerThread:29484 [handler.py:handle_request():141] handle_request: stop_status
2022-04-07 16:37:45,154 DEBUG   SenderThread:29484 [sender.py:send_request():249] send_request: stop_status
2022-04-07 16:38:01,263 DEBUG   HandlerThread:29484 [handler.py:handle_request():141] handle_request: stop_status
2022-04-07 16:38:01,264 DEBUG   SenderThread:29484 [sender.py:send_request():249] send_request: stop_status
2022-04-07 16:38:13,528 DEBUG   SenderThread:29484 [sender.py:send():235] send: stats
2022-04-07 16:38:17,188 DEBUG   HandlerThread:29484 [handler.py:handle_request():141] handle_request: stop_status
2022-04-07 16:38:17,189 DEBUG   SenderThread:29484 [sender.py:send_request():249] send_request: stop_status
2022-04-07 16:38:33,221 DEBUG   HandlerThread:29484 [handler.py:handle_request():141] handle_request: stop_status
2022-04-07 16:38:33,221 DEBUG   SenderThread:29484 [sender.py:send_request():249] send_request: stop_status
2022-04-07 16:38:49,770 DEBUG   HandlerThread:29484 [handler.py:handle_request():141] handle_request: stop_status
2022-04-07 16:38:49,772 DEBUG   SenderThread:29484 [sender.py:send_request():249] send_request: stop_status
2022-04-07 16:38:53,323 DEBUG   SenderThread:29484 [sender.py:send():235] send: stats
2022-04-07 16:39:07,149 DEBUG   HandlerThread:29484 [handler.py:handle_request():141] handle_request: stop_status
2022-04-07 16:39:07,149 DEBUG   SenderThread:29484 [sender.py:send_request():249] send_request: stop_status
2022-04-07 16:39:23,837 DEBUG   HandlerThread:29484 [handler.py:handle_request():141] handle_request: stop_status
2022-04-07 16:39:23,838 DEBUG   SenderThread:29484 [sender.py:send_request():249] send_request: stop_status
2022-04-07 16:39:32,712 DEBUG   SenderThread:29484 [sender.py:send():235] send: stats
2022-04-07 16:39:40,287 DEBUG   HandlerThread:29484 [handler.py:handle_request():141] handle_request: stop_status
2022-04-07 16:39:40,288 DEBUG   SenderThread:29484 [sender.py:send_request():249] send_request: stop_status
2022-04-07 16:39:57,301 DEBUG   HandlerThread:29484 [handler.py:handle_request():141] handle_request: stop_status
2022-04-07 16:39:57,303 DEBUG   SenderThread:29484 [sender.py:send_request():249] send_request: stop_status
2022-04-07 16:40:12,413 DEBUG   SenderThread:29484 [sender.py:send():235] send: stats
2022-04-07 16:40:13,981 DEBUG   HandlerThread:29484 [handler.py:handle_request():141] handle_request: stop_status
2022-04-07 16:40:13,982 DEBUG   SenderThread:29484 [sender.py:send_request():249] send_request: stop_status
2022-04-07 16:40:30,790 DEBUG   HandlerThread:29484 [handler.py:handle_request():141] handle_request: stop_status
2022-04-07 16:40:30,791 DEBUG   SenderThread:29484 [sender.py:send_request():249] send_request: stop_status
2022-04-07 16:40:47,646 DEBUG   HandlerThread:29484 [handler.py:handle_request():141] handle_request: stop_status
2022-04-07 16:40:47,646 DEBUG   SenderThread:29484 [sender.py:send_request():249] send_request: stop_status
2022-04-07 16:40:52,389 DEBUG   SenderThread:29484 [sender.py:send():235] send: stats
2022-04-07 16:41:03,556 DEBUG   HandlerThread:29484 [handler.py:handle_request():141] handle_request: stop_status
2022-04-07 16:41:03,556 DEBUG   SenderThread:29484 [sender.py:send_request():249] send_request: stop_status
2022-04-07 16:41:19,172 DEBUG   HandlerThread:29484 [handler.py:handle_request():141] handle_request: stop_status
2022-04-07 16:41:19,173 DEBUG   SenderThread:29484 [sender.py:send_request():249] send_request: stop_status
2022-04-07 16:41:31,187 DEBUG   SenderThread:29484 [sender.py:send():235] send: stats
2022-04-07 16:41:34,797 DEBUG   HandlerThread:29484 [handler.py:handle_request():141] handle_request: stop_status
2022-04-07 16:41:34,797 DEBUG   SenderThread:29484 [sender.py:send_request():249] send_request: stop_status
2022-04-07 16:41:42,083 WARNING MainThread:29484 [internal.py:wandb_internal():155] Internal process interrupt: 1
2022-04-07 16:41:42,497 DEBUG   SenderThread:29484 [sender.py:send():235] send: telemetry
2022-04-07 16:41:43,189 DEBUG   SenderThread:29484 [sender.py:send():235] send: exit
2022-04-07 16:41:43,204 DEBUG   HandlerThread:29484 [handler.py:handle_request():141] handle_request: poll_exit
2022-04-07 16:41:43,189 INFO    SenderThread:29484 [sender.py:send_exit():371] handling exit code: 255
2022-04-07 16:41:43,217 INFO    SenderThread:29484 [sender.py:send_exit():373] handling runtime: 5133
2022-04-07 16:41:43,220 INFO    SenderThread:29484 [sender.py:_save_file():947] saving file wandb-summary.json with policy end
2022-04-07 16:41:43,229 INFO    SenderThread:29484 [sender.py:send_exit():379] send defer
2022-04-07 16:41:43,230 DEBUG   SenderThread:29484 [sender.py:send_request():249] send_request: poll_exit
2022-04-07 16:41:43,233 DEBUG   HandlerThread:29484 [handler.py:handle_request():141] handle_request: defer
2022-04-07 16:41:43,234 INFO    HandlerThread:29484 [handler.py:handle_request_defer():164] handle defer: 0
2022-04-07 16:41:43,235 DEBUG   SenderThread:29484 [sender.py:send_request():249] send_request: defer
2022-04-07 16:41:43,235 INFO    SenderThread:29484 [sender.py:send_request_defer():388] handle sender defer: 0
2022-04-07 16:41:43,235 INFO    SenderThread:29484 [sender.py:transition_state():392] send defer: 1
2022-04-07 16:41:43,236 DEBUG   HandlerThread:29484 [handler.py:handle_request():141] handle_request: defer
2022-04-07 16:41:43,236 INFO    HandlerThread:29484 [handler.py:handle_request_defer():164] handle defer: 1
2022-04-07 16:41:43,507 INFO    Thread-11 :29484 [dir_watcher.py:_on_file_modified():230] file/dir modified: C:\Users\gizem\Documents\GitHub\noisy_fair\wandb\run-20220407_151605-3empmg5l\files\wandb-summary.json
2022-04-07 16:41:43,508 INFO    Thread-11 :29484 [dir_watcher.py:_on_file_modified():230] file/dir modified: C:\Users\gizem\Documents\GitHub\noisy_fair\wandb\run-20220407_151605-3empmg5l\files\output.log
2022-04-07 16:41:43,746 DEBUG   HandlerThread:29484 [handler.py:handle_request():141] handle_request: poll_exit
2022-04-07 16:41:43,746 DEBUG   SenderThread:29484 [sender.py:send_request():249] send_request: defer
2022-04-07 16:41:43,747 INFO    SenderThread:29484 [sender.py:send_request_defer():388] handle sender defer: 1
2022-04-07 16:41:43,748 INFO    SenderThread:29484 [sender.py:transition_state():392] send defer: 2
2022-04-07 16:41:43,748 DEBUG   SenderThread:29484 [sender.py:send_request():249] send_request: poll_exit
2022-04-07 16:41:43,748 DEBUG   SenderThread:29484 [sender.py:send():235] send: stats
2022-04-07 16:41:43,749 DEBUG   HandlerThread:29484 [handler.py:handle_request():141] handle_request: defer
2022-04-07 16:41:43,749 INFO    HandlerThread:29484 [handler.py:handle_request_defer():164] handle defer: 2
2022-04-07 16:41:43,750 DEBUG   SenderThread:29484 [sender.py:send_request():249] send_request: defer
2022-04-07 16:41:43,750 INFO    SenderThread:29484 [sender.py:send_request_defer():388] handle sender defer: 2
2022-04-07 16:41:43,750 INFO    SenderThread:29484 [sender.py:transition_state():392] send defer: 3
2022-04-07 16:41:43,751 DEBUG   HandlerThread:29484 [handler.py:handle_request():141] handle_request: defer
2022-04-07 16:41:43,751 INFO    HandlerThread:29484 [handler.py:handle_request_defer():164] handle defer: 3
2022-04-07 16:41:43,752 DEBUG   SenderThread:29484 [sender.py:send_request():249] send_request: defer
2022-04-07 16:41:43,752 INFO    SenderThread:29484 [sender.py:send_request_defer():388] handle sender defer: 3
2022-04-07 16:41:43,753 INFO    SenderThread:29484 [sender.py:transition_state():392] send defer: 4
2022-04-07 16:41:43,753 DEBUG   HandlerThread:29484 [handler.py:handle_request():141] handle_request: defer
2022-04-07 16:41:43,753 INFO    HandlerThread:29484 [handler.py:handle_request_defer():164] handle defer: 4
2022-04-07 16:41:43,754 DEBUG   SenderThread:29484 [sender.py:send():235] send: summary
2022-04-07 16:41:43,755 INFO    SenderThread:29484 [sender.py:_save_file():947] saving file wandb-summary.json with policy end
2022-04-07 16:41:43,756 DEBUG   SenderThread:29484 [sender.py:send_request():249] send_request: defer
2022-04-07 16:41:43,756 INFO    SenderThread:29484 [sender.py:send_request_defer():388] handle sender defer: 4
2022-04-07 16:41:43,756 INFO    SenderThread:29484 [sender.py:transition_state():392] send defer: 5
2022-04-07 16:41:43,756 DEBUG   HandlerThread:29484 [handler.py:handle_request():141] handle_request: defer
2022-04-07 16:41:43,756 INFO    HandlerThread:29484 [handler.py:handle_request_defer():164] handle defer: 5
2022-04-07 16:41:43,757 DEBUG   SenderThread:29484 [sender.py:send_request():249] send_request: defer
2022-04-07 16:41:43,757 INFO    SenderThread:29484 [sender.py:send_request_defer():388] handle sender defer: 5
2022-04-07 16:41:43,871 DEBUG   HandlerThread:29484 [handler.py:handle_request():141] handle_request: poll_exit
2022-04-07 16:41:44,506 INFO    SenderThread:29484 [sender.py:transition_state():392] send defer: 6
2022-04-07 16:41:44,506 DEBUG   SenderThread:29484 [sender.py:send_request():249] send_request: poll_exit
2022-04-07 16:41:44,506 INFO    Thread-11 :29484 [dir_watcher.py:_on_file_modified():230] file/dir modified: C:\Users\gizem\Documents\GitHub\noisy_fair\wandb\run-20220407_151605-3empmg5l\files\wandb-summary.json
2022-04-07 16:41:44,506 INFO    Thread-11 :29484 [dir_watcher.py:_on_file_modified():230] file/dir modified: C:\Users\gizem\Documents\GitHub\noisy_fair\wandb\run-20220407_151605-3empmg5l\files\config.yaml
2022-04-07 16:41:44,506 DEBUG   HandlerThread:29484 [handler.py:handle_request():141] handle_request: defer
2022-04-07 16:41:44,506 INFO    HandlerThread:29484 [handler.py:handle_request_defer():164] handle defer: 6
2022-04-07 16:41:44,506 DEBUG   SenderThread:29484 [sender.py:send_request():249] send_request: defer
2022-04-07 16:41:44,506 INFO    SenderThread:29484 [sender.py:send_request_defer():388] handle sender defer: 6
2022-04-07 16:41:44,506 INFO    SenderThread:29484 [dir_watcher.py:finish():283] shutting down directory watcher
2022-04-07 16:41:44,506 INFO    SenderThread:29484 [dir_watcher.py:finish():313] scan: C:\Users\gizem\Documents\GitHub\noisy_fair\wandb\run-20220407_151605-3empmg5l\files
2022-04-07 16:41:44,506 INFO    SenderThread:29484 [dir_watcher.py:finish():327] scan save: C:\Users\gizem\Documents\GitHub\noisy_fair\wandb\run-20220407_151605-3empmg5l\files\conda-environment.yaml conda-environment.yaml
2022-04-07 16:41:44,506 INFO    SenderThread:29484 [dir_watcher.py:finish():327] scan save: C:\Users\gizem\Documents\GitHub\noisy_fair\wandb\run-20220407_151605-3empmg5l\files\config.yaml config.yaml
2022-04-07 16:41:44,506 INFO    SenderThread:29484 [dir_watcher.py:finish():327] scan save: C:\Users\gizem\Documents\GitHub\noisy_fair\wandb\run-20220407_151605-3empmg5l\files\output.log output.log
2022-04-07 16:41:44,506 INFO    SenderThread:29484 [dir_watcher.py:finish():327] scan save: C:\Users\gizem\Documents\GitHub\noisy_fair\wandb\run-20220407_151605-3empmg5l\files\requirements.txt requirements.txt
2022-04-07 16:41:44,506 INFO    SenderThread:29484 [dir_watcher.py:finish():327] scan save: C:\Users\gizem\Documents\GitHub\noisy_fair\wandb\run-20220407_151605-3empmg5l\files\wandb-metadata.json wandb-metadata.json
2022-04-07 16:41:44,506 INFO    SenderThread:29484 [dir_watcher.py:finish():327] scan save: C:\Users\gizem\Documents\GitHub\noisy_fair\wandb\run-20220407_151605-3empmg5l\files\wandb-summary.json wandb-summary.json
2022-04-07 16:41:44,532 INFO    SenderThread:29484 [sender.py:transition_state():392] send defer: 7
2022-04-07 16:41:44,540 DEBUG   HandlerThread:29484 [handler.py:handle_request():141] handle_request: defer
2022-04-07 16:41:44,540 INFO    HandlerThread:29484 [handler.py:handle_request_defer():164] handle defer: 7
2022-04-07 16:41:44,540 DEBUG   SenderThread:29484 [sender.py:send_request():249] send_request: defer
2022-04-07 16:41:44,540 INFO    SenderThread:29484 [sender.py:send_request_defer():388] handle sender defer: 7
2022-04-07 16:41:44,540 INFO    SenderThread:29484 [file_pusher.py:finish():145] shutting down file pusher
2022-04-07 16:41:44,607 DEBUG   HandlerThread:29484 [handler.py:handle_request():141] handle_request: poll_exit
2022-04-07 16:41:44,608 DEBUG   SenderThread:29484 [sender.py:send_request():249] send_request: poll_exit
2022-04-07 16:41:44,719 DEBUG   HandlerThread:29484 [handler.py:handle_request():141] handle_request: poll_exit
2022-04-07 16:41:44,720 DEBUG   SenderThread:29484 [sender.py:send_request():249] send_request: poll_exit
2022-04-07 16:41:44,835 DEBUG   HandlerThread:29484 [handler.py:handle_request():141] handle_request: poll_exit
2022-04-07 16:41:44,836 DEBUG   SenderThread:29484 [sender.py:send_request():249] send_request: poll_exit
2022-04-07 16:41:44,951 DEBUG   HandlerThread:29484 [handler.py:handle_request():141] handle_request: poll_exit
2022-04-07 16:41:44,952 DEBUG   SenderThread:29484 [sender.py:send_request():249] send_request: poll_exit
2022-04-07 16:41:45,067 DEBUG   HandlerThread:29484 [handler.py:handle_request():141] handle_request: poll_exit
2022-04-07 16:41:45,068 DEBUG   SenderThread:29484 [sender.py:send_request():249] send_request: poll_exit
2022-04-07 16:41:45,170 DEBUG   HandlerThread:29484 [handler.py:handle_request():141] handle_request: poll_exit
2022-04-07 16:41:45,170 DEBUG   SenderThread:29484 [sender.py:send_request():249] send_request: poll_exit
2022-04-07 16:41:45,271 DEBUG   HandlerThread:29484 [handler.py:handle_request():141] handle_request: poll_exit
2022-04-07 16:41:45,272 DEBUG   SenderThread:29484 [sender.py:send_request():249] send_request: poll_exit
2022-04-07 16:41:45,384 DEBUG   HandlerThread:29484 [handler.py:handle_request():141] handle_request: poll_exit
2022-04-07 16:41:45,384 DEBUG   SenderThread:29484 [sender.py:send_request():249] send_request: poll_exit
2022-04-07 16:41:45,496 DEBUG   HandlerThread:29484 [handler.py:handle_request():141] handle_request: poll_exit
2022-04-07 16:41:45,497 DEBUG   SenderThread:29484 [sender.py:send_request():249] send_request: poll_exit
2022-04-07 16:41:45,603 DEBUG   HandlerThread:29484 [handler.py:handle_request():141] handle_request: poll_exit
2022-04-07 16:41:45,603 DEBUG   SenderThread:29484 [sender.py:send_request():249] send_request: poll_exit
2022-04-07 16:41:45,708 DEBUG   HandlerThread:29484 [handler.py:handle_request():141] handle_request: poll_exit
2022-04-07 16:41:45,709 DEBUG   SenderThread:29484 [sender.py:send_request():249] send_request: poll_exit
2022-04-07 16:41:45,813 DEBUG   HandlerThread:29484 [handler.py:handle_request():141] handle_request: poll_exit
2022-04-07 16:41:45,814 DEBUG   SenderThread:29484 [sender.py:send_request():249] send_request: poll_exit
2022-04-07 16:41:45,918 DEBUG   HandlerThread:29484 [handler.py:handle_request():141] handle_request: poll_exit
2022-04-07 16:41:45,919 DEBUG   SenderThread:29484 [sender.py:send_request():249] send_request: poll_exit
2022-04-07 16:41:46,038 DEBUG   HandlerThread:29484 [handler.py:handle_request():141] handle_request: poll_exit
2022-04-07 16:41:46,038 DEBUG   SenderThread:29484 [sender.py:send_request():249] send_request: poll_exit
2022-04-07 16:41:46,143 DEBUG   HandlerThread:29484 [handler.py:handle_request():141] handle_request: poll_exit
2022-04-07 16:41:46,144 DEBUG   SenderThread:29484 [sender.py:send_request():249] send_request: poll_exit
2022-04-07 16:41:46,254 DEBUG   HandlerThread:29484 [handler.py:handle_request():141] handle_request: poll_exit
2022-04-07 16:41:46,254 DEBUG   SenderThread:29484 [sender.py:send_request():249] send_request: poll_exit
2022-04-07 16:41:46,372 DEBUG   HandlerThread:29484 [handler.py:handle_request():141] handle_request: poll_exit
2022-04-07 16:41:46,373 DEBUG   SenderThread:29484 [sender.py:send_request():249] send_request: poll_exit
2022-04-07 16:41:46,478 DEBUG   HandlerThread:29484 [handler.py:handle_request():141] handle_request: poll_exit
2022-04-07 16:41:46,478 DEBUG   SenderThread:29484 [sender.py:send_request():249] send_request: poll_exit
2022-04-07 16:41:46,582 DEBUG   HandlerThread:29484 [handler.py:handle_request():141] handle_request: poll_exit
2022-04-07 16:41:46,583 DEBUG   SenderThread:29484 [sender.py:send_request():249] send_request: poll_exit
2022-04-07 16:41:46,687 DEBUG   HandlerThread:29484 [handler.py:handle_request():141] handle_request: poll_exit
2022-04-07 16:41:46,688 DEBUG   SenderThread:29484 [sender.py:send_request():249] send_request: poll_exit
2022-04-07 16:41:46,793 DEBUG   HandlerThread:29484 [handler.py:handle_request():141] handle_request: poll_exit
2022-04-07 16:41:46,793 DEBUG   SenderThread:29484 [sender.py:send_request():249] send_request: poll_exit
2022-04-07 16:41:46,912 DEBUG   HandlerThread:29484 [handler.py:handle_request():141] handle_request: poll_exit
2022-04-07 16:41:46,913 DEBUG   SenderThread:29484 [sender.py:send_request():249] send_request: poll_exit
2022-04-07 16:41:47,017 DEBUG   HandlerThread:29484 [handler.py:handle_request():141] handle_request: poll_exit
2022-04-07 16:41:47,017 DEBUG   SenderThread:29484 [sender.py:send_request():249] send_request: poll_exit
2022-04-07 16:41:47,123 DEBUG   HandlerThread:29484 [handler.py:handle_request():141] handle_request: poll_exit
2022-04-07 16:41:47,123 DEBUG   SenderThread:29484 [sender.py:send_request():249] send_request: poll_exit
2022-04-07 16:41:47,242 DEBUG   HandlerThread:29484 [handler.py:handle_request():141] handle_request: poll_exit
2022-04-07 16:41:47,242 DEBUG   SenderThread:29484 [sender.py:send_request():249] send_request: poll_exit
2022-04-07 16:41:47,347 DEBUG   HandlerThread:29484 [handler.py:handle_request():141] handle_request: poll_exit
2022-04-07 16:41:47,347 DEBUG   SenderThread:29484 [sender.py:send_request():249] send_request: poll_exit
2022-04-07 16:41:47,452 DEBUG   HandlerThread:29484 [handler.py:handle_request():141] handle_request: poll_exit
2022-04-07 16:41:47,452 DEBUG   SenderThread:29484 [sender.py:send_request():249] send_request: poll_exit
2022-04-07 16:41:47,465 INFO    Thread-19 :29484 [upload_job.py:push():137] Uploaded file C:\Users\gizem\Documents\GitHub\noisy_fair\wandb\run-20220407_151605-3empmg5l\files\output.log
2022-04-07 16:41:47,485 INFO    Thread-18 :29484 [upload_job.py:push():137] Uploaded file C:\Users\gizem\Documents\GitHub\noisy_fair\wandb\run-20220407_151605-3empmg5l\files\config.yaml
2022-04-07 16:41:47,495 INFO    Thread-20 :29484 [upload_job.py:push():137] Uploaded file C:\Users\gizem\Documents\GitHub\noisy_fair\wandb\run-20220407_151605-3empmg5l\files\requirements.txt
2022-04-07 16:41:47,503 INFO    Thread-21 :29484 [upload_job.py:push():137] Uploaded file C:\Users\gizem\Documents\GitHub\noisy_fair\wandb\run-20220407_151605-3empmg5l\files\wandb-summary.json
2022-04-07 16:41:47,558 DEBUG   HandlerThread:29484 [handler.py:handle_request():141] handle_request: poll_exit
2022-04-07 16:41:47,558 DEBUG   SenderThread:29484 [sender.py:send_request():249] send_request: poll_exit
2022-04-07 16:41:47,665 DEBUG   HandlerThread:29484 [handler.py:handle_request():141] handle_request: poll_exit
2022-04-07 16:41:47,665 DEBUG   SenderThread:29484 [sender.py:send_request():249] send_request: poll_exit
2022-04-07 16:41:47,709 INFO    Thread-10 (_thread_body):29484 [sender.py:transition_state():392] send defer: 8
2022-04-07 16:41:47,710 DEBUG   HandlerThread:29484 [handler.py:handle_request():141] handle_request: defer
2022-04-07 16:41:47,710 INFO    HandlerThread:29484 [handler.py:handle_request_defer():164] handle defer: 8
2022-04-07 16:41:47,710 DEBUG   SenderThread:29484 [sender.py:send_request():249] send_request: defer
2022-04-07 16:41:47,711 INFO    SenderThread:29484 [sender.py:send_request_defer():388] handle sender defer: 8
2022-04-07 16:41:47,772 DEBUG   HandlerThread:29484 [handler.py:handle_request():141] handle_request: poll_exit
2022-04-07 16:41:48,341 INFO    SenderThread:29484 [sender.py:transition_state():392] send defer: 9
2022-04-07 16:41:48,342 DEBUG   SenderThread:29484 [sender.py:send_request():249] send_request: poll_exit
2022-04-07 16:41:48,342 DEBUG   HandlerThread:29484 [handler.py:handle_request():141] handle_request: defer
2022-04-07 16:41:48,343 INFO    HandlerThread:29484 [handler.py:handle_request_defer():164] handle defer: 9
2022-04-07 16:41:48,343 DEBUG   SenderThread:29484 [sender.py:send_request():249] send_request: defer
2022-04-07 16:41:48,343 INFO    SenderThread:29484 [sender.py:send_request_defer():388] handle sender defer: 9
2022-04-07 16:41:48,343 INFO    SenderThread:29484 [sender.py:transition_state():392] send defer: 10
2022-04-07 16:41:48,344 DEBUG   HandlerThread:29484 [handler.py:handle_request():141] handle_request: defer
2022-04-07 16:41:48,344 DEBUG   SenderThread:29484 [sender.py:send():235] send: final
2022-04-07 16:41:48,345 DEBUG   SenderThread:29484 [sender.py:send():235] send: footer
2022-04-07 16:41:48,345 INFO    HandlerThread:29484 [handler.py:handle_request_defer():164] handle defer: 10
2022-04-07 16:41:48,345 DEBUG   SenderThread:29484 [sender.py:send_request():249] send_request: defer
2022-04-07 16:41:48,345 INFO    SenderThread:29484 [sender.py:send_request_defer():388] handle sender defer: 10
2022-04-07 16:41:48,457 DEBUG   HandlerThread:29484 [handler.py:handle_request():141] handle_request: poll_exit
2022-04-07 16:41:48,458 DEBUG   SenderThread:29484 [sender.py:send_request():249] send_request: poll_exit
2022-04-07 16:41:48,458 INFO    SenderThread:29484 [file_pusher.py:join():150] waiting for file pusher
2022-04-07 16:41:50,071 DEBUG   HandlerThread:29484 [handler.py:handle_request():141] handle_request: sampled_history
2022-04-07 16:41:50,071 DEBUG   HandlerThread:29484 [handler.py:handle_request():141] handle_request: get_summary
2022-04-07 16:41:50,071 DEBUG   HandlerThread:29484 [handler.py:handle_request():141] handle_request: shutdown
2022-04-07 16:41:50,071 INFO    HandlerThread:29484 [handler.py:finish():790] shutting down handler
2022-04-07 16:41:50,371 INFO    WriterThread:29484 [datastore.py:close():281] close: C:\Users\gizem\Documents\GitHub\noisy_fair\wandb\run-20220407_151605-3empmg5l\run-3empmg5l.wandb
2022-04-07 16:41:50,954 INFO    SenderThread:29484 [sender.py:finish():1107] shutting down sender
2022-04-07 16:41:50,954 INFO    SenderThread:29484 [file_pusher.py:finish():145] shutting down file pusher
2022-04-07 16:41:50,954 INFO    SenderThread:29484 [file_pusher.py:join():150] waiting for file pusher
2022-04-07 16:41:50,970 INFO    MainThread:29484 [internal.py:handle_exit():82] Internal process exited
