2022-05-06 17:34:46,614 INFO    MainThread:14924 [internal.py:wandb_internal():92] W&B internal server running at pid: 14924, started at: 2022-05-06 17:34:46.614431
2022-05-06 17:34:46,619 INFO    WriterThread:14924 [datastore.py:open_for_write():77] open: C:\Users\gizem\Documents\GitHub\noisy_fair\wandb\run-20220506_173444-1u5z9ymp\run-1u5z9ymp.wandb
2022-05-06 17:34:46,624 DEBUG   SenderThread:14924 [sender.py:send():235] send: header
2022-05-06 17:34:46,624 DEBUG   SenderThread:14924 [sender.py:send():235] send: run
2022-05-06 17:34:48,596 DEBUG   HandlerThread:14924 [handler.py:handle_request():141] handle_request: check_version
2022-05-06 17:34:48,599 INFO    SenderThread:14924 [dir_watcher.py:__init__():169] watching files in: C:\Users\gizem\Documents\GitHub\noisy_fair\wandb\run-20220506_173444-1u5z9ymp\files
2022-05-06 17:34:48,617 INFO    SenderThread:14924 [sender.py:_start_run_threads():812] run started: 1u5z9ymp with start time 1651851285
2022-05-06 17:34:48,617 DEBUG   SenderThread:14924 [sender.py:send():235] send: summary
2022-05-06 17:34:48,617 INFO    SenderThread:14924 [sender.py:_save_file():947] saving file wandb-summary.json with policy end
2022-05-06 17:34:48,618 DEBUG   SenderThread:14924 [sender.py:send_request():249] send_request: check_version
2022-05-06 17:34:49,610 INFO    Thread-11 :14924 [dir_watcher.py:_on_file_created():217] file/dir created: C:\Users\gizem\Documents\GitHub\noisy_fair\wandb\run-20220506_173444-1u5z9ymp\files\wandb-summary.json
2022-05-06 17:34:53,602 DEBUG   HandlerThread:14924 [handler.py:handle_request():141] handle_request: run_start
2022-05-06 17:34:54,724 DEBUG   HandlerThread:14924 [meta.py:__init__():37] meta init
2022-05-06 17:34:54,724 DEBUG   HandlerThread:14924 [meta.py:__init__():51] meta init done
2022-05-06 17:34:54,724 DEBUG   HandlerThread:14924 [meta.py:probe():211] probe
2022-05-06 17:34:54,800 DEBUG   HandlerThread:14924 [meta.py:_setup_git():201] setup git
2022-05-06 17:34:54,939 DEBUG   HandlerThread:14924 [meta.py:_setup_git():208] setup git done
2022-05-06 17:34:54,939 DEBUG   HandlerThread:14924 [meta.py:_save_pip():55] save pip
2022-05-06 17:34:54,955 DEBUG   HandlerThread:14924 [meta.py:_save_pip():69] save pip done
2022-05-06 17:34:54,955 DEBUG   HandlerThread:14924 [meta.py:_save_conda():76] save conda
2022-05-06 17:34:54,959 ERROR   HandlerThread:14924 [meta.py:_save_conda():85] Error saving conda packages
Traceback (most recent call last):
  File "C:\Users\gizem\anaconda3\envs\iw\lib\site-packages\wandb\sdk\internal\meta.py", line 81, in _save_conda
    subprocess.call(
  File "C:\Users\gizem\anaconda3\envs\iw\lib\subprocess.py", line 345, in call
    with Popen(*popenargs, **kwargs) as p:
  File "C:\Users\gizem\anaconda3\envs\iw\lib\subprocess.py", line 966, in __init__
    self._execute_child(args, executable, preexec_fn, close_fds,
  File "C:\Users\gizem\anaconda3\envs\iw\lib\subprocess.py", line 1435, in _execute_child
    hp, ht, pid, tid = _winapi.CreateProcess(executable, args,
FileNotFoundError: [WinError 2] The system cannot find the file specified
2022-05-06 17:34:54,959 DEBUG   HandlerThread:14924 [meta.py:_save_conda():86] save conda done
2022-05-06 17:34:54,959 DEBUG   HandlerThread:14924 [meta.py:probe():249] probe done
2022-05-06 17:34:55,189 DEBUG   SenderThread:14924 [sender.py:send():235] send: files
2022-05-06 17:34:55,189 DEBUG   HandlerThread:14924 [handler.py:handle_request():141] handle_request: stop_status
2022-05-06 17:34:55,189 INFO    SenderThread:14924 [sender.py:_save_file():947] saving file wandb-metadata.json with policy now
2022-05-06 17:34:55,189 DEBUG   SenderThread:14924 [sender.py:send_request():249] send_request: stop_status
2022-05-06 17:34:55,227 DEBUG   HandlerThread:14924 [handler.py:handle_request():141] handle_request: partial_history
2022-05-06 17:34:55,649 INFO    Thread-11 :14924 [dir_watcher.py:_on_file_created():217] file/dir created: C:\Users\gizem\Documents\GitHub\noisy_fair\wandb\run-20220506_173444-1u5z9ymp\files\wandb-metadata.json
2022-05-06 17:34:55,650 INFO    Thread-11 :14924 [dir_watcher.py:_on_file_created():217] file/dir created: C:\Users\gizem\Documents\GitHub\noisy_fair\wandb\run-20220506_173444-1u5z9ymp\files\requirements.txt
2022-05-06 17:34:55,651 INFO    Thread-11 :14924 [dir_watcher.py:_on_file_created():217] file/dir created: C:\Users\gizem\Documents\GitHub\noisy_fair\wandb\run-20220506_173444-1u5z9ymp\files\conda-environment.yaml
2022-05-06 17:34:55,651 INFO    Thread-11 :14924 [dir_watcher.py:_on_file_created():217] file/dir created: C:\Users\gizem\Documents\GitHub\noisy_fair\wandb\run-20220506_173444-1u5z9ymp\files\output.log
2022-05-06 17:34:56,169 DEBUG   HandlerThread:14924 [handler.py:handle_request():141] handle_request: poll_exit
2022-05-06 17:34:56,660 INFO    Thread-11 :14924 [dir_watcher.py:_on_file_modified():230] file/dir modified: C:\Users\gizem\Documents\GitHub\noisy_fair\wandb\run-20220506_173444-1u5z9ymp\files\output.log
2022-05-06 17:35:01,284 DEBUG   HandlerThread:14924 [handler.py:handle_request():141] handle_request: poll_exit
2022-05-06 17:35:06,364 ERROR   Thread-17 :14924 [retry.py:__call__():126] Retry attempt failed:
Traceback (most recent call last):
  File "C:\Users\gizem\anaconda3\envs\iw\lib\site-packages\urllib3\connection.py", line 174, in _new_conn
    conn = connection.create_connection(
  File "C:\Users\gizem\anaconda3\envs\iw\lib\site-packages\urllib3\util\connection.py", line 72, in create_connection
    for res in socket.getaddrinfo(host, port, family, socket.SOCK_STREAM):
  File "C:\Users\gizem\anaconda3\envs\iw\lib\socket.py", line 955, in getaddrinfo
    for res in _socket.getaddrinfo(host, port, family, type, proto, flags):
socket.gaierror: [Errno 11001] getaddrinfo failed

During handling of the above exception, another exception occurred:

Traceback (most recent call last):
  File "C:\Users\gizem\anaconda3\envs\iw\lib\site-packages\urllib3\connectionpool.py", line 703, in urlopen
    httplib_response = self._make_request(
  File "C:\Users\gizem\anaconda3\envs\iw\lib\site-packages\urllib3\connectionpool.py", line 386, in _make_request
    self._validate_conn(conn)
  File "C:\Users\gizem\anaconda3\envs\iw\lib\site-packages\urllib3\connectionpool.py", line 1040, in _validate_conn
    conn.connect()
  File "C:\Users\gizem\anaconda3\envs\iw\lib\site-packages\urllib3\connection.py", line 358, in connect
    self.sock = conn = self._new_conn()
  File "C:\Users\gizem\anaconda3\envs\iw\lib\site-packages\urllib3\connection.py", line 186, in _new_conn
    raise NewConnectionError(
urllib3.exceptions.NewConnectionError: <urllib3.connection.HTTPSConnection object at 0x0000023D6FD520B0>: Failed to establish a new connection: [Errno 11001] getaddrinfo failed

During handling of the above exception, another exception occurred:

Traceback (most recent call last):
  File "C:\Users\gizem\anaconda3\envs\iw\lib\site-packages\requests\adapters.py", line 440, in send
    resp = conn.urlopen(
  File "C:\Users\gizem\anaconda3\envs\iw\lib\site-packages\urllib3\connectionpool.py", line 785, in urlopen
    retries = retries.increment(
  File "C:\Users\gizem\anaconda3\envs\iw\lib\site-packages\urllib3\util\retry.py", line 592, in increment
    raise MaxRetryError(_pool, url, error or ResponseError(cause))
urllib3.exceptions.MaxRetryError: HTTPSConnectionPool(host='api.wandb.ai', port=443): Max retries exceeded with url: /graphql (Caused by NewConnectionError('<urllib3.connection.HTTPSConnection object at 0x0000023D6FD520B0>: Failed to establish a new connection: [Errno 11001] getaddrinfo failed'))

During handling of the above exception, another exception occurred:

Traceback (most recent call last):
  File "C:\Users\gizem\anaconda3\envs\iw\lib\site-packages\wandb\sdk\lib\retry.py", line 102, in __call__
    result = self._call_fn(*args, **kwargs)
  File "C:\Users\gizem\anaconda3\envs\iw\lib\site-packages\wandb\sdk\internal\internal_api.py", line 141, in execute
    return self.client.execute(*args, **kwargs)
  File "C:\Users\gizem\anaconda3\envs\iw\lib\site-packages\wandb\vendor\gql-0.2.0\wandb_gql\client.py", line 52, in execute
    result = self._get_result(document, *args, **kwargs)
  File "C:\Users\gizem\anaconda3\envs\iw\lib\site-packages\wandb\vendor\gql-0.2.0\wandb_gql\client.py", line 60, in _get_result
    return self.transport.execute(document, *args, **kwargs)
  File "C:\Users\gizem\anaconda3\envs\iw\lib\site-packages\wandb\vendor\gql-0.2.0\wandb_gql\transport\requests.py", line 38, in execute
    request = requests.post(self.url, **post_args)
  File "C:\Users\gizem\anaconda3\envs\iw\lib\site-packages\requests\api.py", line 117, in post
    return request('post', url, data=data, json=json, **kwargs)
  File "C:\Users\gizem\anaconda3\envs\iw\lib\site-packages\requests\api.py", line 61, in request
    return session.request(method=method, url=url, **kwargs)
  File "C:\Users\gizem\anaconda3\envs\iw\lib\site-packages\requests\sessions.py", line 529, in request
    resp = self.send(prep, **send_kwargs)
  File "C:\Users\gizem\anaconda3\envs\iw\lib\site-packages\requests\sessions.py", line 645, in send
    r = adapter.send(request, **kwargs)
  File "C:\Users\gizem\anaconda3\envs\iw\lib\site-packages\requests\adapters.py", line 519, in send
    raise ConnectionError(e, request=request)
requests.exceptions.ConnectionError: HTTPSConnectionPool(host='api.wandb.ai', port=443): Max retries exceeded with url: /graphql (Caused by NewConnectionError('<urllib3.connection.HTTPSConnection object at 0x0000023D6FD520B0>: Failed to establish a new connection: [Errno 11001] getaddrinfo failed'))
2022-05-06 17:35:06,399 DEBUG   HandlerThread:14924 [handler.py:handle_request():141] handle_request: poll_exit
2022-05-06 17:35:11,512 DEBUG   HandlerThread:14924 [handler.py:handle_request():141] handle_request: poll_exit
2022-05-06 17:35:14,369 DEBUG   SenderThread:14924 [sender.py:send():235] send: telemetry
2022-05-06 17:35:14,369 DEBUG   SenderThread:14924 [sender.py:send():235] send: history
2022-05-06 17:35:14,369 DEBUG   SenderThread:14924 [sender.py:send():235] send: summary
2022-05-06 17:35:14,374 INFO    SenderThread:14924 [sender.py:_save_file():947] saving file wandb-summary.json with policy end
2022-05-06 17:35:14,374 DEBUG   SenderThread:14924 [sender.py:send():235] send: telemetry
2022-05-06 17:35:14,374 DEBUG   SenderThread:14924 [sender.py:send():235] send: telemetry
2022-05-06 17:35:14,379 DEBUG   SenderThread:14924 [sender.py:send():235] send: exit
2022-05-06 17:35:14,379 INFO    SenderThread:14924 [sender.py:send_exit():371] handling exit code: 0
2022-05-06 17:35:14,379 INFO    SenderThread:14924 [sender.py:send_exit():373] handling runtime: 2
2022-05-06 17:35:14,380 INFO    SenderThread:14924 [sender.py:_save_file():947] saving file wandb-summary.json with policy end
2022-05-06 17:35:14,381 INFO    SenderThread:14924 [sender.py:send_exit():379] send defer
2022-05-06 17:35:14,381 DEBUG   SenderThread:14924 [sender.py:send_request():249] send_request: poll_exit
2022-05-06 17:35:14,381 DEBUG   SenderThread:14924 [sender.py:send_request():249] send_request: poll_exit
2022-05-06 17:35:14,381 DEBUG   SenderThread:14924 [sender.py:send_request():249] send_request: poll_exit
2022-05-06 17:35:14,381 DEBUG   SenderThread:14924 [sender.py:send_request():249] send_request: poll_exit
2022-05-06 17:35:14,381 DEBUG   HandlerThread:14924 [handler.py:handle_request():141] handle_request: defer
2022-05-06 17:35:14,381 INFO    HandlerThread:14924 [handler.py:handle_request_defer():164] handle defer: 0
2022-05-06 17:35:14,381 DEBUG   SenderThread:14924 [sender.py:send_request():249] send_request: defer
2022-05-06 17:35:14,381 INFO    SenderThread:14924 [sender.py:send_request_defer():388] handle sender defer: 0
2022-05-06 17:35:14,381 INFO    SenderThread:14924 [sender.py:transition_state():392] send defer: 1
2022-05-06 17:35:14,381 DEBUG   HandlerThread:14924 [handler.py:handle_request():141] handle_request: defer
2022-05-06 17:35:14,381 INFO    HandlerThread:14924 [handler.py:handle_request_defer():164] handle defer: 1
2022-05-06 17:35:14,808 INFO    Thread-11 :14924 [dir_watcher.py:_on_file_modified():230] file/dir modified: C:\Users\gizem\Documents\GitHub\noisy_fair\wandb\run-20220506_173444-1u5z9ymp\files\wandb-summary.json
2022-05-06 17:35:14,831 DEBUG   SenderThread:14924 [sender.py:send_request():249] send_request: defer
2022-05-06 17:35:14,831 INFO    SenderThread:14924 [sender.py:send_request_defer():388] handle sender defer: 1
2022-05-06 17:35:14,831 INFO    SenderThread:14924 [sender.py:transition_state():392] send defer: 2
2022-05-06 17:35:14,831 DEBUG   HandlerThread:14924 [handler.py:handle_request():141] handle_request: poll_exit
2022-05-06 17:35:14,836 DEBUG   SenderThread:14924 [sender.py:send_request():249] send_request: poll_exit
2022-05-06 17:35:14,836 DEBUG   SenderThread:14924 [sender.py:send():235] send: stats
2022-05-06 17:35:14,837 DEBUG   HandlerThread:14924 [handler.py:handle_request():141] handle_request: defer
2022-05-06 17:35:14,837 INFO    HandlerThread:14924 [handler.py:handle_request_defer():164] handle defer: 2
2022-05-06 17:35:14,837 DEBUG   SenderThread:14924 [sender.py:send_request():249] send_request: defer
2022-05-06 17:35:14,838 INFO    SenderThread:14924 [sender.py:send_request_defer():388] handle sender defer: 2
2022-05-06 17:35:14,838 INFO    SenderThread:14924 [sender.py:transition_state():392] send defer: 3
2022-05-06 17:35:14,839 DEBUG   HandlerThread:14924 [handler.py:handle_request():141] handle_request: defer
2022-05-06 17:35:14,839 INFO    HandlerThread:14924 [handler.py:handle_request_defer():164] handle defer: 3
2022-05-06 17:35:14,839 DEBUG   SenderThread:14924 [sender.py:send_request():249] send_request: defer
2022-05-06 17:35:14,839 INFO    SenderThread:14924 [sender.py:send_request_defer():388] handle sender defer: 3
2022-05-06 17:35:14,839 INFO    SenderThread:14924 [sender.py:transition_state():392] send defer: 4
2022-05-06 17:35:14,839 DEBUG   HandlerThread:14924 [handler.py:handle_request():141] handle_request: defer
2022-05-06 17:35:14,839 INFO    HandlerThread:14924 [handler.py:handle_request_defer():164] handle defer: 4
2022-05-06 17:35:14,839 DEBUG   SenderThread:14924 [sender.py:send():235] send: summary
2022-05-06 17:35:14,839 INFO    SenderThread:14924 [sender.py:_save_file():947] saving file wandb-summary.json with policy end
2022-05-06 17:35:14,839 DEBUG   SenderThread:14924 [sender.py:send_request():249] send_request: defer
2022-05-06 17:35:14,839 INFO    SenderThread:14924 [sender.py:send_request_defer():388] handle sender defer: 4
2022-05-06 17:35:14,839 INFO    SenderThread:14924 [sender.py:transition_state():392] send defer: 5
2022-05-06 17:35:14,839 DEBUG   HandlerThread:14924 [handler.py:handle_request():141] handle_request: defer
2022-05-06 17:35:14,839 INFO    HandlerThread:14924 [handler.py:handle_request_defer():164] handle defer: 5
2022-05-06 17:35:14,839 DEBUG   SenderThread:14924 [sender.py:send_request():249] send_request: defer
2022-05-06 17:35:14,839 INFO    SenderThread:14924 [sender.py:send_request_defer():388] handle sender defer: 5
2022-05-06 17:35:14,946 DEBUG   HandlerThread:14924 [handler.py:handle_request():141] handle_request: poll_exit
2022-05-06 17:35:15,699 INFO    Thread-17 :14924 [upload_job.py:push():137] Uploaded file C:\Users\gizem\AppData\Local\Temp\tmpjanmxc5ywandb\1lz0tnlt-wandb-metadata.json
2022-05-06 17:35:15,820 INFO    Thread-11 :14924 [dir_watcher.py:_on_file_modified():230] file/dir modified: C:\Users\gizem\Documents\GitHub\noisy_fair\wandb\run-20220506_173444-1u5z9ymp\files\wandb-summary.json
2022-05-06 17:35:15,879 INFO    SenderThread:14924 [sender.py:transition_state():392] send defer: 6
2022-05-06 17:35:15,879 DEBUG   SenderThread:14924 [sender.py:send_request():249] send_request: poll_exit
2022-05-06 17:35:15,880 DEBUG   HandlerThread:14924 [handler.py:handle_request():141] handle_request: defer
2022-05-06 17:35:15,880 INFO    HandlerThread:14924 [handler.py:handle_request_defer():164] handle defer: 6
2022-05-06 17:35:15,880 DEBUG   SenderThread:14924 [sender.py:send_request():249] send_request: defer
2022-05-06 17:35:15,880 INFO    SenderThread:14924 [sender.py:send_request_defer():388] handle sender defer: 6
2022-05-06 17:35:15,880 INFO    SenderThread:14924 [dir_watcher.py:finish():283] shutting down directory watcher
2022-05-06 17:35:15,990 DEBUG   HandlerThread:14924 [handler.py:handle_request():141] handle_request: poll_exit
2022-05-06 17:35:16,832 INFO    SenderThread:14924 [dir_watcher.py:_on_file_modified():230] file/dir modified: C:\Users\gizem\Documents\GitHub\noisy_fair\wandb\run-20220506_173444-1u5z9ymp\files\config.yaml
2022-05-06 17:35:16,833 INFO    SenderThread:14924 [dir_watcher.py:finish():313] scan: C:\Users\gizem\Documents\GitHub\noisy_fair\wandb\run-20220506_173444-1u5z9ymp\files
2022-05-06 17:35:16,833 INFO    SenderThread:14924 [dir_watcher.py:finish():327] scan save: C:\Users\gizem\Documents\GitHub\noisy_fair\wandb\run-20220506_173444-1u5z9ymp\files\conda-environment.yaml conda-environment.yaml
2022-05-06 17:35:16,834 INFO    SenderThread:14924 [dir_watcher.py:finish():327] scan save: C:\Users\gizem\Documents\GitHub\noisy_fair\wandb\run-20220506_173444-1u5z9ymp\files\config.yaml config.yaml
2022-05-06 17:35:16,834 INFO    SenderThread:14924 [dir_watcher.py:finish():327] scan save: C:\Users\gizem\Documents\GitHub\noisy_fair\wandb\run-20220506_173444-1u5z9ymp\files\output.log output.log
2022-05-06 17:35:16,835 INFO    SenderThread:14924 [dir_watcher.py:finish():327] scan save: C:\Users\gizem\Documents\GitHub\noisy_fair\wandb\run-20220506_173444-1u5z9ymp\files\requirements.txt requirements.txt
2022-05-06 17:35:16,847 INFO    SenderThread:14924 [dir_watcher.py:finish():327] scan save: C:\Users\gizem\Documents\GitHub\noisy_fair\wandb\run-20220506_173444-1u5z9ymp\files\wandb-metadata.json wandb-metadata.json
2022-05-06 17:35:16,849 INFO    SenderThread:14924 [dir_watcher.py:finish():327] scan save: C:\Users\gizem\Documents\GitHub\noisy_fair\wandb\run-20220506_173444-1u5z9ymp\files\wandb-summary.json wandb-summary.json
2022-05-06 17:35:16,849 INFO    SenderThread:14924 [sender.py:transition_state():392] send defer: 7
2022-05-06 17:35:16,855 DEBUG   SenderThread:14924 [sender.py:send_request():249] send_request: poll_exit
2022-05-06 17:35:16,859 DEBUG   HandlerThread:14924 [handler.py:handle_request():141] handle_request: defer
2022-05-06 17:35:16,859 INFO    HandlerThread:14924 [handler.py:handle_request_defer():164] handle defer: 7
2022-05-06 17:35:16,859 DEBUG   SenderThread:14924 [sender.py:send_request():249] send_request: defer
2022-05-06 17:35:16,859 INFO    SenderThread:14924 [sender.py:send_request_defer():388] handle sender defer: 7
2022-05-06 17:35:16,859 INFO    SenderThread:14924 [file_pusher.py:finish():145] shutting down file pusher
2022-05-06 17:35:16,962 DEBUG   HandlerThread:14924 [handler.py:handle_request():141] handle_request: poll_exit
2022-05-06 17:35:16,962 DEBUG   SenderThread:14924 [sender.py:send_request():249] send_request: poll_exit
2022-05-06 17:35:17,069 DEBUG   HandlerThread:14924 [handler.py:handle_request():141] handle_request: poll_exit
2022-05-06 17:35:17,069 DEBUG   SenderThread:14924 [sender.py:send_request():249] send_request: poll_exit
2022-05-06 17:35:17,180 DEBUG   HandlerThread:14924 [handler.py:handle_request():141] handle_request: poll_exit
2022-05-06 17:35:17,180 DEBUG   SenderThread:14924 [sender.py:send_request():249] send_request: poll_exit
2022-05-06 17:35:17,289 DEBUG   HandlerThread:14924 [handler.py:handle_request():141] handle_request: poll_exit
2022-05-06 17:35:17,289 DEBUG   SenderThread:14924 [sender.py:send_request():249] send_request: poll_exit
2022-05-06 17:35:17,399 DEBUG   HandlerThread:14924 [handler.py:handle_request():141] handle_request: poll_exit
2022-05-06 17:35:17,399 DEBUG   SenderThread:14924 [sender.py:send_request():249] send_request: poll_exit
2022-05-06 17:35:17,507 DEBUG   HandlerThread:14924 [handler.py:handle_request():141] handle_request: poll_exit
2022-05-06 17:35:17,508 DEBUG   SenderThread:14924 [sender.py:send_request():249] send_request: poll_exit
2022-05-06 17:35:17,617 DEBUG   HandlerThread:14924 [handler.py:handle_request():141] handle_request: poll_exit
2022-05-06 17:35:17,617 DEBUG   SenderThread:14924 [sender.py:send_request():249] send_request: poll_exit
2022-05-06 17:35:17,728 DEBUG   HandlerThread:14924 [handler.py:handle_request():141] handle_request: poll_exit
2022-05-06 17:35:17,728 DEBUG   SenderThread:14924 [sender.py:send_request():249] send_request: poll_exit
2022-05-06 17:35:17,829 DEBUG   HandlerThread:14924 [handler.py:handle_request():141] handle_request: poll_exit
2022-05-06 17:35:17,829 DEBUG   SenderThread:14924 [sender.py:send_request():249] send_request: poll_exit
2022-05-06 17:35:17,937 DEBUG   HandlerThread:14924 [handler.py:handle_request():141] handle_request: poll_exit
2022-05-06 17:35:17,937 DEBUG   SenderThread:14924 [sender.py:send_request():249] send_request: poll_exit
2022-05-06 17:35:18,044 DEBUG   HandlerThread:14924 [handler.py:handle_request():141] handle_request: poll_exit
2022-05-06 17:35:18,044 DEBUG   SenderThread:14924 [sender.py:send_request():249] send_request: poll_exit
2022-05-06 17:35:18,159 DEBUG   HandlerThread:14924 [handler.py:handle_request():141] handle_request: poll_exit
2022-05-06 17:35:18,159 DEBUG   SenderThread:14924 [sender.py:send_request():249] send_request: poll_exit
2022-05-06 17:35:18,265 DEBUG   HandlerThread:14924 [handler.py:handle_request():141] handle_request: poll_exit
2022-05-06 17:35:18,265 DEBUG   SenderThread:14924 [sender.py:send_request():249] send_request: poll_exit
2022-05-06 17:35:18,371 DEBUG   HandlerThread:14924 [handler.py:handle_request():141] handle_request: poll_exit
2022-05-06 17:35:18,371 DEBUG   SenderThread:14924 [sender.py:send_request():249] send_request: poll_exit
2022-05-06 17:35:18,477 DEBUG   HandlerThread:14924 [handler.py:handle_request():141] handle_request: poll_exit
2022-05-06 17:35:18,477 DEBUG   SenderThread:14924 [sender.py:send_request():249] send_request: poll_exit
2022-05-06 17:35:18,579 DEBUG   HandlerThread:14924 [handler.py:handle_request():141] handle_request: poll_exit
2022-05-06 17:35:18,579 DEBUG   SenderThread:14924 [sender.py:send_request():249] send_request: poll_exit
2022-05-06 17:35:18,689 DEBUG   HandlerThread:14924 [handler.py:handle_request():141] handle_request: poll_exit
2022-05-06 17:35:18,690 DEBUG   SenderThread:14924 [sender.py:send_request():249] send_request: poll_exit
2022-05-06 17:35:18,797 DEBUG   HandlerThread:14924 [handler.py:handle_request():141] handle_request: poll_exit
2022-05-06 17:35:18,797 DEBUG   SenderThread:14924 [sender.py:send_request():249] send_request: poll_exit
2022-05-06 17:35:18,909 DEBUG   HandlerThread:14924 [handler.py:handle_request():141] handle_request: poll_exit
2022-05-06 17:35:18,909 DEBUG   SenderThread:14924 [sender.py:send_request():249] send_request: poll_exit
2022-05-06 17:35:19,018 DEBUG   HandlerThread:14924 [handler.py:handle_request():141] handle_request: poll_exit
2022-05-06 17:35:19,019 DEBUG   SenderThread:14924 [sender.py:send_request():249] send_request: poll_exit
2022-05-06 17:35:19,131 DEBUG   HandlerThread:14924 [handler.py:handle_request():141] handle_request: poll_exit
2022-05-06 17:35:19,131 DEBUG   SenderThread:14924 [sender.py:send_request():249] send_request: poll_exit
2022-05-06 17:35:19,244 DEBUG   HandlerThread:14924 [handler.py:handle_request():141] handle_request: poll_exit
2022-05-06 17:35:19,244 DEBUG   SenderThread:14924 [sender.py:send_request():249] send_request: poll_exit
2022-05-06 17:35:19,357 DEBUG   HandlerThread:14924 [handler.py:handle_request():141] handle_request: poll_exit
2022-05-06 17:35:19,359 DEBUG   SenderThread:14924 [sender.py:send_request():249] send_request: poll_exit
2022-05-06 17:35:19,469 DEBUG   HandlerThread:14924 [handler.py:handle_request():141] handle_request: poll_exit
2022-05-06 17:35:19,469 DEBUG   SenderThread:14924 [sender.py:send_request():249] send_request: poll_exit
2022-05-06 17:35:19,579 DEBUG   HandlerThread:14924 [handler.py:handle_request():141] handle_request: poll_exit
2022-05-06 17:35:19,579 DEBUG   SenderThread:14924 [sender.py:send_request():249] send_request: poll_exit
2022-05-06 17:35:19,609 INFO    Thread-21 :14924 [upload_job.py:push():137] Uploaded file C:\Users\gizem\Documents\GitHub\noisy_fair\wandb\run-20220506_173444-1u5z9ymp\files\wandb-summary.json
2022-05-06 17:35:19,689 INFO    Thread-18 :14924 [upload_job.py:push():137] Uploaded file C:\Users\gizem\Documents\GitHub\noisy_fair\wandb\run-20220506_173444-1u5z9ymp\files\config.yaml
2022-05-06 17:35:19,689 INFO    Thread-20 :14924 [upload_job.py:push():137] Uploaded file C:\Users\gizem\Documents\GitHub\noisy_fair\wandb\run-20220506_173444-1u5z9ymp\files\requirements.txt
2022-05-06 17:35:19,689 DEBUG   HandlerThread:14924 [handler.py:handle_request():141] handle_request: poll_exit
2022-05-06 17:35:19,689 INFO    Thread-19 :14924 [upload_job.py:push():137] Uploaded file C:\Users\gizem\Documents\GitHub\noisy_fair\wandb\run-20220506_173444-1u5z9ymp\files\output.log
2022-05-06 17:35:19,689 DEBUG   SenderThread:14924 [sender.py:send_request():249] send_request: poll_exit
2022-05-06 17:35:19,795 DEBUG   HandlerThread:14924 [handler.py:handle_request():141] handle_request: poll_exit
2022-05-06 17:35:19,795 DEBUG   SenderThread:14924 [sender.py:send_request():249] send_request: poll_exit
2022-05-06 17:35:19,895 INFO    Thread-10 (_thread_body):14924 [sender.py:transition_state():392] send defer: 8
2022-05-06 17:35:19,895 DEBUG   HandlerThread:14924 [handler.py:handle_request():141] handle_request: defer
2022-05-06 17:35:19,895 INFO    HandlerThread:14924 [handler.py:handle_request_defer():164] handle defer: 8
2022-05-06 17:35:19,895 DEBUG   SenderThread:14924 [sender.py:send_request():249] send_request: defer
2022-05-06 17:35:19,895 INFO    SenderThread:14924 [sender.py:send_request_defer():388] handle sender defer: 8
2022-05-06 17:35:19,904 DEBUG   HandlerThread:14924 [handler.py:handle_request():141] handle_request: poll_exit
2022-05-06 17:35:20,149 INFO    SenderThread:14924 [sender.py:transition_state():392] send defer: 9
2022-05-06 17:35:20,149 DEBUG   SenderThread:14924 [sender.py:send_request():249] send_request: poll_exit
2022-05-06 17:35:20,149 DEBUG   HandlerThread:14924 [handler.py:handle_request():141] handle_request: defer
2022-05-06 17:35:20,149 INFO    HandlerThread:14924 [handler.py:handle_request_defer():164] handle defer: 9
2022-05-06 17:35:20,149 DEBUG   SenderThread:14924 [sender.py:send_request():249] send_request: defer
2022-05-06 17:35:20,154 INFO    SenderThread:14924 [sender.py:send_request_defer():388] handle sender defer: 9
2022-05-06 17:35:20,154 INFO    SenderThread:14924 [sender.py:transition_state():392] send defer: 10
2022-05-06 17:35:20,154 DEBUG   SenderThread:14924 [sender.py:send():235] send: final
2022-05-06 17:35:20,154 DEBUG   SenderThread:14924 [sender.py:send():235] send: footer
2022-05-06 17:35:20,154 DEBUG   HandlerThread:14924 [handler.py:handle_request():141] handle_request: defer
2022-05-06 17:35:20,154 INFO    HandlerThread:14924 [handler.py:handle_request_defer():164] handle defer: 10
2022-05-06 17:35:20,154 DEBUG   SenderThread:14924 [sender.py:send_request():249] send_request: defer
2022-05-06 17:35:20,154 INFO    SenderThread:14924 [sender.py:send_request_defer():388] handle sender defer: 10
2022-05-06 17:35:20,259 DEBUG   HandlerThread:14924 [handler.py:handle_request():141] handle_request: poll_exit
2022-05-06 17:35:20,262 DEBUG   SenderThread:14924 [sender.py:send_request():249] send_request: poll_exit
2022-05-06 17:35:20,262 INFO    SenderThread:14924 [file_pusher.py:join():150] waiting for file pusher
2022-05-06 17:35:22,419 DEBUG   HandlerThread:14924 [handler.py:handle_request():141] handle_request: sampled_history
2022-05-06 17:35:22,419 DEBUG   HandlerThread:14924 [handler.py:handle_request():141] handle_request: get_summary
2022-05-06 17:35:22,419 DEBUG   HandlerThread:14924 [handler.py:handle_request():141] handle_request: shutdown
2022-05-06 17:35:22,424 INFO    HandlerThread:14924 [handler.py:finish():790] shutting down handler
2022-05-06 17:35:23,169 INFO    WriterThread:14924 [datastore.py:close():281] close: C:\Users\gizem\Documents\GitHub\noisy_fair\wandb\run-20220506_173444-1u5z9ymp\run-1u5z9ymp.wandb
2022-05-06 17:35:23,317 INFO    SenderThread:14924 [sender.py:finish():1107] shutting down sender
2022-05-06 17:35:23,317 INFO    SenderThread:14924 [file_pusher.py:finish():145] shutting down file pusher
2022-05-06 17:35:23,318 INFO    SenderThread:14924 [file_pusher.py:join():150] waiting for file pusher
2022-05-06 17:35:23,325 INFO    MainThread:14924 [internal.py:handle_exit():82] Internal process exited
