2022-04-26 14:39:49,295 INFO    MainThread:35008 [internal.py:wandb_internal():92] W&B internal server running at pid: 35008, started at: 2022-04-26 14:39:49.295146
2022-04-26 14:39:49,297 INFO    WriterThread:35008 [datastore.py:open_for_write():77] open: C:\Users\gizem\Documents\GitHub\noisy_fair\wandb\run-20220426_143947-3g55gdxy\run-3g55gdxy.wandb
2022-04-26 14:39:49,301 DEBUG   SenderThread:35008 [sender.py:send():235] send: header
2022-04-26 14:39:49,301 DEBUG   SenderThread:35008 [sender.py:send():235] send: run
2022-04-26 14:39:49,997 INFO    SenderThread:35008 [dir_watcher.py:__init__():169] watching files in: C:\Users\gizem\Documents\GitHub\noisy_fair\wandb\run-20220426_143947-3g55gdxy\files
2022-04-26 14:39:49,998 DEBUG   HandlerThread:35008 [handler.py:handle_request():141] handle_request: check_version
2022-04-26 14:39:49,998 INFO    SenderThread:35008 [sender.py:_start_run_threads():812] run started: 3g55gdxy with start time 1650976787
2022-04-26 14:39:49,999 DEBUG   SenderThread:35008 [sender.py:send():235] send: summary
2022-04-26 14:39:49,999 INFO    SenderThread:35008 [sender.py:_save_file():947] saving file wandb-summary.json with policy end
2022-04-26 14:39:50,000 DEBUG   SenderThread:35008 [sender.py:send_request():249] send_request: check_version
2022-04-26 14:39:50,629 DEBUG   HandlerThread:35008 [handler.py:handle_request():141] handle_request: run_start
2022-04-26 14:39:51,012 INFO    Thread-11 :35008 [dir_watcher.py:_on_file_created():217] file/dir created: C:\Users\gizem\Documents\GitHub\noisy_fair\wandb\run-20220426_143947-3g55gdxy\files\wandb-summary.json
2022-04-26 14:39:51,744 DEBUG   HandlerThread:35008 [meta.py:__init__():37] meta init
2022-04-26 14:39:51,744 DEBUG   HandlerThread:35008 [meta.py:__init__():51] meta init done
2022-04-26 14:39:51,744 DEBUG   HandlerThread:35008 [meta.py:probe():211] probe
2022-04-26 14:39:51,817 DEBUG   HandlerThread:35008 [meta.py:_setup_git():201] setup git
2022-04-26 14:39:51,916 DEBUG   HandlerThread:35008 [meta.py:_setup_git():208] setup git done
2022-04-26 14:39:51,916 DEBUG   HandlerThread:35008 [meta.py:_save_pip():55] save pip
2022-04-26 14:39:51,918 DEBUG   HandlerThread:35008 [meta.py:_save_pip():69] save pip done
2022-04-26 14:39:51,918 DEBUG   HandlerThread:35008 [meta.py:_save_conda():76] save conda
2022-04-26 14:39:51,922 ERROR   HandlerThread:35008 [meta.py:_save_conda():85] Error saving conda packages
Traceback (most recent call last):
  File "C:\Users\gizem\anaconda3\envs\iw\lib\site-packages\wandb\sdk\internal\meta.py", line 81, in _save_conda
    subprocess.call(
  File "C:\Users\gizem\anaconda3\envs\iw\lib\subprocess.py", line 345, in call
    with Popen(*popenargs, **kwargs) as p:
  File "C:\Users\gizem\anaconda3\envs\iw\lib\subprocess.py", line 966, in __init__
    self._execute_child(args, executable, preexec_fn, close_fds,
  File "C:\Users\gizem\anaconda3\envs\iw\lib\subprocess.py", line 1435, in _execute_child
    hp, ht, pid, tid = _winapi.CreateProcess(executable, args,
FileNotFoundError: [WinError 2] The system cannot find the file specified
2022-04-26 14:39:51,924 DEBUG   HandlerThread:35008 [meta.py:_save_conda():86] save conda done
2022-04-26 14:39:51,925 DEBUG   HandlerThread:35008 [meta.py:probe():249] probe done
2022-04-26 14:39:52,016 INFO    Thread-11 :35008 [dir_watcher.py:_on_file_created():217] file/dir created: C:\Users\gizem\Documents\GitHub\noisy_fair\wandb\run-20220426_143947-3g55gdxy\files\conda-environment.yaml
2022-04-26 14:39:52,016 INFO    Thread-11 :35008 [dir_watcher.py:_on_file_created():217] file/dir created: C:\Users\gizem\Documents\GitHub\noisy_fair\wandb\run-20220426_143947-3g55gdxy\files\wandb-metadata.json
2022-04-26 14:39:52,017 INFO    Thread-11 :35008 [dir_watcher.py:_on_file_created():217] file/dir created: C:\Users\gizem\Documents\GitHub\noisy_fair\wandb\run-20220426_143947-3g55gdxy\files\requirements.txt
2022-04-26 14:39:52,123 DEBUG   HandlerThread:35008 [handler.py:handle_request():141] handle_request: stop_status
2022-04-26 14:39:52,123 DEBUG   SenderThread:35008 [sender.py:send():235] send: files
2022-04-26 14:39:52,124 INFO    SenderThread:35008 [sender.py:_save_file():947] saving file wandb-metadata.json with policy now
2022-04-26 14:39:52,125 DEBUG   SenderThread:35008 [sender.py:send_request():249] send_request: stop_status
2022-04-26 14:39:53,020 INFO    Thread-11 :35008 [dir_watcher.py:_on_file_created():217] file/dir created: C:\Users\gizem\Documents\GitHub\noisy_fair\wandb\run-20220426_143947-3g55gdxy\files\output.log
2022-04-26 14:39:53,161 DEBUG   SenderThread:35008 [sender.py:send():235] send: telemetry
2022-04-26 14:39:54,072 INFO    Thread-17 :35008 [upload_job.py:push():137] Uploaded file C:\Users\gizem\AppData\Local\Temp\tmpj_nx4bhbwandb\32zp3idf-wandb-metadata.json
2022-04-26 14:39:55,038 INFO    Thread-11 :35008 [dir_watcher.py:_on_file_modified():230] file/dir modified: C:\Users\gizem\Documents\GitHub\noisy_fair\wandb\run-20220426_143947-3g55gdxy\files\output.log
2022-04-26 14:39:59,074 INFO    Thread-11 :35008 [dir_watcher.py:_on_file_modified():230] file/dir modified: C:\Users\gizem\Documents\GitHub\noisy_fair\wandb\run-20220426_143947-3g55gdxy\files\output.log
2022-04-26 14:40:08,164 DEBUG   HandlerThread:35008 [handler.py:handle_request():141] handle_request: stop_status
2022-04-26 14:40:08,165 DEBUG   SenderThread:35008 [sender.py:send_request():249] send_request: stop_status
2022-04-26 14:40:28,185 DEBUG   HandlerThread:35008 [handler.py:handle_request():141] handle_request: stop_status
2022-04-26 14:40:40,522 WARNING FileStreamThread:35008 [file_stream.py:request_with_retry():594] requests_with_retry encountered retryable exception: 500 Server Error: Internal Server Error for url: https://api.wandb.ai/files/sml-eth/noisy-fair/3g55gdxy/file_stream. func: <bound method Session.post of <requests.sessions.Session object at 0x0000016D66BFEF20>>, args: ('https://api.wandb.ai/files/sml-eth/noisy-fair/3g55gdxy/file_stream',), kwargs: {'json': {'files': {'output.log': {'offset': 1, 'content': ['2022-04-26T12:39:58.104282 CMM train_err=0.0, err=2.305000066757202\n']}}, 'dropped': 0}}
2022-04-26 14:40:43,838 ERROR   SenderThread:35008 [retry.py:__call__():126] Retry attempt failed:
Traceback (most recent call last):
  File "C:\Users\gizem\anaconda3\envs\iw\lib\site-packages\urllib3\connectionpool.py", line 449, in _make_request
    six.raise_from(e, None)
  File "<string>", line 3, in raise_from
  File "C:\Users\gizem\anaconda3\envs\iw\lib\site-packages\urllib3\connectionpool.py", line 444, in _make_request
    httplib_response = conn.getresponse()
  File "C:\Users\gizem\anaconda3\envs\iw\lib\http\client.py", line 1374, in getresponse
    response.begin()
  File "C:\Users\gizem\anaconda3\envs\iw\lib\http\client.py", line 318, in begin
    version, status, reason = self._read_status()
  File "C:\Users\gizem\anaconda3\envs\iw\lib\http\client.py", line 279, in _read_status
    line = str(self.fp.readline(_MAXLINE + 1), "iso-8859-1")
  File "C:\Users\gizem\anaconda3\envs\iw\lib\socket.py", line 705, in readinto
    return self._sock.recv_into(b)
  File "C:\Users\gizem\anaconda3\envs\iw\lib\ssl.py", line 1273, in recv_into
    return self.read(nbytes, buffer)
  File "C:\Users\gizem\anaconda3\envs\iw\lib\ssl.py", line 1129, in read
    return self._sslobj.read(len, buffer)
TimeoutError: The read operation timed out

During handling of the above exception, another exception occurred:

Traceback (most recent call last):
  File "C:\Users\gizem\anaconda3\envs\iw\lib\site-packages\requests\adapters.py", line 440, in send
    resp = conn.urlopen(
  File "C:\Users\gizem\anaconda3\envs\iw\lib\site-packages\urllib3\connectionpool.py", line 785, in urlopen
    retries = retries.increment(
  File "C:\Users\gizem\anaconda3\envs\iw\lib\site-packages\urllib3\util\retry.py", line 550, in increment
    raise six.reraise(type(error), error, _stacktrace)
  File "C:\Users\gizem\anaconda3\envs\iw\lib\site-packages\urllib3\packages\six.py", line 770, in reraise
    raise value
  File "C:\Users\gizem\anaconda3\envs\iw\lib\site-packages\urllib3\connectionpool.py", line 703, in urlopen
    httplib_response = self._make_request(
  File "C:\Users\gizem\anaconda3\envs\iw\lib\site-packages\urllib3\connectionpool.py", line 451, in _make_request
    self._raise_timeout(err=e, url=url, timeout_value=read_timeout)
  File "C:\Users\gizem\anaconda3\envs\iw\lib\site-packages\urllib3\connectionpool.py", line 340, in _raise_timeout
    raise ReadTimeoutError(
urllib3.exceptions.ReadTimeoutError: HTTPSConnectionPool(host='api.wandb.ai', port=443): Read timed out. (read timeout=10)

During handling of the above exception, another exception occurred:

Traceback (most recent call last):
  File "C:\Users\gizem\anaconda3\envs\iw\lib\site-packages\wandb\sdk\lib\retry.py", line 102, in __call__
    result = self._call_fn(*args, **kwargs)
  File "C:\Users\gizem\anaconda3\envs\iw\lib\site-packages\wandb\sdk\internal\internal_api.py", line 141, in execute
    return self.client.execute(*args, **kwargs)
  File "C:\Users\gizem\anaconda3\envs\iw\lib\site-packages\wandb\vendor\gql-0.2.0\wandb_gql\client.py", line 52, in execute
    result = self._get_result(document, *args, **kwargs)
  File "C:\Users\gizem\anaconda3\envs\iw\lib\site-packages\wandb\vendor\gql-0.2.0\wandb_gql\client.py", line 60, in _get_result
    return self.transport.execute(document, *args, **kwargs)
  File "C:\Users\gizem\anaconda3\envs\iw\lib\site-packages\wandb\vendor\gql-0.2.0\wandb_gql\transport\requests.py", line 38, in execute
    request = requests.post(self.url, **post_args)
  File "C:\Users\gizem\anaconda3\envs\iw\lib\site-packages\requests\api.py", line 117, in post
    return request('post', url, data=data, json=json, **kwargs)
  File "C:\Users\gizem\anaconda3\envs\iw\lib\site-packages\requests\api.py", line 61, in request
    return session.request(method=method, url=url, **kwargs)
  File "C:\Users\gizem\anaconda3\envs\iw\lib\site-packages\requests\sessions.py", line 529, in request
    resp = self.send(prep, **send_kwargs)
  File "C:\Users\gizem\anaconda3\envs\iw\lib\site-packages\requests\sessions.py", line 645, in send
    r = adapter.send(request, **kwargs)
  File "C:\Users\gizem\anaconda3\envs\iw\lib\site-packages\requests\adapters.py", line 532, in send
    raise ReadTimeout(e, request=request)
requests.exceptions.ReadTimeout: HTTPSConnectionPool(host='api.wandb.ai', port=443): Read timed out. (read timeout=10)
2022-04-26 14:40:48,185 DEBUG   HandlerThread:35008 [handler.py:handle_request():141] handle_request: stop_status
2022-04-26 14:41:08,202 DEBUG   HandlerThread:35008 [handler.py:handle_request():141] handle_request: stop_status
2022-04-26 14:41:22,144 DEBUG   SenderThread:35008 [sender.py:send_request():249] send_request: stop_status
2022-04-26 14:41:23,056 INFO    Thread-11 :35008 [dir_watcher.py:_on_file_modified():230] file/dir modified: C:\Users\gizem\Documents\GitHub\noisy_fair\wandb\run-20220426_143947-3g55gdxy\files\config.yaml
2022-04-26 14:41:27,396 DEBUG   SenderThread:35008 [sender.py:send():235] send: stats
2022-04-26 14:41:27,396 DEBUG   SenderThread:35008 [sender.py:send_request():249] send_request: stop_status
2022-04-26 14:41:28,212 DEBUG   HandlerThread:35008 [handler.py:handle_request():141] handle_request: stop_status
2022-04-26 14:41:35,178 DEBUG   SenderThread:35008 [sender.py:send():235] send: stats
2022-04-26 14:41:35,179 DEBUG   SenderThread:35008 [sender.py:send_request():249] send_request: stop_status
2022-04-26 14:41:48,231 DEBUG   HandlerThread:35008 [handler.py:handle_request():141] handle_request: stop_status
2022-04-26 14:41:48,974 DEBUG   SenderThread:35008 [sender.py:send_request():249] send_request: stop_status
2022-04-26 14:41:55,134 DEBUG   SenderThread:35008 [sender.py:send():235] send: stats
2022-04-26 14:41:55,134 DEBUG   SenderThread:35008 [sender.py:send_request():249] send_request: stop_status
2022-04-26 14:42:08,240 DEBUG   HandlerThread:35008 [handler.py:handle_request():141] handle_request: stop_status
2022-04-26 14:42:08,241 DEBUG   SenderThread:35008 [sender.py:send_request():249] send_request: stop_status
2022-04-26 14:42:24,307 DEBUG   HandlerThread:35008 [handler.py:handle_request():141] handle_request: stop_status
2022-04-26 14:42:24,308 DEBUG   SenderThread:35008 [sender.py:send_request():249] send_request: stop_status
2022-04-26 14:42:25,627 DEBUG   SenderThread:35008 [sender.py:send():235] send: stats
2022-04-26 14:42:40,378 DEBUG   HandlerThread:35008 [handler.py:handle_request():141] handle_request: stop_status
2022-04-26 14:42:40,378 DEBUG   SenderThread:35008 [sender.py:send_request():249] send_request: stop_status
2022-04-26 14:42:56,434 DEBUG   HandlerThread:35008 [handler.py:handle_request():141] handle_request: stop_status
2022-04-26 14:42:56,435 DEBUG   SenderThread:35008 [sender.py:send_request():249] send_request: stop_status
2022-04-26 14:42:58,039 DEBUG   HandlerThread:35008 [handler.py:handle_request():141] handle_request: partial_history
2022-04-26 14:42:58,043 DEBUG   SenderThread:35008 [sender.py:send():235] send: history
2022-04-26 14:42:58,043 DEBUG   SenderThread:35008 [sender.py:send():235] send: summary
2022-04-26 14:42:58,047 INFO    SenderThread:35008 [sender.py:_save_file():947] saving file wandb-summary.json with policy end
2022-04-26 14:42:58,048 DEBUG   SenderThread:35008 [sender.py:send():235] send: telemetry
2022-04-26 14:42:58,048 DEBUG   SenderThread:35008 [sender.py:send():235] send: telemetry
2022-04-26 14:42:58,062 INFO    Thread-11 :35008 [dir_watcher.py:_on_file_modified():230] file/dir modified: C:\Users\gizem\Documents\GitHub\noisy_fair\wandb\run-20220426_143947-3g55gdxy\files\wandb-summary.json
2022-04-26 14:42:58,873 DEBUG   SenderThread:35008 [sender.py:send():235] send: exit
2022-04-26 14:42:58,873 INFO    SenderThread:35008 [sender.py:send_exit():371] handling exit code: 0
2022-04-26 14:42:58,873 INFO    SenderThread:35008 [sender.py:send_exit():373] handling runtime: 188
2022-04-26 14:42:58,874 INFO    SenderThread:35008 [sender.py:_save_file():947] saving file wandb-summary.json with policy end
2022-04-26 14:42:58,875 INFO    SenderThread:35008 [sender.py:send_exit():379] send defer
2022-04-26 14:42:58,875 DEBUG   HandlerThread:35008 [handler.py:handle_request():141] handle_request: poll_exit
2022-04-26 14:42:58,875 DEBUG   SenderThread:35008 [sender.py:send_request():249] send_request: poll_exit
2022-04-26 14:42:58,876 DEBUG   HandlerThread:35008 [handler.py:handle_request():141] handle_request: defer
2022-04-26 14:42:58,876 INFO    HandlerThread:35008 [handler.py:handle_request_defer():164] handle defer: 0
2022-04-26 14:42:58,876 DEBUG   SenderThread:35008 [sender.py:send_request():249] send_request: defer
2022-04-26 14:42:58,877 INFO    SenderThread:35008 [sender.py:send_request_defer():388] handle sender defer: 0
2022-04-26 14:42:58,877 INFO    SenderThread:35008 [sender.py:transition_state():392] send defer: 1
2022-04-26 14:42:58,877 DEBUG   HandlerThread:35008 [handler.py:handle_request():141] handle_request: defer
2022-04-26 14:42:58,877 INFO    HandlerThread:35008 [handler.py:handle_request_defer():164] handle defer: 1
2022-04-26 14:42:59,075 INFO    Thread-11 :35008 [dir_watcher.py:_on_file_modified():230] file/dir modified: C:\Users\gizem\Documents\GitHub\noisy_fair\wandb\run-20220426_143947-3g55gdxy\files\output.log
2022-04-26 14:42:59,075 INFO    Thread-11 :35008 [dir_watcher.py:_on_file_modified():230] file/dir modified: C:\Users\gizem\Documents\GitHub\noisy_fair\wandb\run-20220426_143947-3g55gdxy\files\wandb-summary.json
2022-04-26 14:42:59,320 DEBUG   SenderThread:35008 [sender.py:send_request():249] send_request: defer
2022-04-26 14:42:59,321 INFO    SenderThread:35008 [sender.py:send_request_defer():388] handle sender defer: 1
2022-04-26 14:42:59,321 DEBUG   HandlerThread:35008 [handler.py:handle_request():141] handle_request: poll_exit
2022-04-26 14:42:59,321 INFO    SenderThread:35008 [sender.py:transition_state():392] send defer: 2
2022-04-26 14:42:59,322 DEBUG   SenderThread:35008 [sender.py:send_request():249] send_request: poll_exit
2022-04-26 14:42:59,322 DEBUG   HandlerThread:35008 [handler.py:handle_request():141] handle_request: defer
2022-04-26 14:42:59,323 DEBUG   SenderThread:35008 [sender.py:send():235] send: stats
2022-04-26 14:42:59,323 INFO    HandlerThread:35008 [handler.py:handle_request_defer():164] handle defer: 2
2022-04-26 14:42:59,323 DEBUG   SenderThread:35008 [sender.py:send_request():249] send_request: defer
2022-04-26 14:42:59,323 INFO    SenderThread:35008 [sender.py:send_request_defer():388] handle sender defer: 2
2022-04-26 14:42:59,324 INFO    SenderThread:35008 [sender.py:transition_state():392] send defer: 3
2022-04-26 14:42:59,324 DEBUG   HandlerThread:35008 [handler.py:handle_request():141] handle_request: defer
2022-04-26 14:42:59,324 INFO    HandlerThread:35008 [handler.py:handle_request_defer():164] handle defer: 3
2022-04-26 14:42:59,324 DEBUG   SenderThread:35008 [sender.py:send_request():249] send_request: defer
2022-04-26 14:42:59,324 INFO    SenderThread:35008 [sender.py:send_request_defer():388] handle sender defer: 3
2022-04-26 14:42:59,324 INFO    SenderThread:35008 [sender.py:transition_state():392] send defer: 4
2022-04-26 14:42:59,325 DEBUG   HandlerThread:35008 [handler.py:handle_request():141] handle_request: defer
2022-04-26 14:42:59,325 INFO    HandlerThread:35008 [handler.py:handle_request_defer():164] handle defer: 4
2022-04-26 14:42:59,325 DEBUG   SenderThread:35008 [sender.py:send():235] send: summary
2022-04-26 14:42:59,326 INFO    SenderThread:35008 [sender.py:_save_file():947] saving file wandb-summary.json with policy end
2022-04-26 14:42:59,326 DEBUG   SenderThread:35008 [sender.py:send_request():249] send_request: defer
2022-04-26 14:42:59,326 INFO    SenderThread:35008 [sender.py:send_request_defer():388] handle sender defer: 4
2022-04-26 14:42:59,326 INFO    SenderThread:35008 [sender.py:transition_state():392] send defer: 5
2022-04-26 14:42:59,326 DEBUG   HandlerThread:35008 [handler.py:handle_request():141] handle_request: defer
2022-04-26 14:42:59,327 INFO    HandlerThread:35008 [handler.py:handle_request_defer():164] handle defer: 5
2022-04-26 14:42:59,327 DEBUG   SenderThread:35008 [sender.py:send_request():249] send_request: defer
2022-04-26 14:42:59,327 INFO    SenderThread:35008 [sender.py:send_request_defer():388] handle sender defer: 5
2022-04-26 14:42:59,433 DEBUG   HandlerThread:35008 [handler.py:handle_request():141] handle_request: poll_exit
2022-04-26 14:42:59,980 INFO    SenderThread:35008 [sender.py:transition_state():392] send defer: 6
2022-04-26 14:42:59,980 DEBUG   SenderThread:35008 [sender.py:send_request():249] send_request: poll_exit
2022-04-26 14:42:59,981 DEBUG   HandlerThread:35008 [handler.py:handle_request():141] handle_request: defer
2022-04-26 14:42:59,981 INFO    HandlerThread:35008 [handler.py:handle_request_defer():164] handle defer: 6
2022-04-26 14:42:59,981 DEBUG   SenderThread:35008 [sender.py:send_request():249] send_request: defer
2022-04-26 14:42:59,981 INFO    SenderThread:35008 [sender.py:send_request_defer():388] handle sender defer: 6
2022-04-26 14:42:59,981 INFO    SenderThread:35008 [dir_watcher.py:finish():283] shutting down directory watcher
2022-04-26 14:43:00,090 DEBUG   HandlerThread:35008 [handler.py:handle_request():141] handle_request: poll_exit
2022-04-26 14:43:00,091 INFO    SenderThread:35008 [dir_watcher.py:_on_file_modified():230] file/dir modified: C:\Users\gizem\Documents\GitHub\noisy_fair\wandb\run-20220426_143947-3g55gdxy\files\config.yaml
2022-04-26 14:43:00,091 INFO    SenderThread:35008 [dir_watcher.py:_on_file_modified():230] file/dir modified: C:\Users\gizem\Documents\GitHub\noisy_fair\wandb\run-20220426_143947-3g55gdxy\files\wandb-summary.json
2022-04-26 14:43:00,093 INFO    SenderThread:35008 [dir_watcher.py:finish():313] scan: C:\Users\gizem\Documents\GitHub\noisy_fair\wandb\run-20220426_143947-3g55gdxy\files
2022-04-26 14:43:00,093 INFO    SenderThread:35008 [dir_watcher.py:finish():327] scan save: C:\Users\gizem\Documents\GitHub\noisy_fair\wandb\run-20220426_143947-3g55gdxy\files\conda-environment.yaml conda-environment.yaml
2022-04-26 14:43:00,094 INFO    SenderThread:35008 [dir_watcher.py:finish():327] scan save: C:\Users\gizem\Documents\GitHub\noisy_fair\wandb\run-20220426_143947-3g55gdxy\files\config.yaml config.yaml
2022-04-26 14:43:00,094 INFO    SenderThread:35008 [dir_watcher.py:finish():327] scan save: C:\Users\gizem\Documents\GitHub\noisy_fair\wandb\run-20220426_143947-3g55gdxy\files\output.log output.log
2022-04-26 14:43:00,095 INFO    SenderThread:35008 [dir_watcher.py:finish():327] scan save: C:\Users\gizem\Documents\GitHub\noisy_fair\wandb\run-20220426_143947-3g55gdxy\files\requirements.txt requirements.txt
2022-04-26 14:43:00,100 INFO    SenderThread:35008 [dir_watcher.py:finish():327] scan save: C:\Users\gizem\Documents\GitHub\noisy_fair\wandb\run-20220426_143947-3g55gdxy\files\wandb-metadata.json wandb-metadata.json
2022-04-26 14:43:00,100 INFO    SenderThread:35008 [dir_watcher.py:finish():327] scan save: C:\Users\gizem\Documents\GitHub\noisy_fair\wandb\run-20220426_143947-3g55gdxy\files\wandb-summary.json wandb-summary.json
2022-04-26 14:43:00,105 INFO    SenderThread:35008 [sender.py:transition_state():392] send defer: 7
2022-04-26 14:43:00,105 DEBUG   SenderThread:35008 [sender.py:send_request():249] send_request: poll_exit
2022-04-26 14:43:00,106 DEBUG   HandlerThread:35008 [handler.py:handle_request():141] handle_request: defer
2022-04-26 14:43:00,106 INFO    HandlerThread:35008 [handler.py:handle_request_defer():164] handle defer: 7
2022-04-26 14:43:00,107 DEBUG   SenderThread:35008 [sender.py:send_request():249] send_request: defer
2022-04-26 14:43:00,107 INFO    SenderThread:35008 [sender.py:send_request_defer():388] handle sender defer: 7
2022-04-26 14:43:00,111 INFO    SenderThread:35008 [file_pusher.py:finish():145] shutting down file pusher
2022-04-26 14:43:00,213 DEBUG   HandlerThread:35008 [handler.py:handle_request():141] handle_request: poll_exit
2022-04-26 14:43:00,214 DEBUG   SenderThread:35008 [sender.py:send_request():249] send_request: poll_exit
2022-04-26 14:43:00,322 DEBUG   HandlerThread:35008 [handler.py:handle_request():141] handle_request: poll_exit
2022-04-26 14:43:00,323 DEBUG   SenderThread:35008 [sender.py:send_request():249] send_request: poll_exit
2022-04-26 14:43:00,431 DEBUG   HandlerThread:35008 [handler.py:handle_request():141] handle_request: poll_exit
2022-04-26 14:43:00,431 DEBUG   SenderThread:35008 [sender.py:send_request():249] send_request: poll_exit
2022-04-26 14:43:00,540 DEBUG   HandlerThread:35008 [handler.py:handle_request():141] handle_request: poll_exit
2022-04-26 14:43:00,540 DEBUG   SenderThread:35008 [sender.py:send_request():249] send_request: poll_exit
2022-04-26 14:43:00,647 DEBUG   HandlerThread:35008 [handler.py:handle_request():141] handle_request: poll_exit
2022-04-26 14:43:00,647 DEBUG   SenderThread:35008 [sender.py:send_request():249] send_request: poll_exit
2022-04-26 14:43:00,755 DEBUG   HandlerThread:35008 [handler.py:handle_request():141] handle_request: poll_exit
2022-04-26 14:43:00,755 DEBUG   SenderThread:35008 [sender.py:send_request():249] send_request: poll_exit
2022-04-26 14:43:00,865 DEBUG   HandlerThread:35008 [handler.py:handle_request():141] handle_request: poll_exit
2022-04-26 14:43:00,865 DEBUG   SenderThread:35008 [sender.py:send_request():249] send_request: poll_exit
2022-04-26 14:43:00,973 DEBUG   HandlerThread:35008 [handler.py:handle_request():141] handle_request: poll_exit
2022-04-26 14:43:00,973 DEBUG   SenderThread:35008 [sender.py:send_request():249] send_request: poll_exit
2022-04-26 14:43:01,085 DEBUG   HandlerThread:35008 [handler.py:handle_request():141] handle_request: poll_exit
2022-04-26 14:43:01,085 DEBUG   SenderThread:35008 [sender.py:send_request():249] send_request: poll_exit
2022-04-26 14:43:01,191 DEBUG   HandlerThread:35008 [handler.py:handle_request():141] handle_request: poll_exit
2022-04-26 14:43:01,191 DEBUG   SenderThread:35008 [sender.py:send_request():249] send_request: poll_exit
2022-04-26 14:43:01,299 DEBUG   HandlerThread:35008 [handler.py:handle_request():141] handle_request: poll_exit
2022-04-26 14:43:01,300 DEBUG   SenderThread:35008 [sender.py:send_request():249] send_request: poll_exit
2022-04-26 14:43:01,409 DEBUG   HandlerThread:35008 [handler.py:handle_request():141] handle_request: poll_exit
2022-04-26 14:43:01,410 DEBUG   SenderThread:35008 [sender.py:send_request():249] send_request: poll_exit
2022-04-26 14:43:01,519 DEBUG   HandlerThread:35008 [handler.py:handle_request():141] handle_request: poll_exit
2022-04-26 14:43:01,519 DEBUG   SenderThread:35008 [sender.py:send_request():249] send_request: poll_exit
2022-04-26 14:43:01,629 DEBUG   HandlerThread:35008 [handler.py:handle_request():141] handle_request: poll_exit
2022-04-26 14:43:01,629 DEBUG   SenderThread:35008 [sender.py:send_request():249] send_request: poll_exit
2022-04-26 14:43:01,740 DEBUG   HandlerThread:35008 [handler.py:handle_request():141] handle_request: poll_exit
2022-04-26 14:43:01,740 DEBUG   SenderThread:35008 [sender.py:send_request():249] send_request: poll_exit
2022-04-26 14:43:01,847 DEBUG   HandlerThread:35008 [handler.py:handle_request():141] handle_request: poll_exit
2022-04-26 14:43:01,848 DEBUG   SenderThread:35008 [sender.py:send_request():249] send_request: poll_exit
2022-04-26 14:43:01,956 DEBUG   HandlerThread:35008 [handler.py:handle_request():141] handle_request: poll_exit
2022-04-26 14:43:01,956 DEBUG   SenderThread:35008 [sender.py:send_request():249] send_request: poll_exit
2022-04-26 14:43:02,065 DEBUG   HandlerThread:35008 [handler.py:handle_request():141] handle_request: poll_exit
2022-04-26 14:43:02,065 DEBUG   SenderThread:35008 [sender.py:send_request():249] send_request: poll_exit
2022-04-26 14:43:02,122 INFO    Thread-18 :35008 [upload_job.py:push():137] Uploaded file C:\Users\gizem\Documents\GitHub\noisy_fair\wandb\run-20220426_143947-3g55gdxy\files\config.yaml
2022-04-26 14:43:02,176 DEBUG   HandlerThread:35008 [handler.py:handle_request():141] handle_request: poll_exit
2022-04-26 14:43:02,176 DEBUG   SenderThread:35008 [sender.py:send_request():249] send_request: poll_exit
2022-04-26 14:43:02,188 INFO    Thread-20 :35008 [upload_job.py:push():137] Uploaded file C:\Users\gizem\Documents\GitHub\noisy_fair\wandb\run-20220426_143947-3g55gdxy\files\requirements.txt
2022-04-26 14:43:02,223 INFO    Thread-21 :35008 [upload_job.py:push():137] Uploaded file C:\Users\gizem\Documents\GitHub\noisy_fair\wandb\run-20220426_143947-3g55gdxy\files\wandb-summary.json
2022-04-26 14:43:02,265 INFO    Thread-19 :35008 [upload_job.py:push():137] Uploaded file C:\Users\gizem\Documents\GitHub\noisy_fair\wandb\run-20220426_143947-3g55gdxy\files\output.log
2022-04-26 14:43:02,286 DEBUG   HandlerThread:35008 [handler.py:handle_request():141] handle_request: poll_exit
2022-04-26 14:43:02,286 DEBUG   SenderThread:35008 [sender.py:send_request():249] send_request: poll_exit
2022-04-26 14:43:02,394 DEBUG   HandlerThread:35008 [handler.py:handle_request():141] handle_request: poll_exit
2022-04-26 14:43:02,395 DEBUG   SenderThread:35008 [sender.py:send_request():249] send_request: poll_exit
2022-04-26 14:43:02,471 INFO    Thread-10 (_thread_body):35008 [sender.py:transition_state():392] send defer: 8
2022-04-26 14:43:02,472 DEBUG   HandlerThread:35008 [handler.py:handle_request():141] handle_request: defer
2022-04-26 14:43:02,472 INFO    HandlerThread:35008 [handler.py:handle_request_defer():164] handle defer: 8
2022-04-26 14:43:02,472 DEBUG   SenderThread:35008 [sender.py:send_request():249] send_request: defer
2022-04-26 14:43:02,472 INFO    SenderThread:35008 [sender.py:send_request_defer():388] handle sender defer: 8
2022-04-26 14:43:02,502 DEBUG   HandlerThread:35008 [handler.py:handle_request():141] handle_request: poll_exit
2022-04-26 14:43:03,305 INFO    SenderThread:35008 [sender.py:transition_state():392] send defer: 9
2022-04-26 14:43:03,306 DEBUG   SenderThread:35008 [sender.py:send_request():249] send_request: poll_exit
2022-04-26 14:43:03,307 DEBUG   HandlerThread:35008 [handler.py:handle_request():141] handle_request: defer
2022-04-26 14:43:03,307 INFO    HandlerThread:35008 [handler.py:handle_request_defer():164] handle defer: 9
2022-04-26 14:43:03,307 DEBUG   SenderThread:35008 [sender.py:send_request():249] send_request: defer
2022-04-26 14:43:03,307 INFO    SenderThread:35008 [sender.py:send_request_defer():388] handle sender defer: 9
2022-04-26 14:43:03,307 INFO    SenderThread:35008 [sender.py:transition_state():392] send defer: 10
2022-04-26 14:43:03,308 DEBUG   SenderThread:35008 [sender.py:send():235] send: final
2022-04-26 14:43:03,308 DEBUG   HandlerThread:35008 [handler.py:handle_request():141] handle_request: defer
2022-04-26 14:43:03,308 INFO    HandlerThread:35008 [handler.py:handle_request_defer():164] handle defer: 10
2022-04-26 14:43:03,308 DEBUG   SenderThread:35008 [sender.py:send():235] send: footer
2022-04-26 14:43:03,308 DEBUG   SenderThread:35008 [sender.py:send_request():249] send_request: defer
2022-04-26 14:43:03,308 INFO    SenderThread:35008 [sender.py:send_request_defer():388] handle sender defer: 10
2022-04-26 14:43:03,414 DEBUG   HandlerThread:35008 [handler.py:handle_request():141] handle_request: poll_exit
2022-04-26 14:43:03,414 DEBUG   SenderThread:35008 [sender.py:send_request():249] send_request: poll_exit
2022-04-26 14:43:03,414 INFO    SenderThread:35008 [file_pusher.py:join():150] waiting for file pusher
2022-04-26 14:43:06,145 DEBUG   HandlerThread:35008 [handler.py:handle_request():141] handle_request: sampled_history
2022-04-26 14:43:06,146 DEBUG   HandlerThread:35008 [handler.py:handle_request():141] handle_request: get_summary
2022-04-26 14:43:06,146 DEBUG   HandlerThread:35008 [handler.py:handle_request():141] handle_request: shutdown
2022-04-26 14:43:06,147 INFO    HandlerThread:35008 [handler.py:finish():790] shutting down handler
2022-04-26 14:43:06,333 INFO    WriterThread:35008 [datastore.py:close():281] close: C:\Users\gizem\Documents\GitHub\noisy_fair\wandb\run-20220426_143947-3g55gdxy\run-3g55gdxy.wandb
2022-04-26 14:43:07,049 INFO    SenderThread:35008 [sender.py:finish():1107] shutting down sender
2022-04-26 14:43:07,049 INFO    SenderThread:35008 [file_pusher.py:finish():145] shutting down file pusher
2022-04-26 14:43:07,049 INFO    SenderThread:35008 [file_pusher.py:join():150] waiting for file pusher
2022-04-26 14:43:07,053 INFO    MainThread:35008 [internal.py:handle_exit():82] Internal process exited
