2022-04-27 08:38:46,103 INFO    MainThread:18876 [internal.py:wandb_internal():92] W&B internal server running at pid: 18876, started at: 2022-04-27 08:38:46.102861
2022-04-27 08:38:46,106 INFO    WriterThread:18876 [datastore.py:open_for_write():77] open: C:\Users\gizem\Documents\GitHub\noisy_fair\wandb\run-20220427_083844-1cg2uh1p\run-1cg2uh1p.wandb
2022-04-27 08:38:46,110 DEBUG   SenderThread:18876 [sender.py:send():235] send: header
2022-04-27 08:38:46,110 DEBUG   SenderThread:18876 [sender.py:send():235] send: run
2022-04-27 08:38:46,729 DEBUG   HandlerThread:18876 [handler.py:handle_request():141] handle_request: check_version
2022-04-27 08:38:46,730 INFO    SenderThread:18876 [dir_watcher.py:__init__():169] watching files in: C:\Users\gizem\Documents\GitHub\noisy_fair\wandb\run-20220427_083844-1cg2uh1p\files
2022-04-27 08:38:46,730 INFO    SenderThread:18876 [sender.py:_start_run_threads():812] run started: 1cg2uh1p with start time 1651041524
2022-04-27 08:38:46,730 DEBUG   SenderThread:18876 [sender.py:send():235] send: summary
2022-04-27 08:38:46,731 INFO    SenderThread:18876 [sender.py:_save_file():947] saving file wandb-summary.json with policy end
2022-04-27 08:38:46,732 DEBUG   SenderThread:18876 [sender.py:send_request():249] send_request: check_version
2022-04-27 08:38:47,305 DEBUG   HandlerThread:18876 [handler.py:handle_request():141] handle_request: run_start
2022-04-27 08:38:47,736 INFO    Thread-11 :18876 [dir_watcher.py:_on_file_created():217] file/dir created: C:\Users\gizem\Documents\GitHub\noisy_fair\wandb\run-20220427_083844-1cg2uh1p\files\wandb-summary.json
2022-04-27 08:38:48,416 DEBUG   HandlerThread:18876 [meta.py:__init__():37] meta init
2022-04-27 08:38:48,416 DEBUG   HandlerThread:18876 [meta.py:__init__():51] meta init done
2022-04-27 08:38:48,416 DEBUG   HandlerThread:18876 [meta.py:probe():211] probe
2022-04-27 08:38:48,481 DEBUG   HandlerThread:18876 [meta.py:_setup_git():201] setup git
2022-04-27 08:38:48,573 DEBUG   HandlerThread:18876 [meta.py:_setup_git():208] setup git done
2022-04-27 08:38:48,573 DEBUG   HandlerThread:18876 [meta.py:_save_pip():55] save pip
2022-04-27 08:38:48,574 DEBUG   HandlerThread:18876 [meta.py:_save_pip():69] save pip done
2022-04-27 08:38:48,574 DEBUG   HandlerThread:18876 [meta.py:_save_conda():76] save conda
2022-04-27 08:38:48,581 ERROR   HandlerThread:18876 [meta.py:_save_conda():85] Error saving conda packages
Traceback (most recent call last):
  File "C:\Users\gizem\anaconda3\envs\iw\lib\site-packages\wandb\sdk\internal\meta.py", line 81, in _save_conda
    subprocess.call(
  File "C:\Users\gizem\anaconda3\envs\iw\lib\subprocess.py", line 345, in call
    with Popen(*popenargs, **kwargs) as p:
  File "C:\Users\gizem\anaconda3\envs\iw\lib\subprocess.py", line 966, in __init__
    self._execute_child(args, executable, preexec_fn, close_fds,
  File "C:\Users\gizem\anaconda3\envs\iw\lib\subprocess.py", line 1435, in _execute_child
    hp, ht, pid, tid = _winapi.CreateProcess(executable, args,
FileNotFoundError: [WinError 2] The system cannot find the file specified
2022-04-27 08:38:48,582 DEBUG   HandlerThread:18876 [meta.py:_save_conda():86] save conda done
2022-04-27 08:38:48,582 DEBUG   HandlerThread:18876 [meta.py:probe():249] probe done
2022-04-27 08:38:48,750 DEBUG   SenderThread:18876 [sender.py:send():235] send: files
2022-04-27 08:38:48,750 DEBUG   HandlerThread:18876 [handler.py:handle_request():141] handle_request: stop_status
2022-04-27 08:38:48,750 INFO    SenderThread:18876 [sender.py:_save_file():947] saving file wandb-metadata.json with policy now
2022-04-27 08:38:48,752 INFO    Thread-11 :18876 [dir_watcher.py:_on_file_created():217] file/dir created: C:\Users\gizem\Documents\GitHub\noisy_fair\wandb\run-20220427_083844-1cg2uh1p\files\requirements.txt
2022-04-27 08:38:48,753 DEBUG   SenderThread:18876 [sender.py:send_request():249] send_request: stop_status
2022-04-27 08:38:48,756 INFO    Thread-11 :18876 [dir_watcher.py:_on_file_created():217] file/dir created: C:\Users\gizem\Documents\GitHub\noisy_fair\wandb\run-20220427_083844-1cg2uh1p\files\conda-environment.yaml
2022-04-27 08:38:48,757 INFO    Thread-11 :18876 [dir_watcher.py:_on_file_created():217] file/dir created: C:\Users\gizem\Documents\GitHub\noisy_fair\wandb\run-20220427_083844-1cg2uh1p\files\wandb-metadata.json
2022-04-27 08:38:48,758 INFO    Thread-11 :18876 [dir_watcher.py:_on_file_created():217] file/dir created: C:\Users\gizem\Documents\GitHub\noisy_fair\wandb\run-20220427_083844-1cg2uh1p\files\output.log
2022-04-27 08:38:48,850 DEBUG   HandlerThread:18876 [handler.py:handle_request():141] handle_request: partial_history
2022-04-27 08:38:49,606 DEBUG   SenderThread:18876 [sender.py:send():235] send: telemetry
2022-04-27 08:38:49,606 DEBUG   SenderThread:18876 [sender.py:send():235] send: history
2022-04-27 08:38:49,606 DEBUG   SenderThread:18876 [sender.py:send():235] send: summary
2022-04-27 08:38:49,607 INFO    SenderThread:18876 [sender.py:_save_file():947] saving file wandb-summary.json with policy end
2022-04-27 08:38:49,608 DEBUG   SenderThread:18876 [sender.py:send():235] send: telemetry
2022-04-27 08:38:49,608 DEBUG   SenderThread:18876 [sender.py:send():235] send: telemetry
2022-04-27 08:38:49,722 DEBUG   SenderThread:18876 [sender.py:send():235] send: exit
2022-04-27 08:38:49,722 INFO    SenderThread:18876 [sender.py:send_exit():371] handling exit code: 0
2022-04-27 08:38:49,723 INFO    SenderThread:18876 [sender.py:send_exit():373] handling runtime: 2
2022-04-27 08:38:49,723 DEBUG   HandlerThread:18876 [handler.py:handle_request():141] handle_request: poll_exit
2022-04-27 08:38:49,724 INFO    SenderThread:18876 [sender.py:_save_file():947] saving file wandb-summary.json with policy end
2022-04-27 08:38:49,724 INFO    SenderThread:18876 [sender.py:send_exit():379] send defer
2022-04-27 08:38:49,724 DEBUG   SenderThread:18876 [sender.py:send_request():249] send_request: poll_exit
2022-04-27 08:38:49,725 DEBUG   HandlerThread:18876 [handler.py:handle_request():141] handle_request: defer
2022-04-27 08:38:49,725 INFO    HandlerThread:18876 [handler.py:handle_request_defer():164] handle defer: 0
2022-04-27 08:38:49,725 DEBUG   SenderThread:18876 [sender.py:send_request():249] send_request: defer
2022-04-27 08:38:49,725 INFO    SenderThread:18876 [sender.py:send_request_defer():388] handle sender defer: 0
2022-04-27 08:38:49,725 INFO    SenderThread:18876 [sender.py:transition_state():392] send defer: 1
2022-04-27 08:38:49,726 DEBUG   HandlerThread:18876 [handler.py:handle_request():141] handle_request: defer
2022-04-27 08:38:49,726 INFO    HandlerThread:18876 [handler.py:handle_request_defer():164] handle defer: 1
2022-04-27 08:38:49,767 INFO    Thread-11 :18876 [dir_watcher.py:_on_file_modified():230] file/dir modified: C:\Users\gizem\Documents\GitHub\noisy_fair\wandb\run-20220427_083844-1cg2uh1p\files\output.log
2022-04-27 08:38:49,768 INFO    Thread-11 :18876 [dir_watcher.py:_on_file_modified():230] file/dir modified: C:\Users\gizem\Documents\GitHub\noisy_fair\wandb\run-20220427_083844-1cg2uh1p\files\wandb-summary.json
2022-04-27 08:38:50,218 DEBUG   HandlerThread:18876 [handler.py:handle_request():141] handle_request: poll_exit
2022-04-27 08:38:50,218 DEBUG   SenderThread:18876 [sender.py:send_request():249] send_request: defer
2022-04-27 08:38:50,218 INFO    SenderThread:18876 [sender.py:send_request_defer():388] handle sender defer: 1
2022-04-27 08:38:50,218 INFO    SenderThread:18876 [sender.py:transition_state():392] send defer: 2
2022-04-27 08:38:50,218 DEBUG   SenderThread:18876 [sender.py:send_request():249] send_request: poll_exit
2022-04-27 08:38:50,219 DEBUG   HandlerThread:18876 [handler.py:handle_request():141] handle_request: defer
2022-04-27 08:38:50,219 INFO    HandlerThread:18876 [handler.py:handle_request_defer():164] handle defer: 2
2022-04-27 08:38:50,220 DEBUG   SenderThread:18876 [sender.py:send():235] send: stats
2022-04-27 08:38:50,220 DEBUG   SenderThread:18876 [sender.py:send_request():249] send_request: defer
2022-04-27 08:38:50,220 INFO    SenderThread:18876 [sender.py:send_request_defer():388] handle sender defer: 2
2022-04-27 08:38:50,220 INFO    SenderThread:18876 [sender.py:transition_state():392] send defer: 3
2022-04-27 08:38:50,221 DEBUG   HandlerThread:18876 [handler.py:handle_request():141] handle_request: defer
2022-04-27 08:38:50,221 INFO    HandlerThread:18876 [handler.py:handle_request_defer():164] handle defer: 3
2022-04-27 08:38:50,221 DEBUG   SenderThread:18876 [sender.py:send_request():249] send_request: defer
2022-04-27 08:38:50,221 INFO    SenderThread:18876 [sender.py:send_request_defer():388] handle sender defer: 3
2022-04-27 08:38:50,221 INFO    SenderThread:18876 [sender.py:transition_state():392] send defer: 4
2022-04-27 08:38:50,222 DEBUG   HandlerThread:18876 [handler.py:handle_request():141] handle_request: defer
2022-04-27 08:38:50,222 INFO    HandlerThread:18876 [handler.py:handle_request_defer():164] handle defer: 4
2022-04-27 08:38:50,222 DEBUG   SenderThread:18876 [sender.py:send():235] send: summary
2022-04-27 08:38:50,223 INFO    SenderThread:18876 [sender.py:_save_file():947] saving file wandb-summary.json with policy end
2022-04-27 08:38:50,223 DEBUG   SenderThread:18876 [sender.py:send_request():249] send_request: defer
2022-04-27 08:38:50,223 INFO    SenderThread:18876 [sender.py:send_request_defer():388] handle sender defer: 4
2022-04-27 08:38:50,223 INFO    SenderThread:18876 [sender.py:transition_state():392] send defer: 5
2022-04-27 08:38:50,223 DEBUG   HandlerThread:18876 [handler.py:handle_request():141] handle_request: defer
2022-04-27 08:38:50,223 INFO    HandlerThread:18876 [handler.py:handle_request_defer():164] handle defer: 5
2022-04-27 08:38:50,224 DEBUG   SenderThread:18876 [sender.py:send_request():249] send_request: defer
2022-04-27 08:38:50,224 INFO    SenderThread:18876 [sender.py:send_request_defer():388] handle sender defer: 5
2022-04-27 08:38:50,323 DEBUG   HandlerThread:18876 [handler.py:handle_request():141] handle_request: poll_exit
2022-04-27 08:38:50,482 INFO    Thread-17 :18876 [upload_job.py:push():137] Uploaded file C:\Users\gizem\AppData\Local\Temp\tmpl2u02oqcwandb\274dnh90-wandb-metadata.json
2022-04-27 08:38:50,771 INFO    Thread-11 :18876 [dir_watcher.py:_on_file_modified():230] file/dir modified: C:\Users\gizem\Documents\GitHub\noisy_fair\wandb\run-20220427_083844-1cg2uh1p\files\wandb-summary.json
2022-04-27 08:38:55,440 DEBUG   HandlerThread:18876 [handler.py:handle_request():141] handle_request: poll_exit
2022-04-27 08:39:00,556 DEBUG   HandlerThread:18876 [handler.py:handle_request():141] handle_request: poll_exit
2022-04-27 08:39:05,668 DEBUG   HandlerThread:18876 [handler.py:handle_request():141] handle_request: poll_exit
2022-04-27 08:39:10,789 DEBUG   HandlerThread:18876 [handler.py:handle_request():141] handle_request: poll_exit
2022-04-27 08:39:15,915 DEBUG   HandlerThread:18876 [handler.py:handle_request():141] handle_request: poll_exit
2022-04-27 08:39:21,037 DEBUG   HandlerThread:18876 [handler.py:handle_request():141] handle_request: poll_exit
2022-04-27 08:39:24,974 ERROR   SenderThread:18876 [retry.py:__call__():126] Retry attempt failed:
Traceback (most recent call last):
  File "C:\Users\gizem\anaconda3\envs\iw\lib\site-packages\urllib3\connectionpool.py", line 449, in _make_request
    six.raise_from(e, None)
  File "<string>", line 3, in raise_from
  File "C:\Users\gizem\anaconda3\envs\iw\lib\site-packages\urllib3\connectionpool.py", line 444, in _make_request
    httplib_response = conn.getresponse()
  File "C:\Users\gizem\anaconda3\envs\iw\lib\http\client.py", line 1374, in getresponse
    response.begin()
  File "C:\Users\gizem\anaconda3\envs\iw\lib\http\client.py", line 318, in begin
    version, status, reason = self._read_status()
  File "C:\Users\gizem\anaconda3\envs\iw\lib\http\client.py", line 279, in _read_status
    line = str(self.fp.readline(_MAXLINE + 1), "iso-8859-1")
  File "C:\Users\gizem\anaconda3\envs\iw\lib\socket.py", line 705, in readinto
    return self._sock.recv_into(b)
  File "C:\Users\gizem\anaconda3\envs\iw\lib\ssl.py", line 1273, in recv_into
    return self.read(nbytes, buffer)
  File "C:\Users\gizem\anaconda3\envs\iw\lib\ssl.py", line 1129, in read
    return self._sslobj.read(len, buffer)
TimeoutError: The read operation timed out

During handling of the above exception, another exception occurred:

Traceback (most recent call last):
  File "C:\Users\gizem\anaconda3\envs\iw\lib\site-packages\requests\adapters.py", line 440, in send
    resp = conn.urlopen(
  File "C:\Users\gizem\anaconda3\envs\iw\lib\site-packages\urllib3\connectionpool.py", line 785, in urlopen
    retries = retries.increment(
  File "C:\Users\gizem\anaconda3\envs\iw\lib\site-packages\urllib3\util\retry.py", line 550, in increment
    raise six.reraise(type(error), error, _stacktrace)
  File "C:\Users\gizem\anaconda3\envs\iw\lib\site-packages\urllib3\packages\six.py", line 770, in reraise
    raise value
  File "C:\Users\gizem\anaconda3\envs\iw\lib\site-packages\urllib3\connectionpool.py", line 703, in urlopen
    httplib_response = self._make_request(
  File "C:\Users\gizem\anaconda3\envs\iw\lib\site-packages\urllib3\connectionpool.py", line 451, in _make_request
    self._raise_timeout(err=e, url=url, timeout_value=read_timeout)
  File "C:\Users\gizem\anaconda3\envs\iw\lib\site-packages\urllib3\connectionpool.py", line 340, in _raise_timeout
    raise ReadTimeoutError(
urllib3.exceptions.ReadTimeoutError: HTTPSConnectionPool(host='api.wandb.ai', port=443): Read timed out. (read timeout=10)

During handling of the above exception, another exception occurred:

Traceback (most recent call last):
  File "C:\Users\gizem\anaconda3\envs\iw\lib\site-packages\wandb\sdk\lib\retry.py", line 102, in __call__
    result = self._call_fn(*args, **kwargs)
  File "C:\Users\gizem\anaconda3\envs\iw\lib\site-packages\wandb\sdk\internal\internal_api.py", line 141, in execute
    return self.client.execute(*args, **kwargs)
  File "C:\Users\gizem\anaconda3\envs\iw\lib\site-packages\wandb\vendor\gql-0.2.0\wandb_gql\client.py", line 52, in execute
    result = self._get_result(document, *args, **kwargs)
  File "C:\Users\gizem\anaconda3\envs\iw\lib\site-packages\wandb\vendor\gql-0.2.0\wandb_gql\client.py", line 60, in _get_result
    return self.transport.execute(document, *args, **kwargs)
  File "C:\Users\gizem\anaconda3\envs\iw\lib\site-packages\wandb\vendor\gql-0.2.0\wandb_gql\transport\requests.py", line 38, in execute
    request = requests.post(self.url, **post_args)
  File "C:\Users\gizem\anaconda3\envs\iw\lib\site-packages\requests\api.py", line 117, in post
    return request('post', url, data=data, json=json, **kwargs)
  File "C:\Users\gizem\anaconda3\envs\iw\lib\site-packages\requests\api.py", line 61, in request
    return session.request(method=method, url=url, **kwargs)
  File "C:\Users\gizem\anaconda3\envs\iw\lib\site-packages\requests\sessions.py", line 529, in request
    resp = self.send(prep, **send_kwargs)
  File "C:\Users\gizem\anaconda3\envs\iw\lib\site-packages\requests\sessions.py", line 645, in send
    r = adapter.send(request, **kwargs)
  File "C:\Users\gizem\anaconda3\envs\iw\lib\site-packages\requests\adapters.py", line 532, in send
    raise ReadTimeout(e, request=request)
requests.exceptions.ReadTimeout: HTTPSConnectionPool(host='api.wandb.ai', port=443): Read timed out. (read timeout=10)
2022-04-27 08:39:26,157 DEBUG   HandlerThread:18876 [handler.py:handle_request():141] handle_request: poll_exit
2022-04-27 08:39:31,280 DEBUG   HandlerThread:18876 [handler.py:handle_request():141] handle_request: poll_exit
2022-04-27 08:39:36,393 DEBUG   HandlerThread:18876 [handler.py:handle_request():141] handle_request: poll_exit
2022-04-27 08:39:41,505 DEBUG   HandlerThread:18876 [handler.py:handle_request():141] handle_request: poll_exit
2022-04-27 08:39:46,630 DEBUG   HandlerThread:18876 [handler.py:handle_request():141] handle_request: poll_exit
2022-04-27 08:39:47,614 WARNING FileStreamThread:18876 [file_stream.py:request_with_retry():594] requests_with_retry encountered retryable exception: 500 Server Error: Internal Server Error for url: https://api.wandb.ai/files/sml-eth/noisy-fair/1cg2uh1p/file_stream. func: <bound method Session.post of <requests.sessions.Session object at 0x000002819F51EF20>>, args: ('https://api.wandb.ai/files/sml-eth/noisy-fair/1cg2uh1p/file_stream',), kwargs: {'json': {'files': {'wandb-summary.json': {'offset': 0, 'content': ['{"err_test_cavm_l1": 100.0, "err_test_cmm_l1": 100.0, "err_train_cavm_l1": 100.0, "err_train_cmm_l1": 50.0, "_timestamp": 1651041528, "_runtime": 4, "_step": 0, "_wandb": {"runtime": 2}}']}, 'wandb-history.jsonl': {'offset': 0, 'content': ['{"err_test_cavm_l1": 100.0, "err_test_cmm_l1": 100.0, "err_train_cavm_l1": 100.0, "err_train_cmm_l1": 50.0, "_timestamp": 1651041528, "_runtime": 4, "_step": 0}']}, 'wandb-events.jsonl': {'offset': 0, 'content': ['{"system.gpu.0.gpu": 0.0, "system.gpu.0.memory": 0.0, "system.gpu.0.memoryAllocated": 3.22, "system.gpu.0.temp": 82.0, "system.cpu": 11.1, "system.memory": 85.1, "system.disk": 82.2, "system.proc.memory.availableMB": 2410.78, "system.proc.memory.rssMB": 72.77, "system.proc.memory.percent": 0.45, "system.proc.cpu.threads": 26.0, "system.network.sent": 8258, "system.network.recv": 24885, "_wandb": true, "_timestamp": 1651041530, "_runtime": 6}']}, 'output.log': {'offset': 0, 'content': ['2022-04-27T06:38:49.608127 ====================l1=========================\n', '2022-04-27T06:38:49.608127 CMM train_err=50.0, err=100.0\n', '2022-04-27T06:38:49.608127 w=1.0, train_err=100.0, err=100.0\n', 'ERROR 2022-04-27T06:38:49.722025 C:\\Users\\gizem\\anaconda3\\envs\\iw\\lib\\site-packages\\sklearn\\svm\\_base.py:1206: ConvergenceWarning: Liblinear failed to converge, increase the number of iterations.\n', 'ERROR 2022-04-27T06:38:49.722025   warnings.warn(\n']}}, 'dropped': 0}}
2022-04-27 08:39:51,752 DEBUG   HandlerThread:18876 [handler.py:handle_request():141] handle_request: poll_exit
2022-04-27 08:39:56,866 DEBUG   HandlerThread:18876 [handler.py:handle_request():141] handle_request: poll_exit
2022-04-27 08:40:01,981 DEBUG   HandlerThread:18876 [handler.py:handle_request():141] handle_request: poll_exit
2022-04-27 08:40:07,097 DEBUG   HandlerThread:18876 [handler.py:handle_request():141] handle_request: poll_exit
2022-04-27 08:40:12,209 DEBUG   HandlerThread:18876 [handler.py:handle_request():141] handle_request: poll_exit
2022-04-27 08:40:17,329 DEBUG   HandlerThread:18876 [handler.py:handle_request():141] handle_request: poll_exit
2022-04-27 08:40:19,211 INFO    SenderThread:18876 [sender.py:transition_state():392] send defer: 6
2022-04-27 08:40:19,211 DEBUG   SenderThread:18876 [sender.py:send_request():249] send_request: poll_exit
2022-04-27 08:40:19,211 DEBUG   SenderThread:18876 [sender.py:send_request():249] send_request: poll_exit
2022-04-27 08:40:19,212 DEBUG   SenderThread:18876 [sender.py:send_request():249] send_request: poll_exit
2022-04-27 08:40:19,212 DEBUG   SenderThread:18876 [sender.py:send_request():249] send_request: poll_exit
2022-04-27 08:40:19,212 DEBUG   SenderThread:18876 [sender.py:send_request():249] send_request: poll_exit
2022-04-27 08:40:19,212 DEBUG   SenderThread:18876 [sender.py:send_request():249] send_request: poll_exit
2022-04-27 08:40:19,212 DEBUG   SenderThread:18876 [sender.py:send_request():249] send_request: poll_exit
2022-04-27 08:40:19,212 DEBUG   SenderThread:18876 [sender.py:send_request():249] send_request: poll_exit
2022-04-27 08:40:19,212 DEBUG   SenderThread:18876 [sender.py:send_request():249] send_request: poll_exit
2022-04-27 08:40:19,213 DEBUG   SenderThread:18876 [sender.py:send_request():249] send_request: poll_exit
2022-04-27 08:40:19,213 DEBUG   SenderThread:18876 [sender.py:send_request():249] send_request: poll_exit
2022-04-27 08:40:19,213 DEBUG   SenderThread:18876 [sender.py:send_request():249] send_request: poll_exit
2022-04-27 08:40:19,213 DEBUG   SenderThread:18876 [sender.py:send_request():249] send_request: poll_exit
2022-04-27 08:40:19,213 DEBUG   SenderThread:18876 [sender.py:send_request():249] send_request: poll_exit
2022-04-27 08:40:19,213 DEBUG   SenderThread:18876 [sender.py:send_request():249] send_request: poll_exit
2022-04-27 08:40:19,213 DEBUG   SenderThread:18876 [sender.py:send_request():249] send_request: poll_exit
2022-04-27 08:40:19,213 DEBUG   SenderThread:18876 [sender.py:send_request():249] send_request: poll_exit
2022-04-27 08:40:19,214 DEBUG   SenderThread:18876 [sender.py:send_request():249] send_request: poll_exit
2022-04-27 08:40:19,215 DEBUG   HandlerThread:18876 [handler.py:handle_request():141] handle_request: defer
2022-04-27 08:40:19,215 INFO    HandlerThread:18876 [handler.py:handle_request_defer():164] handle defer: 6
2022-04-27 08:40:19,215 DEBUG   SenderThread:18876 [sender.py:send_request():249] send_request: defer
2022-04-27 08:40:19,215 INFO    SenderThread:18876 [sender.py:send_request_defer():388] handle sender defer: 6
2022-04-27 08:40:19,215 INFO    SenderThread:18876 [dir_watcher.py:finish():283] shutting down directory watcher
2022-04-27 08:40:19,327 DEBUG   HandlerThread:18876 [handler.py:handle_request():141] handle_request: poll_exit
2022-04-27 08:40:19,469 INFO    Thread-11 :18876 [dir_watcher.py:_on_file_modified():230] file/dir modified: C:\Users\gizem\Documents\GitHub\noisy_fair\wandb\run-20220427_083844-1cg2uh1p\files\config.yaml
2022-04-27 08:40:19,470 INFO    SenderThread:18876 [dir_watcher.py:finish():313] scan: C:\Users\gizem\Documents\GitHub\noisy_fair\wandb\run-20220427_083844-1cg2uh1p\files
2022-04-27 08:40:19,470 INFO    SenderThread:18876 [dir_watcher.py:finish():327] scan save: C:\Users\gizem\Documents\GitHub\noisy_fair\wandb\run-20220427_083844-1cg2uh1p\files\conda-environment.yaml conda-environment.yaml
2022-04-27 08:40:19,471 INFO    SenderThread:18876 [dir_watcher.py:finish():327] scan save: C:\Users\gizem\Documents\GitHub\noisy_fair\wandb\run-20220427_083844-1cg2uh1p\files\config.yaml config.yaml
2022-04-27 08:40:19,471 INFO    SenderThread:18876 [dir_watcher.py:finish():327] scan save: C:\Users\gizem\Documents\GitHub\noisy_fair\wandb\run-20220427_083844-1cg2uh1p\files\output.log output.log
2022-04-27 08:40:19,471 INFO    SenderThread:18876 [dir_watcher.py:finish():327] scan save: C:\Users\gizem\Documents\GitHub\noisy_fair\wandb\run-20220427_083844-1cg2uh1p\files\requirements.txt requirements.txt
2022-04-27 08:40:19,475 INFO    SenderThread:18876 [dir_watcher.py:finish():327] scan save: C:\Users\gizem\Documents\GitHub\noisy_fair\wandb\run-20220427_083844-1cg2uh1p\files\wandb-metadata.json wandb-metadata.json
2022-04-27 08:40:19,475 INFO    SenderThread:18876 [dir_watcher.py:finish():327] scan save: C:\Users\gizem\Documents\GitHub\noisy_fair\wandb\run-20220427_083844-1cg2uh1p\files\wandb-summary.json wandb-summary.json
2022-04-27 08:40:19,482 INFO    SenderThread:18876 [sender.py:transition_state():392] send defer: 7
2022-04-27 08:40:19,482 DEBUG   SenderThread:18876 [sender.py:send_request():249] send_request: poll_exit
2022-04-27 08:40:19,484 DEBUG   HandlerThread:18876 [handler.py:handle_request():141] handle_request: defer
2022-04-27 08:40:19,488 INFO    HandlerThread:18876 [handler.py:handle_request_defer():164] handle defer: 7
2022-04-27 08:40:19,489 DEBUG   SenderThread:18876 [sender.py:send_request():249] send_request: defer
2022-04-27 08:40:19,489 INFO    SenderThread:18876 [sender.py:send_request_defer():388] handle sender defer: 7
2022-04-27 08:40:19,489 INFO    SenderThread:18876 [file_pusher.py:finish():145] shutting down file pusher
2022-04-27 08:40:19,593 DEBUG   HandlerThread:18876 [handler.py:handle_request():141] handle_request: poll_exit
2022-04-27 08:40:19,594 DEBUG   SenderThread:18876 [sender.py:send_request():249] send_request: poll_exit
2022-04-27 08:40:19,701 DEBUG   HandlerThread:18876 [handler.py:handle_request():141] handle_request: poll_exit
2022-04-27 08:40:19,701 DEBUG   SenderThread:18876 [sender.py:send_request():249] send_request: poll_exit
2022-04-27 08:40:19,808 DEBUG   HandlerThread:18876 [handler.py:handle_request():141] handle_request: poll_exit
2022-04-27 08:40:19,808 DEBUG   SenderThread:18876 [sender.py:send_request():249] send_request: poll_exit
2022-04-27 08:40:19,916 DEBUG   HandlerThread:18876 [handler.py:handle_request():141] handle_request: poll_exit
2022-04-27 08:40:19,916 DEBUG   SenderThread:18876 [sender.py:send_request():249] send_request: poll_exit
2022-04-27 08:40:20,023 DEBUG   HandlerThread:18876 [handler.py:handle_request():141] handle_request: poll_exit
2022-04-27 08:40:20,023 DEBUG   SenderThread:18876 [sender.py:send_request():249] send_request: poll_exit
2022-04-27 08:40:20,130 DEBUG   HandlerThread:18876 [handler.py:handle_request():141] handle_request: poll_exit
2022-04-27 08:40:20,130 DEBUG   SenderThread:18876 [sender.py:send_request():249] send_request: poll_exit
2022-04-27 08:40:20,239 DEBUG   HandlerThread:18876 [handler.py:handle_request():141] handle_request: poll_exit
2022-04-27 08:40:20,240 DEBUG   SenderThread:18876 [sender.py:send_request():249] send_request: poll_exit
2022-04-27 08:40:20,346 DEBUG   HandlerThread:18876 [handler.py:handle_request():141] handle_request: poll_exit
2022-04-27 08:40:20,346 DEBUG   SenderThread:18876 [sender.py:send_request():249] send_request: poll_exit
2022-04-27 08:40:20,456 DEBUG   HandlerThread:18876 [handler.py:handle_request():141] handle_request: poll_exit
2022-04-27 08:40:20,456 DEBUG   SenderThread:18876 [sender.py:send_request():249] send_request: poll_exit
2022-04-27 08:40:20,564 DEBUG   HandlerThread:18876 [handler.py:handle_request():141] handle_request: poll_exit
2022-04-27 08:40:20,564 DEBUG   SenderThread:18876 [sender.py:send_request():249] send_request: poll_exit
2022-04-27 08:40:20,672 DEBUG   HandlerThread:18876 [handler.py:handle_request():141] handle_request: poll_exit
2022-04-27 08:40:20,672 DEBUG   SenderThread:18876 [sender.py:send_request():249] send_request: poll_exit
2022-04-27 08:40:20,779 DEBUG   HandlerThread:18876 [handler.py:handle_request():141] handle_request: poll_exit
2022-04-27 08:40:20,779 DEBUG   SenderThread:18876 [sender.py:send_request():249] send_request: poll_exit
2022-04-27 08:40:20,887 DEBUG   HandlerThread:18876 [handler.py:handle_request():141] handle_request: poll_exit
2022-04-27 08:40:20,887 DEBUG   SenderThread:18876 [sender.py:send_request():249] send_request: poll_exit
2022-04-27 08:40:20,993 DEBUG   HandlerThread:18876 [handler.py:handle_request():141] handle_request: poll_exit
2022-04-27 08:40:20,993 DEBUG   SenderThread:18876 [sender.py:send_request():249] send_request: poll_exit
2022-04-27 08:40:21,100 DEBUG   HandlerThread:18876 [handler.py:handle_request():141] handle_request: poll_exit
2022-04-27 08:40:21,100 DEBUG   SenderThread:18876 [sender.py:send_request():249] send_request: poll_exit
2022-04-27 08:40:21,208 DEBUG   HandlerThread:18876 [handler.py:handle_request():141] handle_request: poll_exit
2022-04-27 08:40:21,208 DEBUG   SenderThread:18876 [sender.py:send_request():249] send_request: poll_exit
2022-04-27 08:40:21,219 INFO    Thread-20 :18876 [upload_job.py:push():137] Uploaded file C:\Users\gizem\Documents\GitHub\noisy_fair\wandb\run-20220427_083844-1cg2uh1p\files\requirements.txt
2022-04-27 08:40:21,283 INFO    Thread-19 :18876 [upload_job.py:push():137] Uploaded file C:\Users\gizem\Documents\GitHub\noisy_fair\wandb\run-20220427_083844-1cg2uh1p\files\output.log
2022-04-27 08:40:21,316 DEBUG   HandlerThread:18876 [handler.py:handle_request():141] handle_request: poll_exit
2022-04-27 08:40:21,316 DEBUG   SenderThread:18876 [sender.py:send_request():249] send_request: poll_exit
2022-04-27 08:40:21,356 INFO    Thread-21 :18876 [upload_job.py:push():137] Uploaded file C:\Users\gizem\Documents\GitHub\noisy_fair\wandb\run-20220427_083844-1cg2uh1p\files\wandb-summary.json
2022-04-27 08:40:21,424 DEBUG   HandlerThread:18876 [handler.py:handle_request():141] handle_request: poll_exit
2022-04-27 08:40:21,424 DEBUG   SenderThread:18876 [sender.py:send_request():249] send_request: poll_exit
2022-04-27 08:40:21,533 DEBUG   HandlerThread:18876 [handler.py:handle_request():141] handle_request: poll_exit
2022-04-27 08:40:21,534 DEBUG   SenderThread:18876 [sender.py:send_request():249] send_request: poll_exit
2022-04-27 08:40:21,644 DEBUG   HandlerThread:18876 [handler.py:handle_request():141] handle_request: poll_exit
2022-04-27 08:40:21,644 DEBUG   SenderThread:18876 [sender.py:send_request():249] send_request: poll_exit
2022-04-27 08:40:21,755 DEBUG   HandlerThread:18876 [handler.py:handle_request():141] handle_request: poll_exit
2022-04-27 08:40:21,755 DEBUG   SenderThread:18876 [sender.py:send_request():249] send_request: poll_exit
2022-04-27 08:40:21,810 INFO    Thread-18 :18876 [upload_job.py:push():137] Uploaded file C:\Users\gizem\Documents\GitHub\noisy_fair\wandb\run-20220427_083844-1cg2uh1p\files\config.yaml
2022-04-27 08:40:21,865 DEBUG   HandlerThread:18876 [handler.py:handle_request():141] handle_request: poll_exit
2022-04-27 08:40:21,865 DEBUG   SenderThread:18876 [sender.py:send_request():249] send_request: poll_exit
2022-04-27 08:40:21,975 DEBUG   HandlerThread:18876 [handler.py:handle_request():141] handle_request: poll_exit
2022-04-27 08:40:21,975 DEBUG   SenderThread:18876 [sender.py:send_request():249] send_request: poll_exit
2022-04-27 08:40:22,019 INFO    Thread-10 (_thread_body):18876 [sender.py:transition_state():392] send defer: 8
2022-04-27 08:40:22,020 DEBUG   HandlerThread:18876 [handler.py:handle_request():141] handle_request: defer
2022-04-27 08:40:22,020 INFO    HandlerThread:18876 [handler.py:handle_request_defer():164] handle defer: 8
2022-04-27 08:40:22,020 DEBUG   SenderThread:18876 [sender.py:send_request():249] send_request: defer
2022-04-27 08:40:22,020 INFO    SenderThread:18876 [sender.py:send_request_defer():388] handle sender defer: 8
2022-04-27 08:40:22,081 DEBUG   HandlerThread:18876 [handler.py:handle_request():141] handle_request: poll_exit
2022-04-27 08:40:22,450 INFO    SenderThread:18876 [sender.py:transition_state():392] send defer: 9
2022-04-27 08:40:22,450 DEBUG   SenderThread:18876 [sender.py:send_request():249] send_request: poll_exit
2022-04-27 08:40:22,450 DEBUG   HandlerThread:18876 [handler.py:handle_request():141] handle_request: defer
2022-04-27 08:40:22,451 INFO    HandlerThread:18876 [handler.py:handle_request_defer():164] handle defer: 9
2022-04-27 08:40:22,451 DEBUG   SenderThread:18876 [sender.py:send_request():249] send_request: defer
2022-04-27 08:40:22,451 INFO    SenderThread:18876 [sender.py:send_request_defer():388] handle sender defer: 9
2022-04-27 08:40:22,451 INFO    SenderThread:18876 [sender.py:transition_state():392] send defer: 10
2022-04-27 08:40:22,452 DEBUG   HandlerThread:18876 [handler.py:handle_request():141] handle_request: defer
2022-04-27 08:40:22,452 INFO    HandlerThread:18876 [handler.py:handle_request_defer():164] handle defer: 10
2022-04-27 08:40:22,452 DEBUG   SenderThread:18876 [sender.py:send():235] send: final
2022-04-27 08:40:22,452 DEBUG   SenderThread:18876 [sender.py:send():235] send: footer
2022-04-27 08:40:22,452 DEBUG   SenderThread:18876 [sender.py:send_request():249] send_request: defer
2022-04-27 08:40:22,453 INFO    SenderThread:18876 [sender.py:send_request_defer():388] handle sender defer: 10
2022-04-27 08:40:22,553 DEBUG   HandlerThread:18876 [handler.py:handle_request():141] handle_request: poll_exit
2022-04-27 08:40:22,553 DEBUG   SenderThread:18876 [sender.py:send_request():249] send_request: poll_exit
2022-04-27 08:40:22,553 INFO    SenderThread:18876 [file_pusher.py:join():150] waiting for file pusher
2022-04-27 08:40:24,759 DEBUG   HandlerThread:18876 [handler.py:handle_request():141] handle_request: sampled_history
2022-04-27 08:40:24,761 DEBUG   HandlerThread:18876 [handler.py:handle_request():141] handle_request: get_summary
2022-04-27 08:40:24,761 DEBUG   HandlerThread:18876 [handler.py:handle_request():141] handle_request: shutdown
2022-04-27 08:40:24,762 INFO    HandlerThread:18876 [handler.py:finish():790] shutting down handler
2022-04-27 08:40:25,470 INFO    WriterThread:18876 [datastore.py:close():281] close: C:\Users\gizem\Documents\GitHub\noisy_fair\wandb\run-20220427_083844-1cg2uh1p\run-1cg2uh1p.wandb
2022-04-27 08:40:25,659 INFO    SenderThread:18876 [sender.py:finish():1107] shutting down sender
2022-04-27 08:40:25,659 INFO    SenderThread:18876 [file_pusher.py:finish():145] shutting down file pusher
2022-04-27 08:40:25,660 INFO    SenderThread:18876 [file_pusher.py:join():150] waiting for file pusher
2022-04-27 08:40:25,667 INFO    MainThread:18876 [internal.py:handle_exit():82] Internal process exited
