2022-04-26 22:39:16,891 INFO    MainThread:29740 [internal.py:wandb_internal():92] W&B internal server running at pid: 29740, started at: 2022-04-26 22:39:16.891273
2022-04-26 22:39:16,893 INFO    WriterThread:29740 [datastore.py:open_for_write():77] open: C:\Users\gizem\Documents\GitHub\noisy_fair\wandb\run-20220426_223915-1d9ixb4f\run-1d9ixb4f.wandb
2022-04-26 22:39:16,897 DEBUG   SenderThread:29740 [sender.py:send():235] send: header
2022-04-26 22:39:16,897 DEBUG   SenderThread:29740 [sender.py:send():235] send: run
2022-04-26 22:39:17,452 INFO    SenderThread:29740 [dir_watcher.py:__init__():169] watching files in: C:\Users\gizem\Documents\GitHub\noisy_fair\wandb\run-20220426_223915-1d9ixb4f\files
2022-04-26 22:39:17,456 INFO    SenderThread:29740 [sender.py:_start_run_threads():812] run started: 1d9ixb4f with start time 1651005555
2022-04-26 22:39:17,456 DEBUG   SenderThread:29740 [sender.py:send():235] send: summary
2022-04-26 22:39:17,457 INFO    SenderThread:29740 [sender.py:_save_file():947] saving file wandb-summary.json with policy end
2022-04-26 22:39:17,458 DEBUG   HandlerThread:29740 [handler.py:handle_request():141] handle_request: check_version
2022-04-26 22:39:17,458 DEBUG   SenderThread:29740 [sender.py:send_request():249] send_request: check_version
2022-04-26 22:39:18,033 DEBUG   HandlerThread:29740 [handler.py:handle_request():141] handle_request: run_start
2022-04-26 22:39:18,457 INFO    Thread-11 :29740 [dir_watcher.py:_on_file_created():217] file/dir created: C:\Users\gizem\Documents\GitHub\noisy_fair\wandb\run-20220426_223915-1d9ixb4f\files\wandb-summary.json
2022-04-26 22:39:19,145 DEBUG   HandlerThread:29740 [meta.py:__init__():37] meta init
2022-04-26 22:39:19,145 DEBUG   HandlerThread:29740 [meta.py:__init__():51] meta init done
2022-04-26 22:39:19,145 DEBUG   HandlerThread:29740 [meta.py:probe():211] probe
2022-04-26 22:39:19,193 DEBUG   HandlerThread:29740 [meta.py:_setup_git():201] setup git
2022-04-26 22:39:19,299 DEBUG   HandlerThread:29740 [meta.py:_setup_git():208] setup git done
2022-04-26 22:39:19,300 DEBUG   HandlerThread:29740 [meta.py:_save_pip():55] save pip
2022-04-26 22:39:19,301 DEBUG   HandlerThread:29740 [meta.py:_save_pip():69] save pip done
2022-04-26 22:39:19,301 DEBUG   HandlerThread:29740 [meta.py:_save_conda():76] save conda
2022-04-26 22:39:19,308 ERROR   HandlerThread:29740 [meta.py:_save_conda():85] Error saving conda packages
Traceback (most recent call last):
  File "C:\Users\gizem\anaconda3\envs\iw\lib\site-packages\wandb\sdk\internal\meta.py", line 81, in _save_conda
    subprocess.call(
  File "C:\Users\gizem\anaconda3\envs\iw\lib\subprocess.py", line 345, in call
    with Popen(*popenargs, **kwargs) as p:
  File "C:\Users\gizem\anaconda3\envs\iw\lib\subprocess.py", line 966, in __init__
    self._execute_child(args, executable, preexec_fn, close_fds,
  File "C:\Users\gizem\anaconda3\envs\iw\lib\subprocess.py", line 1435, in _execute_child
    hp, ht, pid, tid = _winapi.CreateProcess(executable, args,
FileNotFoundError: [WinError 2] The system cannot find the file specified
2022-04-26 22:39:19,310 DEBUG   HandlerThread:29740 [meta.py:_save_conda():86] save conda done
2022-04-26 22:39:19,310 DEBUG   HandlerThread:29740 [meta.py:probe():249] probe done
2022-04-26 22:39:19,494 DEBUG   SenderThread:29740 [sender.py:send():235] send: files
2022-04-26 22:39:19,494 DEBUG   HandlerThread:29740 [handler.py:handle_request():141] handle_request: stop_status
2022-04-26 22:39:19,495 INFO    SenderThread:29740 [sender.py:_save_file():947] saving file wandb-metadata.json with policy now
2022-04-26 22:39:19,496 INFO    Thread-11 :29740 [dir_watcher.py:_on_file_created():217] file/dir created: C:\Users\gizem\Documents\GitHub\noisy_fair\wandb\run-20220426_223915-1d9ixb4f\files\requirements.txt
2022-04-26 22:39:19,497 DEBUG   SenderThread:29740 [sender.py:send_request():249] send_request: stop_status
2022-04-26 22:39:19,501 INFO    Thread-11 :29740 [dir_watcher.py:_on_file_created():217] file/dir created: C:\Users\gizem\Documents\GitHub\noisy_fair\wandb\run-20220426_223915-1d9ixb4f\files\conda-environment.yaml
2022-04-26 22:39:19,502 INFO    Thread-11 :29740 [dir_watcher.py:_on_file_created():217] file/dir created: C:\Users\gizem\Documents\GitHub\noisy_fair\wandb\run-20220426_223915-1d9ixb4f\files\wandb-metadata.json
2022-04-26 22:39:19,503 INFO    Thread-11 :29740 [dir_watcher.py:_on_file_created():217] file/dir created: C:\Users\gizem\Documents\GitHub\noisy_fair\wandb\run-20220426_223915-1d9ixb4f\files\output.log
2022-04-26 22:39:21,377 DEBUG   SenderThread:29740 [sender.py:send():235] send: telemetry
2022-04-26 22:39:21,511 INFO    Thread-11 :29740 [dir_watcher.py:_on_file_modified():230] file/dir modified: C:\Users\gizem\Documents\GitHub\noisy_fair\wandb\run-20220426_223915-1d9ixb4f\files\output.log
2022-04-26 22:39:21,604 INFO    Thread-17 :29740 [upload_job.py:push():137] Uploaded file C:\Users\gizem\AppData\Local\Temp\tmp4r8wdw7gwandb\1i3x7tis-wandb-metadata.json
2022-04-26 22:39:36,381 DEBUG   HandlerThread:29740 [handler.py:handle_request():141] handle_request: stop_status
2022-04-26 22:39:36,381 DEBUG   SenderThread:29740 [sender.py:send_request():249] send_request: stop_status
2022-04-26 22:39:48,796 INFO    Thread-11 :29740 [dir_watcher.py:_on_file_modified():230] file/dir modified: C:\Users\gizem\Documents\GitHub\noisy_fair\wandb\run-20220426_223915-1d9ixb4f\files\config.yaml
2022-04-26 22:39:53,787 DEBUG   HandlerThread:29740 [handler.py:handle_request():141] handle_request: stop_status
2022-04-26 22:39:53,787 DEBUG   SenderThread:29740 [sender.py:send_request():249] send_request: stop_status
2022-04-26 22:39:55,345 DEBUG   SenderThread:29740 [sender.py:send():235] send: stats
2022-04-26 22:40:09,494 DEBUG   HandlerThread:29740 [handler.py:handle_request():141] handle_request: stop_status
2022-04-26 22:40:09,494 DEBUG   SenderThread:29740 [sender.py:send_request():249] send_request: stop_status
2022-04-26 22:40:29,506 DEBUG   HandlerThread:29740 [handler.py:handle_request():141] handle_request: stop_status
2022-04-26 22:40:44,838 ERROR   SenderThread:29740 [retry.py:__call__():126] Retry attempt failed:
Traceback (most recent call last):
  File "C:\Users\gizem\anaconda3\envs\iw\lib\site-packages\urllib3\connectionpool.py", line 449, in _make_request
    six.raise_from(e, None)
  File "<string>", line 3, in raise_from
  File "C:\Users\gizem\anaconda3\envs\iw\lib\site-packages\urllib3\connectionpool.py", line 444, in _make_request
    httplib_response = conn.getresponse()
  File "C:\Users\gizem\anaconda3\envs\iw\lib\http\client.py", line 1374, in getresponse
    response.begin()
  File "C:\Users\gizem\anaconda3\envs\iw\lib\http\client.py", line 318, in begin
    version, status, reason = self._read_status()
  File "C:\Users\gizem\anaconda3\envs\iw\lib\http\client.py", line 279, in _read_status
    line = str(self.fp.readline(_MAXLINE + 1), "iso-8859-1")
  File "C:\Users\gizem\anaconda3\envs\iw\lib\socket.py", line 705, in readinto
    return self._sock.recv_into(b)
  File "C:\Users\gizem\anaconda3\envs\iw\lib\ssl.py", line 1273, in recv_into
    return self.read(nbytes, buffer)
  File "C:\Users\gizem\anaconda3\envs\iw\lib\ssl.py", line 1129, in read
    return self._sslobj.read(len, buffer)
TimeoutError: The read operation timed out

During handling of the above exception, another exception occurred:

Traceback (most recent call last):
  File "C:\Users\gizem\anaconda3\envs\iw\lib\site-packages\requests\adapters.py", line 440, in send
    resp = conn.urlopen(
  File "C:\Users\gizem\anaconda3\envs\iw\lib\site-packages\urllib3\connectionpool.py", line 785, in urlopen
    retries = retries.increment(
  File "C:\Users\gizem\anaconda3\envs\iw\lib\site-packages\urllib3\util\retry.py", line 550, in increment
    raise six.reraise(type(error), error, _stacktrace)
  File "C:\Users\gizem\anaconda3\envs\iw\lib\site-packages\urllib3\packages\six.py", line 770, in reraise
    raise value
  File "C:\Users\gizem\anaconda3\envs\iw\lib\site-packages\urllib3\connectionpool.py", line 703, in urlopen
    httplib_response = self._make_request(
  File "C:\Users\gizem\anaconda3\envs\iw\lib\site-packages\urllib3\connectionpool.py", line 451, in _make_request
    self._raise_timeout(err=e, url=url, timeout_value=read_timeout)
  File "C:\Users\gizem\anaconda3\envs\iw\lib\site-packages\urllib3\connectionpool.py", line 340, in _raise_timeout
    raise ReadTimeoutError(
urllib3.exceptions.ReadTimeoutError: HTTPSConnectionPool(host='api.wandb.ai', port=443): Read timed out. (read timeout=10)

During handling of the above exception, another exception occurred:

Traceback (most recent call last):
  File "C:\Users\gizem\anaconda3\envs\iw\lib\site-packages\wandb\sdk\lib\retry.py", line 102, in __call__
    result = self._call_fn(*args, **kwargs)
  File "C:\Users\gizem\anaconda3\envs\iw\lib\site-packages\wandb\sdk\internal\internal_api.py", line 141, in execute
    return self.client.execute(*args, **kwargs)
  File "C:\Users\gizem\anaconda3\envs\iw\lib\site-packages\wandb\vendor\gql-0.2.0\wandb_gql\client.py", line 52, in execute
    result = self._get_result(document, *args, **kwargs)
  File "C:\Users\gizem\anaconda3\envs\iw\lib\site-packages\wandb\vendor\gql-0.2.0\wandb_gql\client.py", line 60, in _get_result
    return self.transport.execute(document, *args, **kwargs)
  File "C:\Users\gizem\anaconda3\envs\iw\lib\site-packages\wandb\vendor\gql-0.2.0\wandb_gql\transport\requests.py", line 38, in execute
    request = requests.post(self.url, **post_args)
  File "C:\Users\gizem\anaconda3\envs\iw\lib\site-packages\requests\api.py", line 117, in post
    return request('post', url, data=data, json=json, **kwargs)
  File "C:\Users\gizem\anaconda3\envs\iw\lib\site-packages\requests\api.py", line 61, in request
    return session.request(method=method, url=url, **kwargs)
  File "C:\Users\gizem\anaconda3\envs\iw\lib\site-packages\requests\sessions.py", line 529, in request
    resp = self.send(prep, **send_kwargs)
  File "C:\Users\gizem\anaconda3\envs\iw\lib\site-packages\requests\sessions.py", line 645, in send
    r = adapter.send(request, **kwargs)
  File "C:\Users\gizem\anaconda3\envs\iw\lib\site-packages\requests\adapters.py", line 532, in send
    raise ReadTimeout(e, request=request)
requests.exceptions.ReadTimeout: HTTPSConnectionPool(host='api.wandb.ai', port=443): Read timed out. (read timeout=10)
2022-04-26 22:40:49,510 DEBUG   HandlerThread:29740 [handler.py:handle_request():141] handle_request: stop_status
2022-04-26 22:40:49,529 DEBUG   HandlerThread:29740 [handler.py:handle_request():141] handle_request: partial_history
2022-04-26 22:40:50,394 INFO    Thread-11 :29740 [dir_watcher.py:_on_file_modified():230] file/dir modified: C:\Users\gizem\Documents\GitHub\noisy_fair\wandb\run-20220426_223915-1d9ixb4f\files\output.log
2022-04-26 22:40:50,506 DEBUG   HandlerThread:29740 [handler.py:handle_request():141] handle_request: poll_exit
2022-04-26 22:40:51,401 INFO    Thread-11 :29740 [dir_watcher.py:_on_file_modified():230] file/dir modified: C:\Users\gizem\Documents\GitHub\noisy_fair\wandb\run-20220426_223915-1d9ixb4f\files\output.log
2022-04-26 22:40:53,289 WARNING FileStreamThread:29740 [file_stream.py:request_with_retry():594] requests_with_retry encountered retryable exception: 500 Server Error: Internal Server Error for url: https://api.wandb.ai/files/sml-eth/noisy-fair/1d9ixb4f/file_stream. func: <bound method Session.post of <requests.sessions.Session object at 0x000002697D0AEF20>>, args: ('https://api.wandb.ai/files/sml-eth/noisy-fair/1d9ixb4f/file_stream',), kwargs: {'json': {'complete': False, 'failed': False, 'dropped': 0, 'uploaded': []}}
2022-04-26 22:40:55,626 DEBUG   HandlerThread:29740 [handler.py:handle_request():141] handle_request: poll_exit
2022-04-26 22:41:00,739 DEBUG   HandlerThread:29740 [handler.py:handle_request():141] handle_request: poll_exit
2022-04-26 22:41:05,852 DEBUG   HandlerThread:29740 [handler.py:handle_request():141] handle_request: poll_exit
2022-04-26 22:41:10,976 DEBUG   HandlerThread:29740 [handler.py:handle_request():141] handle_request: poll_exit
2022-04-26 22:41:15,632 WARNING FileStreamThread:29740 [file_stream.py:request_with_retry():594] requests_with_retry encountered retryable exception: 500 Server Error: Internal Server Error for url: https://api.wandb.ai/files/sml-eth/noisy-fair/1d9ixb4f/file_stream. func: <bound method Session.post of <requests.sessions.Session object at 0x000002697D0AEF20>>, args: ('https://api.wandb.ai/files/sml-eth/noisy-fair/1d9ixb4f/file_stream',), kwargs: {'json': {'complete': False, 'failed': False, 'dropped': 0, 'uploaded': []}}
2022-04-26 22:41:16,102 DEBUG   HandlerThread:29740 [handler.py:handle_request():141] handle_request: poll_exit
2022-04-26 22:41:21,219 DEBUG   HandlerThread:29740 [handler.py:handle_request():141] handle_request: poll_exit
2022-04-26 22:41:26,337 DEBUG   HandlerThread:29740 [handler.py:handle_request():141] handle_request: poll_exit
2022-04-26 22:41:31,447 DEBUG   HandlerThread:29740 [handler.py:handle_request():141] handle_request: poll_exit
2022-04-26 22:41:36,570 DEBUG   HandlerThread:29740 [handler.py:handle_request():141] handle_request: poll_exit
2022-04-26 22:41:41,684 DEBUG   HandlerThread:29740 [handler.py:handle_request():141] handle_request: poll_exit
2022-04-26 22:41:43,116 DEBUG   SenderThread:29740 [sender.py:send_request():249] send_request: stop_status
2022-04-26 22:41:44,974 DEBUG   SenderThread:29740 [sender.py:send():235] send: stats
2022-04-26 22:41:44,975 DEBUG   SenderThread:29740 [sender.py:send_request():249] send_request: stop_status
2022-04-26 22:41:46,799 DEBUG   HandlerThread:29740 [handler.py:handle_request():141] handle_request: poll_exit
2022-04-26 22:41:47,205 DEBUG   SenderThread:29740 [sender.py:send():235] send: history
2022-04-26 22:41:47,205 DEBUG   SenderThread:29740 [sender.py:send():235] send: summary
2022-04-26 22:41:47,206 INFO    SenderThread:29740 [sender.py:_save_file():947] saving file wandb-summary.json with policy end
2022-04-26 22:41:47,207 DEBUG   SenderThread:29740 [sender.py:send():235] send: telemetry
2022-04-26 22:41:47,207 DEBUG   SenderThread:29740 [sender.py:send():235] send: telemetry
2022-04-26 22:41:47,207 DEBUG   SenderThread:29740 [sender.py:send():235] send: exit
2022-04-26 22:41:47,207 INFO    SenderThread:29740 [sender.py:send_exit():371] handling exit code: 0
2022-04-26 22:41:47,207 INFO    SenderThread:29740 [sender.py:send_exit():373] handling runtime: 92
2022-04-26 22:41:47,208 INFO    SenderThread:29740 [sender.py:_save_file():947] saving file wandb-summary.json with policy end
2022-04-26 22:41:47,208 INFO    SenderThread:29740 [sender.py:send_exit():379] send defer
2022-04-26 22:41:47,208 DEBUG   SenderThread:29740 [sender.py:send_request():249] send_request: poll_exit
2022-04-26 22:41:47,208 DEBUG   SenderThread:29740 [sender.py:send_request():249] send_request: poll_exit
2022-04-26 22:41:47,208 DEBUG   SenderThread:29740 [sender.py:send_request():249] send_request: poll_exit
2022-04-26 22:41:47,208 DEBUG   SenderThread:29740 [sender.py:send_request():249] send_request: poll_exit
2022-04-26 22:41:47,209 DEBUG   SenderThread:29740 [sender.py:send_request():249] send_request: poll_exit
2022-04-26 22:41:47,209 DEBUG   SenderThread:29740 [sender.py:send():235] send: stats
2022-04-26 22:41:47,209 DEBUG   SenderThread:29740 [sender.py:send_request():249] send_request: poll_exit
2022-04-26 22:41:47,209 DEBUG   SenderThread:29740 [sender.py:send_request():249] send_request: poll_exit
2022-04-26 22:41:47,209 DEBUG   SenderThread:29740 [sender.py:send_request():249] send_request: poll_exit
2022-04-26 22:41:47,209 DEBUG   SenderThread:29740 [sender.py:send_request():249] send_request: poll_exit
2022-04-26 22:41:47,209 DEBUG   SenderThread:29740 [sender.py:send_request():249] send_request: poll_exit
2022-04-26 22:41:47,209 DEBUG   SenderThread:29740 [sender.py:send_request():249] send_request: poll_exit
2022-04-26 22:41:47,209 DEBUG   SenderThread:29740 [sender.py:send_request():249] send_request: poll_exit
2022-04-26 22:41:47,210 DEBUG   HandlerThread:29740 [handler.py:handle_request():141] handle_request: defer
2022-04-26 22:41:47,210 INFO    HandlerThread:29740 [handler.py:handle_request_defer():164] handle defer: 0
2022-04-26 22:41:47,210 DEBUG   SenderThread:29740 [sender.py:send_request():249] send_request: defer
2022-04-26 22:41:47,211 INFO    SenderThread:29740 [sender.py:send_request_defer():388] handle sender defer: 0
2022-04-26 22:41:47,211 INFO    SenderThread:29740 [sender.py:transition_state():392] send defer: 1
2022-04-26 22:41:47,211 DEBUG   HandlerThread:29740 [handler.py:handle_request():141] handle_request: defer
2022-04-26 22:41:47,211 INFO    HandlerThread:29740 [handler.py:handle_request_defer():164] handle defer: 1
2022-04-26 22:41:47,322 DEBUG   SenderThread:29740 [sender.py:send_request():249] send_request: defer
2022-04-26 22:41:47,322 INFO    SenderThread:29740 [sender.py:send_request_defer():388] handle sender defer: 1
2022-04-26 22:41:47,322 INFO    SenderThread:29740 [sender.py:transition_state():392] send defer: 2
2022-04-26 22:41:47,322 DEBUG   SenderThread:29740 [sender.py:send():235] send: stats
2022-04-26 22:41:47,323 DEBUG   HandlerThread:29740 [handler.py:handle_request():141] handle_request: defer
2022-04-26 22:41:47,323 INFO    HandlerThread:29740 [handler.py:handle_request_defer():164] handle defer: 2
2022-04-26 22:41:47,323 DEBUG   HandlerThread:29740 [handler.py:handle_request():141] handle_request: poll_exit
2022-04-26 22:41:47,323 DEBUG   SenderThread:29740 [sender.py:send_request():249] send_request: defer
2022-04-26 22:41:47,323 INFO    SenderThread:29740 [sender.py:send_request_defer():388] handle sender defer: 2
2022-04-26 22:41:47,323 INFO    SenderThread:29740 [sender.py:transition_state():392] send defer: 3
2022-04-26 22:41:47,323 DEBUG   SenderThread:29740 [sender.py:send_request():249] send_request: poll_exit
2022-04-26 22:41:47,324 DEBUG   HandlerThread:29740 [handler.py:handle_request():141] handle_request: defer
2022-04-26 22:41:47,324 INFO    HandlerThread:29740 [handler.py:handle_request_defer():164] handle defer: 3
2022-04-26 22:41:47,325 DEBUG   SenderThread:29740 [sender.py:send_request():249] send_request: defer
2022-04-26 22:41:47,325 INFO    SenderThread:29740 [sender.py:send_request_defer():388] handle sender defer: 3
2022-04-26 22:41:47,325 INFO    SenderThread:29740 [sender.py:transition_state():392] send defer: 4
2022-04-26 22:41:47,325 DEBUG   HandlerThread:29740 [handler.py:handle_request():141] handle_request: defer
2022-04-26 22:41:47,325 INFO    HandlerThread:29740 [handler.py:handle_request_defer():164] handle defer: 4
2022-04-26 22:41:47,325 DEBUG   SenderThread:29740 [sender.py:send():235] send: summary
2022-04-26 22:41:47,326 INFO    SenderThread:29740 [sender.py:_save_file():947] saving file wandb-summary.json with policy end
2022-04-26 22:41:47,326 DEBUG   SenderThread:29740 [sender.py:send_request():249] send_request: defer
2022-04-26 22:41:47,326 INFO    SenderThread:29740 [sender.py:send_request_defer():388] handle sender defer: 4
2022-04-26 22:41:47,326 INFO    SenderThread:29740 [sender.py:transition_state():392] send defer: 5
2022-04-26 22:41:47,327 DEBUG   HandlerThread:29740 [handler.py:handle_request():141] handle_request: defer
2022-04-26 22:41:47,327 INFO    HandlerThread:29740 [handler.py:handle_request_defer():164] handle defer: 5
2022-04-26 22:41:47,327 DEBUG   SenderThread:29740 [sender.py:send_request():249] send_request: defer
2022-04-26 22:41:47,327 INFO    SenderThread:29740 [sender.py:send_request_defer():388] handle sender defer: 5
2022-04-26 22:41:47,431 DEBUG   HandlerThread:29740 [handler.py:handle_request():141] handle_request: poll_exit
2022-04-26 22:41:47,868 INFO    Thread-11 :29740 [dir_watcher.py:_on_file_modified():230] file/dir modified: C:\Users\gizem\Documents\GitHub\noisy_fair\wandb\run-20220426_223915-1d9ixb4f\files\wandb-summary.json
2022-04-26 22:41:48,704 INFO    SenderThread:29740 [sender.py:transition_state():392] send defer: 6
2022-04-26 22:41:48,704 DEBUG   SenderThread:29740 [sender.py:send_request():249] send_request: poll_exit
2022-04-26 22:41:48,705 DEBUG   HandlerThread:29740 [handler.py:handle_request():141] handle_request: defer
2022-04-26 22:41:48,705 INFO    HandlerThread:29740 [handler.py:handle_request_defer():164] handle defer: 6
2022-04-26 22:41:48,705 DEBUG   SenderThread:29740 [sender.py:send_request():249] send_request: defer
2022-04-26 22:41:48,705 INFO    SenderThread:29740 [sender.py:send_request_defer():388] handle sender defer: 6
2022-04-26 22:41:48,705 INFO    SenderThread:29740 [dir_watcher.py:finish():283] shutting down directory watcher
2022-04-26 22:41:48,812 DEBUG   HandlerThread:29740 [handler.py:handle_request():141] handle_request: poll_exit
2022-04-26 22:41:48,876 INFO    SenderThread:29740 [dir_watcher.py:_on_file_modified():230] file/dir modified: C:\Users\gizem\Documents\GitHub\noisy_fair\wandb\run-20220426_223915-1d9ixb4f\files\config.yaml
2022-04-26 22:41:48,877 INFO    SenderThread:29740 [dir_watcher.py:finish():313] scan: C:\Users\gizem\Documents\GitHub\noisy_fair\wandb\run-20220426_223915-1d9ixb4f\files
2022-04-26 22:41:48,877 INFO    SenderThread:29740 [dir_watcher.py:finish():327] scan save: C:\Users\gizem\Documents\GitHub\noisy_fair\wandb\run-20220426_223915-1d9ixb4f\files\conda-environment.yaml conda-environment.yaml
2022-04-26 22:41:48,877 INFO    SenderThread:29740 [dir_watcher.py:finish():327] scan save: C:\Users\gizem\Documents\GitHub\noisy_fair\wandb\run-20220426_223915-1d9ixb4f\files\config.yaml config.yaml
2022-04-26 22:41:48,877 INFO    SenderThread:29740 [dir_watcher.py:finish():327] scan save: C:\Users\gizem\Documents\GitHub\noisy_fair\wandb\run-20220426_223915-1d9ixb4f\files\output.log output.log
2022-04-26 22:41:48,879 INFO    SenderThread:29740 [dir_watcher.py:finish():327] scan save: C:\Users\gizem\Documents\GitHub\noisy_fair\wandb\run-20220426_223915-1d9ixb4f\files\requirements.txt requirements.txt
2022-04-26 22:41:48,882 INFO    SenderThread:29740 [dir_watcher.py:finish():327] scan save: C:\Users\gizem\Documents\GitHub\noisy_fair\wandb\run-20220426_223915-1d9ixb4f\files\wandb-metadata.json wandb-metadata.json
2022-04-26 22:41:48,882 INFO    SenderThread:29740 [dir_watcher.py:finish():327] scan save: C:\Users\gizem\Documents\GitHub\noisy_fair\wandb\run-20220426_223915-1d9ixb4f\files\wandb-summary.json wandb-summary.json
2022-04-26 22:41:48,885 INFO    SenderThread:29740 [sender.py:transition_state():392] send defer: 7
2022-04-26 22:41:48,885 DEBUG   SenderThread:29740 [sender.py:send_request():249] send_request: poll_exit
2022-04-26 22:41:48,890 DEBUG   HandlerThread:29740 [handler.py:handle_request():141] handle_request: defer
2022-04-26 22:41:48,890 INFO    HandlerThread:29740 [handler.py:handle_request_defer():164] handle defer: 7
2022-04-26 22:41:48,891 DEBUG   SenderThread:29740 [sender.py:send_request():249] send_request: defer
2022-04-26 22:41:48,891 INFO    SenderThread:29740 [sender.py:send_request_defer():388] handle sender defer: 7
2022-04-26 22:41:48,891 INFO    SenderThread:29740 [file_pusher.py:finish():145] shutting down file pusher
2022-04-26 22:41:48,998 DEBUG   HandlerThread:29740 [handler.py:handle_request():141] handle_request: poll_exit
2022-04-26 22:41:48,999 DEBUG   SenderThread:29740 [sender.py:send_request():249] send_request: poll_exit
2022-04-26 22:41:49,107 DEBUG   HandlerThread:29740 [handler.py:handle_request():141] handle_request: poll_exit
2022-04-26 22:41:49,107 DEBUG   SenderThread:29740 [sender.py:send_request():249] send_request: poll_exit
2022-04-26 22:41:49,215 DEBUG   HandlerThread:29740 [handler.py:handle_request():141] handle_request: poll_exit
2022-04-26 22:41:49,215 DEBUG   SenderThread:29740 [sender.py:send_request():249] send_request: poll_exit
2022-04-26 22:41:49,323 DEBUG   HandlerThread:29740 [handler.py:handle_request():141] handle_request: poll_exit
2022-04-26 22:41:49,323 DEBUG   SenderThread:29740 [sender.py:send_request():249] send_request: poll_exit
2022-04-26 22:41:49,432 DEBUG   HandlerThread:29740 [handler.py:handle_request():141] handle_request: poll_exit
2022-04-26 22:41:49,433 DEBUG   SenderThread:29740 [sender.py:send_request():249] send_request: poll_exit
2022-04-26 22:41:49,543 DEBUG   HandlerThread:29740 [handler.py:handle_request():141] handle_request: poll_exit
2022-04-26 22:41:49,543 DEBUG   SenderThread:29740 [sender.py:send_request():249] send_request: poll_exit
2022-04-26 22:41:49,653 DEBUG   HandlerThread:29740 [handler.py:handle_request():141] handle_request: poll_exit
2022-04-26 22:41:49,654 DEBUG   SenderThread:29740 [sender.py:send_request():249] send_request: poll_exit
2022-04-26 22:41:49,764 DEBUG   HandlerThread:29740 [handler.py:handle_request():141] handle_request: poll_exit
2022-04-26 22:41:49,764 DEBUG   SenderThread:29740 [sender.py:send_request():249] send_request: poll_exit
2022-04-26 22:41:49,874 DEBUG   HandlerThread:29740 [handler.py:handle_request():141] handle_request: poll_exit
2022-04-26 22:41:49,874 DEBUG   SenderThread:29740 [sender.py:send_request():249] send_request: poll_exit
2022-04-26 22:41:49,984 DEBUG   HandlerThread:29740 [handler.py:handle_request():141] handle_request: poll_exit
2022-04-26 22:41:49,985 DEBUG   SenderThread:29740 [sender.py:send_request():249] send_request: poll_exit
2022-04-26 22:41:50,094 DEBUG   HandlerThread:29740 [handler.py:handle_request():141] handle_request: poll_exit
2022-04-26 22:41:50,094 DEBUG   SenderThread:29740 [sender.py:send_request():249] send_request: poll_exit
2022-04-26 22:41:50,204 DEBUG   HandlerThread:29740 [handler.py:handle_request():141] handle_request: poll_exit
2022-04-26 22:41:50,204 DEBUG   SenderThread:29740 [sender.py:send_request():249] send_request: poll_exit
2022-04-26 22:41:50,313 DEBUG   HandlerThread:29740 [handler.py:handle_request():141] handle_request: poll_exit
2022-04-26 22:41:50,313 DEBUG   SenderThread:29740 [sender.py:send_request():249] send_request: poll_exit
2022-04-26 22:41:50,421 DEBUG   HandlerThread:29740 [handler.py:handle_request():141] handle_request: poll_exit
2022-04-26 22:41:50,421 DEBUG   SenderThread:29740 [sender.py:send_request():249] send_request: poll_exit
2022-04-26 22:41:50,530 DEBUG   HandlerThread:29740 [handler.py:handle_request():141] handle_request: poll_exit
2022-04-26 22:41:50,531 DEBUG   SenderThread:29740 [sender.py:send_request():249] send_request: poll_exit
2022-04-26 22:41:50,640 DEBUG   HandlerThread:29740 [handler.py:handle_request():141] handle_request: poll_exit
2022-04-26 22:41:50,640 DEBUG   SenderThread:29740 [sender.py:send_request():249] send_request: poll_exit
2022-04-26 22:41:50,746 DEBUG   HandlerThread:29740 [handler.py:handle_request():141] handle_request: poll_exit
2022-04-26 22:41:50,747 DEBUG   SenderThread:29740 [sender.py:send_request():249] send_request: poll_exit
2022-04-26 22:41:50,854 DEBUG   HandlerThread:29740 [handler.py:handle_request():141] handle_request: poll_exit
2022-04-26 22:41:50,854 DEBUG   SenderThread:29740 [sender.py:send_request():249] send_request: poll_exit
2022-04-26 22:41:50,962 DEBUG   HandlerThread:29740 [handler.py:handle_request():141] handle_request: poll_exit
2022-04-26 22:41:50,962 DEBUG   SenderThread:29740 [sender.py:send_request():249] send_request: poll_exit
2022-04-26 22:41:51,070 DEBUG   HandlerThread:29740 [handler.py:handle_request():141] handle_request: poll_exit
2022-04-26 22:41:51,071 DEBUG   SenderThread:29740 [sender.py:send_request():249] send_request: poll_exit
2022-04-26 22:41:51,177 DEBUG   HandlerThread:29740 [handler.py:handle_request():141] handle_request: poll_exit
2022-04-26 22:41:51,178 DEBUG   SenderThread:29740 [sender.py:send_request():249] send_request: poll_exit
2022-04-26 22:41:51,221 INFO    Thread-18 :29740 [upload_job.py:push():137] Uploaded file C:\Users\gizem\Documents\GitHub\noisy_fair\wandb\run-20220426_223915-1d9ixb4f\files\config.yaml
2022-04-26 22:41:51,284 DEBUG   HandlerThread:29740 [handler.py:handle_request():141] handle_request: poll_exit
2022-04-26 22:41:51,284 DEBUG   SenderThread:29740 [sender.py:send_request():249] send_request: poll_exit
2022-04-26 22:41:51,288 INFO    Thread-19 :29740 [upload_job.py:push():137] Uploaded file C:\Users\gizem\Documents\GitHub\noisy_fair\wandb\run-20220426_223915-1d9ixb4f\files\output.log
2022-04-26 22:41:51,392 DEBUG   HandlerThread:29740 [handler.py:handle_request():141] handle_request: poll_exit
2022-04-26 22:41:51,393 DEBUG   SenderThread:29740 [sender.py:send_request():249] send_request: poll_exit
2022-04-26 22:41:51,501 DEBUG   HandlerThread:29740 [handler.py:handle_request():141] handle_request: poll_exit
2022-04-26 22:41:51,502 DEBUG   SenderThread:29740 [sender.py:send_request():249] send_request: poll_exit
2022-04-26 22:41:51,610 DEBUG   HandlerThread:29740 [handler.py:handle_request():141] handle_request: poll_exit
2022-04-26 22:41:51,611 DEBUG   SenderThread:29740 [sender.py:send_request():249] send_request: poll_exit
2022-04-26 22:41:51,710 INFO    Thread-20 :29740 [upload_job.py:push():137] Uploaded file C:\Users\gizem\Documents\GitHub\noisy_fair\wandb\run-20220426_223915-1d9ixb4f\files\requirements.txt
2022-04-26 22:41:51,719 DEBUG   HandlerThread:29740 [handler.py:handle_request():141] handle_request: poll_exit
2022-04-26 22:41:51,720 DEBUG   SenderThread:29740 [sender.py:send_request():249] send_request: poll_exit
2022-04-26 22:41:51,830 DEBUG   HandlerThread:29740 [handler.py:handle_request():141] handle_request: poll_exit
2022-04-26 22:41:51,830 DEBUG   SenderThread:29740 [sender.py:send_request():249] send_request: poll_exit
2022-04-26 22:41:51,939 DEBUG   HandlerThread:29740 [handler.py:handle_request():141] handle_request: poll_exit
2022-04-26 22:41:51,940 DEBUG   SenderThread:29740 [sender.py:send_request():249] send_request: poll_exit
2022-04-26 22:41:52,004 INFO    Thread-21 :29740 [upload_job.py:push():137] Uploaded file C:\Users\gizem\Documents\GitHub\noisy_fair\wandb\run-20220426_223915-1d9ixb4f\files\wandb-summary.json
2022-04-26 22:41:52,049 DEBUG   HandlerThread:29740 [handler.py:handle_request():141] handle_request: poll_exit
2022-04-26 22:41:52,049 DEBUG   SenderThread:29740 [sender.py:send_request():249] send_request: poll_exit
2022-04-26 22:41:52,160 DEBUG   HandlerThread:29740 [handler.py:handle_request():141] handle_request: poll_exit
2022-04-26 22:41:52,161 DEBUG   SenderThread:29740 [sender.py:send_request():249] send_request: poll_exit
2022-04-26 22:41:52,209 INFO    Thread-10 (_thread_body):29740 [sender.py:transition_state():392] send defer: 8
2022-04-26 22:41:52,210 DEBUG   HandlerThread:29740 [handler.py:handle_request():141] handle_request: defer
2022-04-26 22:41:52,210 INFO    HandlerThread:29740 [handler.py:handle_request_defer():164] handle defer: 8
2022-04-26 22:41:52,210 DEBUG   SenderThread:29740 [sender.py:send_request():249] send_request: defer
2022-04-26 22:41:52,211 INFO    SenderThread:29740 [sender.py:send_request_defer():388] handle sender defer: 8
2022-04-26 22:41:52,271 DEBUG   HandlerThread:29740 [handler.py:handle_request():141] handle_request: poll_exit
2022-04-26 22:41:56,800 INFO    SenderThread:29740 [sender.py:transition_state():392] send defer: 9
2022-04-26 22:41:56,800 DEBUG   SenderThread:29740 [sender.py:send_request():249] send_request: poll_exit
2022-04-26 22:41:56,801 DEBUG   HandlerThread:29740 [handler.py:handle_request():141] handle_request: defer
2022-04-26 22:41:56,801 INFO    HandlerThread:29740 [handler.py:handle_request_defer():164] handle defer: 9
2022-04-26 22:41:56,801 DEBUG   SenderThread:29740 [sender.py:send_request():249] send_request: defer
2022-04-26 22:41:56,801 INFO    SenderThread:29740 [sender.py:send_request_defer():388] handle sender defer: 9
2022-04-26 22:41:56,802 INFO    SenderThread:29740 [sender.py:transition_state():392] send defer: 10
2022-04-26 22:41:56,802 DEBUG   HandlerThread:29740 [handler.py:handle_request():141] handle_request: defer
2022-04-26 22:41:56,803 DEBUG   SenderThread:29740 [sender.py:send():235] send: final
2022-04-26 22:41:56,803 DEBUG   SenderThread:29740 [sender.py:send():235] send: footer
2022-04-26 22:41:56,803 INFO    HandlerThread:29740 [handler.py:handle_request_defer():164] handle defer: 10
2022-04-26 22:41:56,803 DEBUG   SenderThread:29740 [sender.py:send_request():249] send_request: defer
2022-04-26 22:41:56,803 INFO    SenderThread:29740 [sender.py:send_request_defer():388] handle sender defer: 10
2022-04-26 22:41:56,904 DEBUG   HandlerThread:29740 [handler.py:handle_request():141] handle_request: poll_exit
2022-04-26 22:41:56,905 DEBUG   SenderThread:29740 [sender.py:send_request():249] send_request: poll_exit
2022-04-26 22:41:56,905 INFO    SenderThread:29740 [file_pusher.py:join():150] waiting for file pusher
2022-04-26 22:41:59,430 DEBUG   HandlerThread:29740 [handler.py:handle_request():141] handle_request: sampled_history
2022-04-26 22:41:59,431 DEBUG   HandlerThread:29740 [handler.py:handle_request():141] handle_request: get_summary
2022-04-26 22:41:59,432 DEBUG   HandlerThread:29740 [handler.py:handle_request():141] handle_request: shutdown
2022-04-26 22:41:59,432 INFO    HandlerThread:29740 [handler.py:finish():790] shutting down handler
2022-04-26 22:41:59,824 INFO    WriterThread:29740 [datastore.py:close():281] close: C:\Users\gizem\Documents\GitHub\noisy_fair\wandb\run-20220426_223915-1d9ixb4f\run-1d9ixb4f.wandb
2022-04-26 22:42:00,327 INFO    SenderThread:29740 [sender.py:finish():1107] shutting down sender
2022-04-26 22:42:00,327 INFO    SenderThread:29740 [file_pusher.py:finish():145] shutting down file pusher
2022-04-26 22:42:00,327 INFO    SenderThread:29740 [file_pusher.py:join():150] waiting for file pusher
2022-04-26 22:42:00,406 INFO    MainThread:29740 [internal.py:handle_exit():82] Internal process exited
