2022-05-06 12:03:19,249 INFO    MainThread:16872 [internal.py:wandb_internal():92] W&B internal server running at pid: 16872, started at: 2022-05-06 12:03:19.234130
2022-05-06 12:03:19,253 INFO    WriterThread:16872 [datastore.py:open_for_write():77] open: C:\Users\gizem\Documents\GitHub\noisy_fair\wandb\run-20220506_120316-1hyofr0p\run-1hyofr0p.wandb
2022-05-06 12:03:19,261 DEBUG   SenderThread:16872 [sender.py:send():235] send: header
2022-05-06 12:03:19,262 DEBUG   SenderThread:16872 [sender.py:send():235] send: run
2022-05-06 12:03:20,265 DEBUG   HandlerThread:16872 [handler.py:handle_request():141] handle_request: check_version
2022-05-06 12:03:20,265 INFO    SenderThread:16872 [dir_watcher.py:__init__():169] watching files in: C:\Users\gizem\Documents\GitHub\noisy_fair\wandb\run-20220506_120316-1hyofr0p\files
2022-05-06 12:03:20,280 INFO    SenderThread:16872 [sender.py:_start_run_threads():812] run started: 1hyofr0p with start time 1651831396
2022-05-06 12:03:20,280 DEBUG   SenderThread:16872 [sender.py:send():235] send: summary
2022-05-06 12:03:20,280 INFO    SenderThread:16872 [sender.py:_save_file():947] saving file wandb-summary.json with policy end
2022-05-06 12:03:20,280 DEBUG   SenderThread:16872 [sender.py:send_request():249] send_request: check_version
2022-05-06 12:03:20,900 DEBUG   HandlerThread:16872 [handler.py:handle_request():141] handle_request: run_start
2022-05-06 12:03:21,279 INFO    Thread-11 :16872 [dir_watcher.py:_on_file_created():217] file/dir created: C:\Users\gizem\Documents\GitHub\noisy_fair\wandb\run-20220506_120316-1hyofr0p\files\wandb-summary.json
2022-05-06 12:03:22,037 DEBUG   HandlerThread:16872 [meta.py:__init__():37] meta init
2022-05-06 12:03:22,037 DEBUG   HandlerThread:16872 [meta.py:__init__():51] meta init done
2022-05-06 12:03:22,037 DEBUG   HandlerThread:16872 [meta.py:probe():211] probe
2022-05-06 12:03:22,117 DEBUG   HandlerThread:16872 [meta.py:_setup_git():201] setup git
2022-05-06 12:03:22,229 DEBUG   HandlerThread:16872 [meta.py:_setup_git():208] setup git done
2022-05-06 12:03:22,229 DEBUG   HandlerThread:16872 [meta.py:_save_pip():55] save pip
2022-05-06 12:03:22,232 DEBUG   HandlerThread:16872 [meta.py:_save_pip():69] save pip done
2022-05-06 12:03:22,232 DEBUG   HandlerThread:16872 [meta.py:_save_conda():76] save conda
2022-05-06 12:03:22,248 ERROR   HandlerThread:16872 [meta.py:_save_conda():85] Error saving conda packages
Traceback (most recent call last):
  File "C:\Users\gizem\anaconda3\envs\iw\lib\site-packages\wandb\sdk\internal\meta.py", line 81, in _save_conda
    subprocess.call(
  File "C:\Users\gizem\anaconda3\envs\iw\lib\subprocess.py", line 345, in call
    with Popen(*popenargs, **kwargs) as p:
  File "C:\Users\gizem\anaconda3\envs\iw\lib\subprocess.py", line 966, in __init__
    self._execute_child(args, executable, preexec_fn, close_fds,
  File "C:\Users\gizem\anaconda3\envs\iw\lib\subprocess.py", line 1435, in _execute_child
    hp, ht, pid, tid = _winapi.CreateProcess(executable, args,
FileNotFoundError: [WinError 2] The system cannot find the file specified
2022-05-06 12:03:22,248 DEBUG   HandlerThread:16872 [meta.py:_save_conda():86] save conda done
2022-05-06 12:03:22,248 DEBUG   HandlerThread:16872 [meta.py:probe():249] probe done
2022-05-06 12:03:22,287 INFO    Thread-11 :16872 [dir_watcher.py:_on_file_created():217] file/dir created: C:\Users\gizem\Documents\GitHub\noisy_fair\wandb\run-20220506_120316-1hyofr0p\files\wandb-metadata.json
2022-05-06 12:03:22,287 INFO    Thread-11 :16872 [dir_watcher.py:_on_file_created():217] file/dir created: C:\Users\gizem\Documents\GitHub\noisy_fair\wandb\run-20220506_120316-1hyofr0p\files\requirements.txt
2022-05-06 12:03:22,292 INFO    Thread-11 :16872 [dir_watcher.py:_on_file_created():217] file/dir created: C:\Users\gizem\Documents\GitHub\noisy_fair\wandb\run-20220506_120316-1hyofr0p\files\conda-environment.yaml
2022-05-06 12:03:22,507 DEBUG   SenderThread:16872 [sender.py:send():235] send: files
2022-05-06 12:03:22,510 DEBUG   HandlerThread:16872 [handler.py:handle_request():141] handle_request: stop_status
2022-05-06 12:03:22,510 INFO    SenderThread:16872 [sender.py:_save_file():947] saving file wandb-metadata.json with policy now
2022-05-06 12:03:22,512 DEBUG   SenderThread:16872 [sender.py:send_request():249] send_request: stop_status
2022-05-06 12:03:23,297 INFO    Thread-11 :16872 [dir_watcher.py:_on_file_created():217] file/dir created: C:\Users\gizem\Documents\GitHub\noisy_fair\wandb\run-20220506_120316-1hyofr0p\files\output.log
2022-05-06 12:03:24,187 DEBUG   SenderThread:16872 [sender.py:send():235] send: telemetry
2022-05-06 12:03:25,314 INFO    Thread-11 :16872 [dir_watcher.py:_on_file_modified():230] file/dir modified: C:\Users\gizem\Documents\GitHub\noisy_fair\wandb\run-20220506_120316-1hyofr0p\files\output.log
2022-05-06 12:03:25,455 DEBUG   HandlerThread:16872 [handler.py:handle_request():141] handle_request: partial_history
2022-05-06 12:03:25,458 DEBUG   SenderThread:16872 [sender.py:send():235] send: history
2022-05-06 12:03:25,459 DEBUG   SenderThread:16872 [sender.py:send():235] send: summary
2022-05-06 12:03:25,459 INFO    SenderThread:16872 [sender.py:_save_file():947] saving file wandb-summary.json with policy end
2022-05-06 12:03:25,459 DEBUG   SenderThread:16872 [sender.py:send():235] send: telemetry
2022-05-06 12:03:25,459 DEBUG   SenderThread:16872 [sender.py:send():235] send: telemetry
2022-05-06 12:03:25,867 INFO    Thread-17 :16872 [upload_job.py:push():137] Uploaded file C:\Users\gizem\AppData\Local\Temp\tmppp08vg9cwandb\3cvzoblz-wandb-metadata.json
2022-05-06 12:03:26,065 DEBUG   SenderThread:16872 [sender.py:send():235] send: exit
2022-05-06 12:03:26,065 INFO    SenderThread:16872 [sender.py:send_exit():371] handling exit code: 0
2022-05-06 12:03:26,067 INFO    SenderThread:16872 [sender.py:send_exit():373] handling runtime: 5
2022-05-06 12:03:26,067 DEBUG   HandlerThread:16872 [handler.py:handle_request():141] handle_request: poll_exit
2022-05-06 12:03:26,069 INFO    SenderThread:16872 [sender.py:_save_file():947] saving file wandb-summary.json with policy end
2022-05-06 12:03:26,069 INFO    SenderThread:16872 [sender.py:send_exit():379] send defer
2022-05-06 12:03:26,069 DEBUG   SenderThread:16872 [sender.py:send_request():249] send_request: poll_exit
2022-05-06 12:03:26,069 DEBUG   HandlerThread:16872 [handler.py:handle_request():141] handle_request: defer
2022-05-06 12:03:26,069 INFO    HandlerThread:16872 [handler.py:handle_request_defer():164] handle defer: 0
2022-05-06 12:03:26,069 DEBUG   SenderThread:16872 [sender.py:send_request():249] send_request: defer
2022-05-06 12:03:26,073 INFO    SenderThread:16872 [sender.py:send_request_defer():388] handle sender defer: 0
2022-05-06 12:03:26,073 INFO    SenderThread:16872 [sender.py:transition_state():392] send defer: 1
2022-05-06 12:03:26,074 DEBUG   HandlerThread:16872 [handler.py:handle_request():141] handle_request: defer
2022-05-06 12:03:26,074 INFO    HandlerThread:16872 [handler.py:handle_request_defer():164] handle defer: 1
2022-05-06 12:03:26,321 INFO    Thread-11 :16872 [dir_watcher.py:_on_file_modified():230] file/dir modified: C:\Users\gizem\Documents\GitHub\noisy_fair\wandb\run-20220506_120316-1hyofr0p\files\output.log
2022-05-06 12:03:26,323 INFO    Thread-11 :16872 [dir_watcher.py:_on_file_modified():230] file/dir modified: C:\Users\gizem\Documents\GitHub\noisy_fair\wandb\run-20220506_120316-1hyofr0p\files\wandb-summary.json
2022-05-06 12:03:26,707 DEBUG   SenderThread:16872 [sender.py:send_request():249] send_request: defer
2022-05-06 12:03:26,707 INFO    SenderThread:16872 [sender.py:send_request_defer():388] handle sender defer: 1
2022-05-06 12:03:26,707 DEBUG   HandlerThread:16872 [handler.py:handle_request():141] handle_request: poll_exit
2022-05-06 12:03:26,707 INFO    SenderThread:16872 [sender.py:transition_state():392] send defer: 2
2022-05-06 12:03:26,707 DEBUG   SenderThread:16872 [sender.py:send_request():249] send_request: poll_exit
2022-05-06 12:03:26,712 DEBUG   SenderThread:16872 [sender.py:send():235] send: stats
2022-05-06 12:03:26,712 DEBUG   HandlerThread:16872 [handler.py:handle_request():141] handle_request: defer
2022-05-06 12:03:26,717 INFO    HandlerThread:16872 [handler.py:handle_request_defer():164] handle defer: 2
2022-05-06 12:03:26,717 DEBUG   SenderThread:16872 [sender.py:send_request():249] send_request: defer
2022-05-06 12:03:26,717 INFO    SenderThread:16872 [sender.py:send_request_defer():388] handle sender defer: 2
2022-05-06 12:03:26,717 INFO    SenderThread:16872 [sender.py:transition_state():392] send defer: 3
2022-05-06 12:03:26,720 DEBUG   HandlerThread:16872 [handler.py:handle_request():141] handle_request: defer
2022-05-06 12:03:26,787 INFO    HandlerThread:16872 [handler.py:handle_request_defer():164] handle defer: 3
2022-05-06 12:03:26,787 DEBUG   SenderThread:16872 [sender.py:send_request():249] send_request: defer
2022-05-06 12:03:26,787 INFO    SenderThread:16872 [sender.py:send_request_defer():388] handle sender defer: 3
2022-05-06 12:03:26,792 INFO    SenderThread:16872 [sender.py:transition_state():392] send defer: 4
2022-05-06 12:03:26,792 DEBUG   HandlerThread:16872 [handler.py:handle_request():141] handle_request: defer
2022-05-06 12:03:26,792 INFO    HandlerThread:16872 [handler.py:handle_request_defer():164] handle defer: 4
2022-05-06 12:03:26,793 DEBUG   SenderThread:16872 [sender.py:send():235] send: summary
2022-05-06 12:03:26,793 INFO    SenderThread:16872 [sender.py:_save_file():947] saving file wandb-summary.json with policy end
2022-05-06 12:03:26,793 DEBUG   SenderThread:16872 [sender.py:send_request():249] send_request: defer
2022-05-06 12:03:26,793 INFO    SenderThread:16872 [sender.py:send_request_defer():388] handle sender defer: 4
2022-05-06 12:03:26,793 INFO    SenderThread:16872 [sender.py:transition_state():392] send defer: 5
2022-05-06 12:03:26,797 DEBUG   HandlerThread:16872 [handler.py:handle_request():141] handle_request: defer
2022-05-06 12:03:26,797 INFO    HandlerThread:16872 [handler.py:handle_request_defer():164] handle defer: 5
2022-05-06 12:03:26,797 DEBUG   SenderThread:16872 [sender.py:send_request():249] send_request: defer
2022-05-06 12:03:26,797 INFO    SenderThread:16872 [sender.py:send_request_defer():388] handle sender defer: 5
2022-05-06 12:03:26,825 DEBUG   HandlerThread:16872 [handler.py:handle_request():141] handle_request: poll_exit
2022-05-06 12:03:27,324 INFO    Thread-11 :16872 [dir_watcher.py:_on_file_modified():230] file/dir modified: C:\Users\gizem\Documents\GitHub\noisy_fair\wandb\run-20220506_120316-1hyofr0p\files\wandb-summary.json
2022-05-06 12:03:27,861 INFO    SenderThread:16872 [sender.py:transition_state():392] send defer: 6
2022-05-06 12:03:27,863 DEBUG   SenderThread:16872 [sender.py:send_request():249] send_request: poll_exit
2022-05-06 12:03:27,865 DEBUG   HandlerThread:16872 [handler.py:handle_request():141] handle_request: defer
2022-05-06 12:03:27,865 INFO    HandlerThread:16872 [handler.py:handle_request_defer():164] handle defer: 6
2022-05-06 12:03:27,865 DEBUG   SenderThread:16872 [sender.py:send_request():249] send_request: defer
2022-05-06 12:03:27,867 INFO    SenderThread:16872 [sender.py:send_request_defer():388] handle sender defer: 6
2022-05-06 12:03:27,867 INFO    SenderThread:16872 [dir_watcher.py:finish():283] shutting down directory watcher
2022-05-06 12:03:27,972 DEBUG   HandlerThread:16872 [handler.py:handle_request():141] handle_request: poll_exit
2022-05-06 12:03:28,341 INFO    SenderThread:16872 [dir_watcher.py:_on_file_modified():230] file/dir modified: C:\Users\gizem\Documents\GitHub\noisy_fair\wandb\run-20220506_120316-1hyofr0p\files\config.yaml
2022-05-06 12:03:28,343 INFO    SenderThread:16872 [dir_watcher.py:finish():313] scan: C:\Users\gizem\Documents\GitHub\noisy_fair\wandb\run-20220506_120316-1hyofr0p\files
2022-05-06 12:03:28,345 INFO    SenderThread:16872 [dir_watcher.py:finish():327] scan save: C:\Users\gizem\Documents\GitHub\noisy_fair\wandb\run-20220506_120316-1hyofr0p\files\conda-environment.yaml conda-environment.yaml
2022-05-06 12:03:28,347 INFO    SenderThread:16872 [dir_watcher.py:finish():327] scan save: C:\Users\gizem\Documents\GitHub\noisy_fair\wandb\run-20220506_120316-1hyofr0p\files\config.yaml config.yaml
2022-05-06 12:03:28,347 INFO    SenderThread:16872 [dir_watcher.py:finish():327] scan save: C:\Users\gizem\Documents\GitHub\noisy_fair\wandb\run-20220506_120316-1hyofr0p\files\output.log output.log
2022-05-06 12:03:28,352 INFO    SenderThread:16872 [dir_watcher.py:finish():327] scan save: C:\Users\gizem\Documents\GitHub\noisy_fair\wandb\run-20220506_120316-1hyofr0p\files\requirements.txt requirements.txt
2022-05-06 12:03:28,383 INFO    SenderThread:16872 [dir_watcher.py:finish():327] scan save: C:\Users\gizem\Documents\GitHub\noisy_fair\wandb\run-20220506_120316-1hyofr0p\files\wandb-metadata.json wandb-metadata.json
2022-05-06 12:03:28,392 INFO    SenderThread:16872 [dir_watcher.py:finish():327] scan save: C:\Users\gizem\Documents\GitHub\noisy_fair\wandb\run-20220506_120316-1hyofr0p\files\wandb-summary.json wandb-summary.json
2022-05-06 12:03:28,407 INFO    SenderThread:16872 [sender.py:transition_state():392] send defer: 7
2022-05-06 12:03:28,410 DEBUG   SenderThread:16872 [sender.py:send_request():249] send_request: poll_exit
2022-05-06 12:03:28,417 DEBUG   HandlerThread:16872 [handler.py:handle_request():141] handle_request: defer
2022-05-06 12:03:28,417 INFO    HandlerThread:16872 [handler.py:handle_request_defer():164] handle defer: 7
2022-05-06 12:03:28,417 DEBUG   SenderThread:16872 [sender.py:send_request():249] send_request: defer
2022-05-06 12:03:28,430 INFO    SenderThread:16872 [sender.py:send_request_defer():388] handle sender defer: 7
2022-05-06 12:03:28,440 INFO    SenderThread:16872 [file_pusher.py:finish():145] shutting down file pusher
2022-05-06 12:03:28,521 DEBUG   HandlerThread:16872 [handler.py:handle_request():141] handle_request: poll_exit
2022-05-06 12:03:28,521 DEBUG   SenderThread:16872 [sender.py:send_request():249] send_request: poll_exit
2022-05-06 12:03:28,642 DEBUG   HandlerThread:16872 [handler.py:handle_request():141] handle_request: poll_exit
2022-05-06 12:03:28,642 DEBUG   SenderThread:16872 [sender.py:send_request():249] send_request: poll_exit
2022-05-06 12:03:28,757 DEBUG   HandlerThread:16872 [handler.py:handle_request():141] handle_request: poll_exit
2022-05-06 12:03:28,757 DEBUG   SenderThread:16872 [sender.py:send_request():249] send_request: poll_exit
2022-05-06 12:03:28,867 DEBUG   HandlerThread:16872 [handler.py:handle_request():141] handle_request: poll_exit
2022-05-06 12:03:28,867 DEBUG   SenderThread:16872 [sender.py:send_request():249] send_request: poll_exit
2022-05-06 12:03:28,973 DEBUG   HandlerThread:16872 [handler.py:handle_request():141] handle_request: poll_exit
2022-05-06 12:03:28,973 DEBUG   SenderThread:16872 [sender.py:send_request():249] send_request: poll_exit
2022-05-06 12:03:29,087 DEBUG   HandlerThread:16872 [handler.py:handle_request():141] handle_request: poll_exit
2022-05-06 12:03:29,087 DEBUG   SenderThread:16872 [sender.py:send_request():249] send_request: poll_exit
2022-05-06 12:03:29,197 DEBUG   HandlerThread:16872 [handler.py:handle_request():141] handle_request: poll_exit
2022-05-06 12:03:29,197 DEBUG   SenderThread:16872 [sender.py:send_request():249] send_request: poll_exit
2022-05-06 12:03:29,348 DEBUG   HandlerThread:16872 [handler.py:handle_request():141] handle_request: poll_exit
2022-05-06 12:03:29,348 DEBUG   SenderThread:16872 [sender.py:send_request():249] send_request: poll_exit
2022-05-06 12:03:29,459 DEBUG   HandlerThread:16872 [handler.py:handle_request():141] handle_request: poll_exit
2022-05-06 12:03:29,459 DEBUG   SenderThread:16872 [sender.py:send_request():249] send_request: poll_exit
2022-05-06 12:03:29,570 DEBUG   HandlerThread:16872 [handler.py:handle_request():141] handle_request: poll_exit
2022-05-06 12:03:29,570 DEBUG   SenderThread:16872 [sender.py:send_request():249] send_request: poll_exit
2022-05-06 12:03:29,683 DEBUG   HandlerThread:16872 [handler.py:handle_request():141] handle_request: poll_exit
2022-05-06 12:03:29,683 DEBUG   SenderThread:16872 [sender.py:send_request():249] send_request: poll_exit
2022-05-06 12:03:29,793 DEBUG   HandlerThread:16872 [handler.py:handle_request():141] handle_request: poll_exit
2022-05-06 12:03:29,793 DEBUG   SenderThread:16872 [sender.py:send_request():249] send_request: poll_exit
2022-05-06 12:03:29,904 DEBUG   HandlerThread:16872 [handler.py:handle_request():141] handle_request: poll_exit
2022-05-06 12:03:29,907 DEBUG   SenderThread:16872 [sender.py:send_request():249] send_request: poll_exit
2022-05-06 12:03:30,013 DEBUG   HandlerThread:16872 [handler.py:handle_request():141] handle_request: poll_exit
2022-05-06 12:03:30,013 DEBUG   SenderThread:16872 [sender.py:send_request():249] send_request: poll_exit
2022-05-06 12:03:30,118 DEBUG   HandlerThread:16872 [handler.py:handle_request():141] handle_request: poll_exit
2022-05-06 12:03:30,118 DEBUG   SenderThread:16872 [sender.py:send_request():249] send_request: poll_exit
2022-05-06 12:03:30,239 DEBUG   HandlerThread:16872 [handler.py:handle_request():141] handle_request: poll_exit
2022-05-06 12:03:30,240 DEBUG   SenderThread:16872 [sender.py:send_request():249] send_request: poll_exit
2022-05-06 12:03:30,347 DEBUG   HandlerThread:16872 [handler.py:handle_request():141] handle_request: poll_exit
2022-05-06 12:03:30,349 DEBUG   SenderThread:16872 [sender.py:send_request():249] send_request: poll_exit
2022-05-06 12:03:30,456 DEBUG   HandlerThread:16872 [handler.py:handle_request():141] handle_request: poll_exit
2022-05-06 12:03:30,457 DEBUG   SenderThread:16872 [sender.py:send_request():249] send_request: poll_exit
2022-05-06 12:03:30,570 DEBUG   HandlerThread:16872 [handler.py:handle_request():141] handle_request: poll_exit
2022-05-06 12:03:30,570 DEBUG   SenderThread:16872 [sender.py:send_request():249] send_request: poll_exit
2022-05-06 12:03:30,682 DEBUG   HandlerThread:16872 [handler.py:handle_request():141] handle_request: poll_exit
2022-05-06 12:03:30,683 DEBUG   SenderThread:16872 [sender.py:send_request():249] send_request: poll_exit
2022-05-06 12:03:30,797 DEBUG   HandlerThread:16872 [handler.py:handle_request():141] handle_request: poll_exit
2022-05-06 12:03:30,798 DEBUG   SenderThread:16872 [sender.py:send_request():249] send_request: poll_exit
2022-05-06 12:03:30,909 DEBUG   HandlerThread:16872 [handler.py:handle_request():141] handle_request: poll_exit
2022-05-06 12:03:30,909 DEBUG   SenderThread:16872 [sender.py:send_request():249] send_request: poll_exit
2022-05-06 12:03:31,020 DEBUG   HandlerThread:16872 [handler.py:handle_request():141] handle_request: poll_exit
2022-05-06 12:03:31,020 DEBUG   SenderThread:16872 [sender.py:send_request():249] send_request: poll_exit
2022-05-06 12:03:31,137 DEBUG   HandlerThread:16872 [handler.py:handle_request():141] handle_request: poll_exit
2022-05-06 12:03:31,138 DEBUG   SenderThread:16872 [sender.py:send_request():249] send_request: poll_exit
2022-05-06 12:03:31,287 DEBUG   HandlerThread:16872 [handler.py:handle_request():141] handle_request: poll_exit
2022-05-06 12:03:31,288 DEBUG   SenderThread:16872 [sender.py:send_request():249] send_request: poll_exit
2022-05-06 12:03:31,439 DEBUG   HandlerThread:16872 [handler.py:handle_request():141] handle_request: poll_exit
2022-05-06 12:03:31,440 DEBUG   SenderThread:16872 [sender.py:send_request():249] send_request: poll_exit
2022-05-06 12:03:31,556 DEBUG   HandlerThread:16872 [handler.py:handle_request():141] handle_request: poll_exit
2022-05-06 12:03:31,556 DEBUG   SenderThread:16872 [sender.py:send_request():249] send_request: poll_exit
2022-05-06 12:03:31,667 DEBUG   HandlerThread:16872 [handler.py:handle_request():141] handle_request: poll_exit
2022-05-06 12:03:31,668 DEBUG   SenderThread:16872 [sender.py:send_request():249] send_request: poll_exit
2022-05-06 12:03:31,775 DEBUG   HandlerThread:16872 [handler.py:handle_request():141] handle_request: poll_exit
2022-05-06 12:03:31,776 DEBUG   SenderThread:16872 [sender.py:send_request():249] send_request: poll_exit
2022-05-06 12:03:31,883 DEBUG   HandlerThread:16872 [handler.py:handle_request():141] handle_request: poll_exit
2022-05-06 12:03:31,884 DEBUG   SenderThread:16872 [sender.py:send_request():249] send_request: poll_exit
2022-05-06 12:03:31,991 DEBUG   HandlerThread:16872 [handler.py:handle_request():141] handle_request: poll_exit
2022-05-06 12:03:31,992 DEBUG   SenderThread:16872 [sender.py:send_request():249] send_request: poll_exit
2022-05-06 12:03:32,096 DEBUG   HandlerThread:16872 [handler.py:handle_request():141] handle_request: poll_exit
2022-05-06 12:03:32,097 DEBUG   SenderThread:16872 [sender.py:send_request():249] send_request: poll_exit
2022-05-06 12:03:32,205 DEBUG   HandlerThread:16872 [handler.py:handle_request():141] handle_request: poll_exit
2022-05-06 12:03:32,206 DEBUG   SenderThread:16872 [sender.py:send_request():249] send_request: poll_exit
2022-05-06 12:03:32,311 DEBUG   HandlerThread:16872 [handler.py:handle_request():141] handle_request: poll_exit
2022-05-06 12:03:32,312 DEBUG   SenderThread:16872 [sender.py:send_request():249] send_request: poll_exit
2022-05-06 12:03:32,420 DEBUG   HandlerThread:16872 [handler.py:handle_request():141] handle_request: poll_exit
2022-05-06 12:03:32,420 DEBUG   SenderThread:16872 [sender.py:send_request():249] send_request: poll_exit
2022-05-06 12:03:32,524 DEBUG   HandlerThread:16872 [handler.py:handle_request():141] handle_request: poll_exit
2022-05-06 12:03:32,524 DEBUG   SenderThread:16872 [sender.py:send_request():249] send_request: poll_exit
2022-05-06 12:03:32,631 DEBUG   HandlerThread:16872 [handler.py:handle_request():141] handle_request: poll_exit
2022-05-06 12:03:32,631 DEBUG   SenderThread:16872 [sender.py:send_request():249] send_request: poll_exit
2022-05-06 12:03:32,737 DEBUG   HandlerThread:16872 [handler.py:handle_request():141] handle_request: poll_exit
2022-05-06 12:03:32,737 DEBUG   SenderThread:16872 [sender.py:send_request():249] send_request: poll_exit
2022-05-06 12:03:32,837 INFO    Thread-20 :16872 [upload_job.py:push():137] Uploaded file C:\Users\gizem\Documents\GitHub\noisy_fair\wandb\run-20220506_120316-1hyofr0p\files\requirements.txt
2022-05-06 12:03:32,841 DEBUG   HandlerThread:16872 [handler.py:handle_request():141] handle_request: poll_exit
2022-05-06 12:03:32,841 DEBUG   SenderThread:16872 [sender.py:send_request():249] send_request: poll_exit
2022-05-06 12:03:32,856 INFO    Thread-19 :16872 [upload_job.py:push():137] Uploaded file C:\Users\gizem\Documents\GitHub\noisy_fair\wandb\run-20220506_120316-1hyofr0p\files\output.log
2022-05-06 12:03:32,881 INFO    Thread-18 :16872 [upload_job.py:push():137] Uploaded file C:\Users\gizem\Documents\GitHub\noisy_fair\wandb\run-20220506_120316-1hyofr0p\files\config.yaml
2022-05-06 12:03:32,885 INFO    Thread-21 :16872 [upload_job.py:push():137] Uploaded file C:\Users\gizem\Documents\GitHub\noisy_fair\wandb\run-20220506_120316-1hyofr0p\files\wandb-summary.json
2022-05-06 12:03:32,953 DEBUG   HandlerThread:16872 [handler.py:handle_request():141] handle_request: poll_exit
2022-05-06 12:03:32,953 DEBUG   SenderThread:16872 [sender.py:send_request():249] send_request: poll_exit
2022-05-06 12:03:33,058 DEBUG   HandlerThread:16872 [handler.py:handle_request():141] handle_request: poll_exit
2022-05-06 12:03:33,058 DEBUG   SenderThread:16872 [sender.py:send_request():249] send_request: poll_exit
2022-05-06 12:03:33,089 INFO    Thread-10 (_thread_body):16872 [sender.py:transition_state():392] send defer: 8
2022-05-06 12:03:33,090 DEBUG   HandlerThread:16872 [handler.py:handle_request():141] handle_request: defer
2022-05-06 12:03:33,090 INFO    HandlerThread:16872 [handler.py:handle_request_defer():164] handle defer: 8
2022-05-06 12:03:33,091 DEBUG   SenderThread:16872 [sender.py:send_request():249] send_request: defer
2022-05-06 12:03:33,091 INFO    SenderThread:16872 [sender.py:send_request_defer():388] handle sender defer: 8
2022-05-06 12:03:33,169 DEBUG   HandlerThread:16872 [handler.py:handle_request():141] handle_request: poll_exit
2022-05-06 12:03:33,349 INFO    SenderThread:16872 [sender.py:transition_state():392] send defer: 9
2022-05-06 12:03:33,349 DEBUG   SenderThread:16872 [sender.py:send_request():249] send_request: poll_exit
2022-05-06 12:03:33,350 DEBUG   HandlerThread:16872 [handler.py:handle_request():141] handle_request: defer
2022-05-06 12:03:33,351 INFO    HandlerThread:16872 [handler.py:handle_request_defer():164] handle defer: 9
2022-05-06 12:03:33,351 DEBUG   SenderThread:16872 [sender.py:send_request():249] send_request: defer
2022-05-06 12:03:33,351 INFO    SenderThread:16872 [sender.py:send_request_defer():388] handle sender defer: 9
2022-05-06 12:03:33,351 INFO    SenderThread:16872 [sender.py:transition_state():392] send defer: 10
2022-05-06 12:03:33,351 DEBUG   SenderThread:16872 [sender.py:send():235] send: final
2022-05-06 12:03:33,351 DEBUG   SenderThread:16872 [sender.py:send():235] send: footer
2022-05-06 12:03:33,351 DEBUG   HandlerThread:16872 [handler.py:handle_request():141] handle_request: defer
2022-05-06 12:03:33,351 INFO    HandlerThread:16872 [handler.py:handle_request_defer():164] handle defer: 10
2022-05-06 12:03:33,351 DEBUG   SenderThread:16872 [sender.py:send_request():249] send_request: defer
2022-05-06 12:03:33,351 INFO    SenderThread:16872 [sender.py:send_request_defer():388] handle sender defer: 10
2022-05-06 12:03:33,464 DEBUG   HandlerThread:16872 [handler.py:handle_request():141] handle_request: poll_exit
2022-05-06 12:03:33,465 DEBUG   SenderThread:16872 [sender.py:send_request():249] send_request: poll_exit
2022-05-06 12:03:33,465 INFO    SenderThread:16872 [file_pusher.py:join():150] waiting for file pusher
2022-05-06 13:27:55,122 DEBUG   HandlerThread:16872 [handler.py:handle_request():141] handle_request: poll_exit
2022-05-06 13:27:56,371 ERROR   SenderThread:16872 [retry.py:__call__():126] Retry attempt failed:
Traceback (most recent call last):
  File "C:\Users\gizem\anaconda3\envs\iw\lib\site-packages\urllib3\connection.py", line 174, in _new_conn
    conn = connection.create_connection(
  File "C:\Users\gizem\anaconda3\envs\iw\lib\site-packages\urllib3\util\connection.py", line 72, in create_connection
    for res in socket.getaddrinfo(host, port, family, socket.SOCK_STREAM):
  File "C:\Users\gizem\anaconda3\envs\iw\lib\socket.py", line 955, in getaddrinfo
    for res in _socket.getaddrinfo(host, port, family, type, proto, flags):
socket.gaierror: [Errno 11001] getaddrinfo failed

During handling of the above exception, another exception occurred:

Traceback (most recent call last):
  File "C:\Users\gizem\anaconda3\envs\iw\lib\site-packages\urllib3\connectionpool.py", line 703, in urlopen
    httplib_response = self._make_request(
  File "C:\Users\gizem\anaconda3\envs\iw\lib\site-packages\urllib3\connectionpool.py", line 386, in _make_request
    self._validate_conn(conn)
  File "C:\Users\gizem\anaconda3\envs\iw\lib\site-packages\urllib3\connectionpool.py", line 1040, in _validate_conn
    conn.connect()
  File "C:\Users\gizem\anaconda3\envs\iw\lib\site-packages\urllib3\connection.py", line 358, in connect
    self.sock = conn = self._new_conn()
  File "C:\Users\gizem\anaconda3\envs\iw\lib\site-packages\urllib3\connection.py", line 186, in _new_conn
    raise NewConnectionError(
urllib3.exceptions.NewConnectionError: <urllib3.connection.HTTPSConnection object at 0x000001CE2D5693C0>: Failed to establish a new connection: [Errno 11001] getaddrinfo failed

During handling of the above exception, another exception occurred:

Traceback (most recent call last):
  File "C:\Users\gizem\anaconda3\envs\iw\lib\site-packages\requests\adapters.py", line 440, in send
    resp = conn.urlopen(
  File "C:\Users\gizem\anaconda3\envs\iw\lib\site-packages\urllib3\connectionpool.py", line 785, in urlopen
    retries = retries.increment(
  File "C:\Users\gizem\anaconda3\envs\iw\lib\site-packages\urllib3\util\retry.py", line 592, in increment
    raise MaxRetryError(_pool, url, error or ResponseError(cause))
urllib3.exceptions.MaxRetryError: HTTPSConnectionPool(host='api.wandb.ai', port=443): Max retries exceeded with url: /graphql (Caused by NewConnectionError('<urllib3.connection.HTTPSConnection object at 0x000001CE2D5693C0>: Failed to establish a new connection: [Errno 11001] getaddrinfo failed'))

During handling of the above exception, another exception occurred:

Traceback (most recent call last):
  File "C:\Users\gizem\anaconda3\envs\iw\lib\site-packages\wandb\sdk\lib\retry.py", line 102, in __call__
    result = self._call_fn(*args, **kwargs)
  File "C:\Users\gizem\anaconda3\envs\iw\lib\site-packages\wandb\sdk\internal\internal_api.py", line 141, in execute
    return self.client.execute(*args, **kwargs)
  File "C:\Users\gizem\anaconda3\envs\iw\lib\site-packages\wandb\vendor\gql-0.2.0\wandb_gql\client.py", line 52, in execute
    result = self._get_result(document, *args, **kwargs)
  File "C:\Users\gizem\anaconda3\envs\iw\lib\site-packages\wandb\vendor\gql-0.2.0\wandb_gql\client.py", line 60, in _get_result
    return self.transport.execute(document, *args, **kwargs)
  File "C:\Users\gizem\anaconda3\envs\iw\lib\site-packages\wandb\vendor\gql-0.2.0\wandb_gql\transport\requests.py", line 38, in execute
    request = requests.post(self.url, **post_args)
  File "C:\Users\gizem\anaconda3\envs\iw\lib\site-packages\requests\api.py", line 117, in post
    return request('post', url, data=data, json=json, **kwargs)
  File "C:\Users\gizem\anaconda3\envs\iw\lib\site-packages\requests\api.py", line 61, in request
    return session.request(method=method, url=url, **kwargs)
  File "C:\Users\gizem\anaconda3\envs\iw\lib\site-packages\requests\sessions.py", line 529, in request
    resp = self.send(prep, **send_kwargs)
  File "C:\Users\gizem\anaconda3\envs\iw\lib\site-packages\requests\sessions.py", line 645, in send
    r = adapter.send(request, **kwargs)
  File "C:\Users\gizem\anaconda3\envs\iw\lib\site-packages\requests\adapters.py", line 519, in send
    raise ConnectionError(e, request=request)
requests.exceptions.ConnectionError: HTTPSConnectionPool(host='api.wandb.ai', port=443): Max retries exceeded with url: /graphql (Caused by NewConnectionError('<urllib3.connection.HTTPSConnection object at 0x000001CE2D5693C0>: Failed to establish a new connection: [Errno 11001] getaddrinfo failed'))
2022-05-06 13:28:00,262 DEBUG   HandlerThread:16872 [handler.py:handle_request():141] handle_request: poll_exit
2022-05-06 13:28:02,481 DEBUG   SenderThread:16872 [sender.py:send_request():249] send_request: poll_exit
2022-05-06 13:28:02,481 INFO    SenderThread:16872 [file_pusher.py:join():150] waiting for file pusher
2022-05-06 13:28:02,481 DEBUG   SenderThread:16872 [sender.py:send_request():249] send_request: poll_exit
2022-05-06 13:28:02,481 INFO    SenderThread:16872 [file_pusher.py:join():150] waiting for file pusher
2022-05-06 13:28:02,611 DEBUG   HandlerThread:16872 [handler.py:handle_request():141] handle_request: sampled_history
2022-05-06 13:28:02,611 DEBUG   HandlerThread:16872 [handler.py:handle_request():141] handle_request: get_summary
2022-05-06 13:28:02,614 DEBUG   HandlerThread:16872 [handler.py:handle_request():141] handle_request: shutdown
2022-05-06 13:28:02,614 INFO    HandlerThread:16872 [handler.py:finish():790] shutting down handler
2022-05-06 13:28:03,015 INFO    WriterThread:16872 [datastore.py:close():281] close: C:\Users\gizem\Documents\GitHub\noisy_fair\wandb\run-20220506_120316-1hyofr0p\run-1hyofr0p.wandb
2022-05-06 13:28:03,496 INFO    SenderThread:16872 [sender.py:finish():1107] shutting down sender
2022-05-06 13:28:03,496 INFO    SenderThread:16872 [file_pusher.py:finish():145] shutting down file pusher
2022-05-06 13:28:03,496 INFO    SenderThread:16872 [file_pusher.py:join():150] waiting for file pusher
2022-05-06 13:28:03,500 INFO    MainThread:16872 [internal.py:handle_exit():82] Internal process exited
