2022-04-20 19:07:26,347 INFO    MainThread:21032 [internal.py:wandb_internal():92] W&B internal server running at pid: 21032, started at: 2022-04-20 19:07:26.346567
2022-04-20 19:07:26,349 INFO    WriterThread:21032 [datastore.py:open_for_write():77] open: C:\Users\gizem\Documents\GitHub\noisy_fair\wandb\run-20220420_190724-edr5gfby\run-edr5gfby.wandb
2022-04-20 19:07:26,354 DEBUG   SenderThread:21032 [sender.py:send():235] send: header
2022-04-20 19:07:26,354 DEBUG   SenderThread:21032 [sender.py:send():235] send: run
2022-04-20 19:07:43,829 DEBUG   HandlerThread:21032 [handler.py:handle_request():141] handle_request: check_version
2022-04-20 19:07:43,835 INFO    SenderThread:21032 [dir_watcher.py:__init__():169] watching files in: C:\Users\gizem\Documents\GitHub\noisy_fair\wandb\run-20220420_190724-edr5gfby\files
2022-04-20 19:07:43,835 INFO    SenderThread:21032 [sender.py:_start_run_threads():812] run started: edr5gfby with start time 1650474444
2022-04-20 19:07:43,836 DEBUG   SenderThread:21032 [sender.py:send():235] send: summary
2022-04-20 19:07:43,837 INFO    SenderThread:21032 [sender.py:_save_file():947] saving file wandb-summary.json with policy end
2022-04-20 19:07:43,838 DEBUG   SenderThread:21032 [sender.py:send_request():249] send_request: check_version
2022-04-20 19:07:44,848 INFO    Thread-11 :21032 [dir_watcher.py:_on_file_created():217] file/dir created: C:\Users\gizem\Documents\GitHub\noisy_fair\wandb\run-20220420_190724-edr5gfby\files\wandb-summary.json
2022-04-20 19:07:48,278 DEBUG   HandlerThread:21032 [handler.py:handle_request():141] handle_request: run_start
2022-04-20 19:07:49,471 DEBUG   HandlerThread:21032 [meta.py:__init__():37] meta init
2022-04-20 19:07:49,471 DEBUG   HandlerThread:21032 [meta.py:__init__():51] meta init done
2022-04-20 19:07:49,471 DEBUG   HandlerThread:21032 [meta.py:probe():211] probe
2022-04-20 19:07:49,560 DEBUG   HandlerThread:21032 [meta.py:_setup_git():201] setup git
2022-04-20 19:07:49,726 DEBUG   HandlerThread:21032 [meta.py:_setup_git():208] setup git done
2022-04-20 19:07:49,726 DEBUG   HandlerThread:21032 [meta.py:_save_pip():55] save pip
2022-04-20 19:07:49,728 DEBUG   HandlerThread:21032 [meta.py:_save_pip():69] save pip done
2022-04-20 19:07:49,728 DEBUG   HandlerThread:21032 [meta.py:_save_conda():76] save conda
2022-04-20 19:07:49,733 ERROR   HandlerThread:21032 [meta.py:_save_conda():85] Error saving conda packages
Traceback (most recent call last):
  File "C:\Users\gizem\anaconda3\envs\iw\lib\site-packages\wandb\sdk\internal\meta.py", line 81, in _save_conda
    subprocess.call(
  File "C:\Users\gizem\anaconda3\envs\iw\lib\subprocess.py", line 345, in call
    with Popen(*popenargs, **kwargs) as p:
  File "C:\Users\gizem\anaconda3\envs\iw\lib\subprocess.py", line 966, in __init__
    self._execute_child(args, executable, preexec_fn, close_fds,
  File "C:\Users\gizem\anaconda3\envs\iw\lib\subprocess.py", line 1435, in _execute_child
    hp, ht, pid, tid = _winapi.CreateProcess(executable, args,
FileNotFoundError: [WinError 2] The system cannot find the file specified
2022-04-20 19:07:49,738 DEBUG   HandlerThread:21032 [meta.py:_save_conda():86] save conda done
2022-04-20 19:07:49,738 DEBUG   HandlerThread:21032 [meta.py:probe():249] probe done
2022-04-20 19:07:49,904 INFO    Thread-11 :21032 [dir_watcher.py:_on_file_created():217] file/dir created: C:\Users\gizem\Documents\GitHub\noisy_fair\wandb\run-20220420_190724-edr5gfby\files\requirements.txt
2022-04-20 19:07:49,904 INFO    Thread-11 :21032 [dir_watcher.py:_on_file_created():217] file/dir created: C:\Users\gizem\Documents\GitHub\noisy_fair\wandb\run-20220420_190724-edr5gfby\files\wandb-metadata.json
2022-04-20 19:07:49,905 INFO    Thread-11 :21032 [dir_watcher.py:_on_file_created():217] file/dir created: C:\Users\gizem\Documents\GitHub\noisy_fair\wandb\run-20220420_190724-edr5gfby\files\conda-environment.yaml
2022-04-20 19:07:50,060 DEBUG   SenderThread:21032 [sender.py:send():235] send: files
2022-04-20 19:07:50,060 INFO    SenderThread:21032 [sender.py:_save_file():947] saving file wandb-metadata.json with policy now
2022-04-20 19:07:50,061 DEBUG   HandlerThread:21032 [handler.py:handle_request():141] handle_request: stop_status
2022-04-20 19:07:50,062 DEBUG   SenderThread:21032 [sender.py:send_request():249] send_request: stop_status
2022-04-20 19:07:50,912 INFO    Thread-11 :21032 [dir_watcher.py:_on_file_created():217] file/dir created: C:\Users\gizem\Documents\GitHub\noisy_fair\wandb\run-20220420_190724-edr5gfby\files\output.log
2022-04-20 19:07:54,957 INFO    Thread-11 :21032 [dir_watcher.py:_on_file_modified():230] file/dir modified: C:\Users\gizem\Documents\GitHub\noisy_fair\wandb\run-20220420_190724-edr5gfby\files\output.log
2022-04-20 19:08:06,777 DEBUG   SenderThread:21032 [sender.py:send():235] send: telemetry
2022-04-20 19:08:10,030 DEBUG   HandlerThread:21032 [handler.py:handle_request():141] handle_request: stop_status
2022-04-20 19:08:10,030 DEBUG   SenderThread:21032 [sender.py:send_request():249] send_request: stop_status
2022-04-20 19:08:30,046 DEBUG   HandlerThread:21032 [handler.py:handle_request():141] handle_request: stop_status
2022-04-20 19:08:31,281 ERROR   SenderThread:21032 [retry.py:__call__():126] Retry attempt failed:
Traceback (most recent call last):
  File "C:\Users\gizem\anaconda3\envs\iw\lib\site-packages\urllib3\connection.py", line 174, in _new_conn
    conn = connection.create_connection(
  File "C:\Users\gizem\anaconda3\envs\iw\lib\site-packages\urllib3\util\connection.py", line 95, in create_connection
    raise err
  File "C:\Users\gizem\anaconda3\envs\iw\lib\site-packages\urllib3\util\connection.py", line 85, in create_connection
    sock.connect(sa)
TimeoutError: timed out

During handling of the above exception, another exception occurred:

Traceback (most recent call last):
  File "C:\Users\gizem\anaconda3\envs\iw\lib\site-packages\urllib3\connectionpool.py", line 703, in urlopen
    httplib_response = self._make_request(
  File "C:\Users\gizem\anaconda3\envs\iw\lib\site-packages\urllib3\connectionpool.py", line 386, in _make_request
    self._validate_conn(conn)
  File "C:\Users\gizem\anaconda3\envs\iw\lib\site-packages\urllib3\connectionpool.py", line 1040, in _validate_conn
    conn.connect()
  File "C:\Users\gizem\anaconda3\envs\iw\lib\site-packages\urllib3\connection.py", line 358, in connect
    self.sock = conn = self._new_conn()
  File "C:\Users\gizem\anaconda3\envs\iw\lib\site-packages\urllib3\connection.py", line 179, in _new_conn
    raise ConnectTimeoutError(
urllib3.exceptions.ConnectTimeoutError: (<urllib3.connection.HTTPSConnection object at 0x0000022CCD2030D0>, 'Connection to api.wandb.ai timed out. (connect timeout=10)')

During handling of the above exception, another exception occurred:

Traceback (most recent call last):
  File "C:\Users\gizem\anaconda3\envs\iw\lib\site-packages\requests\adapters.py", line 440, in send
    resp = conn.urlopen(
  File "C:\Users\gizem\anaconda3\envs\iw\lib\site-packages\urllib3\connectionpool.py", line 785, in urlopen
    retries = retries.increment(
  File "C:\Users\gizem\anaconda3\envs\iw\lib\site-packages\urllib3\util\retry.py", line 592, in increment
    raise MaxRetryError(_pool, url, error or ResponseError(cause))
urllib3.exceptions.MaxRetryError: HTTPSConnectionPool(host='api.wandb.ai', port=443): Max retries exceeded with url: /graphql (Caused by ConnectTimeoutError(<urllib3.connection.HTTPSConnection object at 0x0000022CCD2030D0>, 'Connection to api.wandb.ai timed out. (connect timeout=10)'))

During handling of the above exception, another exception occurred:

Traceback (most recent call last):
  File "C:\Users\gizem\anaconda3\envs\iw\lib\site-packages\wandb\sdk\lib\retry.py", line 102, in __call__
    result = self._call_fn(*args, **kwargs)
  File "C:\Users\gizem\anaconda3\envs\iw\lib\site-packages\wandb\sdk\internal\internal_api.py", line 141, in execute
    return self.client.execute(*args, **kwargs)
  File "C:\Users\gizem\anaconda3\envs\iw\lib\site-packages\wandb\vendor\gql-0.2.0\wandb_gql\client.py", line 52, in execute
    result = self._get_result(document, *args, **kwargs)
  File "C:\Users\gizem\anaconda3\envs\iw\lib\site-packages\wandb\vendor\gql-0.2.0\wandb_gql\client.py", line 60, in _get_result
    return self.transport.execute(document, *args, **kwargs)
  File "C:\Users\gizem\anaconda3\envs\iw\lib\site-packages\wandb\vendor\gql-0.2.0\wandb_gql\transport\requests.py", line 38, in execute
    request = requests.post(self.url, **post_args)
  File "C:\Users\gizem\anaconda3\envs\iw\lib\site-packages\requests\api.py", line 117, in post
    return request('post', url, data=data, json=json, **kwargs)
  File "C:\Users\gizem\anaconda3\envs\iw\lib\site-packages\requests\api.py", line 61, in request
    return session.request(method=method, url=url, **kwargs)
  File "C:\Users\gizem\anaconda3\envs\iw\lib\site-packages\requests\sessions.py", line 529, in request
    resp = self.send(prep, **send_kwargs)
  File "C:\Users\gizem\anaconda3\envs\iw\lib\site-packages\requests\sessions.py", line 645, in send
    r = adapter.send(request, **kwargs)
  File "C:\Users\gizem\anaconda3\envs\iw\lib\site-packages\requests\adapters.py", line 507, in send
    raise ConnectTimeout(e, request=request)
requests.exceptions.ConnectTimeout: HTTPSConnectionPool(host='api.wandb.ai', port=443): Max retries exceeded with url: /graphql (Caused by ConnectTimeoutError(<urllib3.connection.HTTPSConnection object at 0x0000022CCD2030D0>, 'Connection to api.wandb.ai timed out. (connect timeout=10)'))
2022-04-20 19:08:43,383 INFO    Thread-17 :21032 [upload_job.py:push():137] Uploaded file C:\Users\gizem\AppData\Local\Temp\tmp_fszpxy7wandb\1d29lcsz-wandb-metadata.json
2022-04-20 19:08:50,064 DEBUG   HandlerThread:21032 [handler.py:handle_request():141] handle_request: stop_status
2022-04-20 19:09:10,072 DEBUG   HandlerThread:21032 [handler.py:handle_request():141] handle_request: stop_status
2022-04-20 19:09:11,224 DEBUG   SenderThread:21032 [sender.py:send():235] send: stats
2022-04-20 19:09:11,225 DEBUG   SenderThread:21032 [sender.py:send_request():249] send_request: stop_status
2022-04-20 19:09:11,652 INFO    Thread-11 :21032 [dir_watcher.py:_on_file_modified():230] file/dir modified: C:\Users\gizem\Documents\GitHub\noisy_fair\wandb\run-20220420_190724-edr5gfby\files\config.yaml
2022-04-20 19:09:13,841 DEBUG   SenderThread:21032 [sender.py:send_request():249] send_request: stop_status
2022-04-20 19:09:27,950 DEBUG   SenderThread:21032 [sender.py:send():235] send: stats
2022-04-20 19:09:27,950 DEBUG   SenderThread:21032 [sender.py:send_request():249] send_request: stop_status
2022-04-20 19:09:30,087 DEBUG   HandlerThread:21032 [handler.py:handle_request():141] handle_request: stop_status
2022-04-20 19:09:30,088 DEBUG   SenderThread:21032 [sender.py:send_request():249] send_request: stop_status
2022-04-20 19:09:47,339 DEBUG   SenderThread:21032 [sender.py:send():235] send: stats
2022-04-20 19:09:50,104 DEBUG   HandlerThread:21032 [handler.py:handle_request():141] handle_request: stop_status
2022-04-20 19:09:50,105 DEBUG   SenderThread:21032 [sender.py:send_request():249] send_request: stop_status
2022-04-20 19:10:10,122 DEBUG   HandlerThread:21032 [handler.py:handle_request():141] handle_request: stop_status
2022-04-20 19:10:10,122 DEBUG   SenderThread:21032 [sender.py:send_request():249] send_request: stop_status
2022-04-20 19:10:30,146 DEBUG   HandlerThread:21032 [handler.py:handle_request():141] handle_request: stop_status
2022-04-20 19:10:42,541 DEBUG   HandlerThread:21032 [handler.py:handle_request():141] handle_request: partial_history
2022-04-20 19:10:42,806 DEBUG   HandlerThread:21032 [handler.py:handle_request():141] handle_request: poll_exit
2022-04-20 19:10:43,354 INFO    Thread-11 :21032 [dir_watcher.py:_on_file_modified():230] file/dir modified: C:\Users\gizem\Documents\GitHub\noisy_fair\wandb\run-20220420_190724-edr5gfby\files\output.log
2022-04-20 19:10:43,607 ERROR   SenderThread:21032 [retry.py:__call__():126] Retry attempt failed:
Traceback (most recent call last):
  File "C:\Users\gizem\anaconda3\envs\iw\lib\site-packages\urllib3\connection.py", line 174, in _new_conn
    conn = connection.create_connection(
  File "C:\Users\gizem\anaconda3\envs\iw\lib\site-packages\urllib3\util\connection.py", line 95, in create_connection
    raise err
  File "C:\Users\gizem\anaconda3\envs\iw\lib\site-packages\urllib3\util\connection.py", line 85, in create_connection
    sock.connect(sa)
TimeoutError: timed out

During handling of the above exception, another exception occurred:

Traceback (most recent call last):
  File "C:\Users\gizem\anaconda3\envs\iw\lib\site-packages\urllib3\connectionpool.py", line 703, in urlopen
    httplib_response = self._make_request(
  File "C:\Users\gizem\anaconda3\envs\iw\lib\site-packages\urllib3\connectionpool.py", line 386, in _make_request
    self._validate_conn(conn)
  File "C:\Users\gizem\anaconda3\envs\iw\lib\site-packages\urllib3\connectionpool.py", line 1040, in _validate_conn
    conn.connect()
  File "C:\Users\gizem\anaconda3\envs\iw\lib\site-packages\urllib3\connection.py", line 358, in connect
    self.sock = conn = self._new_conn()
  File "C:\Users\gizem\anaconda3\envs\iw\lib\site-packages\urllib3\connection.py", line 179, in _new_conn
    raise ConnectTimeoutError(
urllib3.exceptions.ConnectTimeoutError: (<urllib3.connection.HTTPSConnection object at 0x0000022CCD320460>, 'Connection to api.wandb.ai timed out. (connect timeout=10)')

During handling of the above exception, another exception occurred:

Traceback (most recent call last):
  File "C:\Users\gizem\anaconda3\envs\iw\lib\site-packages\requests\adapters.py", line 440, in send
    resp = conn.urlopen(
  File "C:\Users\gizem\anaconda3\envs\iw\lib\site-packages\urllib3\connectionpool.py", line 785, in urlopen
    retries = retries.increment(
  File "C:\Users\gizem\anaconda3\envs\iw\lib\site-packages\urllib3\util\retry.py", line 592, in increment
    raise MaxRetryError(_pool, url, error or ResponseError(cause))
urllib3.exceptions.MaxRetryError: HTTPSConnectionPool(host='api.wandb.ai', port=443): Max retries exceeded with url: /graphql (Caused by ConnectTimeoutError(<urllib3.connection.HTTPSConnection object at 0x0000022CCD320460>, 'Connection to api.wandb.ai timed out. (connect timeout=10)'))

During handling of the above exception, another exception occurred:

Traceback (most recent call last):
  File "C:\Users\gizem\anaconda3\envs\iw\lib\site-packages\wandb\sdk\lib\retry.py", line 102, in __call__
    result = self._call_fn(*args, **kwargs)
  File "C:\Users\gizem\anaconda3\envs\iw\lib\site-packages\wandb\sdk\internal\internal_api.py", line 141, in execute
    return self.client.execute(*args, **kwargs)
  File "C:\Users\gizem\anaconda3\envs\iw\lib\site-packages\wandb\vendor\gql-0.2.0\wandb_gql\client.py", line 52, in execute
    result = self._get_result(document, *args, **kwargs)
  File "C:\Users\gizem\anaconda3\envs\iw\lib\site-packages\wandb\vendor\gql-0.2.0\wandb_gql\client.py", line 60, in _get_result
    return self.transport.execute(document, *args, **kwargs)
  File "C:\Users\gizem\anaconda3\envs\iw\lib\site-packages\wandb\vendor\gql-0.2.0\wandb_gql\transport\requests.py", line 38, in execute
    request = requests.post(self.url, **post_args)
  File "C:\Users\gizem\anaconda3\envs\iw\lib\site-packages\requests\api.py", line 117, in post
    return request('post', url, data=data, json=json, **kwargs)
  File "C:\Users\gizem\anaconda3\envs\iw\lib\site-packages\requests\api.py", line 61, in request
    return session.request(method=method, url=url, **kwargs)
  File "C:\Users\gizem\anaconda3\envs\iw\lib\site-packages\requests\sessions.py", line 529, in request
    resp = self.send(prep, **send_kwargs)
  File "C:\Users\gizem\anaconda3\envs\iw\lib\site-packages\requests\sessions.py", line 645, in send
    r = adapter.send(request, **kwargs)
  File "C:\Users\gizem\anaconda3\envs\iw\lib\site-packages\requests\adapters.py", line 507, in send
    raise ConnectTimeout(e, request=request)
requests.exceptions.ConnectTimeout: HTTPSConnectionPool(host='api.wandb.ai', port=443): Max retries exceeded with url: /graphql (Caused by ConnectTimeoutError(<urllib3.connection.HTTPSConnection object at 0x0000022CCD320460>, 'Connection to api.wandb.ai timed out. (connect timeout=10)'))
2022-04-20 19:10:47,926 DEBUG   HandlerThread:21032 [handler.py:handle_request():141] handle_request: poll_exit
2022-04-20 19:10:53,044 DEBUG   HandlerThread:21032 [handler.py:handle_request():141] handle_request: poll_exit
2022-04-20 19:10:58,154 DEBUG   HandlerThread:21032 [handler.py:handle_request():141] handle_request: poll_exit
2022-04-20 19:11:03,262 DEBUG   HandlerThread:21032 [handler.py:handle_request():141] handle_request: poll_exit
2022-04-20 19:11:08,371 DEBUG   HandlerThread:21032 [handler.py:handle_request():141] handle_request: poll_exit
2022-04-20 19:11:13,478 DEBUG   HandlerThread:21032 [handler.py:handle_request():141] handle_request: poll_exit
2022-04-20 19:11:18,593 DEBUG   HandlerThread:21032 [handler.py:handle_request():141] handle_request: poll_exit
2022-04-20 19:11:23,715 DEBUG   HandlerThread:21032 [handler.py:handle_request():141] handle_request: poll_exit
2022-04-20 19:11:28,831 DEBUG   HandlerThread:21032 [handler.py:handle_request():141] handle_request: poll_exit
2022-04-20 19:11:33,948 DEBUG   HandlerThread:21032 [handler.py:handle_request():141] handle_request: poll_exit
2022-04-20 19:11:39,056 DEBUG   HandlerThread:21032 [handler.py:handle_request():141] handle_request: poll_exit
2022-04-20 19:11:42,145 DEBUG   SenderThread:21032 [sender.py:send():235] send: stats
2022-04-20 19:11:42,146 DEBUG   SenderThread:21032 [sender.py:send_request():249] send_request: stop_status
2022-04-20 19:11:44,176 DEBUG   HandlerThread:21032 [handler.py:handle_request():141] handle_request: poll_exit
2022-04-20 19:11:46,169 DEBUG   SenderThread:21032 [sender.py:send():235] send: history
2022-04-20 19:11:46,169 DEBUG   SenderThread:21032 [sender.py:send():235] send: summary
2022-04-20 19:11:46,170 INFO    SenderThread:21032 [sender.py:_save_file():947] saving file wandb-summary.json with policy end
2022-04-20 19:11:46,170 DEBUG   SenderThread:21032 [sender.py:send():235] send: telemetry
2022-04-20 19:11:46,170 DEBUG   SenderThread:21032 [sender.py:send():235] send: telemetry
2022-04-20 19:11:46,171 DEBUG   SenderThread:21032 [sender.py:send():235] send: exit
2022-04-20 19:11:46,171 INFO    SenderThread:21032 [sender.py:send_exit():371] handling exit code: 0
2022-04-20 19:11:46,171 INFO    SenderThread:21032 [sender.py:send_exit():373] handling runtime: 174
2022-04-20 19:11:46,171 INFO    SenderThread:21032 [sender.py:_save_file():947] saving file wandb-summary.json with policy end
2022-04-20 19:11:46,171 INFO    SenderThread:21032 [sender.py:send_exit():379] send defer
2022-04-20 19:11:46,172 DEBUG   SenderThread:21032 [sender.py:send_request():249] send_request: poll_exit
2022-04-20 19:11:46,172 DEBUG   SenderThread:21032 [sender.py:send_request():249] send_request: poll_exit
2022-04-20 19:11:46,172 DEBUG   SenderThread:21032 [sender.py:send_request():249] send_request: poll_exit
2022-04-20 19:11:46,172 DEBUG   SenderThread:21032 [sender.py:send_request():249] send_request: poll_exit
2022-04-20 19:11:46,172 DEBUG   SenderThread:21032 [sender.py:send_request():249] send_request: poll_exit
2022-04-20 19:11:46,172 DEBUG   SenderThread:21032 [sender.py:send():235] send: stats
2022-04-20 19:11:46,172 DEBUG   SenderThread:21032 [sender.py:send_request():249] send_request: poll_exit
2022-04-20 19:11:46,172 DEBUG   SenderThread:21032 [sender.py:send_request():249] send_request: poll_exit
2022-04-20 19:11:46,172 DEBUG   SenderThread:21032 [sender.py:send_request():249] send_request: poll_exit
2022-04-20 19:11:46,173 DEBUG   SenderThread:21032 [sender.py:send_request():249] send_request: poll_exit
2022-04-20 19:11:46,173 DEBUG   SenderThread:21032 [sender.py:send_request():249] send_request: poll_exit
2022-04-20 19:11:46,173 DEBUG   SenderThread:21032 [sender.py:send_request():249] send_request: poll_exit
2022-04-20 19:11:46,173 DEBUG   SenderThread:21032 [sender.py:send_request():249] send_request: poll_exit
2022-04-20 19:11:46,173 DEBUG   SenderThread:21032 [sender.py:send():235] send: stats
2022-04-20 19:11:46,174 DEBUG   SenderThread:21032 [sender.py:send_request():249] send_request: poll_exit
2022-04-20 19:11:46,175 DEBUG   HandlerThread:21032 [handler.py:handle_request():141] handle_request: defer
2022-04-20 19:11:46,175 INFO    HandlerThread:21032 [handler.py:handle_request_defer():164] handle defer: 0
2022-04-20 19:11:46,176 DEBUG   SenderThread:21032 [sender.py:send_request():249] send_request: defer
2022-04-20 19:11:46,176 INFO    SenderThread:21032 [sender.py:send_request_defer():388] handle sender defer: 0
2022-04-20 19:11:46,176 INFO    SenderThread:21032 [sender.py:transition_state():392] send defer: 1
2022-04-20 19:11:46,177 DEBUG   HandlerThread:21032 [handler.py:handle_request():141] handle_request: defer
2022-04-20 19:11:46,177 INFO    HandlerThread:21032 [handler.py:handle_request_defer():164] handle defer: 1
2022-04-20 19:11:46,636 DEBUG   HandlerThread:21032 [handler.py:handle_request():141] handle_request: poll_exit
2022-04-20 19:11:46,636 DEBUG   SenderThread:21032 [sender.py:send_request():249] send_request: defer
2022-04-20 19:11:46,636 INFO    SenderThread:21032 [sender.py:send_request_defer():388] handle sender defer: 1
2022-04-20 19:11:46,636 INFO    SenderThread:21032 [sender.py:transition_state():392] send defer: 2
2022-04-20 19:11:46,636 DEBUG   SenderThread:21032 [sender.py:send_request():249] send_request: poll_exit
2022-04-20 19:11:46,638 DEBUG   SenderThread:21032 [sender.py:send():235] send: stats
2022-04-20 19:11:46,638 DEBUG   HandlerThread:21032 [handler.py:handle_request():141] handle_request: defer
2022-04-20 19:11:46,639 INFO    HandlerThread:21032 [handler.py:handle_request_defer():164] handle defer: 2
2022-04-20 19:11:46,639 DEBUG   SenderThread:21032 [sender.py:send_request():249] send_request: defer
2022-04-20 19:11:46,639 INFO    SenderThread:21032 [sender.py:send_request_defer():388] handle sender defer: 2
2022-04-20 19:11:46,639 INFO    SenderThread:21032 [sender.py:transition_state():392] send defer: 3
2022-04-20 19:11:46,639 DEBUG   HandlerThread:21032 [handler.py:handle_request():141] handle_request: defer
2022-04-20 19:11:46,639 INFO    HandlerThread:21032 [handler.py:handle_request_defer():164] handle defer: 3
2022-04-20 19:11:46,640 DEBUG   SenderThread:21032 [sender.py:send_request():249] send_request: defer
2022-04-20 19:11:46,640 INFO    SenderThread:21032 [sender.py:send_request_defer():388] handle sender defer: 3
2022-04-20 19:11:46,640 INFO    SenderThread:21032 [sender.py:transition_state():392] send defer: 4
2022-04-20 19:11:46,640 DEBUG   HandlerThread:21032 [handler.py:handle_request():141] handle_request: defer
2022-04-20 19:11:46,640 INFO    HandlerThread:21032 [handler.py:handle_request_defer():164] handle defer: 4
2022-04-20 19:11:46,641 DEBUG   SenderThread:21032 [sender.py:send():235] send: summary
2022-04-20 19:11:46,642 INFO    SenderThread:21032 [sender.py:_save_file():947] saving file wandb-summary.json with policy end
2022-04-20 19:11:46,642 DEBUG   SenderThread:21032 [sender.py:send_request():249] send_request: defer
2022-04-20 19:11:46,642 INFO    SenderThread:21032 [sender.py:send_request_defer():388] handle sender defer: 4
2022-04-20 19:11:46,643 INFO    SenderThread:21032 [sender.py:transition_state():392] send defer: 5
2022-04-20 19:11:46,643 DEBUG   HandlerThread:21032 [handler.py:handle_request():141] handle_request: defer
2022-04-20 19:11:46,643 INFO    HandlerThread:21032 [handler.py:handle_request_defer():164] handle defer: 5
2022-04-20 19:11:46,643 DEBUG   SenderThread:21032 [sender.py:send_request():249] send_request: defer
2022-04-20 19:11:46,644 INFO    SenderThread:21032 [sender.py:send_request_defer():388] handle sender defer: 5
2022-04-20 19:11:46,746 DEBUG   HandlerThread:21032 [handler.py:handle_request():141] handle_request: poll_exit
2022-04-20 19:11:46,898 INFO    Thread-11 :21032 [dir_watcher.py:_on_file_modified():230] file/dir modified: C:\Users\gizem\Documents\GitHub\noisy_fair\wandb\run-20220420_190724-edr5gfby\files\wandb-summary.json
2022-04-20 19:11:51,863 DEBUG   HandlerThread:21032 [handler.py:handle_request():141] handle_request: poll_exit
2022-04-20 19:11:56,983 DEBUG   HandlerThread:21032 [handler.py:handle_request():141] handle_request: poll_exit
2022-04-20 19:12:02,105 DEBUG   HandlerThread:21032 [handler.py:handle_request():141] handle_request: poll_exit
2022-04-20 19:12:02,203 INFO    SenderThread:21032 [sender.py:transition_state():392] send defer: 6
2022-04-20 19:12:02,204 DEBUG   SenderThread:21032 [sender.py:send_request():249] send_request: poll_exit
2022-04-20 19:12:02,204 DEBUG   SenderThread:21032 [sender.py:send_request():249] send_request: poll_exit
2022-04-20 19:12:02,204 DEBUG   SenderThread:21032 [sender.py:send_request():249] send_request: poll_exit
2022-04-20 19:12:02,204 DEBUG   SenderThread:21032 [sender.py:send_request():249] send_request: poll_exit
2022-04-20 19:12:02,205 DEBUG   HandlerThread:21032 [handler.py:handle_request():141] handle_request: defer
2022-04-20 19:12:02,205 INFO    HandlerThread:21032 [handler.py:handle_request_defer():164] handle defer: 6
2022-04-20 19:12:02,205 DEBUG   SenderThread:21032 [sender.py:send_request():249] send_request: defer
2022-04-20 19:12:02,205 INFO    SenderThread:21032 [sender.py:send_request_defer():388] handle sender defer: 6
2022-04-20 19:12:02,205 INFO    SenderThread:21032 [dir_watcher.py:finish():283] shutting down directory watcher
2022-04-20 19:12:02,307 DEBUG   HandlerThread:21032 [handler.py:handle_request():141] handle_request: poll_exit
2022-04-20 19:12:03,003 INFO    SenderThread:21032 [dir_watcher.py:_on_file_modified():230] file/dir modified: C:\Users\gizem\Documents\GitHub\noisy_fair\wandb\run-20220420_190724-edr5gfby\files\config.yaml
2022-04-20 19:12:03,003 INFO    SenderThread:21032 [dir_watcher.py:finish():313] scan: C:\Users\gizem\Documents\GitHub\noisy_fair\wandb\run-20220420_190724-edr5gfby\files
2022-04-20 19:12:03,004 INFO    SenderThread:21032 [dir_watcher.py:finish():327] scan save: C:\Users\gizem\Documents\GitHub\noisy_fair\wandb\run-20220420_190724-edr5gfby\files\conda-environment.yaml conda-environment.yaml
2022-04-20 19:12:03,004 INFO    SenderThread:21032 [dir_watcher.py:finish():327] scan save: C:\Users\gizem\Documents\GitHub\noisy_fair\wandb\run-20220420_190724-edr5gfby\files\config.yaml config.yaml
2022-04-20 19:12:03,004 INFO    SenderThread:21032 [dir_watcher.py:finish():327] scan save: C:\Users\gizem\Documents\GitHub\noisy_fair\wandb\run-20220420_190724-edr5gfby\files\output.log output.log
2022-04-20 19:12:03,005 INFO    SenderThread:21032 [dir_watcher.py:finish():327] scan save: C:\Users\gizem\Documents\GitHub\noisy_fair\wandb\run-20220420_190724-edr5gfby\files\requirements.txt requirements.txt
2022-04-20 19:12:03,011 INFO    SenderThread:21032 [dir_watcher.py:finish():327] scan save: C:\Users\gizem\Documents\GitHub\noisy_fair\wandb\run-20220420_190724-edr5gfby\files\wandb-metadata.json wandb-metadata.json
2022-04-20 19:12:03,011 INFO    SenderThread:21032 [dir_watcher.py:finish():327] scan save: C:\Users\gizem\Documents\GitHub\noisy_fair\wandb\run-20220420_190724-edr5gfby\files\wandb-summary.json wandb-summary.json
2022-04-20 19:12:03,013 INFO    SenderThread:21032 [sender.py:transition_state():392] send defer: 7
2022-04-20 19:12:03,014 DEBUG   SenderThread:21032 [sender.py:send_request():249] send_request: poll_exit
2022-04-20 19:12:03,017 DEBUG   HandlerThread:21032 [handler.py:handle_request():141] handle_request: defer
2022-04-20 19:12:03,018 INFO    HandlerThread:21032 [handler.py:handle_request_defer():164] handle defer: 7
2022-04-20 19:12:03,019 DEBUG   SenderThread:21032 [sender.py:send_request():249] send_request: defer
2022-04-20 19:12:03,019 INFO    SenderThread:21032 [sender.py:send_request_defer():388] handle sender defer: 7
2022-04-20 19:12:03,019 INFO    SenderThread:21032 [file_pusher.py:finish():145] shutting down file pusher
2022-04-20 19:12:03,126 DEBUG   HandlerThread:21032 [handler.py:handle_request():141] handle_request: poll_exit
2022-04-20 19:12:03,126 DEBUG   SenderThread:21032 [sender.py:send_request():249] send_request: poll_exit
2022-04-20 19:12:03,236 DEBUG   HandlerThread:21032 [handler.py:handle_request():141] handle_request: poll_exit
2022-04-20 19:12:03,237 DEBUG   SenderThread:21032 [sender.py:send_request():249] send_request: poll_exit
2022-04-20 19:12:03,345 DEBUG   HandlerThread:21032 [handler.py:handle_request():141] handle_request: poll_exit
2022-04-20 19:12:03,345 DEBUG   SenderThread:21032 [sender.py:send_request():249] send_request: poll_exit
2022-04-20 19:12:03,452 DEBUG   HandlerThread:21032 [handler.py:handle_request():141] handle_request: poll_exit
2022-04-20 19:12:03,452 DEBUG   SenderThread:21032 [sender.py:send_request():249] send_request: poll_exit
2022-04-20 19:12:03,559 DEBUG   HandlerThread:21032 [handler.py:handle_request():141] handle_request: poll_exit
2022-04-20 19:12:03,560 DEBUG   SenderThread:21032 [sender.py:send_request():249] send_request: poll_exit
2022-04-20 19:12:03,668 DEBUG   HandlerThread:21032 [handler.py:handle_request():141] handle_request: poll_exit
2022-04-20 19:12:03,669 DEBUG   SenderThread:21032 [sender.py:send_request():249] send_request: poll_exit
2022-04-20 19:12:03,776 DEBUG   HandlerThread:21032 [handler.py:handle_request():141] handle_request: poll_exit
2022-04-20 19:12:03,777 DEBUG   SenderThread:21032 [sender.py:send_request():249] send_request: poll_exit
2022-04-20 19:12:03,884 DEBUG   HandlerThread:21032 [handler.py:handle_request():141] handle_request: poll_exit
2022-04-20 19:12:03,884 DEBUG   SenderThread:21032 [sender.py:send_request():249] send_request: poll_exit
2022-04-20 19:12:03,991 DEBUG   HandlerThread:21032 [handler.py:handle_request():141] handle_request: poll_exit
2022-04-20 19:12:03,992 DEBUG   SenderThread:21032 [sender.py:send_request():249] send_request: poll_exit
2022-04-20 19:12:04,101 DEBUG   HandlerThread:21032 [handler.py:handle_request():141] handle_request: poll_exit
2022-04-20 19:12:04,101 DEBUG   SenderThread:21032 [sender.py:send_request():249] send_request: poll_exit
2022-04-20 19:12:04,206 DEBUG   HandlerThread:21032 [handler.py:handle_request():141] handle_request: poll_exit
2022-04-20 19:12:04,207 DEBUG   SenderThread:21032 [sender.py:send_request():249] send_request: poll_exit
2022-04-20 19:12:04,317 DEBUG   HandlerThread:21032 [handler.py:handle_request():141] handle_request: poll_exit
2022-04-20 19:12:04,317 DEBUG   SenderThread:21032 [sender.py:send_request():249] send_request: poll_exit
2022-04-20 19:12:04,425 DEBUG   HandlerThread:21032 [handler.py:handle_request():141] handle_request: poll_exit
2022-04-20 19:12:04,425 DEBUG   SenderThread:21032 [sender.py:send_request():249] send_request: poll_exit
2022-04-20 19:12:04,534 DEBUG   HandlerThread:21032 [handler.py:handle_request():141] handle_request: poll_exit
2022-04-20 19:12:04,534 DEBUG   SenderThread:21032 [sender.py:send_request():249] send_request: poll_exit
2022-04-20 19:12:04,642 DEBUG   HandlerThread:21032 [handler.py:handle_request():141] handle_request: poll_exit
2022-04-20 19:12:04,642 DEBUG   SenderThread:21032 [sender.py:send_request():249] send_request: poll_exit
2022-04-20 19:12:04,750 DEBUG   HandlerThread:21032 [handler.py:handle_request():141] handle_request: poll_exit
2022-04-20 19:12:04,750 DEBUG   SenderThread:21032 [sender.py:send_request():249] send_request: poll_exit
2022-04-20 19:12:04,858 DEBUG   HandlerThread:21032 [handler.py:handle_request():141] handle_request: poll_exit
2022-04-20 19:12:04,858 DEBUG   SenderThread:21032 [sender.py:send_request():249] send_request: poll_exit
2022-04-20 19:12:04,966 DEBUG   HandlerThread:21032 [handler.py:handle_request():141] handle_request: poll_exit
2022-04-20 19:12:04,966 DEBUG   SenderThread:21032 [sender.py:send_request():249] send_request: poll_exit
2022-04-20 19:12:05,074 DEBUG   HandlerThread:21032 [handler.py:handle_request():141] handle_request: poll_exit
2022-04-20 19:12:05,075 DEBUG   SenderThread:21032 [sender.py:send_request():249] send_request: poll_exit
2022-04-20 19:12:05,182 DEBUG   HandlerThread:21032 [handler.py:handle_request():141] handle_request: poll_exit
2022-04-20 19:12:05,182 DEBUG   SenderThread:21032 [sender.py:send_request():249] send_request: poll_exit
2022-04-20 19:12:05,289 DEBUG   HandlerThread:21032 [handler.py:handle_request():141] handle_request: poll_exit
2022-04-20 19:12:05,290 DEBUG   SenderThread:21032 [sender.py:send_request():249] send_request: poll_exit
2022-04-20 19:12:05,397 DEBUG   HandlerThread:21032 [handler.py:handle_request():141] handle_request: poll_exit
2022-04-20 19:12:05,398 DEBUG   SenderThread:21032 [sender.py:send_request():249] send_request: poll_exit
2022-04-20 19:12:05,506 DEBUG   HandlerThread:21032 [handler.py:handle_request():141] handle_request: poll_exit
2022-04-20 19:12:05,506 DEBUG   SenderThread:21032 [sender.py:send_request():249] send_request: poll_exit
2022-04-20 19:12:05,614 DEBUG   HandlerThread:21032 [handler.py:handle_request():141] handle_request: poll_exit
2022-04-20 19:12:05,615 DEBUG   SenderThread:21032 [sender.py:send_request():249] send_request: poll_exit
2022-04-20 19:12:05,721 DEBUG   HandlerThread:21032 [handler.py:handle_request():141] handle_request: poll_exit
2022-04-20 19:12:05,721 DEBUG   SenderThread:21032 [sender.py:send_request():249] send_request: poll_exit
2022-04-20 19:12:05,826 DEBUG   HandlerThread:21032 [handler.py:handle_request():141] handle_request: poll_exit
2022-04-20 19:12:05,827 DEBUG   SenderThread:21032 [sender.py:send_request():249] send_request: poll_exit
2022-04-20 19:12:05,932 DEBUG   HandlerThread:21032 [handler.py:handle_request():141] handle_request: poll_exit
2022-04-20 19:12:05,933 DEBUG   SenderThread:21032 [sender.py:send_request():249] send_request: poll_exit
2022-04-20 19:12:06,039 DEBUG   HandlerThread:21032 [handler.py:handle_request():141] handle_request: poll_exit
2022-04-20 19:12:06,040 DEBUG   SenderThread:21032 [sender.py:send_request():249] send_request: poll_exit
2022-04-20 19:12:06,147 DEBUG   HandlerThread:21032 [handler.py:handle_request():141] handle_request: poll_exit
2022-04-20 19:12:06,147 DEBUG   SenderThread:21032 [sender.py:send_request():249] send_request: poll_exit
2022-04-20 19:12:06,253 DEBUG   HandlerThread:21032 [handler.py:handle_request():141] handle_request: poll_exit
2022-04-20 19:12:06,253 DEBUG   SenderThread:21032 [sender.py:send_request():249] send_request: poll_exit
2022-04-20 19:12:06,361 DEBUG   HandlerThread:21032 [handler.py:handle_request():141] handle_request: poll_exit
2022-04-20 19:12:06,361 DEBUG   SenderThread:21032 [sender.py:send_request():249] send_request: poll_exit
2022-04-20 19:12:06,469 DEBUG   HandlerThread:21032 [handler.py:handle_request():141] handle_request: poll_exit
2022-04-20 19:12:06,469 DEBUG   SenderThread:21032 [sender.py:send_request():249] send_request: poll_exit
2022-04-20 19:12:06,576 DEBUG   HandlerThread:21032 [handler.py:handle_request():141] handle_request: poll_exit
2022-04-20 19:12:06,577 DEBUG   SenderThread:21032 [sender.py:send_request():249] send_request: poll_exit
2022-04-20 19:12:06,684 DEBUG   HandlerThread:21032 [handler.py:handle_request():141] handle_request: poll_exit
2022-04-20 19:12:06,685 DEBUG   SenderThread:21032 [sender.py:send_request():249] send_request: poll_exit
2022-04-20 19:12:06,792 DEBUG   HandlerThread:21032 [handler.py:handle_request():141] handle_request: poll_exit
2022-04-20 19:12:06,793 DEBUG   SenderThread:21032 [sender.py:send_request():249] send_request: poll_exit
2022-04-20 19:12:06,898 DEBUG   HandlerThread:21032 [handler.py:handle_request():141] handle_request: poll_exit
2022-04-20 19:12:06,899 DEBUG   SenderThread:21032 [sender.py:send_request():249] send_request: poll_exit
2022-04-20 19:12:07,006 DEBUG   HandlerThread:21032 [handler.py:handle_request():141] handle_request: poll_exit
2022-04-20 19:12:07,006 DEBUG   SenderThread:21032 [sender.py:send_request():249] send_request: poll_exit
2022-04-20 19:12:07,114 DEBUG   HandlerThread:21032 [handler.py:handle_request():141] handle_request: poll_exit
2022-04-20 19:12:07,114 DEBUG   SenderThread:21032 [sender.py:send_request():249] send_request: poll_exit
2022-04-20 19:12:07,222 DEBUG   HandlerThread:21032 [handler.py:handle_request():141] handle_request: poll_exit
2022-04-20 19:12:07,222 DEBUG   SenderThread:21032 [sender.py:send_request():249] send_request: poll_exit
2022-04-20 19:12:07,330 DEBUG   HandlerThread:21032 [handler.py:handle_request():141] handle_request: poll_exit
2022-04-20 19:12:07,330 DEBUG   SenderThread:21032 [sender.py:send_request():249] send_request: poll_exit
2022-04-20 19:12:07,436 DEBUG   HandlerThread:21032 [handler.py:handle_request():141] handle_request: poll_exit
2022-04-20 19:12:07,436 DEBUG   SenderThread:21032 [sender.py:send_request():249] send_request: poll_exit
2022-04-20 19:12:07,542 DEBUG   HandlerThread:21032 [handler.py:handle_request():141] handle_request: poll_exit
2022-04-20 19:12:07,543 DEBUG   SenderThread:21032 [sender.py:send_request():249] send_request: poll_exit
2022-04-20 19:12:07,650 DEBUG   HandlerThread:21032 [handler.py:handle_request():141] handle_request: poll_exit
2022-04-20 19:12:07,650 DEBUG   SenderThread:21032 [sender.py:send_request():249] send_request: poll_exit
2022-04-20 19:12:07,759 DEBUG   HandlerThread:21032 [handler.py:handle_request():141] handle_request: poll_exit
2022-04-20 19:12:07,759 DEBUG   SenderThread:21032 [sender.py:send_request():249] send_request: poll_exit
2022-04-20 19:12:07,867 DEBUG   HandlerThread:21032 [handler.py:handle_request():141] handle_request: poll_exit
2022-04-20 19:12:07,867 DEBUG   SenderThread:21032 [sender.py:send_request():249] send_request: poll_exit
2022-04-20 19:12:07,974 DEBUG   HandlerThread:21032 [handler.py:handle_request():141] handle_request: poll_exit
2022-04-20 19:12:07,974 DEBUG   SenderThread:21032 [sender.py:send_request():249] send_request: poll_exit
2022-04-20 19:12:08,081 DEBUG   HandlerThread:21032 [handler.py:handle_request():141] handle_request: poll_exit
2022-04-20 19:12:08,081 DEBUG   SenderThread:21032 [sender.py:send_request():249] send_request: poll_exit
2022-04-20 19:12:08,190 DEBUG   HandlerThread:21032 [handler.py:handle_request():141] handle_request: poll_exit
2022-04-20 19:12:08,191 DEBUG   SenderThread:21032 [sender.py:send_request():249] send_request: poll_exit
2022-04-20 19:12:08,298 DEBUG   HandlerThread:21032 [handler.py:handle_request():141] handle_request: poll_exit
2022-04-20 19:12:08,298 DEBUG   SenderThread:21032 [sender.py:send_request():249] send_request: poll_exit
2022-04-20 19:12:08,406 DEBUG   HandlerThread:21032 [handler.py:handle_request():141] handle_request: poll_exit
2022-04-20 19:12:08,407 DEBUG   SenderThread:21032 [sender.py:send_request():249] send_request: poll_exit
2022-04-20 19:12:08,516 DEBUG   HandlerThread:21032 [handler.py:handle_request():141] handle_request: poll_exit
2022-04-20 19:12:08,516 DEBUG   SenderThread:21032 [sender.py:send_request():249] send_request: poll_exit
2022-04-20 19:12:08,622 DEBUG   HandlerThread:21032 [handler.py:handle_request():141] handle_request: poll_exit
2022-04-20 19:12:08,623 DEBUG   SenderThread:21032 [sender.py:send_request():249] send_request: poll_exit
2022-04-20 19:12:08,730 DEBUG   HandlerThread:21032 [handler.py:handle_request():141] handle_request: poll_exit
2022-04-20 19:12:08,730 DEBUG   SenderThread:21032 [sender.py:send_request():249] send_request: poll_exit
2022-04-20 19:12:08,840 DEBUG   HandlerThread:21032 [handler.py:handle_request():141] handle_request: poll_exit
2022-04-20 19:12:08,840 DEBUG   SenderThread:21032 [sender.py:send_request():249] send_request: poll_exit
2022-04-20 19:12:08,948 DEBUG   HandlerThread:21032 [handler.py:handle_request():141] handle_request: poll_exit
2022-04-20 19:12:08,948 DEBUG   SenderThread:21032 [sender.py:send_request():249] send_request: poll_exit
2022-04-20 19:12:09,057 DEBUG   HandlerThread:21032 [handler.py:handle_request():141] handle_request: poll_exit
2022-04-20 19:12:09,057 DEBUG   SenderThread:21032 [sender.py:send_request():249] send_request: poll_exit
2022-04-20 19:12:09,165 DEBUG   HandlerThread:21032 [handler.py:handle_request():141] handle_request: poll_exit
2022-04-20 19:12:09,165 DEBUG   SenderThread:21032 [sender.py:send_request():249] send_request: poll_exit
2022-04-20 19:12:09,274 DEBUG   HandlerThread:21032 [handler.py:handle_request():141] handle_request: poll_exit
2022-04-20 19:12:09,274 DEBUG   SenderThread:21032 [sender.py:send_request():249] send_request: poll_exit
2022-04-20 19:12:09,380 DEBUG   HandlerThread:21032 [handler.py:handle_request():141] handle_request: poll_exit
2022-04-20 19:12:09,381 DEBUG   SenderThread:21032 [sender.py:send_request():249] send_request: poll_exit
2022-04-20 19:12:09,489 DEBUG   HandlerThread:21032 [handler.py:handle_request():141] handle_request: poll_exit
2022-04-20 19:12:09,490 DEBUG   SenderThread:21032 [sender.py:send_request():249] send_request: poll_exit
2022-04-20 19:12:09,596 DEBUG   HandlerThread:21032 [handler.py:handle_request():141] handle_request: poll_exit
2022-04-20 19:12:09,596 DEBUG   SenderThread:21032 [sender.py:send_request():249] send_request: poll_exit
2022-04-20 19:12:09,704 DEBUG   HandlerThread:21032 [handler.py:handle_request():141] handle_request: poll_exit
2022-04-20 19:12:09,704 DEBUG   SenderThread:21032 [sender.py:send_request():249] send_request: poll_exit
2022-04-20 19:12:09,811 DEBUG   HandlerThread:21032 [handler.py:handle_request():141] handle_request: poll_exit
2022-04-20 19:12:09,812 DEBUG   SenderThread:21032 [sender.py:send_request():249] send_request: poll_exit
2022-04-20 19:12:09,920 DEBUG   HandlerThread:21032 [handler.py:handle_request():141] handle_request: poll_exit
2022-04-20 19:12:09,921 DEBUG   SenderThread:21032 [sender.py:send_request():249] send_request: poll_exit
2022-04-20 19:12:10,029 DEBUG   HandlerThread:21032 [handler.py:handle_request():141] handle_request: poll_exit
2022-04-20 19:12:10,029 DEBUG   SenderThread:21032 [sender.py:send_request():249] send_request: poll_exit
2022-04-20 19:12:10,135 DEBUG   HandlerThread:21032 [handler.py:handle_request():141] handle_request: poll_exit
2022-04-20 19:12:10,136 DEBUG   SenderThread:21032 [sender.py:send_request():249] send_request: poll_exit
2022-04-20 19:12:10,240 DEBUG   HandlerThread:21032 [handler.py:handle_request():141] handle_request: poll_exit
2022-04-20 19:12:10,241 DEBUG   SenderThread:21032 [sender.py:send_request():249] send_request: poll_exit
2022-04-20 19:12:10,344 DEBUG   HandlerThread:21032 [handler.py:handle_request():141] handle_request: poll_exit
2022-04-20 19:12:10,345 DEBUG   SenderThread:21032 [sender.py:send_request():249] send_request: poll_exit
2022-04-20 19:12:10,449 DEBUG   HandlerThread:21032 [handler.py:handle_request():141] handle_request: poll_exit
2022-04-20 19:12:10,450 DEBUG   SenderThread:21032 [sender.py:send_request():249] send_request: poll_exit
2022-04-20 19:12:10,554 DEBUG   HandlerThread:21032 [handler.py:handle_request():141] handle_request: poll_exit
2022-04-20 19:12:10,554 DEBUG   SenderThread:21032 [sender.py:send_request():249] send_request: poll_exit
2022-04-20 19:12:10,657 DEBUG   HandlerThread:21032 [handler.py:handle_request():141] handle_request: poll_exit
2022-04-20 19:12:10,657 DEBUG   SenderThread:21032 [sender.py:send_request():249] send_request: poll_exit
2022-04-20 19:12:10,762 DEBUG   HandlerThread:21032 [handler.py:handle_request():141] handle_request: poll_exit
2022-04-20 19:12:10,762 DEBUG   SenderThread:21032 [sender.py:send_request():249] send_request: poll_exit
2022-04-20 19:12:10,867 DEBUG   HandlerThread:21032 [handler.py:handle_request():141] handle_request: poll_exit
2022-04-20 19:12:10,867 DEBUG   SenderThread:21032 [sender.py:send_request():249] send_request: poll_exit
2022-04-20 19:12:10,972 DEBUG   HandlerThread:21032 [handler.py:handle_request():141] handle_request: poll_exit
2022-04-20 19:12:10,973 DEBUG   SenderThread:21032 [sender.py:send_request():249] send_request: poll_exit
2022-04-20 19:12:11,080 DEBUG   HandlerThread:21032 [handler.py:handle_request():141] handle_request: poll_exit
2022-04-20 19:12:11,081 DEBUG   SenderThread:21032 [sender.py:send_request():249] send_request: poll_exit
2022-04-20 19:12:11,188 DEBUG   HandlerThread:21032 [handler.py:handle_request():141] handle_request: poll_exit
2022-04-20 19:12:11,188 DEBUG   SenderThread:21032 [sender.py:send_request():249] send_request: poll_exit
2022-04-20 19:12:11,296 DEBUG   HandlerThread:21032 [handler.py:handle_request():141] handle_request: poll_exit
2022-04-20 19:12:11,296 DEBUG   SenderThread:21032 [sender.py:send_request():249] send_request: poll_exit
2022-04-20 19:12:11,405 DEBUG   HandlerThread:21032 [handler.py:handle_request():141] handle_request: poll_exit
2022-04-20 19:12:11,405 DEBUG   SenderThread:21032 [sender.py:send_request():249] send_request: poll_exit
2022-04-20 19:12:11,512 DEBUG   HandlerThread:21032 [handler.py:handle_request():141] handle_request: poll_exit
2022-04-20 19:12:11,513 DEBUG   SenderThread:21032 [sender.py:send_request():249] send_request: poll_exit
2022-04-20 19:12:11,618 DEBUG   HandlerThread:21032 [handler.py:handle_request():141] handle_request: poll_exit
2022-04-20 19:12:11,618 DEBUG   SenderThread:21032 [sender.py:send_request():249] send_request: poll_exit
2022-04-20 19:12:11,727 DEBUG   HandlerThread:21032 [handler.py:handle_request():141] handle_request: poll_exit
2022-04-20 19:12:11,727 DEBUG   SenderThread:21032 [sender.py:send_request():249] send_request: poll_exit
2022-04-20 19:12:11,832 DEBUG   HandlerThread:21032 [handler.py:handle_request():141] handle_request: poll_exit
2022-04-20 19:12:11,833 DEBUG   SenderThread:21032 [sender.py:send_request():249] send_request: poll_exit
2022-04-20 19:12:11,939 DEBUG   HandlerThread:21032 [handler.py:handle_request():141] handle_request: poll_exit
2022-04-20 19:12:11,940 DEBUG   SenderThread:21032 [sender.py:send_request():249] send_request: poll_exit
2022-04-20 19:12:12,045 DEBUG   HandlerThread:21032 [handler.py:handle_request():141] handle_request: poll_exit
2022-04-20 19:12:12,047 DEBUG   SenderThread:21032 [sender.py:send_request():249] send_request: poll_exit
2022-04-20 19:12:12,154 DEBUG   HandlerThread:21032 [handler.py:handle_request():141] handle_request: poll_exit
2022-04-20 19:12:12,154 DEBUG   SenderThread:21032 [sender.py:send_request():249] send_request: poll_exit
2022-04-20 19:12:12,260 DEBUG   HandlerThread:21032 [handler.py:handle_request():141] handle_request: poll_exit
2022-04-20 19:12:12,261 DEBUG   SenderThread:21032 [sender.py:send_request():249] send_request: poll_exit
2022-04-20 19:12:12,367 DEBUG   HandlerThread:21032 [handler.py:handle_request():141] handle_request: poll_exit
2022-04-20 19:12:12,368 DEBUG   SenderThread:21032 [sender.py:send_request():249] send_request: poll_exit
2022-04-20 19:12:12,475 DEBUG   HandlerThread:21032 [handler.py:handle_request():141] handle_request: poll_exit
2022-04-20 19:12:12,476 DEBUG   SenderThread:21032 [sender.py:send_request():249] send_request: poll_exit
2022-04-20 19:12:12,583 DEBUG   HandlerThread:21032 [handler.py:handle_request():141] handle_request: poll_exit
2022-04-20 19:12:12,584 DEBUG   SenderThread:21032 [sender.py:send_request():249] send_request: poll_exit
2022-04-20 19:12:12,692 DEBUG   HandlerThread:21032 [handler.py:handle_request():141] handle_request: poll_exit
2022-04-20 19:12:12,692 DEBUG   SenderThread:21032 [sender.py:send_request():249] send_request: poll_exit
2022-04-20 19:12:12,799 DEBUG   HandlerThread:21032 [handler.py:handle_request():141] handle_request: poll_exit
2022-04-20 19:12:12,799 DEBUG   SenderThread:21032 [sender.py:send_request():249] send_request: poll_exit
2022-04-20 19:12:12,907 DEBUG   HandlerThread:21032 [handler.py:handle_request():141] handle_request: poll_exit
2022-04-20 19:12:12,908 DEBUG   SenderThread:21032 [sender.py:send_request():249] send_request: poll_exit
2022-04-20 19:12:13,017 DEBUG   HandlerThread:21032 [handler.py:handle_request():141] handle_request: poll_exit
2022-04-20 19:12:13,017 DEBUG   SenderThread:21032 [sender.py:send_request():249] send_request: poll_exit
2022-04-20 19:12:13,125 DEBUG   HandlerThread:21032 [handler.py:handle_request():141] handle_request: poll_exit
2022-04-20 19:12:13,126 DEBUG   SenderThread:21032 [sender.py:send_request():249] send_request: poll_exit
2022-04-20 19:12:13,234 DEBUG   HandlerThread:21032 [handler.py:handle_request():141] handle_request: poll_exit
2022-04-20 19:12:13,234 DEBUG   SenderThread:21032 [sender.py:send_request():249] send_request: poll_exit
2022-04-20 19:12:13,341 DEBUG   HandlerThread:21032 [handler.py:handle_request():141] handle_request: poll_exit
2022-04-20 19:12:13,341 DEBUG   SenderThread:21032 [sender.py:send_request():249] send_request: poll_exit
2022-04-20 19:12:13,448 DEBUG   HandlerThread:21032 [handler.py:handle_request():141] handle_request: poll_exit
2022-04-20 19:12:13,448 DEBUG   SenderThread:21032 [sender.py:send_request():249] send_request: poll_exit
2022-04-20 19:12:13,558 DEBUG   HandlerThread:21032 [handler.py:handle_request():141] handle_request: poll_exit
2022-04-20 19:12:13,558 DEBUG   SenderThread:21032 [sender.py:send_request():249] send_request: poll_exit
2022-04-20 19:12:13,665 DEBUG   HandlerThread:21032 [handler.py:handle_request():141] handle_request: poll_exit
2022-04-20 19:12:13,665 DEBUG   SenderThread:21032 [sender.py:send_request():249] send_request: poll_exit
2022-04-20 19:12:13,773 DEBUG   HandlerThread:21032 [handler.py:handle_request():141] handle_request: poll_exit
2022-04-20 19:12:13,773 DEBUG   SenderThread:21032 [sender.py:send_request():249] send_request: poll_exit
2022-04-20 19:12:13,880 DEBUG   HandlerThread:21032 [handler.py:handle_request():141] handle_request: poll_exit
2022-04-20 19:12:13,881 DEBUG   SenderThread:21032 [sender.py:send_request():249] send_request: poll_exit
2022-04-20 19:12:13,988 DEBUG   HandlerThread:21032 [handler.py:handle_request():141] handle_request: poll_exit
2022-04-20 19:12:13,989 DEBUG   SenderThread:21032 [sender.py:send_request():249] send_request: poll_exit
2022-04-20 19:12:14,097 DEBUG   HandlerThread:21032 [handler.py:handle_request():141] handle_request: poll_exit
2022-04-20 19:12:14,097 DEBUG   SenderThread:21032 [sender.py:send_request():249] send_request: poll_exit
2022-04-20 19:12:14,205 DEBUG   HandlerThread:21032 [handler.py:handle_request():141] handle_request: poll_exit
2022-04-20 19:12:14,206 DEBUG   SenderThread:21032 [sender.py:send_request():249] send_request: poll_exit
2022-04-20 19:12:14,315 DEBUG   HandlerThread:21032 [handler.py:handle_request():141] handle_request: poll_exit
2022-04-20 19:12:14,315 DEBUG   SenderThread:21032 [sender.py:send_request():249] send_request: poll_exit
2022-04-20 19:12:14,424 DEBUG   HandlerThread:21032 [handler.py:handle_request():141] handle_request: poll_exit
2022-04-20 19:12:14,424 DEBUG   SenderThread:21032 [sender.py:send_request():249] send_request: poll_exit
2022-04-20 19:12:14,530 DEBUG   HandlerThread:21032 [handler.py:handle_request():141] handle_request: poll_exit
2022-04-20 19:12:14,530 DEBUG   SenderThread:21032 [sender.py:send_request():249] send_request: poll_exit
2022-04-20 19:12:14,638 DEBUG   HandlerThread:21032 [handler.py:handle_request():141] handle_request: poll_exit
2022-04-20 19:12:14,639 DEBUG   SenderThread:21032 [sender.py:send_request():249] send_request: poll_exit
2022-04-20 19:12:14,746 DEBUG   HandlerThread:21032 [handler.py:handle_request():141] handle_request: poll_exit
2022-04-20 19:12:14,746 DEBUG   SenderThread:21032 [sender.py:send_request():249] send_request: poll_exit
2022-04-20 19:12:14,853 DEBUG   HandlerThread:21032 [handler.py:handle_request():141] handle_request: poll_exit
2022-04-20 19:12:14,853 DEBUG   SenderThread:21032 [sender.py:send_request():249] send_request: poll_exit
2022-04-20 19:12:14,959 DEBUG   HandlerThread:21032 [handler.py:handle_request():141] handle_request: poll_exit
2022-04-20 19:12:14,960 DEBUG   SenderThread:21032 [sender.py:send_request():249] send_request: poll_exit
2022-04-20 19:12:15,068 DEBUG   HandlerThread:21032 [handler.py:handle_request():141] handle_request: poll_exit
2022-04-20 19:12:15,068 DEBUG   SenderThread:21032 [sender.py:send_request():249] send_request: poll_exit
2022-04-20 19:12:15,174 DEBUG   HandlerThread:21032 [handler.py:handle_request():141] handle_request: poll_exit
2022-04-20 19:12:15,175 DEBUG   SenderThread:21032 [sender.py:send_request():249] send_request: poll_exit
2022-04-20 19:12:15,284 DEBUG   HandlerThread:21032 [handler.py:handle_request():141] handle_request: poll_exit
2022-04-20 19:12:15,284 DEBUG   SenderThread:21032 [sender.py:send_request():249] send_request: poll_exit
2022-04-20 19:12:15,391 DEBUG   HandlerThread:21032 [handler.py:handle_request():141] handle_request: poll_exit
2022-04-20 19:12:15,392 DEBUG   SenderThread:21032 [sender.py:send_request():249] send_request: poll_exit
2022-04-20 19:12:15,501 DEBUG   HandlerThread:21032 [handler.py:handle_request():141] handle_request: poll_exit
2022-04-20 19:12:15,502 DEBUG   SenderThread:21032 [sender.py:send_request():249] send_request: poll_exit
2022-04-20 19:12:15,607 DEBUG   HandlerThread:21032 [handler.py:handle_request():141] handle_request: poll_exit
2022-04-20 19:12:15,608 DEBUG   SenderThread:21032 [sender.py:send_request():249] send_request: poll_exit
2022-04-20 19:12:15,716 DEBUG   HandlerThread:21032 [handler.py:handle_request():141] handle_request: poll_exit
2022-04-20 19:12:15,717 DEBUG   SenderThread:21032 [sender.py:send_request():249] send_request: poll_exit
2022-04-20 19:12:15,824 DEBUG   HandlerThread:21032 [handler.py:handle_request():141] handle_request: poll_exit
2022-04-20 19:12:15,824 DEBUG   SenderThread:21032 [sender.py:send_request():249] send_request: poll_exit
2022-04-20 19:12:15,931 DEBUG   HandlerThread:21032 [handler.py:handle_request():141] handle_request: poll_exit
2022-04-20 19:12:15,932 DEBUG   SenderThread:21032 [sender.py:send_request():249] send_request: poll_exit
2022-04-20 19:12:16,040 DEBUG   HandlerThread:21032 [handler.py:handle_request():141] handle_request: poll_exit
2022-04-20 19:12:16,040 DEBUG   SenderThread:21032 [sender.py:send_request():249] send_request: poll_exit
2022-04-20 19:12:16,147 DEBUG   HandlerThread:21032 [handler.py:handle_request():141] handle_request: poll_exit
2022-04-20 19:12:16,148 DEBUG   SenderThread:21032 [sender.py:send_request():249] send_request: poll_exit
2022-04-20 19:12:16,256 DEBUG   HandlerThread:21032 [handler.py:handle_request():141] handle_request: poll_exit
2022-04-20 19:12:16,256 DEBUG   SenderThread:21032 [sender.py:send_request():249] send_request: poll_exit
2022-04-20 19:12:16,362 DEBUG   HandlerThread:21032 [handler.py:handle_request():141] handle_request: poll_exit
2022-04-20 19:12:16,362 DEBUG   SenderThread:21032 [sender.py:send_request():249] send_request: poll_exit
2022-04-20 19:12:16,471 DEBUG   HandlerThread:21032 [handler.py:handle_request():141] handle_request: poll_exit
2022-04-20 19:12:16,472 DEBUG   SenderThread:21032 [sender.py:send_request():249] send_request: poll_exit
2022-04-20 19:12:16,578 DEBUG   HandlerThread:21032 [handler.py:handle_request():141] handle_request: poll_exit
2022-04-20 19:12:16,578 DEBUG   SenderThread:21032 [sender.py:send_request():249] send_request: poll_exit
2022-04-20 19:12:16,686 DEBUG   HandlerThread:21032 [handler.py:handle_request():141] handle_request: poll_exit
2022-04-20 19:12:16,686 DEBUG   SenderThread:21032 [sender.py:send_request():249] send_request: poll_exit
2022-04-20 19:12:16,791 DEBUG   HandlerThread:21032 [handler.py:handle_request():141] handle_request: poll_exit
2022-04-20 19:12:16,792 DEBUG   SenderThread:21032 [sender.py:send_request():249] send_request: poll_exit
2022-04-20 19:12:16,899 DEBUG   HandlerThread:21032 [handler.py:handle_request():141] handle_request: poll_exit
2022-04-20 19:12:16,899 DEBUG   SenderThread:21032 [sender.py:send_request():249] send_request: poll_exit
2022-04-20 19:12:17,003 DEBUG   HandlerThread:21032 [handler.py:handle_request():141] handle_request: poll_exit
2022-04-20 19:12:17,004 DEBUG   SenderThread:21032 [sender.py:send_request():249] send_request: poll_exit
2022-04-20 19:12:17,110 DEBUG   HandlerThread:21032 [handler.py:handle_request():141] handle_request: poll_exit
2022-04-20 19:12:17,111 DEBUG   SenderThread:21032 [sender.py:send_request():249] send_request: poll_exit
2022-04-20 19:12:17,216 DEBUG   HandlerThread:21032 [handler.py:handle_request():141] handle_request: poll_exit
2022-04-20 19:12:17,216 DEBUG   SenderThread:21032 [sender.py:send_request():249] send_request: poll_exit
2022-04-20 19:12:17,321 DEBUG   HandlerThread:21032 [handler.py:handle_request():141] handle_request: poll_exit
2022-04-20 19:12:17,321 DEBUG   SenderThread:21032 [sender.py:send_request():249] send_request: poll_exit
2022-04-20 19:12:17,425 DEBUG   HandlerThread:21032 [handler.py:handle_request():141] handle_request: poll_exit
2022-04-20 19:12:17,426 DEBUG   SenderThread:21032 [sender.py:send_request():249] send_request: poll_exit
2022-04-20 19:12:17,531 DEBUG   HandlerThread:21032 [handler.py:handle_request():141] handle_request: poll_exit
2022-04-20 19:12:17,531 DEBUG   SenderThread:21032 [sender.py:send_request():249] send_request: poll_exit
2022-04-20 19:12:17,638 DEBUG   HandlerThread:21032 [handler.py:handle_request():141] handle_request: poll_exit
2022-04-20 19:12:17,638 DEBUG   SenderThread:21032 [sender.py:send_request():249] send_request: poll_exit
2022-04-20 19:12:17,744 DEBUG   HandlerThread:21032 [handler.py:handle_request():141] handle_request: poll_exit
2022-04-20 19:12:17,746 DEBUG   SenderThread:21032 [sender.py:send_request():249] send_request: poll_exit
2022-04-20 19:12:17,852 DEBUG   HandlerThread:21032 [handler.py:handle_request():141] handle_request: poll_exit
2022-04-20 19:12:17,853 DEBUG   SenderThread:21032 [sender.py:send_request():249] send_request: poll_exit
2022-04-20 19:12:17,960 DEBUG   HandlerThread:21032 [handler.py:handle_request():141] handle_request: poll_exit
2022-04-20 19:12:17,960 DEBUG   SenderThread:21032 [sender.py:send_request():249] send_request: poll_exit
2022-04-20 19:12:18,067 DEBUG   HandlerThread:21032 [handler.py:handle_request():141] handle_request: poll_exit
2022-04-20 19:12:18,068 DEBUG   SenderThread:21032 [sender.py:send_request():249] send_request: poll_exit
2022-04-20 19:12:18,177 DEBUG   HandlerThread:21032 [handler.py:handle_request():141] handle_request: poll_exit
2022-04-20 19:12:18,177 DEBUG   SenderThread:21032 [sender.py:send_request():249] send_request: poll_exit
2022-04-20 19:12:18,286 DEBUG   HandlerThread:21032 [handler.py:handle_request():141] handle_request: poll_exit
2022-04-20 19:12:18,286 DEBUG   SenderThread:21032 [sender.py:send_request():249] send_request: poll_exit
2022-04-20 19:12:18,392 DEBUG   HandlerThread:21032 [handler.py:handle_request():141] handle_request: poll_exit
2022-04-20 19:12:18,392 DEBUG   SenderThread:21032 [sender.py:send_request():249] send_request: poll_exit
2022-04-20 19:12:18,502 DEBUG   HandlerThread:21032 [handler.py:handle_request():141] handle_request: poll_exit
2022-04-20 19:12:18,502 DEBUG   SenderThread:21032 [sender.py:send_request():249] send_request: poll_exit
2022-04-20 19:12:18,610 DEBUG   HandlerThread:21032 [handler.py:handle_request():141] handle_request: poll_exit
2022-04-20 19:12:18,610 DEBUG   SenderThread:21032 [sender.py:send_request():249] send_request: poll_exit
2022-04-20 19:12:18,718 DEBUG   HandlerThread:21032 [handler.py:handle_request():141] handle_request: poll_exit
2022-04-20 19:12:18,718 DEBUG   SenderThread:21032 [sender.py:send_request():249] send_request: poll_exit
2022-04-20 19:12:18,826 DEBUG   HandlerThread:21032 [handler.py:handle_request():141] handle_request: poll_exit
2022-04-20 19:12:18,827 DEBUG   SenderThread:21032 [sender.py:send_request():249] send_request: poll_exit
2022-04-20 19:12:18,933 DEBUG   HandlerThread:21032 [handler.py:handle_request():141] handle_request: poll_exit
2022-04-20 19:12:18,933 DEBUG   SenderThread:21032 [sender.py:send_request():249] send_request: poll_exit
2022-04-20 19:12:19,041 DEBUG   HandlerThread:21032 [handler.py:handle_request():141] handle_request: poll_exit
2022-04-20 19:12:19,041 DEBUG   SenderThread:21032 [sender.py:send_request():249] send_request: poll_exit
2022-04-20 19:12:19,150 DEBUG   HandlerThread:21032 [handler.py:handle_request():141] handle_request: poll_exit
2022-04-20 19:12:19,151 DEBUG   SenderThread:21032 [sender.py:send_request():249] send_request: poll_exit
2022-04-20 19:12:19,259 DEBUG   HandlerThread:21032 [handler.py:handle_request():141] handle_request: poll_exit
2022-04-20 19:12:19,259 DEBUG   SenderThread:21032 [sender.py:send_request():249] send_request: poll_exit
2022-04-20 19:12:19,366 DEBUG   HandlerThread:21032 [handler.py:handle_request():141] handle_request: poll_exit
2022-04-20 19:12:19,367 DEBUG   SenderThread:21032 [sender.py:send_request():249] send_request: poll_exit
2022-04-20 19:12:19,475 DEBUG   HandlerThread:21032 [handler.py:handle_request():141] handle_request: poll_exit
2022-04-20 19:12:19,476 DEBUG   SenderThread:21032 [sender.py:send_request():249] send_request: poll_exit
2022-04-20 19:12:19,584 DEBUG   HandlerThread:21032 [handler.py:handle_request():141] handle_request: poll_exit
2022-04-20 19:12:19,584 DEBUG   SenderThread:21032 [sender.py:send_request():249] send_request: poll_exit
2022-04-20 19:12:19,690 DEBUG   HandlerThread:21032 [handler.py:handle_request():141] handle_request: poll_exit
2022-04-20 19:12:19,691 DEBUG   SenderThread:21032 [sender.py:send_request():249] send_request: poll_exit
2022-04-20 19:12:19,798 DEBUG   HandlerThread:21032 [handler.py:handle_request():141] handle_request: poll_exit
2022-04-20 19:12:19,799 DEBUG   SenderThread:21032 [sender.py:send_request():249] send_request: poll_exit
2022-04-20 19:12:19,907 DEBUG   HandlerThread:21032 [handler.py:handle_request():141] handle_request: poll_exit
2022-04-20 19:12:19,907 DEBUG   SenderThread:21032 [sender.py:send_request():249] send_request: poll_exit
2022-04-20 19:12:20,011 DEBUG   HandlerThread:21032 [handler.py:handle_request():141] handle_request: poll_exit
2022-04-20 19:12:20,012 DEBUG   SenderThread:21032 [sender.py:send_request():249] send_request: poll_exit
2022-04-20 19:12:20,115 DEBUG   HandlerThread:21032 [handler.py:handle_request():141] handle_request: poll_exit
2022-04-20 19:12:20,116 DEBUG   SenderThread:21032 [sender.py:send_request():249] send_request: poll_exit
2022-04-20 19:12:20,221 DEBUG   HandlerThread:21032 [handler.py:handle_request():141] handle_request: poll_exit
2022-04-20 19:12:20,221 DEBUG   SenderThread:21032 [sender.py:send_request():249] send_request: poll_exit
2022-04-20 19:12:20,326 DEBUG   HandlerThread:21032 [handler.py:handle_request():141] handle_request: poll_exit
2022-04-20 19:12:20,326 DEBUG   SenderThread:21032 [sender.py:send_request():249] send_request: poll_exit
2022-04-20 19:12:20,431 DEBUG   HandlerThread:21032 [handler.py:handle_request():141] handle_request: poll_exit
2022-04-20 19:12:20,431 DEBUG   SenderThread:21032 [sender.py:send_request():249] send_request: poll_exit
2022-04-20 19:12:20,535 DEBUG   HandlerThread:21032 [handler.py:handle_request():141] handle_request: poll_exit
2022-04-20 19:12:20,536 DEBUG   SenderThread:21032 [sender.py:send_request():249] send_request: poll_exit
2022-04-20 19:12:20,640 DEBUG   HandlerThread:21032 [handler.py:handle_request():141] handle_request: poll_exit
2022-04-20 19:12:20,641 DEBUG   SenderThread:21032 [sender.py:send_request():249] send_request: poll_exit
2022-04-20 19:12:20,749 DEBUG   HandlerThread:21032 [handler.py:handle_request():141] handle_request: poll_exit
2022-04-20 19:12:20,749 DEBUG   SenderThread:21032 [sender.py:send_request():249] send_request: poll_exit
2022-04-20 19:12:20,859 DEBUG   HandlerThread:21032 [handler.py:handle_request():141] handle_request: poll_exit
2022-04-20 19:12:20,859 DEBUG   SenderThread:21032 [sender.py:send_request():249] send_request: poll_exit
2022-04-20 19:12:20,966 DEBUG   HandlerThread:21032 [handler.py:handle_request():141] handle_request: poll_exit
2022-04-20 19:12:20,966 DEBUG   SenderThread:21032 [sender.py:send_request():249] send_request: poll_exit
2022-04-20 19:12:21,051 ERROR   Thread-19 :21032 [internal_api.py:upload_file():1631] upload_file exception https://storage.googleapis.com/wandb-production.appspot.com/sml-eth/noisy-fair/edr5gfby/output.log?Expires=1650561128&GoogleAccessId=wandb-production%40appspot.gserviceaccount.com&Signature=HvPxdsxRjO9xSm7j%2Fbl1pdWavIHSoEs4r5iNeze80PXvopOe6m2M8ZQOopRoCuezGIe8L6T2WcqmoqRWx2FNk%2FqNb1Mfv74UD%2BgKbSZTcDKpJfj81eUGPGGOlDUiw0qztzgP0LIQ3onmAGBqKcRXx0fl2nOyRy%2B5bxehjUnyPyFbfIvsfHvzG5gp3W0gkCMY55hUnJwfbWeQ%2F%2FfYDpoufMZsvEep%2FDJueLd3m%2BaTECw%2FScfHQHQ8KWs5bg2WvVsIO4iuAmh0JAxiP5AnTi69AB6a9bHf0apXDw9bNGJB1iLYrJlCFz7sM1mpe7K47RcRup6tYbMieCYrpx9Y59MD0A%3D%3D: HTTPSConnectionPool(host='storage.googleapis.com', port=443): Max retries exceeded with url: /wandb-production.appspot.com/sml-eth/noisy-fair/edr5gfby/output.log?Expires=1650561128&GoogleAccessId=wandb-production%40appspot.gserviceaccount.com&Signature=HvPxdsxRjO9xSm7j%2Fbl1pdWavIHSoEs4r5iNeze80PXvopOe6m2M8ZQOopRoCuezGIe8L6T2WcqmoqRWx2FNk%2FqNb1Mfv74UD%2BgKbSZTcDKpJfj81eUGPGGOlDUiw0qztzgP0LIQ3onmAGBqKcRXx0fl2nOyRy%2B5bxehjUnyPyFbfIvsfHvzG5gp3W0gkCMY55hUnJwfbWeQ%2F%2FfYDpoufMZsvEep%2FDJueLd3m%2BaTECw%2FScfHQHQ8KWs5bg2WvVsIO4iuAmh0JAxiP5AnTi69AB6a9bHf0apXDw9bNGJB1iLYrJlCFz7sM1mpe7K47RcRup6tYbMieCYrpx9Y59MD0A%3D%3D (Caused by NewConnectionError('<urllib3.connection.HTTPSConnection object at 0x0000022CCD200C40>: Failed to establish a new connection: [Errno 11002] getaddrinfo failed'))
2022-04-20 19:12:21,051 ERROR   Thread-18 :21032 [internal_api.py:upload_file():1631] upload_file exception https://storage.googleapis.com/wandb-production.appspot.com/sml-eth/noisy-fair/edr5gfby/config.yaml?Expires=1650561128&GoogleAccessId=wandb-production%40appspot.gserviceaccount.com&Signature=KBdOxXM%2F4mUxhdZluzBr6Z4Ebn3Zp39%2F5hMrnoKOhaqG7S%2FJ9EeyNc9scMBnGcge65dXTu7VLlNNBqGsdKuf%2F3hDGKlUzjzETH2o2cY1jkH9Jp2WZ1Zo3BCJaTcRfPwEbp29qWnyNfgkwrW6jwLCCWG7JpiXdYQn1YIpo4AveZ%2F0ZpRU6uIVCfOangC4dmlRy5yReLiFquJYFXNvIWCCaYx%2B6H3Mibqge6FrUaPLWXzx2xhunE6PY3WwAb7ZX1qrWp59ILAudrz8rwBMDhsUmrMOy30vfKJdy8XTufYpEWB4xnQyBR2Md9Z5EwLsMFlSoBFSDRunq4pdoC3vRtL02Q%3D%3D: HTTPSConnectionPool(host='storage.googleapis.com', port=443): Max retries exceeded with url: /wandb-production.appspot.com/sml-eth/noisy-fair/edr5gfby/config.yaml?Expires=1650561128&GoogleAccessId=wandb-production%40appspot.gserviceaccount.com&Signature=KBdOxXM%2F4mUxhdZluzBr6Z4Ebn3Zp39%2F5hMrnoKOhaqG7S%2FJ9EeyNc9scMBnGcge65dXTu7VLlNNBqGsdKuf%2F3hDGKlUzjzETH2o2cY1jkH9Jp2WZ1Zo3BCJaTcRfPwEbp29qWnyNfgkwrW6jwLCCWG7JpiXdYQn1YIpo4AveZ%2F0ZpRU6uIVCfOangC4dmlRy5yReLiFquJYFXNvIWCCaYx%2B6H3Mibqge6FrUaPLWXzx2xhunE6PY3WwAb7ZX1qrWp59ILAudrz8rwBMDhsUmrMOy30vfKJdy8XTufYpEWB4xnQyBR2Md9Z5EwLsMFlSoBFSDRunq4pdoC3vRtL02Q%3D%3D (Caused by NewConnectionError('<urllib3.connection.HTTPSConnection object at 0x0000022CCC024A00>: Failed to establish a new connection: [Errno 11002] getaddrinfo failed'))
2022-04-20 19:12:21,052 ERROR   Thread-18 :21032 [internal_api.py:upload_file():1633] upload_file request headers: {'User-Agent': 'python-requests/2.27.1', 'Accept-Encoding': 'gzip, deflate', 'Accept': '*/*', 'Connection': 'keep-alive', 'Content-Length': '962'}
2022-04-20 19:12:21,052 ERROR   Thread-18 :21032 [internal_api.py:upload_file():1635] upload_file response body: 
2022-04-20 19:12:21,052 ERROR   Thread-19 :21032 [internal_api.py:upload_file():1633] upload_file request headers: {'User-Agent': 'python-requests/2.27.1', 'Accept-Encoding': 'gzip, deflate', 'Accept': '*/*', 'Connection': 'keep-alive', 'Content-Length': '133'}
2022-04-20 19:12:21,052 ERROR   Thread-21 :21032 [internal_api.py:upload_file():1631] upload_file exception https://storage.googleapis.com/wandb-production.appspot.com/sml-eth/noisy-fair/edr5gfby/wandb-summary.json?Expires=1650561128&GoogleAccessId=wandb-production%40appspot.gserviceaccount.com&Signature=R2NS2bDMZevBFhJDPdonmDhPOAgctKa%2BAd4sZ%2BaBZsk1FGcAlH4EWRdLIqmIwHs%2B9QyAsipTf801AM8PusnY16g3cJjfFB7p1RXORwe4026UZaIV7%2FK7qxom9wnLtlv2blRdv8xgnu3vjZr6Vx7517Em2tE5k%2FEJV1hkgWgWlzNAPInuNoyIUdoovm%2Fqph6qSGrw6%2FwNvPB3pSxMA9IkPvC0GWqGCiLgh9bww3cvBmsfpKF%2FJ0OSXoKWCzuv%2FFg2T4hMEZ%2BAngf9tZINZR8lGIFDI4jyO5nHPW90sQ9J03mvBG0ywF%2Bhh3j2u3BfrQJACxATQjt9k9HniPTDTItohA%3D%3D: HTTPSConnectionPool(host='storage.googleapis.com', port=443): Max retries exceeded with url: /wandb-production.appspot.com/sml-eth/noisy-fair/edr5gfby/wandb-summary.json?Expires=1650561128&GoogleAccessId=wandb-production%40appspot.gserviceaccount.com&Signature=R2NS2bDMZevBFhJDPdonmDhPOAgctKa%2BAd4sZ%2BaBZsk1FGcAlH4EWRdLIqmIwHs%2B9QyAsipTf801AM8PusnY16g3cJjfFB7p1RXORwe4026UZaIV7%2FK7qxom9wnLtlv2blRdv8xgnu3vjZr6Vx7517Em2tE5k%2FEJV1hkgWgWlzNAPInuNoyIUdoovm%2Fqph6qSGrw6%2FwNvPB3pSxMA9IkPvC0GWqGCiLgh9bww3cvBmsfpKF%2FJ0OSXoKWCzuv%2FFg2T4hMEZ%2BAngf9tZINZR8lGIFDI4jyO5nHPW90sQ9J03mvBG0ywF%2Bhh3j2u3BfrQJACxATQjt9k9HniPTDTItohA%3D%3D (Caused by NewConnectionError('<urllib3.connection.HTTPSConnection object at 0x0000022CCD203A90>: Failed to establish a new connection: [Errno 11002] getaddrinfo failed'))
2022-04-20 19:12:21,052 ERROR   Thread-20 :21032 [internal_api.py:upload_file():1631] upload_file exception https://storage.googleapis.com/wandb-production.appspot.com/sml-eth/noisy-fair/edr5gfby/requirements.txt?Expires=1650561128&GoogleAccessId=wandb-production%40appspot.gserviceaccount.com&Signature=j7OiAN3OJOBx6at9Feny35HQt6yaVe2RH9%2FL9Io5NlGIyE8VUSqt%2FZIs9TbZf%2BuMJCcIswwsPjmMWQevv2q1OYeM74wF10pLXKcObNuGB2wlDfKXsEmgtUapsPmYYgk%2FSoWf%2FSHKDSXVLcFwvenDPKZoOJg1BcjSsKXldTugaEwz3FpttXxxU6k%2B841vzQeOta%2BbRLuWzhvXXKFxWysM24cxRrWHNhdrbRLAkmiuGXoUEKird7A26x9ZNLIwKwGpTKvsUNr3PQwRE2fEPQ%2BibUZNJK14f1v5B13%2FoJCEO4FvGlmsly490ZI5QFlVmDZqgQMMMTlSkRqH1mE1PMP8%2Bg%3D%3D: HTTPSConnectionPool(host='storage.googleapis.com', port=443): Max retries exceeded with url: /wandb-production.appspot.com/sml-eth/noisy-fair/edr5gfby/requirements.txt?Expires=1650561128&GoogleAccessId=wandb-production%40appspot.gserviceaccount.com&Signature=j7OiAN3OJOBx6at9Feny35HQt6yaVe2RH9%2FL9Io5NlGIyE8VUSqt%2FZIs9TbZf%2BuMJCcIswwsPjmMWQevv2q1OYeM74wF10pLXKcObNuGB2wlDfKXsEmgtUapsPmYYgk%2FSoWf%2FSHKDSXVLcFwvenDPKZoOJg1BcjSsKXldTugaEwz3FpttXxxU6k%2B841vzQeOta%2BbRLuWzhvXXKFxWysM24cxRrWHNhdrbRLAkmiuGXoUEKird7A26x9ZNLIwKwGpTKvsUNr3PQwRE2fEPQ%2BibUZNJK14f1v5B13%2FoJCEO4FvGlmsly490ZI5QFlVmDZqgQMMMTlSkRqH1mE1PMP8%2Bg%3D%3D (Caused by NewConnectionError('<urllib3.connection.HTTPSConnection object at 0x0000022CCD2025C0>: Failed to establish a new connection: [Errno 11002] getaddrinfo failed'))
2022-04-20 19:12:21,053 ERROR   Thread-20 :21032 [internal_api.py:upload_file():1633] upload_file request headers: {'User-Agent': 'python-requests/2.27.1', 'Accept-Encoding': 'gzip, deflate', 'Accept': '*/*', 'Connection': 'keep-alive', 'Content-Length': '1704'}
2022-04-20 19:12:21,053 ERROR   Thread-20 :21032 [internal_api.py:upload_file():1635] upload_file response body: 
2022-04-20 19:12:21,052 ERROR   Thread-19 :21032 [internal_api.py:upload_file():1635] upload_file response body: 
2022-04-20 19:12:21,053 ERROR   Thread-21 :21032 [internal_api.py:upload_file():1633] upload_file request headers: {'User-Agent': 'python-requests/2.27.1', 'Accept-Encoding': 'gzip, deflate', 'Accept': '*/*', 'Connection': 'keep-alive', 'Content-Length': '212'}
2022-04-20 19:12:21,053 ERROR   Thread-21 :21032 [internal_api.py:upload_file():1635] upload_file response body: 
2022-04-20 19:12:21,073 DEBUG   HandlerThread:21032 [handler.py:handle_request():141] handle_request: poll_exit
2022-04-20 19:12:21,073 DEBUG   SenderThread:21032 [sender.py:send_request():249] send_request: poll_exit
2022-04-20 19:12:21,181 DEBUG   HandlerThread:21032 [handler.py:handle_request():141] handle_request: poll_exit
2022-04-20 19:12:21,182 DEBUG   SenderThread:21032 [sender.py:send_request():249] send_request: poll_exit
2022-04-20 19:12:21,288 DEBUG   HandlerThread:21032 [handler.py:handle_request():141] handle_request: poll_exit
2022-04-20 19:12:21,289 DEBUG   SenderThread:21032 [sender.py:send_request():249] send_request: poll_exit
2022-04-20 19:12:21,398 DEBUG   HandlerThread:21032 [handler.py:handle_request():141] handle_request: poll_exit
2022-04-20 19:12:21,398 DEBUG   SenderThread:21032 [sender.py:send_request():249] send_request: poll_exit
2022-04-20 19:12:21,503 DEBUG   HandlerThread:21032 [handler.py:handle_request():141] handle_request: poll_exit
2022-04-20 19:12:21,503 DEBUG   SenderThread:21032 [sender.py:send_request():249] send_request: poll_exit
2022-04-20 19:12:21,607 DEBUG   HandlerThread:21032 [handler.py:handle_request():141] handle_request: poll_exit
2022-04-20 19:12:21,608 DEBUG   SenderThread:21032 [sender.py:send_request():249] send_request: poll_exit
2022-04-20 19:12:21,712 DEBUG   HandlerThread:21032 [handler.py:handle_request():141] handle_request: poll_exit
2022-04-20 19:12:21,713 DEBUG   SenderThread:21032 [sender.py:send_request():249] send_request: poll_exit
2022-04-20 19:12:21,818 DEBUG   HandlerThread:21032 [handler.py:handle_request():141] handle_request: poll_exit
2022-04-20 19:12:21,818 DEBUG   SenderThread:21032 [sender.py:send_request():249] send_request: poll_exit
2022-04-20 19:12:21,922 DEBUG   HandlerThread:21032 [handler.py:handle_request():141] handle_request: poll_exit
2022-04-20 19:12:21,923 DEBUG   SenderThread:21032 [sender.py:send_request():249] send_request: poll_exit
2022-04-20 19:12:22,027 DEBUG   HandlerThread:21032 [handler.py:handle_request():141] handle_request: poll_exit
2022-04-20 19:12:22,028 DEBUG   SenderThread:21032 [sender.py:send_request():249] send_request: poll_exit
2022-04-20 19:12:22,134 DEBUG   HandlerThread:21032 [handler.py:handle_request():141] handle_request: poll_exit
2022-04-20 19:12:22,134 DEBUG   SenderThread:21032 [sender.py:send_request():249] send_request: poll_exit
2022-04-20 19:12:22,185 ERROR   Thread-20 :21032 [internal_api.py:upload_file():1631] upload_file exception https://storage.googleapis.com/wandb-production.appspot.com/sml-eth/noisy-fair/edr5gfby/requirements.txt?Expires=1650561128&GoogleAccessId=wandb-production%40appspot.gserviceaccount.com&Signature=j7OiAN3OJOBx6at9Feny35HQt6yaVe2RH9%2FL9Io5NlGIyE8VUSqt%2FZIs9TbZf%2BuMJCcIswwsPjmMWQevv2q1OYeM74wF10pLXKcObNuGB2wlDfKXsEmgtUapsPmYYgk%2FSoWf%2FSHKDSXVLcFwvenDPKZoOJg1BcjSsKXldTugaEwz3FpttXxxU6k%2B841vzQeOta%2BbRLuWzhvXXKFxWysM24cxRrWHNhdrbRLAkmiuGXoUEKird7A26x9ZNLIwKwGpTKvsUNr3PQwRE2fEPQ%2BibUZNJK14f1v5B13%2FoJCEO4FvGlmsly490ZI5QFlVmDZqgQMMMTlSkRqH1mE1PMP8%2Bg%3D%3D: HTTPSConnectionPool(host='storage.googleapis.com', port=443): Max retries exceeded with url: /wandb-production.appspot.com/sml-eth/noisy-fair/edr5gfby/requirements.txt?Expires=1650561128&GoogleAccessId=wandb-production%40appspot.gserviceaccount.com&Signature=j7OiAN3OJOBx6at9Feny35HQt6yaVe2RH9%2FL9Io5NlGIyE8VUSqt%2FZIs9TbZf%2BuMJCcIswwsPjmMWQevv2q1OYeM74wF10pLXKcObNuGB2wlDfKXsEmgtUapsPmYYgk%2FSoWf%2FSHKDSXVLcFwvenDPKZoOJg1BcjSsKXldTugaEwz3FpttXxxU6k%2B841vzQeOta%2BbRLuWzhvXXKFxWysM24cxRrWHNhdrbRLAkmiuGXoUEKird7A26x9ZNLIwKwGpTKvsUNr3PQwRE2fEPQ%2BibUZNJK14f1v5B13%2FoJCEO4FvGlmsly490ZI5QFlVmDZqgQMMMTlSkRqH1mE1PMP8%2Bg%3D%3D (Caused by NewConnectionError('<urllib3.connection.HTTPSConnection object at 0x0000022CCD1BB100>: Failed to establish a new connection: [Errno 11002] getaddrinfo failed'))
2022-04-20 19:12:22,185 ERROR   Thread-20 :21032 [internal_api.py:upload_file():1633] upload_file request headers: {'User-Agent': 'python-requests/2.27.1', 'Accept-Encoding': 'gzip, deflate', 'Accept': '*/*', 'Connection': 'keep-alive', 'Content-Length': '1704'}
2022-04-20 19:12:22,185 ERROR   Thread-20 :21032 [internal_api.py:upload_file():1635] upload_file response body: 
2022-04-20 19:12:22,213 ERROR   Thread-21 :21032 [internal_api.py:upload_file():1631] upload_file exception https://storage.googleapis.com/wandb-production.appspot.com/sml-eth/noisy-fair/edr5gfby/wandb-summary.json?Expires=1650561128&GoogleAccessId=wandb-production%40appspot.gserviceaccount.com&Signature=R2NS2bDMZevBFhJDPdonmDhPOAgctKa%2BAd4sZ%2BaBZsk1FGcAlH4EWRdLIqmIwHs%2B9QyAsipTf801AM8PusnY16g3cJjfFB7p1RXORwe4026UZaIV7%2FK7qxom9wnLtlv2blRdv8xgnu3vjZr6Vx7517Em2tE5k%2FEJV1hkgWgWlzNAPInuNoyIUdoovm%2Fqph6qSGrw6%2FwNvPB3pSxMA9IkPvC0GWqGCiLgh9bww3cvBmsfpKF%2FJ0OSXoKWCzuv%2FFg2T4hMEZ%2BAngf9tZINZR8lGIFDI4jyO5nHPW90sQ9J03mvBG0ywF%2Bhh3j2u3BfrQJACxATQjt9k9HniPTDTItohA%3D%3D: HTTPSConnectionPool(host='storage.googleapis.com', port=443): Max retries exceeded with url: /wandb-production.appspot.com/sml-eth/noisy-fair/edr5gfby/wandb-summary.json?Expires=1650561128&GoogleAccessId=wandb-production%40appspot.gserviceaccount.com&Signature=R2NS2bDMZevBFhJDPdonmDhPOAgctKa%2BAd4sZ%2BaBZsk1FGcAlH4EWRdLIqmIwHs%2B9QyAsipTf801AM8PusnY16g3cJjfFB7p1RXORwe4026UZaIV7%2FK7qxom9wnLtlv2blRdv8xgnu3vjZr6Vx7517Em2tE5k%2FEJV1hkgWgWlzNAPInuNoyIUdoovm%2Fqph6qSGrw6%2FwNvPB3pSxMA9IkPvC0GWqGCiLgh9bww3cvBmsfpKF%2FJ0OSXoKWCzuv%2FFg2T4hMEZ%2BAngf9tZINZR8lGIFDI4jyO5nHPW90sQ9J03mvBG0ywF%2Bhh3j2u3BfrQJACxATQjt9k9HniPTDTItohA%3D%3D (Caused by NewConnectionError('<urllib3.connection.HTTPSConnection object at 0x0000022CCD1BB670>: Failed to establish a new connection: [Errno 11002] getaddrinfo failed'))
2022-04-20 19:12:22,213 ERROR   Thread-21 :21032 [internal_api.py:upload_file():1633] upload_file request headers: {'User-Agent': 'python-requests/2.27.1', 'Accept-Encoding': 'gzip, deflate', 'Accept': '*/*', 'Connection': 'keep-alive', 'Content-Length': '212'}
2022-04-20 19:12:22,213 ERROR   Thread-21 :21032 [internal_api.py:upload_file():1635] upload_file response body: 
2022-04-20 19:12:22,214 ERROR   Thread-21 :21032 [retry.py:__call__():126] Retry attempt failed:
Traceback (most recent call last):
  File "C:\Users\gizem\anaconda3\envs\iw\lib\site-packages\urllib3\connection.py", line 174, in _new_conn
    conn = connection.create_connection(
  File "C:\Users\gizem\anaconda3\envs\iw\lib\site-packages\urllib3\util\connection.py", line 72, in create_connection
    for res in socket.getaddrinfo(host, port, family, socket.SOCK_STREAM):
  File "C:\Users\gizem\anaconda3\envs\iw\lib\socket.py", line 955, in getaddrinfo
    for res in _socket.getaddrinfo(host, port, family, type, proto, flags):
socket.gaierror: [Errno 11002] getaddrinfo failed

During handling of the above exception, another exception occurred:

Traceback (most recent call last):
  File "C:\Users\gizem\anaconda3\envs\iw\lib\site-packages\urllib3\connectionpool.py", line 703, in urlopen
    httplib_response = self._make_request(
  File "C:\Users\gizem\anaconda3\envs\iw\lib\site-packages\urllib3\connectionpool.py", line 386, in _make_request
    self._validate_conn(conn)
  File "C:\Users\gizem\anaconda3\envs\iw\lib\site-packages\urllib3\connectionpool.py", line 1040, in _validate_conn
    conn.connect()
  File "C:\Users\gizem\anaconda3\envs\iw\lib\site-packages\urllib3\connection.py", line 358, in connect
    self.sock = conn = self._new_conn()
  File "C:\Users\gizem\anaconda3\envs\iw\lib\site-packages\urllib3\connection.py", line 186, in _new_conn
    raise NewConnectionError(
urllib3.exceptions.NewConnectionError: <urllib3.connection.HTTPSConnection object at 0x0000022CCD1BB670>: Failed to establish a new connection: [Errno 11002] getaddrinfo failed

During handling of the above exception, another exception occurred:

Traceback (most recent call last):
  File "C:\Users\gizem\anaconda3\envs\iw\lib\site-packages\requests\adapters.py", line 440, in send
    resp = conn.urlopen(
  File "C:\Users\gizem\anaconda3\envs\iw\lib\site-packages\urllib3\connectionpool.py", line 785, in urlopen
    retries = retries.increment(
  File "C:\Users\gizem\anaconda3\envs\iw\lib\site-packages\urllib3\util\retry.py", line 592, in increment
    raise MaxRetryError(_pool, url, error or ResponseError(cause))
urllib3.exceptions.MaxRetryError: HTTPSConnectionPool(host='storage.googleapis.com', port=443): Max retries exceeded with url: /wandb-production.appspot.com/sml-eth/noisy-fair/edr5gfby/wandb-summary.json?Expires=1650561128&GoogleAccessId=wandb-production%40appspot.gserviceaccount.com&Signature=R2NS2bDMZevBFhJDPdonmDhPOAgctKa%2BAd4sZ%2BaBZsk1FGcAlH4EWRdLIqmIwHs%2B9QyAsipTf801AM8PusnY16g3cJjfFB7p1RXORwe4026UZaIV7%2FK7qxom9wnLtlv2blRdv8xgnu3vjZr6Vx7517Em2tE5k%2FEJV1hkgWgWlzNAPInuNoyIUdoovm%2Fqph6qSGrw6%2FwNvPB3pSxMA9IkPvC0GWqGCiLgh9bww3cvBmsfpKF%2FJ0OSXoKWCzuv%2FFg2T4hMEZ%2BAngf9tZINZR8lGIFDI4jyO5nHPW90sQ9J03mvBG0ywF%2Bhh3j2u3BfrQJACxATQjt9k9HniPTDTItohA%3D%3D (Caused by NewConnectionError('<urllib3.connection.HTTPSConnection object at 0x0000022CCD1BB670>: Failed to establish a new connection: [Errno 11002] getaddrinfo failed'))

During handling of the above exception, another exception occurred:

Traceback (most recent call last):
  File "C:\Users\gizem\anaconda3\envs\iw\lib\site-packages\wandb\sdk\internal\internal_api.py", line 1628, in upload_file
    response = requests.put(url, data=progress, headers=extra_headers)
  File "C:\Users\gizem\anaconda3\envs\iw\lib\site-packages\requests\api.py", line 132, in put
    return request('put', url, data=data, **kwargs)
  File "C:\Users\gizem\anaconda3\envs\iw\lib\site-packages\requests\api.py", line 61, in request
    return session.request(method=method, url=url, **kwargs)
  File "C:\Users\gizem\anaconda3\envs\iw\lib\site-packages\requests\sessions.py", line 529, in request
    resp = self.send(prep, **send_kwargs)
  File "C:\Users\gizem\anaconda3\envs\iw\lib\site-packages\requests\sessions.py", line 645, in send
    r = adapter.send(request, **kwargs)
  File "C:\Users\gizem\anaconda3\envs\iw\lib\site-packages\requests\adapters.py", line 519, in send
    raise ConnectionError(e, request=request)
requests.exceptions.ConnectionError: HTTPSConnectionPool(host='storage.googleapis.com', port=443): Max retries exceeded with url: /wandb-production.appspot.com/sml-eth/noisy-fair/edr5gfby/wandb-summary.json?Expires=1650561128&GoogleAccessId=wandb-production%40appspot.gserviceaccount.com&Signature=R2NS2bDMZevBFhJDPdonmDhPOAgctKa%2BAd4sZ%2BaBZsk1FGcAlH4EWRdLIqmIwHs%2B9QyAsipTf801AM8PusnY16g3cJjfFB7p1RXORwe4026UZaIV7%2FK7qxom9wnLtlv2blRdv8xgnu3vjZr6Vx7517Em2tE5k%2FEJV1hkgWgWlzNAPInuNoyIUdoovm%2Fqph6qSGrw6%2FwNvPB3pSxMA9IkPvC0GWqGCiLgh9bww3cvBmsfpKF%2FJ0OSXoKWCzuv%2FFg2T4hMEZ%2BAngf9tZINZR8lGIFDI4jyO5nHPW90sQ9J03mvBG0ywF%2Bhh3j2u3BfrQJACxATQjt9k9HniPTDTItohA%3D%3D (Caused by NewConnectionError('<urllib3.connection.HTTPSConnection object at 0x0000022CCD1BB670>: Failed to establish a new connection: [Errno 11002] getaddrinfo failed'))

During handling of the above exception, another exception occurred:

Traceback (most recent call last):
  File "C:\Users\gizem\anaconda3\envs\iw\lib\site-packages\wandb\sdk\lib\retry.py", line 102, in __call__
    result = self._call_fn(*args, **kwargs)
  File "C:\Users\gizem\anaconda3\envs\iw\lib\site-packages\wandb\sdk\internal\internal_api.py", line 1644, in upload_file
    six.reraise(type(e), e, sys.exc_info()[2])
  File "C:\Users\gizem\anaconda3\envs\iw\lib\site-packages\six.py", line 718, in reraise
    raise value.with_traceback(tb)
  File "C:\Users\gizem\anaconda3\envs\iw\lib\site-packages\wandb\sdk\internal\internal_api.py", line 1628, in upload_file
    response = requests.put(url, data=progress, headers=extra_headers)
  File "C:\Users\gizem\anaconda3\envs\iw\lib\site-packages\requests\api.py", line 132, in put
    return request('put', url, data=data, **kwargs)
  File "C:\Users\gizem\anaconda3\envs\iw\lib\site-packages\requests\api.py", line 61, in request
    return session.request(method=method, url=url, **kwargs)
  File "C:\Users\gizem\anaconda3\envs\iw\lib\site-packages\requests\sessions.py", line 529, in request
    resp = self.send(prep, **send_kwargs)
  File "C:\Users\gizem\anaconda3\envs\iw\lib\site-packages\requests\sessions.py", line 645, in send
    r = adapter.send(request, **kwargs)
  File "C:\Users\gizem\anaconda3\envs\iw\lib\site-packages\requests\adapters.py", line 519, in send
    raise ConnectionError(e, request=request)
wandb.sdk.lib.retry.TransientError: None
2022-04-20 19:12:22,227 ERROR   Thread-18 :21032 [internal_api.py:upload_file():1631] upload_file exception https://storage.googleapis.com/wandb-production.appspot.com/sml-eth/noisy-fair/edr5gfby/config.yaml?Expires=1650561128&GoogleAccessId=wandb-production%40appspot.gserviceaccount.com&Signature=KBdOxXM%2F4mUxhdZluzBr6Z4Ebn3Zp39%2F5hMrnoKOhaqG7S%2FJ9EeyNc9scMBnGcge65dXTu7VLlNNBqGsdKuf%2F3hDGKlUzjzETH2o2cY1jkH9Jp2WZ1Zo3BCJaTcRfPwEbp29qWnyNfgkwrW6jwLCCWG7JpiXdYQn1YIpo4AveZ%2F0ZpRU6uIVCfOangC4dmlRy5yReLiFquJYFXNvIWCCaYx%2B6H3Mibqge6FrUaPLWXzx2xhunE6PY3WwAb7ZX1qrWp59ILAudrz8rwBMDhsUmrMOy30vfKJdy8XTufYpEWB4xnQyBR2Md9Z5EwLsMFlSoBFSDRunq4pdoC3vRtL02Q%3D%3D: HTTPSConnectionPool(host='storage.googleapis.com', port=443): Max retries exceeded with url: /wandb-production.appspot.com/sml-eth/noisy-fair/edr5gfby/config.yaml?Expires=1650561128&GoogleAccessId=wandb-production%40appspot.gserviceaccount.com&Signature=KBdOxXM%2F4mUxhdZluzBr6Z4Ebn3Zp39%2F5hMrnoKOhaqG7S%2FJ9EeyNc9scMBnGcge65dXTu7VLlNNBqGsdKuf%2F3hDGKlUzjzETH2o2cY1jkH9Jp2WZ1Zo3BCJaTcRfPwEbp29qWnyNfgkwrW6jwLCCWG7JpiXdYQn1YIpo4AveZ%2F0ZpRU6uIVCfOangC4dmlRy5yReLiFquJYFXNvIWCCaYx%2B6H3Mibqge6FrUaPLWXzx2xhunE6PY3WwAb7ZX1qrWp59ILAudrz8rwBMDhsUmrMOy30vfKJdy8XTufYpEWB4xnQyBR2Md9Z5EwLsMFlSoBFSDRunq4pdoC3vRtL02Q%3D%3D (Caused by NewConnectionError('<urllib3.connection.HTTPSConnection object at 0x0000022CCD1BAEC0>: Failed to establish a new connection: [Errno 11002] getaddrinfo failed'))
2022-04-20 19:12:22,228 ERROR   Thread-18 :21032 [internal_api.py:upload_file():1633] upload_file request headers: {'User-Agent': 'python-requests/2.27.1', 'Accept-Encoding': 'gzip, deflate', 'Accept': '*/*', 'Connection': 'keep-alive', 'Content-Length': '962'}
2022-04-20 19:12:22,228 ERROR   Thread-18 :21032 [internal_api.py:upload_file():1635] upload_file response body: 
2022-04-20 19:12:22,240 DEBUG   HandlerThread:21032 [handler.py:handle_request():141] handle_request: poll_exit
2022-04-20 19:12:22,240 DEBUG   SenderThread:21032 [sender.py:send_request():249] send_request: poll_exit
2022-04-20 19:12:22,304 ERROR   Thread-19 :21032 [internal_api.py:upload_file():1631] upload_file exception https://storage.googleapis.com/wandb-production.appspot.com/sml-eth/noisy-fair/edr5gfby/output.log?Expires=1650561128&GoogleAccessId=wandb-production%40appspot.gserviceaccount.com&Signature=HvPxdsxRjO9xSm7j%2Fbl1pdWavIHSoEs4r5iNeze80PXvopOe6m2M8ZQOopRoCuezGIe8L6T2WcqmoqRWx2FNk%2FqNb1Mfv74UD%2BgKbSZTcDKpJfj81eUGPGGOlDUiw0qztzgP0LIQ3onmAGBqKcRXx0fl2nOyRy%2B5bxehjUnyPyFbfIvsfHvzG5gp3W0gkCMY55hUnJwfbWeQ%2F%2FfYDpoufMZsvEep%2FDJueLd3m%2BaTECw%2FScfHQHQ8KWs5bg2WvVsIO4iuAmh0JAxiP5AnTi69AB6a9bHf0apXDw9bNGJB1iLYrJlCFz7sM1mpe7K47RcRup6tYbMieCYrpx9Y59MD0A%3D%3D: HTTPSConnectionPool(host='storage.googleapis.com', port=443): Max retries exceeded with url: /wandb-production.appspot.com/sml-eth/noisy-fair/edr5gfby/output.log?Expires=1650561128&GoogleAccessId=wandb-production%40appspot.gserviceaccount.com&Signature=HvPxdsxRjO9xSm7j%2Fbl1pdWavIHSoEs4r5iNeze80PXvopOe6m2M8ZQOopRoCuezGIe8L6T2WcqmoqRWx2FNk%2FqNb1Mfv74UD%2BgKbSZTcDKpJfj81eUGPGGOlDUiw0qztzgP0LIQ3onmAGBqKcRXx0fl2nOyRy%2B5bxehjUnyPyFbfIvsfHvzG5gp3W0gkCMY55hUnJwfbWeQ%2F%2FfYDpoufMZsvEep%2FDJueLd3m%2BaTECw%2FScfHQHQ8KWs5bg2WvVsIO4iuAmh0JAxiP5AnTi69AB6a9bHf0apXDw9bNGJB1iLYrJlCFz7sM1mpe7K47RcRup6tYbMieCYrpx9Y59MD0A%3D%3D (Caused by NewConnectionError('<urllib3.connection.HTTPSConnection object at 0x0000022CCD1BAEC0>: Failed to establish a new connection: [Errno 11002] getaddrinfo failed'))
2022-04-20 19:12:22,304 ERROR   Thread-19 :21032 [internal_api.py:upload_file():1633] upload_file request headers: {'User-Agent': 'python-requests/2.27.1', 'Accept-Encoding': 'gzip, deflate', 'Accept': '*/*', 'Connection': 'keep-alive', 'Content-Length': '133'}
2022-04-20 19:12:22,304 ERROR   Thread-19 :21032 [internal_api.py:upload_file():1635] upload_file response body: 
2022-04-20 19:12:22,345 DEBUG   HandlerThread:21032 [handler.py:handle_request():141] handle_request: poll_exit
2022-04-20 19:12:22,345 DEBUG   SenderThread:21032 [sender.py:send_request():249] send_request: poll_exit
2022-04-20 19:12:22,451 DEBUG   HandlerThread:21032 [handler.py:handle_request():141] handle_request: poll_exit
2022-04-20 19:12:22,451 DEBUG   SenderThread:21032 [sender.py:send_request():249] send_request: poll_exit
2022-04-20 19:12:22,556 DEBUG   HandlerThread:21032 [handler.py:handle_request():141] handle_request: poll_exit
2022-04-20 19:12:22,557 DEBUG   SenderThread:21032 [sender.py:send_request():249] send_request: poll_exit
2022-04-20 19:12:22,662 DEBUG   HandlerThread:21032 [handler.py:handle_request():141] handle_request: poll_exit
2022-04-20 19:12:22,663 DEBUG   SenderThread:21032 [sender.py:send_request():249] send_request: poll_exit
2022-04-20 19:12:22,768 DEBUG   HandlerThread:21032 [handler.py:handle_request():141] handle_request: poll_exit
2022-04-20 19:12:22,768 DEBUG   SenderThread:21032 [sender.py:send_request():249] send_request: poll_exit
2022-04-20 19:12:22,873 DEBUG   HandlerThread:21032 [handler.py:handle_request():141] handle_request: poll_exit
2022-04-20 19:12:22,873 DEBUG   SenderThread:21032 [sender.py:send_request():249] send_request: poll_exit
2022-04-20 19:12:22,979 DEBUG   HandlerThread:21032 [handler.py:handle_request():141] handle_request: poll_exit
2022-04-20 19:12:22,979 DEBUG   SenderThread:21032 [sender.py:send_request():249] send_request: poll_exit
2022-04-20 19:12:23,084 DEBUG   HandlerThread:21032 [handler.py:handle_request():141] handle_request: poll_exit
2022-04-20 19:12:23,084 DEBUG   SenderThread:21032 [sender.py:send_request():249] send_request: poll_exit
2022-04-20 19:12:23,189 DEBUG   HandlerThread:21032 [handler.py:handle_request():141] handle_request: poll_exit
2022-04-20 19:12:23,190 DEBUG   SenderThread:21032 [sender.py:send_request():249] send_request: poll_exit
2022-04-20 19:12:23,295 DEBUG   HandlerThread:21032 [handler.py:handle_request():141] handle_request: poll_exit
2022-04-20 19:12:23,295 DEBUG   SenderThread:21032 [sender.py:send_request():249] send_request: poll_exit
2022-04-20 19:12:23,401 DEBUG   HandlerThread:21032 [handler.py:handle_request():141] handle_request: poll_exit
2022-04-20 19:12:23,401 DEBUG   SenderThread:21032 [sender.py:send_request():249] send_request: poll_exit
2022-04-20 19:12:23,506 DEBUG   HandlerThread:21032 [handler.py:handle_request():141] handle_request: poll_exit
2022-04-20 19:12:23,506 DEBUG   SenderThread:21032 [sender.py:send_request():249] send_request: poll_exit
2022-04-20 19:12:23,613 DEBUG   HandlerThread:21032 [handler.py:handle_request():141] handle_request: poll_exit
2022-04-20 19:12:23,613 DEBUG   SenderThread:21032 [sender.py:send_request():249] send_request: poll_exit
2022-04-20 19:12:23,718 DEBUG   HandlerThread:21032 [handler.py:handle_request():141] handle_request: poll_exit
2022-04-20 19:12:23,718 DEBUG   SenderThread:21032 [sender.py:send_request():249] send_request: poll_exit
2022-04-20 19:12:23,821 DEBUG   HandlerThread:21032 [handler.py:handle_request():141] handle_request: poll_exit
2022-04-20 19:12:23,821 DEBUG   SenderThread:21032 [sender.py:send_request():249] send_request: poll_exit
2022-04-20 19:12:23,927 DEBUG   HandlerThread:21032 [handler.py:handle_request():141] handle_request: poll_exit
2022-04-20 19:12:23,927 DEBUG   SenderThread:21032 [sender.py:send_request():249] send_request: poll_exit
2022-04-20 19:12:24,033 DEBUG   HandlerThread:21032 [handler.py:handle_request():141] handle_request: poll_exit
2022-04-20 19:12:24,034 DEBUG   SenderThread:21032 [sender.py:send_request():249] send_request: poll_exit
2022-04-20 19:12:24,139 DEBUG   HandlerThread:21032 [handler.py:handle_request():141] handle_request: poll_exit
2022-04-20 19:12:24,140 DEBUG   SenderThread:21032 [sender.py:send_request():249] send_request: poll_exit
2022-04-20 19:12:24,245 DEBUG   HandlerThread:21032 [handler.py:handle_request():141] handle_request: poll_exit
2022-04-20 19:12:24,246 DEBUG   SenderThread:21032 [sender.py:send_request():249] send_request: poll_exit
2022-04-20 19:12:24,324 ERROR   Thread-18 :21032 [internal_api.py:upload_file():1631] upload_file exception https://storage.googleapis.com/wandb-production.appspot.com/sml-eth/noisy-fair/edr5gfby/config.yaml?Expires=1650561128&GoogleAccessId=wandb-production%40appspot.gserviceaccount.com&Signature=KBdOxXM%2F4mUxhdZluzBr6Z4Ebn3Zp39%2F5hMrnoKOhaqG7S%2FJ9EeyNc9scMBnGcge65dXTu7VLlNNBqGsdKuf%2F3hDGKlUzjzETH2o2cY1jkH9Jp2WZ1Zo3BCJaTcRfPwEbp29qWnyNfgkwrW6jwLCCWG7JpiXdYQn1YIpo4AveZ%2F0ZpRU6uIVCfOangC4dmlRy5yReLiFquJYFXNvIWCCaYx%2B6H3Mibqge6FrUaPLWXzx2xhunE6PY3WwAb7ZX1qrWp59ILAudrz8rwBMDhsUmrMOy30vfKJdy8XTufYpEWB4xnQyBR2Md9Z5EwLsMFlSoBFSDRunq4pdoC3vRtL02Q%3D%3D: HTTPSConnectionPool(host='storage.googleapis.com', port=443): Max retries exceeded with url: /wandb-production.appspot.com/sml-eth/noisy-fair/edr5gfby/config.yaml?Expires=1650561128&GoogleAccessId=wandb-production%40appspot.gserviceaccount.com&Signature=KBdOxXM%2F4mUxhdZluzBr6Z4Ebn3Zp39%2F5hMrnoKOhaqG7S%2FJ9EeyNc9scMBnGcge65dXTu7VLlNNBqGsdKuf%2F3hDGKlUzjzETH2o2cY1jkH9Jp2WZ1Zo3BCJaTcRfPwEbp29qWnyNfgkwrW6jwLCCWG7JpiXdYQn1YIpo4AveZ%2F0ZpRU6uIVCfOangC4dmlRy5yReLiFquJYFXNvIWCCaYx%2B6H3Mibqge6FrUaPLWXzx2xhunE6PY3WwAb7ZX1qrWp59ILAudrz8rwBMDhsUmrMOy30vfKJdy8XTufYpEWB4xnQyBR2Md9Z5EwLsMFlSoBFSDRunq4pdoC3vRtL02Q%3D%3D (Caused by NewConnectionError('<urllib3.connection.HTTPSConnection object at 0x0000022CCD1BBB20>: Failed to establish a new connection: [Errno 11002] getaddrinfo failed'))
2022-04-20 19:12:24,324 ERROR   Thread-18 :21032 [internal_api.py:upload_file():1633] upload_file request headers: {'User-Agent': 'python-requests/2.27.1', 'Accept-Encoding': 'gzip, deflate', 'Accept': '*/*', 'Connection': 'keep-alive', 'Content-Length': '962'}
2022-04-20 19:12:24,324 ERROR   Thread-18 :21032 [internal_api.py:upload_file():1635] upload_file response body: 
2022-04-20 19:12:24,350 DEBUG   HandlerThread:21032 [handler.py:handle_request():141] handle_request: poll_exit
2022-04-20 19:12:24,351 DEBUG   SenderThread:21032 [sender.py:send_request():249] send_request: poll_exit
2022-04-20 19:12:24,457 DEBUG   HandlerThread:21032 [handler.py:handle_request():141] handle_request: poll_exit
2022-04-20 19:12:24,457 DEBUG   SenderThread:21032 [sender.py:send_request():249] send_request: poll_exit
2022-04-20 19:12:24,462 ERROR   Thread-21 :21032 [internal_api.py:upload_file():1631] upload_file exception https://storage.googleapis.com/wandb-production.appspot.com/sml-eth/noisy-fair/edr5gfby/wandb-summary.json?Expires=1650561128&GoogleAccessId=wandb-production%40appspot.gserviceaccount.com&Signature=R2NS2bDMZevBFhJDPdonmDhPOAgctKa%2BAd4sZ%2BaBZsk1FGcAlH4EWRdLIqmIwHs%2B9QyAsipTf801AM8PusnY16g3cJjfFB7p1RXORwe4026UZaIV7%2FK7qxom9wnLtlv2blRdv8xgnu3vjZr6Vx7517Em2tE5k%2FEJV1hkgWgWlzNAPInuNoyIUdoovm%2Fqph6qSGrw6%2FwNvPB3pSxMA9IkPvC0GWqGCiLgh9bww3cvBmsfpKF%2FJ0OSXoKWCzuv%2FFg2T4hMEZ%2BAngf9tZINZR8lGIFDI4jyO5nHPW90sQ9J03mvBG0ywF%2Bhh3j2u3BfrQJACxATQjt9k9HniPTDTItohA%3D%3D: HTTPSConnectionPool(host='storage.googleapis.com', port=443): Max retries exceeded with url: /wandb-production.appspot.com/sml-eth/noisy-fair/edr5gfby/wandb-summary.json?Expires=1650561128&GoogleAccessId=wandb-production%40appspot.gserviceaccount.com&Signature=R2NS2bDMZevBFhJDPdonmDhPOAgctKa%2BAd4sZ%2BaBZsk1FGcAlH4EWRdLIqmIwHs%2B9QyAsipTf801AM8PusnY16g3cJjfFB7p1RXORwe4026UZaIV7%2FK7qxom9wnLtlv2blRdv8xgnu3vjZr6Vx7517Em2tE5k%2FEJV1hkgWgWlzNAPInuNoyIUdoovm%2Fqph6qSGrw6%2FwNvPB3pSxMA9IkPvC0GWqGCiLgh9bww3cvBmsfpKF%2FJ0OSXoKWCzuv%2FFg2T4hMEZ%2BAngf9tZINZR8lGIFDI4jyO5nHPW90sQ9J03mvBG0ywF%2Bhh3j2u3BfrQJACxATQjt9k9HniPTDTItohA%3D%3D (Caused by NewConnectionError('<urllib3.connection.HTTPSConnection object at 0x0000022CCD1BB880>: Failed to establish a new connection: [Errno 11002] getaddrinfo failed'))
2022-04-20 19:12:24,462 ERROR   Thread-21 :21032 [internal_api.py:upload_file():1633] upload_file request headers: {'User-Agent': 'python-requests/2.27.1', 'Accept-Encoding': 'gzip, deflate', 'Accept': '*/*', 'Connection': 'keep-alive', 'Content-Length': '212'}
2022-04-20 19:12:24,462 ERROR   Thread-21 :21032 [internal_api.py:upload_file():1635] upload_file response body: 
2022-04-20 19:12:24,562 DEBUG   HandlerThread:21032 [handler.py:handle_request():141] handle_request: poll_exit
2022-04-20 19:12:24,562 DEBUG   SenderThread:21032 [sender.py:send_request():249] send_request: poll_exit
2022-04-20 19:12:24,657 ERROR   Thread-20 :21032 [internal_api.py:upload_file():1631] upload_file exception https://storage.googleapis.com/wandb-production.appspot.com/sml-eth/noisy-fair/edr5gfby/requirements.txt?Expires=1650561128&GoogleAccessId=wandb-production%40appspot.gserviceaccount.com&Signature=j7OiAN3OJOBx6at9Feny35HQt6yaVe2RH9%2FL9Io5NlGIyE8VUSqt%2FZIs9TbZf%2BuMJCcIswwsPjmMWQevv2q1OYeM74wF10pLXKcObNuGB2wlDfKXsEmgtUapsPmYYgk%2FSoWf%2FSHKDSXVLcFwvenDPKZoOJg1BcjSsKXldTugaEwz3FpttXxxU6k%2B841vzQeOta%2BbRLuWzhvXXKFxWysM24cxRrWHNhdrbRLAkmiuGXoUEKird7A26x9ZNLIwKwGpTKvsUNr3PQwRE2fEPQ%2BibUZNJK14f1v5B13%2FoJCEO4FvGlmsly490ZI5QFlVmDZqgQMMMTlSkRqH1mE1PMP8%2Bg%3D%3D: HTTPSConnectionPool(host='storage.googleapis.com', port=443): Max retries exceeded with url: /wandb-production.appspot.com/sml-eth/noisy-fair/edr5gfby/requirements.txt?Expires=1650561128&GoogleAccessId=wandb-production%40appspot.gserviceaccount.com&Signature=j7OiAN3OJOBx6at9Feny35HQt6yaVe2RH9%2FL9Io5NlGIyE8VUSqt%2FZIs9TbZf%2BuMJCcIswwsPjmMWQevv2q1OYeM74wF10pLXKcObNuGB2wlDfKXsEmgtUapsPmYYgk%2FSoWf%2FSHKDSXVLcFwvenDPKZoOJg1BcjSsKXldTugaEwz3FpttXxxU6k%2B841vzQeOta%2BbRLuWzhvXXKFxWysM24cxRrWHNhdrbRLAkmiuGXoUEKird7A26x9ZNLIwKwGpTKvsUNr3PQwRE2fEPQ%2BibUZNJK14f1v5B13%2FoJCEO4FvGlmsly490ZI5QFlVmDZqgQMMMTlSkRqH1mE1PMP8%2Bg%3D%3D (Caused by NewConnectionError('<urllib3.connection.HTTPSConnection object at 0x0000022CCD1BAF50>: Failed to establish a new connection: [Errno 11002] getaddrinfo failed'))
2022-04-20 19:12:24,657 ERROR   Thread-20 :21032 [internal_api.py:upload_file():1633] upload_file request headers: {'User-Agent': 'python-requests/2.27.1', 'Accept-Encoding': 'gzip, deflate', 'Accept': '*/*', 'Connection': 'keep-alive', 'Content-Length': '1704'}
2022-04-20 19:12:24,657 ERROR   Thread-20 :21032 [internal_api.py:upload_file():1635] upload_file response body: 
2022-04-20 19:12:24,668 DEBUG   HandlerThread:21032 [handler.py:handle_request():141] handle_request: poll_exit
2022-04-20 19:12:24,669 DEBUG   SenderThread:21032 [sender.py:send_request():249] send_request: poll_exit
2022-04-20 19:12:24,686 ERROR   Thread-19 :21032 [internal_api.py:upload_file():1631] upload_file exception https://storage.googleapis.com/wandb-production.appspot.com/sml-eth/noisy-fair/edr5gfby/output.log?Expires=1650561128&GoogleAccessId=wandb-production%40appspot.gserviceaccount.com&Signature=HvPxdsxRjO9xSm7j%2Fbl1pdWavIHSoEs4r5iNeze80PXvopOe6m2M8ZQOopRoCuezGIe8L6T2WcqmoqRWx2FNk%2FqNb1Mfv74UD%2BgKbSZTcDKpJfj81eUGPGGOlDUiw0qztzgP0LIQ3onmAGBqKcRXx0fl2nOyRy%2B5bxehjUnyPyFbfIvsfHvzG5gp3W0gkCMY55hUnJwfbWeQ%2F%2FfYDpoufMZsvEep%2FDJueLd3m%2BaTECw%2FScfHQHQ8KWs5bg2WvVsIO4iuAmh0JAxiP5AnTi69AB6a9bHf0apXDw9bNGJB1iLYrJlCFz7sM1mpe7K47RcRup6tYbMieCYrpx9Y59MD0A%3D%3D: HTTPSConnectionPool(host='storage.googleapis.com', port=443): Max retries exceeded with url: /wandb-production.appspot.com/sml-eth/noisy-fair/edr5gfby/output.log?Expires=1650561128&GoogleAccessId=wandb-production%40appspot.gserviceaccount.com&Signature=HvPxdsxRjO9xSm7j%2Fbl1pdWavIHSoEs4r5iNeze80PXvopOe6m2M8ZQOopRoCuezGIe8L6T2WcqmoqRWx2FNk%2FqNb1Mfv74UD%2BgKbSZTcDKpJfj81eUGPGGOlDUiw0qztzgP0LIQ3onmAGBqKcRXx0fl2nOyRy%2B5bxehjUnyPyFbfIvsfHvzG5gp3W0gkCMY55hUnJwfbWeQ%2F%2FfYDpoufMZsvEep%2FDJueLd3m%2BaTECw%2FScfHQHQ8KWs5bg2WvVsIO4iuAmh0JAxiP5AnTi69AB6a9bHf0apXDw9bNGJB1iLYrJlCFz7sM1mpe7K47RcRup6tYbMieCYrpx9Y59MD0A%3D%3D (Caused by NewConnectionError('<urllib3.connection.HTTPSConnection object at 0x0000022CCD1BB0A0>: Failed to establish a new connection: [Errno 11002] getaddrinfo failed'))
2022-04-20 19:12:24,686 ERROR   Thread-19 :21032 [internal_api.py:upload_file():1633] upload_file request headers: {'User-Agent': 'python-requests/2.27.1', 'Accept-Encoding': 'gzip, deflate', 'Accept': '*/*', 'Connection': 'keep-alive', 'Content-Length': '133'}
2022-04-20 19:12:24,686 ERROR   Thread-19 :21032 [internal_api.py:upload_file():1635] upload_file response body: 
2022-04-20 19:12:24,774 DEBUG   HandlerThread:21032 [handler.py:handle_request():141] handle_request: poll_exit
2022-04-20 19:12:24,775 DEBUG   SenderThread:21032 [sender.py:send_request():249] send_request: poll_exit
2022-04-20 19:12:24,879 DEBUG   HandlerThread:21032 [handler.py:handle_request():141] handle_request: poll_exit
2022-04-20 19:12:24,880 DEBUG   SenderThread:21032 [sender.py:send_request():249] send_request: poll_exit
2022-04-20 19:12:24,987 DEBUG   HandlerThread:21032 [handler.py:handle_request():141] handle_request: poll_exit
2022-04-20 19:12:24,987 DEBUG   SenderThread:21032 [sender.py:send_request():249] send_request: poll_exit
2022-04-20 19:12:25,091 DEBUG   HandlerThread:21032 [handler.py:handle_request():141] handle_request: poll_exit
2022-04-20 19:12:25,092 DEBUG   SenderThread:21032 [sender.py:send_request():249] send_request: poll_exit
2022-04-20 19:12:25,197 DEBUG   HandlerThread:21032 [handler.py:handle_request():141] handle_request: poll_exit
2022-04-20 19:12:25,197 DEBUG   SenderThread:21032 [sender.py:send_request():249] send_request: poll_exit
2022-04-20 19:12:25,303 DEBUG   HandlerThread:21032 [handler.py:handle_request():141] handle_request: poll_exit
2022-04-20 19:12:25,303 DEBUG   SenderThread:21032 [sender.py:send_request():249] send_request: poll_exit
2022-04-20 19:12:25,409 DEBUG   HandlerThread:21032 [handler.py:handle_request():141] handle_request: poll_exit
2022-04-20 19:12:25,409 DEBUG   SenderThread:21032 [sender.py:send_request():249] send_request: poll_exit
2022-04-20 19:12:25,514 DEBUG   HandlerThread:21032 [handler.py:handle_request():141] handle_request: poll_exit
2022-04-20 19:12:25,515 DEBUG   SenderThread:21032 [sender.py:send_request():249] send_request: poll_exit
2022-04-20 19:12:25,620 DEBUG   HandlerThread:21032 [handler.py:handle_request():141] handle_request: poll_exit
2022-04-20 19:12:25,621 DEBUG   SenderThread:21032 [sender.py:send_request():249] send_request: poll_exit
2022-04-20 19:12:25,726 DEBUG   HandlerThread:21032 [handler.py:handle_request():141] handle_request: poll_exit
2022-04-20 19:12:25,726 DEBUG   SenderThread:21032 [sender.py:send_request():249] send_request: poll_exit
2022-04-20 19:12:25,831 DEBUG   HandlerThread:21032 [handler.py:handle_request():141] handle_request: poll_exit
2022-04-20 19:12:25,832 DEBUG   SenderThread:21032 [sender.py:send_request():249] send_request: poll_exit
2022-04-20 19:12:25,938 DEBUG   HandlerThread:21032 [handler.py:handle_request():141] handle_request: poll_exit
2022-04-20 19:12:25,938 DEBUG   SenderThread:21032 [sender.py:send_request():249] send_request: poll_exit
2022-04-20 19:12:26,044 DEBUG   HandlerThread:21032 [handler.py:handle_request():141] handle_request: poll_exit
2022-04-20 19:12:26,045 DEBUG   SenderThread:21032 [sender.py:send_request():249] send_request: poll_exit
2022-04-20 19:12:26,150 DEBUG   HandlerThread:21032 [handler.py:handle_request():141] handle_request: poll_exit
2022-04-20 19:12:26,151 DEBUG   SenderThread:21032 [sender.py:send_request():249] send_request: poll_exit
2022-04-20 19:12:26,256 DEBUG   HandlerThread:21032 [handler.py:handle_request():141] handle_request: poll_exit
2022-04-20 19:12:26,256 DEBUG   SenderThread:21032 [sender.py:send_request():249] send_request: poll_exit
2022-04-20 19:12:26,361 DEBUG   HandlerThread:21032 [handler.py:handle_request():141] handle_request: poll_exit
2022-04-20 19:12:26,362 DEBUG   SenderThread:21032 [sender.py:send_request():249] send_request: poll_exit
2022-04-20 19:12:26,466 DEBUG   HandlerThread:21032 [handler.py:handle_request():141] handle_request: poll_exit
2022-04-20 19:12:26,467 DEBUG   SenderThread:21032 [sender.py:send_request():249] send_request: poll_exit
2022-04-20 19:12:26,571 DEBUG   HandlerThread:21032 [handler.py:handle_request():141] handle_request: poll_exit
2022-04-20 19:12:26,572 DEBUG   SenderThread:21032 [sender.py:send_request():249] send_request: poll_exit
2022-04-20 19:12:26,677 DEBUG   HandlerThread:21032 [handler.py:handle_request():141] handle_request: poll_exit
2022-04-20 19:12:26,678 DEBUG   SenderThread:21032 [sender.py:send_request():249] send_request: poll_exit
2022-04-20 19:12:26,783 DEBUG   HandlerThread:21032 [handler.py:handle_request():141] handle_request: poll_exit
2022-04-20 19:12:26,783 DEBUG   SenderThread:21032 [sender.py:send_request():249] send_request: poll_exit
2022-04-20 19:12:26,888 DEBUG   HandlerThread:21032 [handler.py:handle_request():141] handle_request: poll_exit
2022-04-20 19:12:26,888 DEBUG   SenderThread:21032 [sender.py:send_request():249] send_request: poll_exit
2022-04-20 19:12:26,992 DEBUG   HandlerThread:21032 [handler.py:handle_request():141] handle_request: poll_exit
2022-04-20 19:12:26,993 DEBUG   SenderThread:21032 [sender.py:send_request():249] send_request: poll_exit
2022-04-20 19:12:27,098 DEBUG   HandlerThread:21032 [handler.py:handle_request():141] handle_request: poll_exit
2022-04-20 19:12:27,099 DEBUG   SenderThread:21032 [sender.py:send_request():249] send_request: poll_exit
2022-04-20 19:12:27,205 DEBUG   HandlerThread:21032 [handler.py:handle_request():141] handle_request: poll_exit
2022-04-20 19:12:27,206 DEBUG   SenderThread:21032 [sender.py:send_request():249] send_request: poll_exit
2022-04-20 19:12:27,310 DEBUG   HandlerThread:21032 [handler.py:handle_request():141] handle_request: poll_exit
2022-04-20 19:12:27,311 DEBUG   SenderThread:21032 [sender.py:send_request():249] send_request: poll_exit
2022-04-20 19:12:27,416 DEBUG   HandlerThread:21032 [handler.py:handle_request():141] handle_request: poll_exit
2022-04-20 19:12:27,417 DEBUG   SenderThread:21032 [sender.py:send_request():249] send_request: poll_exit
2022-04-20 19:12:27,522 DEBUG   HandlerThread:21032 [handler.py:handle_request():141] handle_request: poll_exit
2022-04-20 19:12:27,522 DEBUG   SenderThread:21032 [sender.py:send_request():249] send_request: poll_exit
2022-04-20 19:12:27,627 DEBUG   HandlerThread:21032 [handler.py:handle_request():141] handle_request: poll_exit
2022-04-20 19:12:27,627 DEBUG   SenderThread:21032 [sender.py:send_request():249] send_request: poll_exit
2022-04-20 19:12:27,732 DEBUG   HandlerThread:21032 [handler.py:handle_request():141] handle_request: poll_exit
2022-04-20 19:12:27,733 DEBUG   SenderThread:21032 [sender.py:send_request():249] send_request: poll_exit
2022-04-20 19:12:27,837 DEBUG   HandlerThread:21032 [handler.py:handle_request():141] handle_request: poll_exit
2022-04-20 19:12:27,838 DEBUG   SenderThread:21032 [sender.py:send_request():249] send_request: poll_exit
2022-04-20 19:12:27,943 DEBUG   HandlerThread:21032 [handler.py:handle_request():141] handle_request: poll_exit
2022-04-20 19:12:27,944 DEBUG   SenderThread:21032 [sender.py:send_request():249] send_request: poll_exit
2022-04-20 19:12:28,048 DEBUG   HandlerThread:21032 [handler.py:handle_request():141] handle_request: poll_exit
2022-04-20 19:12:28,049 DEBUG   SenderThread:21032 [sender.py:send_request():249] send_request: poll_exit
2022-04-20 19:12:28,154 DEBUG   HandlerThread:21032 [handler.py:handle_request():141] handle_request: poll_exit
2022-04-20 19:12:28,154 DEBUG   SenderThread:21032 [sender.py:send_request():249] send_request: poll_exit
2022-04-20 19:12:28,259 DEBUG   HandlerThread:21032 [handler.py:handle_request():141] handle_request: poll_exit
2022-04-20 19:12:28,259 DEBUG   SenderThread:21032 [sender.py:send_request():249] send_request: poll_exit
2022-04-20 19:12:28,365 DEBUG   HandlerThread:21032 [handler.py:handle_request():141] handle_request: poll_exit
2022-04-20 19:12:28,365 DEBUG   SenderThread:21032 [sender.py:send_request():249] send_request: poll_exit
2022-04-20 19:12:28,471 DEBUG   HandlerThread:21032 [handler.py:handle_request():141] handle_request: poll_exit
2022-04-20 19:12:28,471 DEBUG   SenderThread:21032 [sender.py:send_request():249] send_request: poll_exit
2022-04-20 19:12:28,575 DEBUG   HandlerThread:21032 [handler.py:handle_request():141] handle_request: poll_exit
2022-04-20 19:12:28,575 DEBUG   SenderThread:21032 [sender.py:send_request():249] send_request: poll_exit
2022-04-20 19:12:28,681 DEBUG   HandlerThread:21032 [handler.py:handle_request():141] handle_request: poll_exit
2022-04-20 19:12:28,682 DEBUG   SenderThread:21032 [sender.py:send_request():249] send_request: poll_exit
2022-04-20 19:12:28,786 DEBUG   HandlerThread:21032 [handler.py:handle_request():141] handle_request: poll_exit
2022-04-20 19:12:28,787 DEBUG   SenderThread:21032 [sender.py:send_request():249] send_request: poll_exit
2022-04-20 19:12:28,891 DEBUG   HandlerThread:21032 [handler.py:handle_request():141] handle_request: poll_exit
2022-04-20 19:12:28,892 DEBUG   SenderThread:21032 [sender.py:send_request():249] send_request: poll_exit
2022-04-20 19:12:28,997 DEBUG   HandlerThread:21032 [handler.py:handle_request():141] handle_request: poll_exit
2022-04-20 19:12:28,998 DEBUG   SenderThread:21032 [sender.py:send_request():249] send_request: poll_exit
2022-04-20 19:12:29,104 DEBUG   HandlerThread:21032 [handler.py:handle_request():141] handle_request: poll_exit
2022-04-20 19:12:29,104 DEBUG   SenderThread:21032 [sender.py:send_request():249] send_request: poll_exit
2022-04-20 19:12:29,223 DEBUG   HandlerThread:21032 [handler.py:handle_request():141] handle_request: poll_exit
2022-04-20 19:12:29,224 DEBUG   SenderThread:21032 [sender.py:send_request():249] send_request: poll_exit
2022-04-20 19:12:29,329 DEBUG   HandlerThread:21032 [handler.py:handle_request():141] handle_request: poll_exit
2022-04-20 19:12:29,329 DEBUG   SenderThread:21032 [sender.py:send_request():249] send_request: poll_exit
2022-04-20 19:12:29,435 DEBUG   HandlerThread:21032 [handler.py:handle_request():141] handle_request: poll_exit
2022-04-20 19:12:29,435 DEBUG   SenderThread:21032 [sender.py:send_request():249] send_request: poll_exit
2022-04-20 19:12:29,541 DEBUG   HandlerThread:21032 [handler.py:handle_request():141] handle_request: poll_exit
2022-04-20 19:12:29,542 DEBUG   SenderThread:21032 [sender.py:send_request():249] send_request: poll_exit
2022-04-20 19:12:29,647 DEBUG   HandlerThread:21032 [handler.py:handle_request():141] handle_request: poll_exit
2022-04-20 19:12:29,647 DEBUG   SenderThread:21032 [sender.py:send_request():249] send_request: poll_exit
2022-04-20 19:12:29,752 DEBUG   HandlerThread:21032 [handler.py:handle_request():141] handle_request: poll_exit
2022-04-20 19:12:29,752 DEBUG   SenderThread:21032 [sender.py:send_request():249] send_request: poll_exit
2022-04-20 19:12:29,857 DEBUG   HandlerThread:21032 [handler.py:handle_request():141] handle_request: poll_exit
2022-04-20 19:12:29,858 DEBUG   SenderThread:21032 [sender.py:send_request():249] send_request: poll_exit
2022-04-20 19:12:29,963 DEBUG   HandlerThread:21032 [handler.py:handle_request():141] handle_request: poll_exit
2022-04-20 19:12:29,964 DEBUG   SenderThread:21032 [sender.py:send_request():249] send_request: poll_exit
2022-04-20 19:12:30,069 DEBUG   HandlerThread:21032 [handler.py:handle_request():141] handle_request: poll_exit
2022-04-20 19:12:30,069 DEBUG   SenderThread:21032 [sender.py:send_request():249] send_request: poll_exit
2022-04-20 19:12:30,175 DEBUG   HandlerThread:21032 [handler.py:handle_request():141] handle_request: poll_exit
2022-04-20 19:12:30,175 DEBUG   SenderThread:21032 [sender.py:send_request():249] send_request: poll_exit
2022-04-20 19:12:30,281 DEBUG   HandlerThread:21032 [handler.py:handle_request():141] handle_request: poll_exit
2022-04-20 19:12:30,281 DEBUG   SenderThread:21032 [sender.py:send_request():249] send_request: poll_exit
2022-04-20 19:12:30,388 DEBUG   HandlerThread:21032 [handler.py:handle_request():141] handle_request: poll_exit
2022-04-20 19:12:30,389 DEBUG   SenderThread:21032 [sender.py:send_request():249] send_request: poll_exit
2022-04-20 19:12:30,496 DEBUG   HandlerThread:21032 [handler.py:handle_request():141] handle_request: poll_exit
2022-04-20 19:12:30,496 DEBUG   SenderThread:21032 [sender.py:send_request():249] send_request: poll_exit
2022-04-20 19:12:30,605 DEBUG   HandlerThread:21032 [handler.py:handle_request():141] handle_request: poll_exit
2022-04-20 19:12:30,605 DEBUG   SenderThread:21032 [sender.py:send_request():249] send_request: poll_exit
2022-04-20 19:12:30,714 DEBUG   HandlerThread:21032 [handler.py:handle_request():141] handle_request: poll_exit
2022-04-20 19:12:30,715 DEBUG   SenderThread:21032 [sender.py:send_request():249] send_request: poll_exit
2022-04-20 19:12:30,822 DEBUG   HandlerThread:21032 [handler.py:handle_request():141] handle_request: poll_exit
2022-04-20 19:12:30,823 DEBUG   SenderThread:21032 [sender.py:send_request():249] send_request: poll_exit
2022-04-20 19:12:30,930 DEBUG   HandlerThread:21032 [handler.py:handle_request():141] handle_request: poll_exit
2022-04-20 19:12:30,931 DEBUG   SenderThread:21032 [sender.py:send_request():249] send_request: poll_exit
2022-04-20 19:12:31,038 DEBUG   HandlerThread:21032 [handler.py:handle_request():141] handle_request: poll_exit
2022-04-20 19:12:31,039 DEBUG   SenderThread:21032 [sender.py:send_request():249] send_request: poll_exit
2022-04-20 19:12:31,148 DEBUG   HandlerThread:21032 [handler.py:handle_request():141] handle_request: poll_exit
2022-04-20 19:12:31,148 DEBUG   SenderThread:21032 [sender.py:send_request():249] send_request: poll_exit
2022-04-20 19:12:31,256 DEBUG   HandlerThread:21032 [handler.py:handle_request():141] handle_request: poll_exit
2022-04-20 19:12:31,257 DEBUG   SenderThread:21032 [sender.py:send_request():249] send_request: poll_exit
2022-04-20 19:12:31,363 DEBUG   HandlerThread:21032 [handler.py:handle_request():141] handle_request: poll_exit
2022-04-20 19:12:31,364 DEBUG   SenderThread:21032 [sender.py:send_request():249] send_request: poll_exit
2022-04-20 19:12:31,469 DEBUG   HandlerThread:21032 [handler.py:handle_request():141] handle_request: poll_exit
2022-04-20 19:12:31,470 DEBUG   SenderThread:21032 [sender.py:send_request():249] send_request: poll_exit
2022-04-20 19:12:31,577 DEBUG   HandlerThread:21032 [handler.py:handle_request():141] handle_request: poll_exit
2022-04-20 19:12:31,577 DEBUG   SenderThread:21032 [sender.py:send_request():249] send_request: poll_exit
2022-04-20 19:12:31,685 DEBUG   HandlerThread:21032 [handler.py:handle_request():141] handle_request: poll_exit
2022-04-20 19:12:31,686 DEBUG   SenderThread:21032 [sender.py:send_request():249] send_request: poll_exit
2022-04-20 19:12:31,795 DEBUG   HandlerThread:21032 [handler.py:handle_request():141] handle_request: poll_exit
2022-04-20 19:12:31,795 DEBUG   SenderThread:21032 [sender.py:send_request():249] send_request: poll_exit
2022-04-20 19:12:31,902 DEBUG   HandlerThread:21032 [handler.py:handle_request():141] handle_request: poll_exit
2022-04-20 19:12:31,903 DEBUG   SenderThread:21032 [sender.py:send_request():249] send_request: poll_exit
2022-04-20 19:12:32,010 DEBUG   HandlerThread:21032 [handler.py:handle_request():141] handle_request: poll_exit
2022-04-20 19:12:32,010 DEBUG   SenderThread:21032 [sender.py:send_request():249] send_request: poll_exit
2022-04-20 19:12:32,118 DEBUG   HandlerThread:21032 [handler.py:handle_request():141] handle_request: poll_exit
2022-04-20 19:12:32,118 DEBUG   SenderThread:21032 [sender.py:send_request():249] send_request: poll_exit
2022-04-20 19:12:32,225 DEBUG   HandlerThread:21032 [handler.py:handle_request():141] handle_request: poll_exit
2022-04-20 19:12:32,226 DEBUG   SenderThread:21032 [sender.py:send_request():249] send_request: poll_exit
2022-04-20 19:12:32,333 DEBUG   HandlerThread:21032 [handler.py:handle_request():141] handle_request: poll_exit
2022-04-20 19:12:32,333 DEBUG   SenderThread:21032 [sender.py:send_request():249] send_request: poll_exit
2022-04-20 19:12:32,439 DEBUG   HandlerThread:21032 [handler.py:handle_request():141] handle_request: poll_exit
2022-04-20 19:12:32,440 DEBUG   SenderThread:21032 [sender.py:send_request():249] send_request: poll_exit
2022-04-20 19:12:32,549 DEBUG   HandlerThread:21032 [handler.py:handle_request():141] handle_request: poll_exit
2022-04-20 19:12:32,550 DEBUG   SenderThread:21032 [sender.py:send_request():249] send_request: poll_exit
2022-04-20 19:12:32,658 DEBUG   HandlerThread:21032 [handler.py:handle_request():141] handle_request: poll_exit
2022-04-20 19:12:32,659 DEBUG   SenderThread:21032 [sender.py:send_request():249] send_request: poll_exit
2022-04-20 19:12:32,764 DEBUG   HandlerThread:21032 [handler.py:handle_request():141] handle_request: poll_exit
2022-04-20 19:12:32,765 DEBUG   SenderThread:21032 [sender.py:send_request():249] send_request: poll_exit
2022-04-20 19:12:32,869 DEBUG   HandlerThread:21032 [handler.py:handle_request():141] handle_request: poll_exit
2022-04-20 19:12:32,869 DEBUG   SenderThread:21032 [sender.py:send_request():249] send_request: poll_exit
2022-04-20 19:12:32,973 DEBUG   HandlerThread:21032 [handler.py:handle_request():141] handle_request: poll_exit
2022-04-20 19:12:32,974 DEBUG   SenderThread:21032 [sender.py:send_request():249] send_request: poll_exit
2022-04-20 19:12:33,079 DEBUG   HandlerThread:21032 [handler.py:handle_request():141] handle_request: poll_exit
2022-04-20 19:12:33,079 DEBUG   SenderThread:21032 [sender.py:send_request():249] send_request: poll_exit
2022-04-20 19:12:33,185 DEBUG   HandlerThread:21032 [handler.py:handle_request():141] handle_request: poll_exit
2022-04-20 19:12:33,185 DEBUG   SenderThread:21032 [sender.py:send_request():249] send_request: poll_exit
2022-04-20 19:12:33,291 DEBUG   HandlerThread:21032 [handler.py:handle_request():141] handle_request: poll_exit
2022-04-20 19:12:33,292 DEBUG   SenderThread:21032 [sender.py:send_request():249] send_request: poll_exit
2022-04-20 19:12:33,400 DEBUG   HandlerThread:21032 [handler.py:handle_request():141] handle_request: poll_exit
2022-04-20 19:12:33,400 DEBUG   SenderThread:21032 [sender.py:send_request():249] send_request: poll_exit
2022-04-20 19:12:33,509 DEBUG   HandlerThread:21032 [handler.py:handle_request():141] handle_request: poll_exit
2022-04-20 19:12:33,509 DEBUG   SenderThread:21032 [sender.py:send_request():249] send_request: poll_exit
2022-04-20 19:12:33,616 DEBUG   HandlerThread:21032 [handler.py:handle_request():141] handle_request: poll_exit
2022-04-20 19:12:33,617 DEBUG   SenderThread:21032 [sender.py:send_request():249] send_request: poll_exit
2022-04-20 19:12:33,725 DEBUG   HandlerThread:21032 [handler.py:handle_request():141] handle_request: poll_exit
2022-04-20 19:12:33,725 DEBUG   SenderThread:21032 [sender.py:send_request():249] send_request: poll_exit
2022-04-20 19:12:33,832 DEBUG   HandlerThread:21032 [handler.py:handle_request():141] handle_request: poll_exit
2022-04-20 19:12:33,832 DEBUG   SenderThread:21032 [sender.py:send_request():249] send_request: poll_exit
2022-04-20 19:12:33,940 DEBUG   HandlerThread:21032 [handler.py:handle_request():141] handle_request: poll_exit
2022-04-20 19:12:33,941 DEBUG   SenderThread:21032 [sender.py:send_request():249] send_request: poll_exit
2022-04-20 19:12:34,047 DEBUG   HandlerThread:21032 [handler.py:handle_request():141] handle_request: poll_exit
2022-04-20 19:12:34,047 DEBUG   SenderThread:21032 [sender.py:send_request():249] send_request: poll_exit
2022-04-20 19:12:34,154 DEBUG   HandlerThread:21032 [handler.py:handle_request():141] handle_request: poll_exit
2022-04-20 19:12:34,155 DEBUG   SenderThread:21032 [sender.py:send_request():249] send_request: poll_exit
2022-04-20 19:12:34,262 DEBUG   HandlerThread:21032 [handler.py:handle_request():141] handle_request: poll_exit
2022-04-20 19:12:34,263 DEBUG   SenderThread:21032 [sender.py:send_request():249] send_request: poll_exit
2022-04-20 19:12:34,371 DEBUG   HandlerThread:21032 [handler.py:handle_request():141] handle_request: poll_exit
2022-04-20 19:12:34,371 DEBUG   SenderThread:21032 [sender.py:send_request():249] send_request: poll_exit
2022-04-20 19:12:34,478 DEBUG   HandlerThread:21032 [handler.py:handle_request():141] handle_request: poll_exit
2022-04-20 19:12:34,479 DEBUG   SenderThread:21032 [sender.py:send_request():249] send_request: poll_exit
2022-04-20 19:12:34,586 DEBUG   HandlerThread:21032 [handler.py:handle_request():141] handle_request: poll_exit
2022-04-20 19:12:34,586 DEBUG   SenderThread:21032 [sender.py:send_request():249] send_request: poll_exit
2022-04-20 19:12:34,691 DEBUG   HandlerThread:21032 [handler.py:handle_request():141] handle_request: poll_exit
2022-04-20 19:12:34,691 DEBUG   SenderThread:21032 [sender.py:send_request():249] send_request: poll_exit
2022-04-20 19:12:34,799 DEBUG   HandlerThread:21032 [handler.py:handle_request():141] handle_request: poll_exit
2022-04-20 19:12:34,799 DEBUG   SenderThread:21032 [sender.py:send_request():249] send_request: poll_exit
2022-04-20 19:12:34,905 DEBUG   HandlerThread:21032 [handler.py:handle_request():141] handle_request: poll_exit
2022-04-20 19:12:34,905 DEBUG   SenderThread:21032 [sender.py:send_request():249] send_request: poll_exit
2022-04-20 19:12:35,012 DEBUG   HandlerThread:21032 [handler.py:handle_request():141] handle_request: poll_exit
2022-04-20 19:12:35,013 DEBUG   SenderThread:21032 [sender.py:send_request():249] send_request: poll_exit
2022-04-20 19:12:35,120 DEBUG   HandlerThread:21032 [handler.py:handle_request():141] handle_request: poll_exit
2022-04-20 19:12:35,120 DEBUG   SenderThread:21032 [sender.py:send_request():249] send_request: poll_exit
2022-04-20 19:12:35,228 DEBUG   HandlerThread:21032 [handler.py:handle_request():141] handle_request: poll_exit
2022-04-20 19:12:35,228 DEBUG   SenderThread:21032 [sender.py:send_request():249] send_request: poll_exit
2022-04-20 19:12:35,334 DEBUG   HandlerThread:21032 [handler.py:handle_request():141] handle_request: poll_exit
2022-04-20 19:12:35,334 DEBUG   SenderThread:21032 [sender.py:send_request():249] send_request: poll_exit
2022-04-20 19:12:35,441 DEBUG   HandlerThread:21032 [handler.py:handle_request():141] handle_request: poll_exit
2022-04-20 19:12:35,441 DEBUG   SenderThread:21032 [sender.py:send_request():249] send_request: poll_exit
2022-04-20 19:12:35,548 DEBUG   HandlerThread:21032 [handler.py:handle_request():141] handle_request: poll_exit
2022-04-20 19:12:35,548 DEBUG   SenderThread:21032 [sender.py:send_request():249] send_request: poll_exit
2022-04-20 19:12:35,657 DEBUG   HandlerThread:21032 [handler.py:handle_request():141] handle_request: poll_exit
2022-04-20 19:12:35,657 DEBUG   SenderThread:21032 [sender.py:send_request():249] send_request: poll_exit
2022-04-20 19:12:35,765 DEBUG   HandlerThread:21032 [handler.py:handle_request():141] handle_request: poll_exit
2022-04-20 19:12:35,765 DEBUG   SenderThread:21032 [sender.py:send_request():249] send_request: poll_exit
2022-04-20 19:12:35,874 DEBUG   HandlerThread:21032 [handler.py:handle_request():141] handle_request: poll_exit
2022-04-20 19:12:35,874 DEBUG   SenderThread:21032 [sender.py:send_request():249] send_request: poll_exit
2022-04-20 19:12:35,979 DEBUG   HandlerThread:21032 [handler.py:handle_request():141] handle_request: poll_exit
2022-04-20 19:12:35,979 DEBUG   SenderThread:21032 [sender.py:send_request():249] send_request: poll_exit
2022-04-20 19:12:36,088 DEBUG   HandlerThread:21032 [handler.py:handle_request():141] handle_request: poll_exit
2022-04-20 19:12:36,088 DEBUG   SenderThread:21032 [sender.py:send_request():249] send_request: poll_exit
2022-04-20 19:12:36,195 DEBUG   HandlerThread:21032 [handler.py:handle_request():141] handle_request: poll_exit
2022-04-20 19:12:36,195 DEBUG   SenderThread:21032 [sender.py:send_request():249] send_request: poll_exit
2022-04-20 19:12:36,303 DEBUG   HandlerThread:21032 [handler.py:handle_request():141] handle_request: poll_exit
2022-04-20 19:12:36,304 DEBUG   SenderThread:21032 [sender.py:send_request():249] send_request: poll_exit
2022-04-20 19:12:36,409 DEBUG   HandlerThread:21032 [handler.py:handle_request():141] handle_request: poll_exit
2022-04-20 19:12:36,410 DEBUG   SenderThread:21032 [sender.py:send_request():249] send_request: poll_exit
2022-04-20 19:12:36,515 DEBUG   HandlerThread:21032 [handler.py:handle_request():141] handle_request: poll_exit
2022-04-20 19:12:36,515 DEBUG   SenderThread:21032 [sender.py:send_request():249] send_request: poll_exit
2022-04-20 19:12:36,620 DEBUG   HandlerThread:21032 [handler.py:handle_request():141] handle_request: poll_exit
2022-04-20 19:12:36,620 DEBUG   SenderThread:21032 [sender.py:send_request():249] send_request: poll_exit
2022-04-20 19:12:36,726 DEBUG   HandlerThread:21032 [handler.py:handle_request():141] handle_request: poll_exit
2022-04-20 19:12:36,726 DEBUG   SenderThread:21032 [sender.py:send_request():249] send_request: poll_exit
2022-04-20 19:12:36,830 DEBUG   HandlerThread:21032 [handler.py:handle_request():141] handle_request: poll_exit
2022-04-20 19:12:36,831 DEBUG   SenderThread:21032 [sender.py:send_request():249] send_request: poll_exit
2022-04-20 19:12:36,935 DEBUG   HandlerThread:21032 [handler.py:handle_request():141] handle_request: poll_exit
2022-04-20 19:12:36,935 DEBUG   SenderThread:21032 [sender.py:send_request():249] send_request: poll_exit
2022-04-20 19:12:37,039 DEBUG   HandlerThread:21032 [handler.py:handle_request():141] handle_request: poll_exit
2022-04-20 19:12:37,039 DEBUG   SenderThread:21032 [sender.py:send_request():249] send_request: poll_exit
2022-04-20 19:12:37,144 DEBUG   HandlerThread:21032 [handler.py:handle_request():141] handle_request: poll_exit
2022-04-20 19:12:37,145 DEBUG   SenderThread:21032 [sender.py:send_request():249] send_request: poll_exit
2022-04-20 19:12:37,254 DEBUG   HandlerThread:21032 [handler.py:handle_request():141] handle_request: poll_exit
2022-04-20 19:12:37,255 DEBUG   SenderThread:21032 [sender.py:send_request():249] send_request: poll_exit
2022-04-20 19:12:37,362 DEBUG   HandlerThread:21032 [handler.py:handle_request():141] handle_request: poll_exit
2022-04-20 19:12:37,362 DEBUG   SenderThread:21032 [sender.py:send_request():249] send_request: poll_exit
2022-04-20 19:12:37,470 DEBUG   HandlerThread:21032 [handler.py:handle_request():141] handle_request: poll_exit
2022-04-20 19:12:37,472 INFO    Thread-19 :21032 [upload_job.py:push():137] Uploaded file C:\Users\gizem\Documents\GitHub\noisy_fair\wandb\run-20220420_190724-edr5gfby\files\output.log
2022-04-20 19:12:37,472 DEBUG   SenderThread:21032 [sender.py:send_request():249] send_request: poll_exit
2022-04-20 19:12:37,520 INFO    Thread-18 :21032 [upload_job.py:push():137] Uploaded file C:\Users\gizem\Documents\GitHub\noisy_fair\wandb\run-20220420_190724-edr5gfby\files\config.yaml
2022-04-20 19:12:37,521 INFO    Thread-21 :21032 [upload_job.py:push():137] Uploaded file C:\Users\gizem\Documents\GitHub\noisy_fair\wandb\run-20220420_190724-edr5gfby\files\wandb-summary.json
2022-04-20 19:12:37,536 INFO    Thread-20 :21032 [upload_job.py:push():137] Uploaded file C:\Users\gizem\Documents\GitHub\noisy_fair\wandb\run-20220420_190724-edr5gfby\files\requirements.txt
2022-04-20 19:12:37,578 DEBUG   HandlerThread:21032 [handler.py:handle_request():141] handle_request: poll_exit
2022-04-20 19:12:37,579 DEBUG   SenderThread:21032 [sender.py:send_request():249] send_request: poll_exit
2022-04-20 19:12:37,684 DEBUG   HandlerThread:21032 [handler.py:handle_request():141] handle_request: poll_exit
2022-04-20 19:12:37,685 DEBUG   SenderThread:21032 [sender.py:send_request():249] send_request: poll_exit
2022-04-20 19:12:37,746 INFO    Thread-10 (_thread_body):21032 [sender.py:transition_state():392] send defer: 8
2022-04-20 19:12:37,747 DEBUG   HandlerThread:21032 [handler.py:handle_request():141] handle_request: defer
2022-04-20 19:12:37,747 INFO    HandlerThread:21032 [handler.py:handle_request_defer():164] handle defer: 8
2022-04-20 19:12:37,747 DEBUG   SenderThread:21032 [sender.py:send_request():249] send_request: defer
2022-04-20 19:12:37,748 INFO    SenderThread:21032 [sender.py:send_request_defer():388] handle sender defer: 8
2022-04-20 19:12:37,793 DEBUG   HandlerThread:21032 [handler.py:handle_request():141] handle_request: poll_exit
2022-04-20 19:12:37,971 INFO    SenderThread:21032 [sender.py:transition_state():392] send defer: 9
2022-04-20 19:12:37,972 DEBUG   SenderThread:21032 [sender.py:send_request():249] send_request: poll_exit
2022-04-20 19:12:37,972 DEBUG   HandlerThread:21032 [handler.py:handle_request():141] handle_request: defer
2022-04-20 19:12:37,972 INFO    HandlerThread:21032 [handler.py:handle_request_defer():164] handle defer: 9
2022-04-20 19:12:37,972 DEBUG   SenderThread:21032 [sender.py:send_request():249] send_request: defer
2022-04-20 19:12:37,973 INFO    SenderThread:21032 [sender.py:send_request_defer():388] handle sender defer: 9
2022-04-20 19:12:37,973 INFO    SenderThread:21032 [sender.py:transition_state():392] send defer: 10
2022-04-20 19:12:37,974 DEBUG   SenderThread:21032 [sender.py:send():235] send: final
2022-04-20 19:12:37,974 DEBUG   HandlerThread:21032 [handler.py:handle_request():141] handle_request: defer
2022-04-20 19:12:37,974 INFO    HandlerThread:21032 [handler.py:handle_request_defer():164] handle defer: 10
2022-04-20 19:12:37,975 DEBUG   SenderThread:21032 [sender.py:send():235] send: footer
2022-04-20 19:12:37,975 DEBUG   SenderThread:21032 [sender.py:send_request():249] send_request: defer
2022-04-20 19:12:37,975 INFO    SenderThread:21032 [sender.py:send_request_defer():388] handle sender defer: 10
2022-04-20 19:12:38,086 DEBUG   HandlerThread:21032 [handler.py:handle_request():141] handle_request: poll_exit
2022-04-20 19:12:38,087 DEBUG   SenderThread:21032 [sender.py:send_request():249] send_request: poll_exit
2022-04-20 19:12:38,087 INFO    SenderThread:21032 [file_pusher.py:join():150] waiting for file pusher
2022-04-20 19:12:43,205 DEBUG   HandlerThread:21032 [handler.py:handle_request():141] handle_request: poll_exit
2022-04-20 19:12:48,328 DEBUG   HandlerThread:21032 [handler.py:handle_request():141] handle_request: poll_exit
2022-04-20 19:12:53,450 DEBUG   HandlerThread:21032 [handler.py:handle_request():141] handle_request: poll_exit
2022-04-20 19:12:58,560 DEBUG   HandlerThread:21032 [handler.py:handle_request():141] handle_request: poll_exit
2022-04-20 19:13:03,672 DEBUG   HandlerThread:21032 [handler.py:handle_request():141] handle_request: poll_exit
2022-04-20 19:13:03,680 DEBUG   SenderThread:21032 [sender.py:send_request():249] send_request: poll_exit
2022-04-20 19:13:03,680 INFO    SenderThread:21032 [file_pusher.py:join():150] waiting for file pusher
2022-04-20 19:13:03,680 DEBUG   SenderThread:21032 [sender.py:send_request():249] send_request: poll_exit
2022-04-20 19:13:03,680 INFO    SenderThread:21032 [file_pusher.py:join():150] waiting for file pusher
2022-04-20 19:13:03,680 DEBUG   SenderThread:21032 [sender.py:send_request():249] send_request: poll_exit
2022-04-20 19:13:03,680 INFO    SenderThread:21032 [file_pusher.py:join():150] waiting for file pusher
2022-04-20 19:13:03,680 DEBUG   SenderThread:21032 [sender.py:send_request():249] send_request: poll_exit
2022-04-20 19:13:03,681 INFO    SenderThread:21032 [file_pusher.py:join():150] waiting for file pusher
2022-04-20 19:13:03,681 DEBUG   SenderThread:21032 [sender.py:send_request():249] send_request: poll_exit
2022-04-20 19:13:03,681 INFO    SenderThread:21032 [file_pusher.py:join():150] waiting for file pusher
2022-04-20 19:13:03,796 DEBUG   HandlerThread:21032 [handler.py:handle_request():141] handle_request: sampled_history
2022-04-20 19:13:03,799 DEBUG   HandlerThread:21032 [handler.py:handle_request():141] handle_request: get_summary
2022-04-20 19:13:03,800 DEBUG   HandlerThread:21032 [handler.py:handle_request():141] handle_request: shutdown
2022-04-20 19:13:03,800 INFO    HandlerThread:21032 [handler.py:finish():790] shutting down handler
2022-04-20 19:13:04,089 INFO    WriterThread:21032 [datastore.py:close():281] close: C:\Users\gizem\Documents\GitHub\noisy_fair\wandb\run-20220420_190724-edr5gfby\run-edr5gfby.wandb
2022-04-20 19:13:04,688 INFO    SenderThread:21032 [sender.py:finish():1107] shutting down sender
2022-04-20 19:13:04,689 INFO    SenderThread:21032 [file_pusher.py:finish():145] shutting down file pusher
2022-04-20 19:13:04,689 INFO    SenderThread:21032 [file_pusher.py:join():150] waiting for file pusher
2022-04-20 19:13:04,692 INFO    MainThread:21032 [internal.py:handle_exit():82] Internal process exited
